<?xml version="1.0" encoding="UTF-8" ?>
<testsuite errors="0" failures="0" hostname="MacBook-Pro.local" name="net.sf.freecol.AllTests" skipped="0" tests="430" time="19.277" timestamp="2017-05-13T09:01:02">
  <properties>
    <property name="java.vendor" value="Oracle Corporation" />
    <property name="miglayout-core.jar" value="jars/miglayout-core-4.2.jar" />
    <property name="sun.java.launcher" value="SUN_STANDARD" />
    <property name="env.XPC_SERVICE_NAME" value="org.eclipse.platform.ide.12928" />
    <property name="eclipse.pdebuild.templates" value="/Applications/Eclipse.app/Contents/Eclipse/plugins/org.eclipse.pde.build_3.9.200.v20160204-0642/templates//" />
    <property name="sun.management.compiler" value="HotSpot 64-Bit Tiered Compilers" />
    <property name="freecol.javadoc.dir" value="/Users/tedsmithiii/Documents/School-Related/Spring-2017/COSC-442-001/Final-Project/kmtfinalproject/FreeCol/doc/javadoc" />
    <property name="os.name" value="Mac OS X" />
    <property name="sun.boot.class.path" value="/Library/Java/JavaVirtualMachines/jdk1.8.0_92.jdk/Contents/Home/jre/lib/resources.jar:/Library/Java/JavaVirtualMachines/jdk1.8.0_92.jdk/Contents/Home/jre/lib/rt.jar:/Library/Java/JavaVirtualMachines/jdk1.8.0_92.jdk/Contents/Home/jre/lib/sunrsasign.jar:/Library/Java/JavaVirtualMachines/jdk1.8.0_92.jdk/Contents/Home/jre/lib/jsse.jar:/Library/Java/JavaVirtualMachines/jdk1.8.0_92.jdk/Contents/Home/jre/lib/jce.jar:/Library/Java/JavaVirtualMachines/jdk1.8.0_92.jdk/Contents/Home/jre/lib/charsets.jar:/Library/Java/JavaVirtualMachines/jdk1.8.0_92.jdk/Contents/Home/jre/lib/jfr.jar:/Library/Java/JavaVirtualMachines/jdk1.8.0_92.jdk/Contents/Home/jre/classes" />
    <property name="env.TMPDIR" value="/var/folders/tb/855yztd55ps5z39r9yytr7140000gn/T/" />
    <property name="TODAY" value="May 13 2017" />
    <property name="java.vm.specification.vendor" value="Oracle Corporation" />
    <property name="ant.home" value="/Applications/Eclipse.app/Contents/Eclipse/plugins/org.apache.ant_1.9.6.v201510161327" />
    <property name="freecol.metaserver.jar.file" value="/Users/tedsmithiii/Documents/School-Related/Spring-2017/COSC-442-001/Final-Project/kmtfinalproject/FreeCol/FreeCol-metaserver.jar" />
    <property name="java.runtime.version" value="1.8.0_92-b14" />
    <property name="env.Apple_PubSub_Socket_Render" value="/private/tmp/com.apple.launchd.8S2JvHCV8L/Render" />
    <property name="user.name" value="tedsmithiii" />
    <property name="env.USER" value="tedsmithiii" />
    <property name="env.SHELL" value="/bin/bash" />
    <property name="env.__CF_USER_TEXT_ENCODING" value="0x1F5:0x0:0x0" />
    <property name="freecol.overview.file" value="/Users/tedsmithiii/Documents/School-Related/Spring-2017/COSC-442-001/Final-Project/kmtfinalproject/FreeCol/src/overview.html" />
    <property name="ant.file.type.FreeCol" value="file" />
    <property name="freecol.release.dir" value="/Users/tedsmithiii/Documents/School-Related/Spring-2017/COSC-442-001/Final-Project/kmtfinalproject/FreeCol/dist" />
    <property name="env.PATH" value="/usr/bin:/bin:/usr/sbin:/sbin" />
    <property name="user.language" value="en" />
    <property name="env.JAVA_MAIN_CLASS_3787" value="org.eclipse.ant.internal.launching.remote.InternalAntRunner" />
    <property name="sun.boot.library.path" value="/Library/Java/JavaVirtualMachines/jdk1.8.0_92.jdk/Contents/Home/jre/lib" />
    <property name="ant.project.default-target" value="package" />
    <property name="env.XPC_FLAGS" value="0x0" />
    <property name="ant.project.name" value="FreeCol" />
    <property name="DSTAMP" value="20170513" />
    <property name="cortado.jar" value="jars/cortado-0.6.0.jar" />
    <property name="java.version" value="1.8.0_92" />
    <property name="user.timezone" value="" />
    <property name="freecol.name" value="freecol" />
    <property name="sun.arch.data.model" value="64" />
    <property name="java.endorsed.dirs" value="/Library/Java/JavaVirtualMachines/jdk1.8.0_92.jdk/Contents/Home/jre/lib/endorsed" />
    <property name="sun.cpu.isalist" value="" />
    <property name="sun.jnu.encoding" value="UTF-8" />
    <property name="file.encoding.pkg" value="sun.io" />
    <property name="file.separator" value="/" />
    <property name="java.specification.name" value="Java Platform API Specification" />
    <property name="java.class.version" value="52.0" />
    <property name="user.country" value="US" />
    <property name="java.home" value="/Library/Java/JavaVirtualMachines/jdk1.8.0_92.jdk/Contents/Home/jre" />
    <property name="java.vm.info" value="mixed mode" />
    <property name="env.LOGNAME" value="tedsmithiii" />
    <property name="ant.file" value="/Users/tedsmithiii/Documents/School-Related/Spring-2017/COSC-442-001/Final-Project/kmtfinalproject/FreeCol/build.xml" />
    <property name="os.version" value="10.12.4" />
    <property name="miglayout-swing.jar" value="jars/miglayout-swing-4.2.jar" />
    <property name="freecol.build.dir" value="/Users/tedsmithiii/Documents/School-Related/Spring-2017/COSC-442-001/Final-Project/kmtfinalproject/FreeCol/build" />
    <property name="path.separator" value=":" />
    <property name="java.vm.version" value="25.92-b14" />
    <property name="env.JAVA_STARTED_ON_FIRST_THREAD_3787" value="1" />
    <property name="java.target.version" value="1.8" />
    <property name="ant.library.dir" value="/Applications/Eclipse.app/Contents/Eclipse/plugins/org.apache.ant_1.9.6.v201510161327/lib" />
    <property name="java.awt.printerjob" value="sun.lwawt.macosx.CPrinterJob" />
    <property name="freecol.packaging.dir" value="/Users/tedsmithiii/Documents/School-Related/Spring-2017/COSC-442-001/Final-Project/kmtfinalproject/FreeCol/packaging" />
    <property name="sun.io.unicode.encoding" value="UnicodeBig" />
    <property name="awt.toolkit" value="sun.lwawt.macosx.LWCToolkit" />
    <property name="ant.file.FreeCol" value="/Users/tedsmithiii/Documents/School-Related/Spring-2017/COSC-442-001/Final-Project/kmtfinalproject/FreeCol/build.xml" />
    <property name="env.JAVA_STARTED_ON_FIRST_THREAD_3488" value="1" />
    <property name="eclipse.pdebuild.scripts" value="/Applications/Eclipse.app/Contents/Eclipse/plugins/org.eclipse.pde.build_3.9.200.v20160204-0642/scripts//" />
    <property name="freecol.rules.dir" value="/Users/tedsmithiii/Documents/School-Related/Spring-2017/COSC-442-001/Final-Project/kmtfinalproject/FreeCol/data/rules" />
    <property name="user.home" value="/Users/tedsmithiii" />
    <property name="java.specification.vendor" value="Oracle Corporation" />
    <property name="test" value="AllTests" />
    <property name="java.library.path" value="/Users/tedsmithiii/Library/Java/Extensions:/Library/Java/Extensions:/Network/Library/Java/Extensions:/System/Library/Java/Extensions:/usr/lib/java:." />
    <property name="java.vendor.url" value="http://java.oracle.com/" />
    <property name="java.vm.vendor" value="Oracle Corporation" />
    <property name="gopherProxySet" value="false" />
    <property name="java.runtime.name" value="Java(TM) SE Runtime Environment" />
    <property name="sun.java.command" value="org.apache.tools.ant.taskdefs.optional.junit.JUnitTestRunner net.sf.freecol.AllTests skipNonTests=false filtertrace=true haltOnError=false haltOnFailure=false formatter=org.apache.tools.ant.taskdefs.optional.junit.SummaryJUnitResultFormatter showoutput=false outputtoformatters=true logfailedtests=true threadid=0 logtestlistenerevents=false formatter=org.apache.tools.ant.taskdefs.optional.junit.XMLJUnitResultFormatter,/Users/tedsmithiii/Documents/School-Related/Spring-2017/COSC-442-001/Final-Project/kmtfinalproject/FreeCol/build/report/xml/TEST-net.sf.freecol.AllTests.xml crashfile=/Users/tedsmithiii/Documents/School-Related/Spring-2017/COSC-442-001/Final-Project/kmtfinalproject/FreeCol/junitvmwatcher2905004773171790048.properties propsfile=/Users/tedsmithiii/Documents/School-Related/Spring-2017/COSC-442-001/Final-Project/kmtfinalproject/FreeCol/junit6295018270231200291.properties" />
    <property name="ant.version" value="Apache Ant(TM) version 1.9.6 compiled on June 29 2015" />
    <property name="java.class.path" value="/Users/tedsmithiii/Documents/School-Related/Spring-2017/COSC-442-001/Final-Project/kmtfinalproject/FreeCol/build:/Users/tedsmithiii/Documents/School-Related/Spring-2017/COSC-442-001/Final-Project/kmtfinalproject/FreeCol/test/lib/junit.jar:/Users/tedsmithiii/Documents/School-Related/Spring-2017/COSC-442-001/Final-Project/kmtfinalproject/FreeCol/jars/miglayout-swing-4.2.jar:/Users/tedsmithiii/Documents/School-Related/Spring-2017/COSC-442-001/Final-Project/kmtfinalproject/FreeCol/jars/miglayout-core-4.2.jar:/Users/tedsmithiii/Documents/School-Related/Spring-2017/COSC-442-001/Final-Project/kmtfinalproject/FreeCol/jars/commons-cli-1.1.jar:/Users/tedsmithiii/Documents/School-Related/Spring-2017/COSC-442-001/Final-Project/kmtfinalproject/FreeCol/jars/cortado-0.6.0.jar:/Users/tedsmithiii/Documents/School-Related/Spring-2017/COSC-442-001/Final-Project/kmtfinalproject/FreeCol/jars/jogg-0.0.17.jar:/Users/tedsmithiii/Documents/School-Related/Spring-2017/COSC-442-001/Final-Project/kmtfinalproject/FreeCol/jars/jorbis-0.0.17.jar:/Applications/Eclipse.app/Contents/Eclipse/plugins/org.apache.ant_1.9.6.v201510161327/lib/ant-launcher.jar:/Applications/Eclipse.app/Contents/Eclipse/plugins/org.apache.ant_1.9.6.v201510161327/lib/ant.jar:/Applications/Eclipse.app/Contents/Eclipse/plugins/org.apache.ant_1.9.6.v201510161327/lib/ant-junit.jar:/Applications/Eclipse.app/Contents/Eclipse/plugins/org.apache.ant_1.9.6.v201510161327/lib/ant-junit4.jar" />
    <property name="TSTAMP" value="0501" />
    <property name="isOsMac" value="true" />
    <property name="java.vm.specification.name" value="Java Virtual Machine Specification" />
    <property name="java.vm.specification.version" value="1.8" />
    <property name="sun.cpu.endian" value="little" />
    <property name="sun.os.patch.level" value="unknown" />
    <property name="java.awt.headless" value="true" />
    <property name="env.HOME" value="/Users/tedsmithiii" />
    <property name="env.ANT_HOME" value="/Applications/Eclipse.app/Contents/Eclipse/plugins/org.apache.ant_1.9.6.v201510161327" />
    <property name="eclipse.pdebuild.home" value="/Applications/Eclipse.app/Contents/Eclipse/plugins/org.eclipse.pde.build_3.9.200.v20160204-0642/.//" />
    <property name="java.io.tmpdir" value="/var/folders/tb/855yztd55ps5z39r9yytr7140000gn/T/" />
    <property name="freecol.src.dir" value="/Users/tedsmithiii/Documents/School-Related/Spring-2017/COSC-442-001/Final-Project/kmtfinalproject/FreeCol/src" />
    <property name="java.vendor.url.bug" value="http://bugreport.sun.com/bugreport/" />
    <property name="env.SSH_AUTH_SOCK" value="/private/tmp/com.apple.launchd.bLKvJtES4b/Listeners" />
    <property name="java.awt.graphicsenv" value="sun.awt.CGraphicsEnvironment" />
    <property name="os.arch" value="x86_64" />
    <property name="java.ext.dirs" value="/Users/tedsmithiii/Library/Java/Extensions:/Library/Java/JavaVirtualMachines/jdk1.8.0_92.jdk/Contents/Home/jre/lib/ext:/Library/Java/Extensions:/Network/Library/Java/Extensions:/System/Library/Java/Extensions:/usr/lib/java" />
    <property name="user.dir" value="/Users/tedsmithiii/Documents/School-Related/Spring-2017/COSC-442-001/Final-Project/kmtfinalproject/FreeCol" />
    <property name="isOsUnixLike" value="true" />
    <property name="line.separator" value="&#xa;" />
    <property name="java.vm.name" value="Java HotSpot(TM) 64-Bit Server VM" />
    <property name="env.APP_ICON_3488" value="../Resources/Eclipse.icns" />
    <property name="basedir" value="/Users/tedsmithiii/Documents/School-Related/Spring-2017/COSC-442-001/Final-Project/kmtfinalproject/FreeCol" />
    <property name="ant.java.version" value="1.8" />
    <property name="freecol.jar.file" value="/Users/tedsmithiii/Documents/School-Related/Spring-2017/COSC-442-001/Final-Project/kmtfinalproject/FreeCol/FreeCol.jar" />
    <property name="ant.core.lib" value="/Applications/Eclipse.app/Contents/Eclipse/plugins/org.apache.ant_1.9.6.v201510161327/lib/ant.jar" />
    <property name="cli.jar" value="jars/commons-cli-1.1.jar" />
    <property name="file.encoding" value="UTF-8" />
    <property name="freecol.data.dir" value="/Users/tedsmithiii/Documents/School-Related/Spring-2017/COSC-442-001/Final-Project/kmtfinalproject/FreeCol/data" />
    <property name="freecol.doc.dir" value="/Users/tedsmithiii/Documents/School-Related/Spring-2017/COSC-442-001/Final-Project/kmtfinalproject/FreeCol/doc" />
    <property name="java.specification.version" value="1.8" />
    <property name="ant.project.invoked-targets" value="testall" />
  </properties>
  <testcase classname="net.sf.freecol.common.i18n.CLDRTest" name="testRuleParsing" time="0.055" />
  <testcase classname="net.sf.freecol.common.i18n.CLDRTest" name="testPlurals" time="0.003" />
  <testcase classname="net.sf.freecol.common.i18n.MessagesTest" name="testReplaceArbitraryTag" time="0.02" />
  <testcase classname="net.sf.freecol.common.i18n.MessagesTest" name="testReplaceNumber" time="0.022" />
  <testcase classname="net.sf.freecol.common.i18n.MessagesTest" name="testReplaceChoicesGrammar" time="0.012" />
  <testcase classname="net.sf.freecol.common.i18n.MessagesTest" name="testMessageWithSpecialChars" time="0.009" />
  <testcase classname="net.sf.freecol.common.i18n.MessagesTest" name="testReplaceGarbage" time="0.013" />
  <testcase classname="net.sf.freecol.common.i18n.MessagesTest" name="testAbstractUnitDescription" time="0.007" />
  <testcase classname="net.sf.freecol.common.i18n.MessagesTest" name="testChangeLocaleSettings" time="0.035" />
  <testcase classname="net.sf.freecol.common.i18n.MessagesTest" name="testMessageString" time="0.007" />
  <testcase classname="net.sf.freecol.common.i18n.MessagesTest" name="testNestedChoices" time="0.011" />
  <testcase classname="net.sf.freecol.common.i18n.MessagesTest" name="testStringTemplates" time="0.112" />
  <testcase classname="net.sf.freecol.common.i18n.MessagesTest" name="testReplaceChoicesPlural" time="0.006" />
  <testcase classname="net.sf.freecol.common.i18n.MessagesTest" name="testUnitDescription" time="0.011" />
  <testcase classname="net.sf.freecol.common.i18n.MessagesTest" name="testREFMessages" time="0.009" />
  <testcase classname="net.sf.freecol.common.io.ModTest" name="testGetRuleSets" time="0.002" />
  <testcase classname="net.sf.freecol.common.io.ModTest" name="testGetAllMods" time="0.008" />
  <testcase classname="net.sf.freecol.common.option.OptionTest" name="testGameOptions" time="0.001" />
  <testcase classname="net.sf.freecol.common.option.OptionTest" name="testUnitListOption" time="0.0" />
  <testcase classname="net.sf.freecol.common.option.OptionTest" name="testInheritsEditable" time="0.0" />
  <testcase classname="net.sf.freecol.common.option.OptionTest" name="testCloneIntegerOption" time="0.0" />
  <testcase classname="net.sf.freecol.common.model.SpecificationTest" name="testExtendsDelete" time="0.053" />
  <testcase classname="net.sf.freecol.common.model.SpecificationTest" name="testLoadMods" time="0.018" />
  <testcase classname="net.sf.freecol.common.model.SpecificationTest" name="testExtends" time="0.033" />
  <testcase classname="net.sf.freecol.common.model.SpecificationTest" name="testModifiers" time="0.0" />
  <testcase classname="net.sf.freecol.common.model.SpecificationTest" name="testLoad" time="0.012" />
  <testcase classname="net.sf.freecol.common.model.SpecificationTest" name="testNationTypes" time="0.0" />
  <testcase classname="net.sf.freecol.common.model.SpecificationTest" name="testGetDefaultUnitType" time="0.001" />
  <testcase classname="net.sf.freecol.common.model.SpecificationTest" name="testGoodsTypes" time="0.0" />
  <testcase classname="net.sf.freecol.common.model.SpecificationTest" name="testFoundingFathers" time="0.0" />
  <testcase classname="net.sf.freecol.common.model.SpecificationTest" name="testRequiredAbilitiesForRoles" time="0.001" />
  <testcase classname="net.sf.freecol.common.model.SpecificationTest" name="testNations" time="0.0" />
  <testcase classname="net.sf.freecol.common.model.SpecificationTest" name="testUnitAbilities" time="0.0" />
  <testcase classname="net.sf.freecol.common.model.BaseCostDeciderTest" name="testNavalUnitMoveToTileWithSettlement" time="0.03" />
  <testcase classname="net.sf.freecol.common.model.BaseCostDeciderTest" name="testInvalidMoveThroughTileWithSettlement" time="0.004" />
  <testcase classname="net.sf.freecol.common.model.BaseCostDeciderTest" name="testGetRemainingMovesAndNewTurn" time="0.003" />
  <testcase classname="net.sf.freecol.common.model.BaseCostDeciderTest" name="testGetCostLandLand" time="0.003" />
  <testcase classname="net.sf.freecol.common.model.BaseCostDeciderTest" name="testInvalidMoveOfLandUnitToAnOceanTile" time="0.003" />
  <testcase classname="net.sf.freecol.common.model.BaseCostDeciderTest" name="testInvalidMoveOfNavalUnitToALandTile" time="0.007" />
  <testcase classname="net.sf.freecol.common.model.BuildingTest" name="testStockade" time="0.012" />
  <testcase classname="net.sf.freecol.common.model.BuildingTest" name="testCottonClothProduction" time="0.014" />
  <testcase classname="net.sf.freecol.common.model.BuildingTest" name="testPasture" time="0.012" />
  <testcase classname="net.sf.freecol.common.model.BuildingTest" name="testCanBuildNext" time="0.007" />
  <testcase classname="net.sf.freecol.common.model.BuildingTest" name="testFortRequiresMinimumPopulation" time="0.008" />
  <testcase classname="net.sf.freecol.common.model.BuildingTest" name="testUnitProduction" time="0.021" />
  <testcase classname="net.sf.freecol.common.model.BuildingTest" name="testPrintingPressBonus" time="0.013" />
  <testcase classname="net.sf.freecol.common.model.BuildingTest" name="testCanAddToBuilding" time="0.016" />
  <testcase classname="net.sf.freecol.common.model.BuildingTest" name="testToolsMusketProduction" time="0.017" />
  <testcase classname="net.sf.freecol.common.model.BuildingTest" name="testFortressRequiresMinimumPopulation" time="0.009" />
  <testcase classname="net.sf.freecol.common.model.BuildingTest" name="testSerialize" time="0.015" />
  <testcase classname="net.sf.freecol.common.model.BuildingTest" name="testTownhallProduction" time="0.009" />
  <testcase classname="net.sf.freecol.common.model.BuildingTest" name="testChurch" time="0.014" />
  <testcase classname="net.sf.freecol.common.model.BuildingTest" name="testInitialColony" time="0.004" />
  <testcase classname="net.sf.freecol.common.model.BuildingTest" name="testStockadeRequiresMinimumPopulation" time="0.005" />
  <testcase classname="net.sf.freecol.common.model.BuildingTest" name="testNewspaperBonus" time="0.006" />
  <testcase classname="net.sf.freecol.common.model.BuildingTest" name="testCanAddToSchool" time="0.012" />
  <testcase classname="net.sf.freecol.common.model.ColonyTest" name="testCopyColony" time="0.014" />
  <testcase classname="net.sf.freecol.common.model.ColonyTest" name="testFoundColony" time="0.008" />
  <testcase classname="net.sf.freecol.common.model.ColonyTest" name="testTeaParty" time="0.003" />
  <testcase classname="net.sf.freecol.common.model.ColonyTest" name="testAddUnitToColony" time="0.013" />
  <testcase classname="net.sf.freecol.common.model.ColonyTest" name="testCurrentlyBuilding" time="0.003" />
  <testcase classname="net.sf.freecol.common.model.ColonyTest" name="testBuildQueueDoesNotAcceptBuildingDoubles" time="0.004" />
  <testcase classname="net.sf.freecol.common.model.ColonyTest" name="testBuildQueueAcceptsUnitDoubles" time="0.003" />
  <testcase classname="net.sf.freecol.common.model.ColonyTest" name="testUpkeep" time="0.005" />
  <testcase classname="net.sf.freecol.common.model.ColonyTest" name="testUnderSiege" time="0.004" />
  <testcase classname="net.sf.freecol.common.model.ColonyTest" name="testOccupationWithFood" time="0.004" />
  <testcase classname="net.sf.freecol.common.model.ColonyProductionTest" name="testNoHorsesOverProduction" time="0.003" />
  <testcase classname="net.sf.freecol.common.model.ColonyProductionTest" name="testBellNetProduction" time="0.003" />
  <testcase classname="net.sf.freecol.common.model.ColonyProductionTest" name="testProductionMap" time="0.0" />
  <testcase classname="net.sf.freecol.common.model.ColonyProductionTest" name="testProductionSoldier" time="0.004" />
  <testcase classname="net.sf.freecol.common.model.ColonyProductionTest" name="testConsumers" time="0.003" />
  <testcase classname="net.sf.freecol.common.model.ColonyProductionTest" name="testProductionPioneer" time="0.002" />
  <testcase classname="net.sf.freecol.common.model.ColonyProductionTest" name="testProduction" time="0.002" />
  <testcase classname="net.sf.freecol.common.model.ColonyProductionTest" name="testGetPotentialProduction" time="0.003" />
  <testcase classname="net.sf.freecol.common.model.CombatTest" name="testCaptureConvert" time="0.295" />
  <testcase classname="net.sf.freecol.common.model.CombatTest" name="testGalleonAttackedByPrivateer" time="0.002" />
  <testcase classname="net.sf.freecol.common.model.CombatTest" name="testDefendColonyWithUnarmedColonist" time="0.002" />
  <testcase classname="net.sf.freecol.common.model.CombatTest" name="testRegulars" time="0.081" />
  <testcase classname="net.sf.freecol.common.model.CombatTest" name="testSpanishAgainstNatives" time="0.002" />
  <testcase classname="net.sf.freecol.common.model.CombatTest" name="testColonistAttackedByVeteran" time="0.002" />
  <testcase classname="net.sf.freecol.common.model.CombatTest" name="testAttackIgnoresMovementPoints" time="0.002" />
  <testcase classname="net.sf.freecol.common.model.CombatTest" name="testAttackShipWithLandUnit" time="0.002" />
  <testcase classname="net.sf.freecol.common.model.CombatTest" name="testDefendColonyWithRevere" time="0.005" />
  <testcase classname="net.sf.freecol.common.model.CombatTest" name="testDefendSettlement" time="0.002" />
  <testcase classname="net.sf.freecol.common.model.DisasterTest" name="testDisastersPresent" time="0.0" />
  <testcase classname="net.sf.freecol.common.model.EuropeTest" name="testMissionary" time="0.001" />
  <testcase classname="net.sf.freecol.common.model.FoundingFatherTest" name="testAddAllFathers" time="0.003" />
  <testcase classname="net.sf.freecol.common.model.FoundingFatherTest" name="testAvailableTo" time="0.002" />
  <testcase classname="net.sf.freecol.common.model.FoundingFatherTest" name="testFeatures" time="0.0" />
  <testcase classname="net.sf.freecol.common.model.FoundingFatherTest" name="testBellsRequired" time="0.0" />
  <testcase classname="net.sf.freecol.common.model.GameTest" name="testGame" time="0.001" />
  <testcase classname="net.sf.freecol.common.model.GameTest" name="testTurn" time="0.001" />
  <testcase classname="net.sf.freecol.common.model.GameTest" name="testAddPlayer" time="0.0" />
  <testcase classname="net.sf.freecol.common.model.GoodsTest" name="testGetTakeSpace" time="0.001" />
  <testcase classname="net.sf.freecol.common.model.GoodsTest" name="testGetInputType" time="0.0" />
  <testcase classname="net.sf.freecol.common.model.GoodsTest" name="testSetGetAmount" time="0.001" />
  <testcase classname="net.sf.freecol.common.model.GoodsTest" name="testGoodsGameLocationIntInt" time="0.001" />
  <testcase classname="net.sf.freecol.common.model.GoodsTest" name="testToString" time="0.007" />
  <testcase classname="net.sf.freecol.common.model.GoodsTest" name="testBuildingMaterials" time="0.0" />
  <testcase classname="net.sf.freecol.common.model.GoodsTest" name="testIsFarmedGoods" time="0.001" />
  <testcase classname="net.sf.freecol.common.model.GoodsTest" name="testGetName" time="0.001" />
  <testcase classname="net.sf.freecol.common.model.GoodsTest" name="testSerialize" time="0.021" />
  <testcase classname="net.sf.freecol.common.model.GoodsTest" name="testGetOutputType" time="0.0" />
  <testcase classname="net.sf.freecol.common.model.GoodsTest" name="testMilitaryGoods" time="0.0" />
  <testcase classname="net.sf.freecol.common.model.GoodsTest" name="testTradeGoods" time="0.0" />
  <testcase classname="net.sf.freecol.common.model.GoodsTest" name="testProductionChain" time="0.0" />
  <testcase classname="net.sf.freecol.common.model.GoodsTest" name="testAdjustAmount" time="0.001" />
  <testcase classname="net.sf.freecol.common.model.GoodsTest" name="testSetOwner" time="0.001" />
  <testcase classname="net.sf.freecol.common.model.GoodsContainerTest" name="testContainer" time="0.005" />
  <testcase classname="net.sf.freecol.common.model.IndianSettlementTest" name="testAutomaticEquipBraves" time="0.001" />
  <testcase classname="net.sf.freecol.common.model.IndianSettlementTest" name="testSettlementDoesNotOwnWaterTiles" time="0.001" />
  <testcase classname="net.sf.freecol.common.model.IndianSettlementTest" name="testTradeGoodsWithSetlement" time="0.001" />
  <testcase classname="net.sf.freecol.common.model.IndividualFatherTest" name="testPaine" time="0.004" />
  <testcase classname="net.sf.freecol.common.model.IndividualFatherTest" name="testBolivar" time="0.003" />
  <testcase classname="net.sf.freecol.common.model.IndividualFatherTest" name="testBrebeuf" time="0.001" />
  <testcase classname="net.sf.freecol.common.model.IndividualFatherTest" name="testStuyvesant" time="0.002" />
  <testcase classname="net.sf.freecol.common.model.IndividualFatherTest" name="testBrewster" time="0.001" />
  <testcase classname="net.sf.freecol.common.model.IndividualFatherTest" name="testCortes" time="0.003" />
  <testcase classname="net.sf.freecol.common.model.IndividualFatherTest" name="testDeWitt" time="0.001" />
  <testcase classname="net.sf.freecol.common.model.IndividualFatherTest" name="testJefferson" time="0.004" />
  <testcase classname="net.sf.freecol.common.model.IndividualFatherTest" name="testMinuit" time="0.002" />
  <testcase classname="net.sf.freecol.common.model.IndividualFatherTest" name="testRevere" time="0.001" />
  <testcase classname="net.sf.freecol.common.model.IndividualFatherTest" name="testDeLasCasas" time="0.003" />
  <testcase classname="net.sf.freecol.common.model.LimitTest" name="testSuccessionLimits" time="0.004" />
  <testcase classname="net.sf.freecol.common.model.LimitTest" name="testWagonTrainLimit" time="0.004" />
  <testcase classname="net.sf.freecol.common.model.LimitTest" name="testOperand" time="0.0" />
  <testcase classname="net.sf.freecol.common.model.LimitTest" name="testIndependenceLimits" time="0.003" />
  <testcase classname="net.sf.freecol.common.model.MapTest" name="testSearchForColony" time="0.021" />
  <testcase classname="net.sf.freecol.common.model.MapTest" name="testCopy" time="0.009" />
  <testcase classname="net.sf.freecol.common.model.MapTest" name="testNoPathAvailableDueToUnitInTheWay" time="0.002" />
  <testcase classname="net.sf.freecol.common.model.MapTest" name="testGetAllTiles" time="0.001" />
  <testcase classname="net.sf.freecol.common.model.MapTest" name="testGetSurroundingTiles" time="0.001" />
  <testcase classname="net.sf.freecol.common.model.MapTest" name="testMapGameInt" time="0.0" />
  <testcase classname="net.sf.freecol.common.model.MapTest" name="testLatitude" time="0.0" />
  <testcase classname="net.sf.freecol.common.model.MapTest" name="testRandomDirection" time="0.001" />
  <testcase classname="net.sf.freecol.common.model.MapTest" name="testShortestPathObstructed" time="0.002" />
  <testcase classname="net.sf.freecol.common.model.MapTest" name="testFindPath" time="0.055" />
  <testcase classname="net.sf.freecol.common.model.MapTest" name="testMoveThroughTileWithEnemyUnit" time="0.001" />
  <testcase classname="net.sf.freecol.common.model.MapTest" name="testNoPathAvailableDueToColonyInTheWay" time="0.002" />
  <testcase classname="net.sf.freecol.common.model.MapTest" name="testNoPathAvailableDueToCampInTheWay" time="0.002" />
  <testcase classname="net.sf.freecol.common.model.MapTest" name="testGetReverseDirection" time="0.0" />
  <testcase classname="net.sf.freecol.common.model.MarketTest" name="testSerialization" time="0.0" />
  <testcase classname="net.sf.freecol.common.model.MarketTest" name="testTransactionListeners" time="0.0" />
  <testcase classname="net.sf.freecol.common.model.MarketTest" name="testInitialMarket" time="0.0" />
  <testcase classname="net.sf.freecol.common.model.ModelMessageTest" name="testDefaultId" time="0.001" />
  <testcase classname="net.sf.freecol.common.model.ModelMessageTest" name="testHashCode" time="0.002" />
  <testcase classname="net.sf.freecol.common.model.ModelMessageTest" name="testModelMapSet2" time="0.002" />
  <testcase classname="net.sf.freecol.common.model.ModifierTest" name="testScope" time="0.0" />
  <testcase classname="net.sf.freecol.common.model.ModifierTest" name="testCombinedModifier" time="0.0" />
  <testcase classname="net.sf.freecol.common.model.ModifierTest" name="testPercentageModifier" time="0.0" />
  <testcase classname="net.sf.freecol.common.model.ModifierTest" name="testHashEquals" time="0.001" />
  <testcase classname="net.sf.freecol.common.model.ModifierTest" name="testAdditiveModifier" time="0.0" />
  <testcase classname="net.sf.freecol.common.model.ModifierTest" name="testTimeLimits" time="0.0" />
  <testcase classname="net.sf.freecol.common.model.ModifierTest" name="testCombinePercentageModifiers" time="0.0" />
  <testcase classname="net.sf.freecol.common.model.ModifierTest" name="testModifierUnknown" time="0.0" />
  <testcase classname="net.sf.freecol.common.model.ModifierTest" name="testCombineMultiplicativeModifiers" time="0.0" />
  <testcase classname="net.sf.freecol.common.model.ModifierTest" name="testMultiplicativeModifier" time="0.0" />
  <testcase classname="net.sf.freecol.common.model.ModifierTest" name="testIncrements" time="0.0" />
  <testcase classname="net.sf.freecol.common.model.ModifierTest" name="testCombineAdditiveModifiers" time="0.0" />
  <testcase classname="net.sf.freecol.common.model.MonarchTest" name="testTaxActionChoices" time="0.005" />
  <testcase classname="net.sf.freecol.common.model.MonarchTest" name="testSerialize" time="0.001" />
  <testcase classname="net.sf.freecol.common.model.MovementTest" name="testMoveAlongRoad" time="0.001" />
  <testcase classname="net.sf.freecol.common.model.MovementTest" name="testMoveAlongRiver" time="0.001" />
  <testcase classname="net.sf.freecol.common.model.MovementTest" name="testMoveFromPlainsToHills" time="0.001" />
  <testcase classname="net.sf.freecol.common.model.MovementTest" name="testMoveFromPlainsToPlains" time="0.003" />
  <testcase classname="net.sf.freecol.common.model.MovementTest" name="testScoutIndianSettlement" time="0.002" />
  <testcase classname="net.sf.freecol.common.model.MovementTest" name="testScoutColony" time="0.002" />
  <testcase classname="net.sf.freecol.common.model.NationTypeTest" name="testSettlementType" time="0.0" />
  <testcase classname="net.sf.freecol.common.model.NationTypeTest" name="testIsREF" time="0.001" />
  <testcase classname="net.sf.freecol.common.model.NationTypeTest" name="testisRef" time="0.0" />
  <testcase classname="net.sf.freecol.common.model.NationTypeTest" name="testAdvantagesThatOnlyApplyToPersons" time="0.002" />
  <testcase classname="net.sf.freecol.common.model.NationTypeTest" name="testHasType" time="0.0" />
  <testcase classname="net.sf.freecol.common.model.NationTypeTest" name="testStartingUnits" time="0.001" />
  <testcase classname="net.sf.freecol.common.model.PlayerTest" name="testAddAnotherPlayersUnit" time="0.001" />
  <testcase classname="net.sf.freecol.common.model.PlayerTest" name="testFreecolPlayers" time="0.003" />
  <testcase classname="net.sf.freecol.common.model.PlayerTest" name="testTension" time="0.001" />
  <testcase classname="net.sf.freecol.common.model.PlayerTest" name="testUnits" time="0.002" />
  <testcase classname="net.sf.freecol.common.model.PlayerTest" name="testClassicPlayers" time="0.001" />
  <testcase classname="net.sf.freecol.common.model.ProductionTypeTest" name="testOtherBuildings" time="0.0" />
  <testcase classname="net.sf.freecol.common.model.ProductionTypeTest" name="testRainForest" time="0.0" />
  <testcase classname="net.sf.freecol.common.model.ProductionTypeTest" name="testHorseProduction" time="0.0" />
  <testcase classname="net.sf.freecol.common.model.ProductionTypeTest" name="testSavannah" time="0.0" />
  <testcase classname="net.sf.freecol.common.model.ProductionTypeTest" name="testHills" time="0.0" />
  <testcase classname="net.sf.freecol.common.model.ProductionTypeTest" name="testMarsh" time="0.0" />
  <testcase classname="net.sf.freecol.common.model.ProductionTypeTest" name="testOcean" time="0.0" />
  <testcase classname="net.sf.freecol.common.model.ProductionTypeTest" name="testSwamp" time="0.0" />
  <testcase classname="net.sf.freecol.common.model.ProductionTypeTest" name="testCoatProduction" time="0.0" />
  <testcase classname="net.sf.freecol.common.model.ProductionTypeTest" name="testLake" time="0.0" />
  <testcase classname="net.sf.freecol.common.model.ProductionTypeTest" name="testHighSeas" time="0.0" />
  <testcase classname="net.sf.freecol.common.model.ProductionTypeTest" name="testPrairie" time="0.0" />
  <testcase classname="net.sf.freecol.common.model.ProductionTypeTest" name="testWetlandForest" time="0.0" />
  <testcase classname="net.sf.freecol.common.model.ProductionTypeTest" name="testGrassland" time="0.0" />
  <testcase classname="net.sf.freecol.common.model.ProductionTypeTest" name="testBroadleafForest" time="0.0" />
  <testcase classname="net.sf.freecol.common.model.ProductionTypeTest" name="testCrossProduction" time="0.0" />
  <testcase classname="net.sf.freecol.common.model.ProductionTypeTest" name="testGreatRiver" time="0.0" />
  <testcase classname="net.sf.freecol.common.model.ProductionTypeTest" name="testToolsProduction" time="0.0" />
  <testcase classname="net.sf.freecol.common.model.ProductionTypeTest" name="testMixedForest" time="0.0" />
  <testcase classname="net.sf.freecol.common.model.ProductionTypeTest" name="testBorealForest" time="0.0" />
  <testcase classname="net.sf.freecol.common.model.ProductionTypeTest" name="testBellProduction" time="0.0" />
  <testcase classname="net.sf.freecol.common.model.ProductionTypeTest" name="testClothProduction" time="0.0" />
  <testcase classname="net.sf.freecol.common.model.ProductionTypeTest" name="testMountains" time="0.0" />
  <testcase classname="net.sf.freecol.common.model.ProductionTypeTest" name="testArctic" time="0.001" />
  <testcase classname="net.sf.freecol.common.model.ProductionTypeTest" name="testConiferForest" time="0.0" />
  <testcase classname="net.sf.freecol.common.model.ProductionTypeTest" name="testDesert" time="0.0" />
  <testcase classname="net.sf.freecol.common.model.ProductionTypeTest" name="testHammerProduction" time="0.0" />
  <testcase classname="net.sf.freecol.common.model.ProductionTypeTest" name="testPlains" time="0.001" />
  <testcase classname="net.sf.freecol.common.model.ProductionTypeTest" name="testMusketProduction" time="0.0" />
  <testcase classname="net.sf.freecol.common.model.ProductionTypeTest" name="testCigarProduction" time="0.0" />
  <testcase classname="net.sf.freecol.common.model.ProductionTypeTest" name="testTundra" time="0.0" />
  <testcase classname="net.sf.freecol.common.model.ProductionTypeTest" name="testRumProduction" time="0.0" />
  <testcase classname="net.sf.freecol.common.model.ProductionTypeTest" name="testTropicalForest" time="0.0" />
  <testcase classname="net.sf.freecol.common.model.ProductionTypeTest" name="testScrubForest" time="0.0" />
  <testcase classname="net.sf.freecol.common.model.RandomRangeTest" name="testRandomRange" time="0.0" />
  <testcase classname="net.sf.freecol.common.model.RoleTest" name="testRoleComparator" time="0.001" />
  <testcase classname="net.sf.freecol.common.model.RoleTest" name="testMilitaryRoles" time="0.001" />
  <testcase classname="net.sf.freecol.common.model.RoleTest" name="testGoodsDifference" time="0.0" />
  <testcase classname="net.sf.freecol.common.model.RoleTest" name="testCompatibleRoles" time="0.0" />
  <testcase classname="net.sf.freecol.common.model.RoleTest" name="testGetRoleWithAbility" time="0.0" />
  <testcase classname="net.sf.freecol.common.model.SchoolTest" name="testEducationOption" time="0.005" />
  <testcase classname="net.sf.freecol.common.model.SchoolTest" name="testChangeTeachers" time="0.004" />
  <testcase classname="net.sf.freecol.common.model.SchoolTest" name="testUpgrades" time="0.0" />
  <testcase classname="net.sf.freecol.common.model.ScopeTest" name="testEmptyScope" time="0.0" />
  <testcase classname="net.sf.freecol.common.model.ScopeTest" name="testMethodScope" time="0.0" />
  <testcase classname="net.sf.freecol.common.model.ScopeTest" name="testCombinedScope" time="0.0" />
  <testcase classname="net.sf.freecol.common.model.ScopeTest" name="testTypeScope" time="0.0" />
  <testcase classname="net.sf.freecol.common.model.ScopeTest" name="testAbilityScope" time="0.0" />
  <testcase classname="net.sf.freecol.common.model.ScopeTest" name="testEquality" time="0.0" />
  <testcase classname="net.sf.freecol.common.model.ScopeTest" name="testMatchesNull" time="0.0" />
  <testcase classname="net.sf.freecol.common.model.ScopeTest" name="testGameObjects" time="0.001" />
  <testcase classname="net.sf.freecol.common.model.SerializationTest" name="testMapAmerica" time="0.457" />
  <testcase classname="net.sf.freecol.common.model.SerializationTest" name="testSpecification" time="0.086" />
  <testcase classname="net.sf.freecol.common.model.SerializationTest" name="testValidation" time="0.161" />
  <testcase classname="net.sf.freecol.common.model.SerializationTest" name="testStringTemplate" time="0.006" />
  <testcase classname="net.sf.freecol.common.model.SerializationTest" name="testMapAfrica" time="0.205" />
  <testcase classname="net.sf.freecol.common.model.SerializationTest" name="testMapCaribbean" time="0.066" />
  <testcase classname="net.sf.freecol.common.model.SerializationTest" name="testDifficulty" time="0.026" />
  <testcase classname="net.sf.freecol.common.model.SerializationTest" name="testGeneratedLists" time="0.025" />
  <testcase classname="net.sf.freecol.common.model.SerializationTest" name="testMapAustralia" time="0.085" />
  <testcase classname="net.sf.freecol.common.model.SettlementTest" name="testColonyClaimsWater" time="0.002" />
  <testcase classname="net.sf.freecol.common.model.SettlementTest" name="testLineOfSight" time="0.002" />
  <testcase classname="net.sf.freecol.common.model.SettlementTest" name="testSettlementRadius" time="0.004" />
  <testcase classname="net.sf.freecol.common.model.SettlementTest" name="testCanImproveUnitMilitaryRole" time="0.005" />
  <testcase classname="net.sf.freecol.common.model.SettlementTest" name="testSettlementDoesNotClaimWater" time="0.001" />
  <testcase classname="net.sf.freecol.common.model.SettlementTest" name="testColonyRadius" time="0.001" />
  <testcase classname="net.sf.freecol.common.model.SoLTest" name="testSoL" time="0.004" />
  <testcase classname="net.sf.freecol.common.model.TileImprovementTest" name="testRiverWithExtras" time="0.0" />
  <testcase classname="net.sf.freecol.common.model.TileImprovementTest" name="testRiverNoExtras" time="0.001" />
  <testcase classname="net.sf.freecol.common.model.TileImprovementTest" name="testAllFrills" time="0.0" />
  <testcase classname="net.sf.freecol.common.model.TileImprovementTest" name="testOldStyle" time="0.0" />
  <testcase classname="net.sf.freecol.common.model.TileImprovementTest" name="testEquality" time="0.0" />
  <testcase classname="net.sf.freecol.common.model.TileItemContainerTest" name="testCopyFromWithEveryThing" time="0.002" />
  <testcase classname="net.sf.freecol.common.model.TileTest" name="testTileTypeChangeProduction" time="0.0" />
  <testcase classname="net.sf.freecol.common.model.TileTest" name="testDefenceModifiers" time="0.0" />
  <testcase classname="net.sf.freecol.common.model.TileTest" name="testPrimarySecondaryGoods" time="0.003" />
  <testcase classname="net.sf.freecol.common.model.TileTest" name="testPotential" time="0.0" />
  <testcase classname="net.sf.freecol.common.model.TileTest" name="testCopy" time="0.002" />
  <testcase classname="net.sf.freecol.common.model.TileTest" name="testImprovements" time="0.002" />
  <testcase classname="net.sf.freecol.common.model.TileTest" name="testMinerals" time="0.001" />
  <testcase classname="net.sf.freecol.common.model.TileTest" name="testMaximumPotential" time="0.002" />
  <testcase classname="net.sf.freecol.common.model.TileTest" name="testIsTileTypeAllowed" time="0.001" />
  <testcase classname="net.sf.freecol.common.model.TileTest" name="testGetWorkAmount" time="0.001" />
  <testcase classname="net.sf.freecol.common.model.TileTest" name="testGetBestDisembarkTile" time="0.003" />
  <testcase classname="net.sf.freecol.common.model.TileTest" name="testColonyImprovements" time="0.001" />
  <testcase classname="net.sf.freecol.common.model.TileTest" name="testConiferForest" time="0.005" />
  <testcase classname="net.sf.freecol.common.model.TileTest" name="testProductionModifiers" time="0.002" />
  <testcase classname="net.sf.freecol.common.model.TileTest" name="testZIndex" time="0.0" />
  <testcase classname="net.sf.freecol.common.model.TradeRouteTest" name="testTradeRoute" time="0.008" />
  <testcase classname="net.sf.freecol.common.model.UnitTest" name="testIsColonist" time="0.001" />
  <testcase classname="net.sf.freecol.common.model.UnitTest" name="testElement" time="0.003" />
  <testcase classname="net.sf.freecol.common.model.UnitTest" name="testUnitLosesExperienceWithRoleChange" time="0.002" />
  <testcase classname="net.sf.freecol.common.model.UnitTest" name="testUnitAvailability" time="0.0" />
  <testcase classname="net.sf.freecol.common.model.UnitTest" name="testOwnerChange" time="0.001" />
  <testcase classname="net.sf.freecol.common.model.UnitTest" name="testIndianDies" time="0.001" />
  <testcase classname="net.sf.freecol.common.model.UnitTest" name="testGetMovesAsString" time="0.002" />
  <testcase classname="net.sf.freecol.common.model.UnitTest" name="testCopy" time="0.002" />
  <testcase classname="net.sf.freecol.common.model.UnitTest" name="testDefaultRole" time="0.0" />
  <testcase classname="net.sf.freecol.common.model.UnitTest" name="testMissionary" time="0.003" />
  <testcase classname="net.sf.freecol.common.model.UnitTest" name="testUnitCanBuildColony" time="0.001" />
  <testcase classname="net.sf.freecol.common.model.UnitTest" name="testCarrierOwnerChange" time="0.001" />
  <testcase classname="net.sf.freecol.common.model.UnitTest" name="testTreasureTransportFee" time="0.001" />
  <testcase classname="net.sf.freecol.common.model.UnitTest" name="testFailedAddGoods" time="0.002" />
  <testcase classname="net.sf.freecol.common.model.UnitTest" name="testGetLineOfSight" time="0.002" />
  <testcase classname="net.sf.freecol.common.model.UnitTest" name="testCanAdd" time="0.0" />
  <testcase classname="net.sf.freecol.common.model.UnitTest" name="testUnitLocationAfterBuildingColony" time="0.001" />
  <testcase classname="net.sf.freecol.common.model.UnitTypeChangeTest" name="testEmptyScope" time="0.0" />
  <testcase classname="net.sf.freecol.common.model.UnitTypeChangeTest" name="testCreation" time="0.0" />
  <testcase classname="net.sf.freecol.common.model.UnitTypeChangeTest" name="testAbilityScope" time="0.001" />
  <testcase classname="net.sf.freecol.common.model.UnitTypeChangeTest" name="testEquality" time="0.0" />
  <testcase classname="net.sf.freecol.common.utils.UtilsTest" name="testComparator" time="0.001" />
  <testcase classname="net.sf.freecol.common.utils.UtilsTest" name="testGetPermutations" time="0.001" />
  <testcase classname="net.sf.freecol.common.sound.SoundTest" name="testSound" time="1.461" />
  <testcase classname="net.sf.freecol.common.sound.SoundTest" name="testClassic" time="3.286" />
  <testcase classname="net.sf.freecol.server.SaveLoadTest" name="testDelayedLoading" time="0.512" />
  <testcase classname="net.sf.freecol.server.SaveLoadTest" name="testImmediateLoading" time="0.396" />
  <testcase classname="net.sf.freecol.server.SaveLoadTest" name="testImport" time="0.4" />
  <testcase classname="net.sf.freecol.server.ai.AIColonyTest" name="testBuildersAllocation" time="0.151" />
  <testcase classname="net.sf.freecol.server.ai.AIColonyTest" name="testBestDefender" time="0.039" />
  <testcase classname="net.sf.freecol.server.ai.AIColonyTest" name="testBuildersAllocNoRawMatTiles" time="0.106" />
  <testcase classname="net.sf.freecol.server.ai.AIColonyTest" name="testExpertAllocColonyHasEnoughRawMat" time="0.044" />
  <testcase classname="net.sf.freecol.server.ai.ContactTest" name="testNativeMeetsEuropean" time="0.041" />
  <testcase classname="net.sf.freecol.server.ai.ContactTest" name="testNativeMeetsColony" time="0.045" />
  <testcase classname="net.sf.freecol.server.ai.ContactTest" name="testShipMeetsShip" time="0.037" />
  <testcase classname="net.sf.freecol.server.ai.ContactTest" name="testNativeMeetsNative" time="0.034" />
  <testcase classname="net.sf.freecol.server.ai.ContactTest" name="testNativeMeetsIndianSettlement" time="0.039" />
  <testcase classname="net.sf.freecol.server.ai.ContactTest" name="testEuropeanMeetsIndianSettlement" time="0.04" />
  <testcase classname="net.sf.freecol.server.ai.ContactTest" name="testEuropeanMeetsNative" time="0.034" />
  <testcase classname="net.sf.freecol.server.ai.ColonyPlanTest" name="testGetBestWorker" time="0.045" />
  <testcase classname="net.sf.freecol.server.ai.ColonyPlanTest" name="testBestImprovements" time="0.001" />
  <testcase classname="net.sf.freecol.server.ai.ColonyPlanTest" name="testNoBuildRawMatTiles" time="0.035" />
  <testcase classname="net.sf.freecol.server.ai.ColonyPlanTest" name="testReqLumberAndHammersForBuild" time="0.035" />
  <testcase classname="net.sf.freecol.server.ai.ColonyPlanTest" name="testReqOreAndToolsWithEnoughHammersForBuild" time="0.031" />
  <testcase classname="net.sf.freecol.server.ai.MissionAssignmentTest" name="testIsTargetValidForSeekAndDestroy" time="0.03" />
  <testcase classname="net.sf.freecol.server.ai.MissionAssignmentTest" name="testImpossibleConditionsForTargetSelection" time="0.03" />
  <testcase classname="net.sf.freecol.server.ai.MissionAssignmentTest" name="testSecureIndianSettlementMissionIgnoreNavalThreat" time="0.048" />
  <testcase classname="net.sf.freecol.server.ai.MissionAssignmentTest" name="testSecureIndianSettlementMission" time="0.033" />
  <testcase classname="net.sf.freecol.server.ai.MissionAssignmentTest" name="testAssignDefendSettlementMission" time="0.028" />
  <testcase classname="net.sf.freecol.server.ai.REFTest" name="testCreateREFPlayer" time="0.031" />
  <testcase classname="net.sf.freecol.server.ai.StandardAIPlayerTest" name="testEquipBravesNotEnoughReqGoods" time="0.026" />
  <testcase classname="net.sf.freecol.server.ai.StandardAIPlayerTest" name="testEquipBraves" time="0.027" />
  <testcase classname="net.sf.freecol.server.ai.TensionTest" name="testTension" time="0.028" />
  <testcase classname="net.sf.freecol.server.ai.mission.PioneeringMissionTest" name="testImprovementNoLongerValid" time="0.036" />
  <testcase classname="net.sf.freecol.server.ai.mission.PrivateerMissionTest" name="testIsMissionValid" time="0.037" />
  <testcase classname="net.sf.freecol.server.ai.mission.ScoutingMissionTest" name="testHorsesLost" time="0.039" />
  <testcase classname="net.sf.freecol.server.ai.mission.TransportMissionTest" name="testGetNextStopAlreadyAtDestination" time="0.039" />
  <testcase classname="net.sf.freecol.server.ai.mission.TransportMissionTest" name="testGetDefaultDestination" time="0.034" />
  <testcase classname="net.sf.freecol.server.ai.mission.TransportMissionTest" name="testWagonTrain" time="0.031" />
  <testcase classname="net.sf.freecol.server.ai.mission.TransportMissionTest" name="testGetNextStopIsColony" time="0.031" />
  <testcase classname="net.sf.freecol.server.ai.mission.TransportMissionTest" name="testGetNextStopIsEurope" time="0.034" />
  <testcase classname="net.sf.freecol.server.ai.mission.TransportMissionTest" name="testTransportMissionInvalidAfterCombatLost" time="0.042" />
  <testcase classname="net.sf.freecol.server.ai.mission.UnitSeekAndDestroyMissionTest" name="testCapturedUnitsLoseMission" time="0.023" />
  <testcase classname="net.sf.freecol.server.ai.mission.UnitSeekAndDestroyMissionTest" name="testDoNotPursueUnitsInColonies" time="0.026" />
  <testcase classname="net.sf.freecol.server.control.InGameControllerTest" name="testWarDeclarationAffectsSettlementAlarm" time="0.029" />
  <testcase classname="net.sf.freecol.server.control.InGameControllerTest" name="testArtilleryDemotedBySoldier" time="0.032" />
  <testcase classname="net.sf.freecol.server.control.InGameControllerTest" name="testPeaceTreatyFromWarStance" time="0.028" />
  <testcase classname="net.sf.freecol.server.control.InGameControllerTest" name="testScoutDiesNotLosesEquipment" time="0.031" />
  <testcase classname="net.sf.freecol.server.control.InGameControllerTest" name="testDragoonDemotedByBrave" time="0.039" />
  <testcase classname="net.sf.freecol.server.control.InGameControllerTest" name="testCeaseFireTreaty" time="0.026" />
  <testcase classname="net.sf.freecol.server.control.InGameControllerTest" name="testDeclarationOfWarFromPeace" time="0.031" />
  <testcase classname="net.sf.freecol.server.control.InGameControllerTest" name="testAttackColonyWithVeteran" time="0.046" />
  <testcase classname="net.sf.freecol.server.control.InGameControllerTest" name="testDragoonDemotedBySoldier" time="0.031" />
  <testcase classname="net.sf.freecol.server.control.InGameControllerTest" name="testAddFatherUnits" time="0.026" />
  <testcase classname="net.sf.freecol.server.control.InGameControllerTest" name="testDumpGoods" time="0.025" />
  <testcase classname="net.sf.freecol.server.control.InGameControllerTest" name="testAtackedNavalUnitIsDamaged" time="0.034" />
  <testcase classname="net.sf.freecol.server.control.InGameControllerTest" name="testLaSalle" time="0.03" />
  <testcase classname="net.sf.freecol.server.control.InGameControllerTest" name="testPocahontas" time="0.031" />
  <testcase classname="net.sf.freecol.server.control.InGameControllerTest" name="testPioneerDiesNotLosesEquipment" time="0.025" />
  <testcase classname="net.sf.freecol.server.control.InGameControllerTest" name="testPromotion" time="0.041" />
  <testcase classname="net.sf.freecol.server.control.InGameControllerTest" name="testClearSpecialty" time="0.028" />
  <testcase classname="net.sf.freecol.server.control.InGameControllerTest" name="testPeaceTreatyFromCeaseFireStance" time="0.023" />
  <testcase classname="net.sf.freecol.server.control.InGameControllerTest" name="testUnitLosesExperienceWithWorkChange" time="0.024" />
  <testcase classname="net.sf.freecol.server.control.InGameControllerTest" name="testEquipIndianNotEnoughReqGoods" time="0.021" />
  <testcase classname="net.sf.freecol.server.control.InGameControllerTest" name="testCashInTreasure" time="0.028" />
  <testcase classname="net.sf.freecol.server.control.InGameControllerTest" name="testAddFatherUpgrades" time="0.027" />
  <testcase classname="net.sf.freecol.server.control.InGameControllerTest" name="testUnitTypeChangeOnEnterColony" time="0.025" />
  <testcase classname="net.sf.freecol.server.control.InGameControllerTest" name="testSoldierDemotedBySoldier" time="0.026" />
  <testcase classname="net.sf.freecol.server.control.InGameControllerTest" name="testUnarmedAttack" time="0.023" />
  <testcase classname="net.sf.freecol.server.control.InGameControllerTest" name="testCarpenterHouseNationalAdvantage" time="0.025" />
  <testcase classname="net.sf.freecol.server.control.InGameControllerTest" name="testCreateMission" time="0.025" />
  <testcase classname="net.sf.freecol.server.control.InGameControllerTest" name="testDoAssignedWorkAmateurAndHardyPioneer" time="0.994" />
  <testcase classname="net.sf.freecol.server.control.InGameControllerTest" name="testEmbark" time="0.021" />
  <testcase classname="net.sf.freecol.server.control.InGameControllerTest" name="testVeteranSoldierDemotedBySoldier" time="0.022" />
  <testcase classname="net.sf.freecol.server.control.InGameControllerTest" name="testLoseColonyDefenceWithRevere" time="0.023" />
  <testcase classname="net.sf.freecol.server.control.InGameControllerTest" name="testBuildingBonus" time="0.022" />
  <testcase classname="net.sf.freecol.server.control.InGameControllerTest" name="testColonistDemotedBySoldier" time="0.021" />
  <testcase classname="net.sf.freecol.server.control.InGameControllerTest" name="testScoutDefeatedBySoldier" time="0.019" />
  <testcase classname="net.sf.freecol.server.control.InGameControllerTest" name="testAddFatherBuildingEvent" time="0.021" />
  <testcase classname="net.sf.freecol.server.control.InGameControllerTest" name="testAttackColonyWithBrave" time="0.047" />
  <testcase classname="net.sf.freecol.server.control.InGameControllerTest" name="testEquipIndian" time="0.018" />
  <testcase classname="net.sf.freecol.server.model.ServerBuildingTest" name="testMoveTeacherOutside" time="0.023" />
  <testcase classname="net.sf.freecol.server.model.ServerBuildingTest" name="testTeacherStoresProgress" time="0.021" />
  <testcase classname="net.sf.freecol.server.model.ServerBuildingTest" name="testCaseTwoTeachersWithDifferentExp" time="0.02" />
  <testcase classname="net.sf.freecol.server.model.ServerBuildingTest" name="testMoveTeacherInside" time="0.025" />
  <testcase classname="net.sf.freecol.server.model.ServerBuildingTest" name="testConcurrentUpgrade" time="0.021" />
  <testcase classname="net.sf.freecol.server.model.ServerBuildingTest" name="testTeachingOrder" time="0.021" />
  <testcase classname="net.sf.freecol.server.model.ServerBuildingTest" name="testTeachPettyCriminalsByMaster" time="0.022" />
  <testcase classname="net.sf.freecol.server.model.ServerBuildingTest" name="testTeachingDoublePromotion" time="0.021" />
  <testcase classname="net.sf.freecol.server.model.ServerBuildingTest" name="testUniversity" time="0.024" />
  <testcase classname="net.sf.freecol.server.model.ServerBuildingTest" name="testTwoTeachersSimple" time="0.021" />
  <testcase classname="net.sf.freecol.server.model.ServerBuildingTest" name="testTrackerBug1616384" time="0.024" />
  <testcase classname="net.sf.freecol.server.model.ServerBuildingTest" name="testSingleGuyTwoTeachers2" time="0.024" />
  <testcase classname="net.sf.freecol.server.model.ServerBuildingTest" name="testCollege" time="0.02" />
  <testcase classname="net.sf.freecol.server.model.ServerBuildingTest" name="testSingleGuyTwoTeachers" time="0.024" />
  <testcase classname="net.sf.freecol.server.model.ServerBuildingTest" name="testSonsOfLiberty" time="0.021" />
  <testcase classname="net.sf.freecol.server.model.ServerBuildingTest" name="testTwoTeachersOfSameKind" time="0.022" />
  <testcase classname="net.sf.freecol.server.model.ServerBuildingTest" name="testTeachPettyCriminals" time="0.024" />
  <testcase classname="net.sf.freecol.server.model.ServerBuildingTest" name="testProductionBonus" time="0.02" />
  <testcase classname="net.sf.freecol.server.model.ServerBuildingTest" name="testPartTraining" time="0.023" />
  <testcase classname="net.sf.freecol.server.model.ServerBuildingTest" name="testExpertTeaching" time="0.021" />
  <testcase classname="net.sf.freecol.server.model.ServerBuildingTest" name="testColonialRegular" time="0.024" />
  <testcase classname="net.sf.freecol.server.model.ServerBuildingTest" name="testTeachIndenturedServants" time="0.023" />
  <testcase classname="net.sf.freecol.server.model.ServerColonyTest" name="testEqualFoodProductionConsumptionCase" time="0.02" />
  <testcase classname="net.sf.freecol.server.model.ServerColonyTest" name="testDeathByStarvation" time="0.021" />
  <testcase classname="net.sf.freecol.server.model.ServerColonyTest" name="testBuildingCompletion" time="0.025" />
  <testcase classname="net.sf.freecol.server.model.ServerColonyTest" name="testInvalidCompletion" time="0.022" />
  <testcase classname="net.sf.freecol.server.model.ServerColonyTest" name="testAvoidStarvation" time="0.017" />
  <testcase classname="net.sf.freecol.server.model.ServerColonyTest" name="testNoBuildingMaterialsProductionWhenBuildingNothing" time="0.001" />
  <testcase classname="net.sf.freecol.server.model.ServerColonyTest" name="testFoodConsumption" time="0.02" />
  <testcase classname="net.sf.freecol.server.model.ServerColonyTest" name="testLibertyAndImmigration" time="0.02" />
  <testcase classname="net.sf.freecol.server.model.ServerIndianSettlementTest" name="testHorseBreedingNoFoodAvail" time="0.019" />
  <testcase classname="net.sf.freecol.server.model.ServerIndianSettlementTest" name="testPricing" time="0.061" />
  <testcase classname="net.sf.freecol.server.model.ServerIndianSettlementTest" name="testHorseBreeding" time="0.02" />
  <testcase classname="net.sf.freecol.server.model.ServerIndianSettlementTest" name="testFoodConsumption" time="0.023" />
  <testcase classname="net.sf.freecol.server.model.ServerPlayerTest" name="testCheckNoGameOverEnoughMoney" time="0.017" />
  <testcase classname="net.sf.freecol.server.model.ServerPlayerTest" name="testCheckGameOver1600Threshold" time="0.019" />
  <testcase classname="net.sf.freecol.server.model.ServerPlayerTest" name="testCheckNoGameOverHasColonistInNewWorld" time="0.02" />
  <testcase classname="net.sf.freecol.server.model.ServerPlayerTest" name="testHasExploredTile" time="0.023" />
  <testcase classname="net.sf.freecol.server.model.ServerPlayerTest" name="testBuyingMakesPricesRaise" time="0.017" />
  <testcase classname="net.sf.freecol.server.model.ServerPlayerTest" name="testCheckGameOverUnitsGoingToEurope" time="0.018" />
  <testcase classname="net.sf.freecol.server.model.ServerPlayerTest" name="testDutchMarket" time="0.035" />
  <testcase classname="net.sf.freecol.server.model.ServerPlayerTest" name="testCheckGameOverNoUnits" time="0.018" />
  <testcase classname="net.sf.freecol.server.model.ServerPlayerTest" name="testCheckGameOverUnitsGoingToNewWorld" time="0.016" />
  <testcase classname="net.sf.freecol.server.model.ServerPlayerTest" name="testSellingMakesPricesFall" time="0.018" />
  <testcase classname="net.sf.freecol.server.model.ServerPlayerTest" name="testMarketRecovery" time="0.036" />
  <testcase classname="net.sf.freecol.server.model.ServerPlayerTest" name="testLoadInColony" time="0.018" />
  <testcase classname="net.sf.freecol.server.model.ServerPlayerTest" name="testLoadInEurope" time="0.019" />
  <testcase classname="net.sf.freecol.server.model.ServerUnitTest" name="testDoAssignedWorkHardyPioneerPlowPlain" time="0.018" />
  <testcase classname="net.sf.freecol.server.model.ServerUnitTest" name="testColonyProfitFromEnhancement" time="0.018" />
  <testcase classname="net.sf.freecol.server.model.ServerUnitTest" name="testExposeResource" time="0.017" />
  <testcase classname="net.sf.freecol.server.model.ServerUnitTest" name="testDoAssignedWorkHardyPioneerBuildRoad" time="0.017" />
  <testcase classname="net.sf.freecol.server.model.ServerUnitTest" name="testUnitPromotionWorkingInWorkTile" time="0.02" />
  <testcase classname="net.sf.freecol.server.model.ServerUnitTest" name="testUnitGetsExperienceThroughWork" time="0.017" />
  <testcase classname="net.sf.freecol.server.model.ServerUnitTest" name="testUnitLumberDelivery" time="0.02" />
  <testcase classname="net.sf.freecol.server.model.ServerUnitTest" name="testToggleHorses" time="0.017" />
  <testcase classname="net.sf.freecol.server.generator.MapGeneratorTest" name="testSinglePlayerOnSmallMap" time="0.17" />
  <testcase classname="net.sf.freecol.server.generator.MapGeneratorTest" name="testImportMap" time="0.224" />
  <testcase classname="net.sf.freecol.server.generator.MapGeneratorTest" name="testRegions" time="0.123" />
  <testcase classname="net.sf.freecol.server.generator.MapGeneratorTest" name="testWithNoIndians" time="0.085" />
  <testcase classname="net.sf.freecol.server.generator.MapGeneratorTest" name="testIndianCapital" time="0.125" />
  <testcase classname="net.sf.freecol.server.generator.MapGeneratorTest" name="testMapGenerator" time="0.139" />
  <testcase classname="net.sf.freecol.client.gui.FontTest" name="testLogicalSerif" time="0.049" />
  <system-out><![CDATA[]]></system-out>
  <system-err><![CDATA[May 13, 2017 5:01:02 AM net.sf.freecol.common.model.Specification fixRoles
INFO: Loading role backward compatibility fragment: roles-compat.xml with roles: model.role.defaultmodel.role.scoutmodel.role.soldiermodel.role.dragoonmodel.role.pioneermodel.role.missionarymodel.role.infantrymodel.role.cavalrymodel.role.mountedBravemodel.role.armedBravemodel.role.nativeDragoon
May 13, 2017 5:01:02 AM net.sf.freecol.common.model.Specification checkDifficultyOptionGroup
INFO: Check group model.difficulty.immigration
May 13, 2017 5:01:02 AM net.sf.freecol.common.model.Specification checkDifficultyOptionGroup
INFO: Check group model.difficulty.natives
May 13, 2017 5:01:02 AM net.sf.freecol.common.model.Specification checkDifficultyOptionGroup
INFO: Check group model.difficulty.monarch
May 13, 2017 5:01:02 AM net.sf.freecol.common.model.Specification checkDifficultyOptionGroup
INFO: Check group model.difficulty.government
May 13, 2017 5:01:02 AM net.sf.freecol.common.model.Specification checkDifficultyOptionGroup
INFO: Check group model.difficulty.other
May 13, 2017 5:01:02 AM net.sf.freecol.common.model.Specification checkDifficultyOptionGroup
INFO: Check group model.difficulty.cheat
May 13, 2017 5:01:02 AM net.sf.freecol.common.model.Specification checkDifficultyUnitListOption
INFO: Added difficulty unit list option: model.option.immigrants
May 13, 2017 5:01:02 AM net.sf.freecol.common.model.Specification clean
INFO: Specification clean following load from InputStream complete, starting year=1492, season year=1600, ages=[1,109,309], seasons=2, 259 FreeColGameObjectTypes, 79 Abilities, 41 BuildingTypes, 14 Disasters, 9 EuropeanNationTypes, 2 Events, 25 FoundingFathers, 21 GoodsTypes, 8 IndianNationTypes, 60 Modifiers, 25 Nations, 65 Options, 16 Option Groups, 12 ResourceTypes, 11 Roles, 23 TileTypes, 6 TileImprovementTypes, 42 UnitTypes read.
May 13, 2017 5:01:02 AM net.sf.freecol.common.model.Specification checkDifficultyOptionGroup
INFO: Check group model.difficulty.immigration
May 13, 2017 5:01:02 AM net.sf.freecol.common.model.Specification checkDifficultyOptionGroup
INFO: Check group model.difficulty.natives
May 13, 2017 5:01:02 AM net.sf.freecol.common.model.Specification checkDifficultyOptionGroup
INFO: Check group model.difficulty.monarch
May 13, 2017 5:01:02 AM net.sf.freecol.common.model.Specification checkDifficultyOptionGroup
INFO: Check group model.difficulty.government
May 13, 2017 5:01:02 AM net.sf.freecol.common.model.Specification checkDifficultyOptionGroup
INFO: Check group model.difficulty.other
May 13, 2017 5:01:02 AM net.sf.freecol.common.model.Specification checkDifficultyOptionGroup
INFO: Check group model.difficulty.cheat
May 13, 2017 5:01:02 AM net.sf.freecol.common.model.Specification applyDifficultyLevel
INFO: Applying difficulty level model.difficulty.medium
May 13, 2017 5:01:02 AM net.sf.freecol.common.model.Specification fixRoles
INFO: Loading role backward compatibility fragment: roles-compat.xml with roles: model.role.defaultmodel.role.scoutmodel.role.soldiermodel.role.dragoonmodel.role.pioneermodel.role.missionarymodel.role.infantrymodel.role.cavalrymodel.role.mountedBravemodel.role.armedBravemodel.role.nativeDragoon
May 13, 2017 5:01:02 AM net.sf.freecol.common.model.Specification checkDifficultyOptionGroup
INFO: Check group model.difficulty.immigration
May 13, 2017 5:01:02 AM net.sf.freecol.common.model.Specification checkDifficultyOptionGroup
INFO: Check group model.difficulty.natives
May 13, 2017 5:01:02 AM net.sf.freecol.common.model.Specification checkDifficultyOptionGroup
INFO: Check group model.difficulty.monarch
May 13, 2017 5:01:02 AM net.sf.freecol.common.model.Specification checkDifficultyOptionGroup
INFO: Check group model.difficulty.government
May 13, 2017 5:01:02 AM net.sf.freecol.common.model.Specification checkDifficultyOptionGroup
INFO: Check group model.difficulty.other
May 13, 2017 5:01:02 AM net.sf.freecol.common.model.Specification checkDifficultyOptionGroup
INFO: Check group model.difficulty.cheat
May 13, 2017 5:01:02 AM net.sf.freecol.common.model.Specification checkDifficultyUnitListOption
INFO: Added difficulty unit list option: model.option.immigrants
May 13, 2017 5:01:02 AM net.sf.freecol.common.model.Specification clean
INFO: Specification clean following load from InputStream complete, starting year=1492, season year=1600, ages=[1,109,309], seasons=2, 247 FreeColGameObjectTypes, 78 Abilities, 41 BuildingTypes, 14 Disasters, 5 EuropeanNationTypes, 2 Events, 25 FoundingFathers, 21 GoodsTypes, 8 IndianNationTypes, 60 Modifiers, 17 Nations, 65 Options, 16 Option Groups, 12 ResourceTypes, 11 Roles, 23 TileTypes, 6 TileImprovementTypes, 42 UnitTypes read.
May 13, 2017 5:01:02 AM net.sf.freecol.common.model.Specification checkDifficultyOptionGroup
INFO: Check group model.difficulty.immigration
May 13, 2017 5:01:02 AM net.sf.freecol.common.model.Specification checkDifficultyOptionGroup
INFO: Check group model.difficulty.natives
May 13, 2017 5:01:02 AM net.sf.freecol.common.model.Specification checkDifficultyOptionGroup
INFO: Check group model.difficulty.monarch
May 13, 2017 5:01:02 AM net.sf.freecol.common.model.Specification checkDifficultyOptionGroup
INFO: Check group model.difficulty.government
May 13, 2017 5:01:02 AM net.sf.freecol.common.model.Specification checkDifficultyOptionGroup
INFO: Check group model.difficulty.other
May 13, 2017 5:01:02 AM net.sf.freecol.common.model.Specification checkDifficultyOptionGroup
INFO: Check group model.difficulty.cheat
May 13, 2017 5:01:02 AM net.sf.freecol.common.model.Specification applyDifficultyLevel
INFO: Applying difficulty level model.difficulty.medium
May 13, 2017 5:01:07 AM net.sf.freecol.common.i18n.Messages replaceChoices
WARNING: Unknown key or untagged choice: 'west=westward|east=eastward|default=into the wind', selector was 'whatever', trying 'default' instead
May 13, 2017 5:01:08 AM net.sf.freecol.common.i18n.Messages replaceChoices
WARNING: No tag found: {{}}abc   {{xyz}}def{{123|567}}
May 13, 2017 5:01:08 AM net.sf.freecol.common.i18n.Messages replaceChoices
WARNING: No tag found: {{}}abc   {{xyz}}def{{123|567}}
May 13, 2017 5:01:08 AM net.sf.freecol.common.i18n.Messages replaceChoices
WARNING: No tag found: {{}}abc   {{xyz}}def{{123|567}}
May 13, 2017 5:01:08 AM net.sf.freecol.common.model.Specification applyDifficultyLevel
INFO: Applying difficulty level model.difficulty.medium
May 13, 2017 5:01:08 AM net.sf.freecol.common.model.Specification applyDifficultyLevel
INFO: Applying difficulty level model.difficulty.medium
May 13, 2017 5:01:08 AM net.sf.freecol.common.util.LogBuilder log
INFO: In data/mods found mod: bryce classic_ui convertUpgrade daySeasons example fourSeasons hutzli markovoss misiulo monthSeasons plantForest weekSeasons
May 13, 2017 5:01:08 AM net.sf.freecol.common.model.Specification fixRoles
INFO: Loading role backward compatibility fragment: roles-compat.xml with roles: model.role.defaultmodel.role.scoutmodel.role.soldiermodel.role.dragoonmodel.role.pioneermodel.role.missionarymodel.role.infantrymodel.role.cavalrymodel.role.mountedBravemodel.role.armedBravemodel.role.nativeDragoon
May 13, 2017 5:01:08 AM net.sf.freecol.common.model.Specification checkDifficultyOptionGroup
INFO: Check group model.difficulty.immigration
May 13, 2017 5:01:08 AM net.sf.freecol.common.model.Specification checkDifficultyOptionGroup
INFO: Check group model.difficulty.natives
May 13, 2017 5:01:08 AM net.sf.freecol.common.model.Specification checkDifficultyOptionGroup
INFO: Check group model.difficulty.monarch
May 13, 2017 5:01:08 AM net.sf.freecol.common.model.Specification checkDifficultyOptionGroup
INFO: Check group model.difficulty.government
May 13, 2017 5:01:08 AM net.sf.freecol.common.model.Specification checkDifficultyOptionGroup
INFO: Check group model.difficulty.other
May 13, 2017 5:01:08 AM net.sf.freecol.common.model.Specification checkDifficultyOptionGroup
INFO: Check group model.difficulty.cheat
May 13, 2017 5:01:08 AM net.sf.freecol.common.model.Specification checkDifficultyUnitListOption
INFO: Added difficulty unit list option: model.option.immigrants
May 13, 2017 5:01:08 AM net.sf.freecol.common.model.Specification clean
INFO: Specification clean following load from InputStream complete, starting year=1492, season year=1600, ages=[1,109,309], seasons=2, 258 FreeColGameObjectTypes, 79 Abilities, 41 BuildingTypes, 14 Disasters, 9 EuropeanNationTypes, 2 Events, 25 FoundingFathers, 21 GoodsTypes, 8 IndianNationTypes, 60 Modifiers, 25 Nations, 65 Options, 16 Option Groups, 12 ResourceTypes, 11 Roles, 23 TileTypes, 6 TileImprovementTypes, 41 UnitTypes read.
May 13, 2017 5:01:08 AM net.sf.freecol.common.model.Specification fixRoles
INFO: Loading role backward compatibility fragment: roles-compat.xml with roles: model.role.defaultmodel.role.scoutmodel.role.soldiermodel.role.dragoonmodel.role.pioneermodel.role.missionarymodel.role.infantrymodel.role.cavalrymodel.role.mountedBravemodel.role.armedBravemodel.role.nativeDragoon
May 13, 2017 5:01:08 AM net.sf.freecol.common.model.Specification checkDifficultyOptionGroup
INFO: Check group model.difficulty.immigration
May 13, 2017 5:01:08 AM net.sf.freecol.common.model.Specification checkDifficultyOptionGroup
INFO: Check group model.difficulty.natives
May 13, 2017 5:01:08 AM net.sf.freecol.common.model.Specification checkDifficultyOptionGroup
INFO: Check group model.difficulty.monarch
May 13, 2017 5:01:08 AM net.sf.freecol.common.model.Specification checkDifficultyOptionGroup
INFO: Check group model.difficulty.government
May 13, 2017 5:01:08 AM net.sf.freecol.common.model.Specification checkDifficultyOptionGroup
INFO: Check group model.difficulty.other
May 13, 2017 5:01:08 AM net.sf.freecol.common.model.Specification checkDifficultyOptionGroup
INFO: Check group model.difficulty.cheat
May 13, 2017 5:01:08 AM net.sf.freecol.common.model.Specification checkDifficultyUnitListOption
INFO: Added difficulty unit list option: model.option.immigrants
May 13, 2017 5:01:08 AM net.sf.freecol.common.model.Specification clean
INFO: Specification clean following load from InputStream complete, starting year=1492, season year=1600, ages=[1,109,309], seasons=2, 259 FreeColGameObjectTypes, 79 Abilities, 41 BuildingTypes, 14 Disasters, 9 EuropeanNationTypes, 2 Events, 25 FoundingFathers, 21 GoodsTypes, 8 IndianNationTypes, 60 Modifiers, 25 Nations, 65 Options, 16 Option Groups, 12 ResourceTypes, 11 Roles, 23 TileTypes, 6 TileImprovementTypes, 42 UnitTypes read.
May 13, 2017 5:01:08 AM net.sf.freecol.common.model.Specification fixRoles
INFO: Loading role backward compatibility fragment: roles-compat.xml with roles: model.role.defaultmodel.role.scoutmodel.role.soldiermodel.role.dragoonmodel.role.pioneermodel.role.missionarymodel.role.infantrymodel.role.cavalrymodel.role.mountedBravemodel.role.armedBravemodel.role.nativeDragoon
May 13, 2017 5:01:08 AM net.sf.freecol.common.model.Specification checkDifficultyOptionGroup
INFO: Check group model.difficulty.immigration
May 13, 2017 5:01:08 AM net.sf.freecol.common.model.Specification checkDifficultyOptionGroup
INFO: Check group model.difficulty.natives
May 13, 2017 5:01:08 AM net.sf.freecol.common.model.Specification checkDifficultyOptionGroup
INFO: Check group model.difficulty.monarch
May 13, 2017 5:01:08 AM net.sf.freecol.common.model.Specification checkDifficultyOptionGroup
INFO: Check group model.difficulty.government
May 13, 2017 5:01:08 AM net.sf.freecol.common.model.Specification checkDifficultyOptionGroup
INFO: Check group model.difficulty.other
May 13, 2017 5:01:08 AM net.sf.freecol.common.model.Specification checkDifficultyOptionGroup
INFO: Check group model.difficulty.cheat
May 13, 2017 5:01:08 AM net.sf.freecol.common.model.Specification checkDifficultyUnitListOption
INFO: Added difficulty unit list option: model.option.immigrants
May 13, 2017 5:01:08 AM net.sf.freecol.common.model.Specification clean
INFO: Specification clean following load from InputStream complete, starting year=1492, season year=1600, ages=[1,109,309], seasons=2, 259 FreeColGameObjectTypes, 79 Abilities, 41 BuildingTypes, 14 Disasters, 9 EuropeanNationTypes, 2 Events, 25 FoundingFathers, 21 GoodsTypes, 8 IndianNationTypes, 60 Modifiers, 25 Nations, 65 Options, 16 Option Groups, 12 ResourceTypes, 11 Roles, 23 TileTypes, 6 TileImprovementTypes, 42 UnitTypes read.
May 13, 2017 5:01:08 AM net.sf.freecol.common.model.Specification loadMods
INFO: Loaded mod example
May 13, 2017 5:01:08 AM net.sf.freecol.common.model.Specification clean
INFO: Specification clean following mod loading complete, starting year=1492, season year=1600, ages=[1,109,309], seasons=2, 260 FreeColGameObjectTypes, 79 Abilities, 41 BuildingTypes, 14 Disasters, 9 EuropeanNationTypes, 2 Events, 25 FoundingFathers, 21 GoodsTypes, 8 IndianNationTypes, 60 Modifiers, 25 Nations, 65 Options, 16 Option Groups, 12 ResourceTypes, 11 Roles, 23 TileTypes, 6 TileImprovementTypes, 43 UnitTypes read.
May 13, 2017 5:01:08 AM net.sf.freecol.common.model.Specification fixRoles
INFO: Loading role backward compatibility fragment: roles-compat.xml with roles: model.role.defaultmodel.role.scoutmodel.role.soldiermodel.role.dragoonmodel.role.pioneermodel.role.missionarymodel.role.infantrymodel.role.cavalrymodel.role.mountedBravemodel.role.armedBravemodel.role.nativeDragoon
May 13, 2017 5:01:08 AM net.sf.freecol.common.model.Specification checkDifficultyOptionGroup
INFO: Check group model.difficulty.immigration
May 13, 2017 5:01:08 AM net.sf.freecol.common.model.Specification checkDifficultyOptionGroup
INFO: Check group model.difficulty.natives
May 13, 2017 5:01:08 AM net.sf.freecol.common.model.Specification checkDifficultyOptionGroup
INFO: Check group model.difficulty.monarch
May 13, 2017 5:01:08 AM net.sf.freecol.common.model.Specification checkDifficultyOptionGroup
INFO: Check group model.difficulty.government
May 13, 2017 5:01:08 AM net.sf.freecol.common.model.Specification checkDifficultyOptionGroup
INFO: Check group model.difficulty.other
May 13, 2017 5:01:08 AM net.sf.freecol.common.model.Specification checkDifficultyOptionGroup
INFO: Check group model.difficulty.cheat
May 13, 2017 5:01:08 AM net.sf.freecol.common.model.Specification checkDifficultyUnitListOption
INFO: Added difficulty unit list option: model.option.immigrants
May 13, 2017 5:01:08 AM net.sf.freecol.common.model.Specification clean
INFO: Specification clean following load from InputStream complete, starting year=1492, season year=1600, ages=[1,109,309], seasons=2, 260 FreeColGameObjectTypes, 79 Abilities, 41 BuildingTypes, 14 Disasters, 9 EuropeanNationTypes, 2 Events, 25 FoundingFathers, 21 GoodsTypes, 8 IndianNationTypes, 60 Modifiers, 25 Nations, 65 Options, 16 Option Groups, 12 ResourceTypes, 11 Roles, 23 TileTypes, 6 TileImprovementTypes, 43 UnitTypes read.
May 13, 2017 5:01:08 AM net.sf.freecol.common.model.Specification fixRoles
INFO: Loading role backward compatibility fragment: roles-compat.xml with roles: model.role.defaultmodel.role.scoutmodel.role.soldiermodel.role.dragoonmodel.role.pioneermodel.role.missionarymodel.role.infantrymodel.role.cavalrymodel.role.mountedBravemodel.role.armedBravemodel.role.nativeDragoon
May 13, 2017 5:01:08 AM net.sf.freecol.common.model.Specification checkDifficultyOptionGroup
INFO: Check group model.difficulty.immigration
May 13, 2017 5:01:08 AM net.sf.freecol.common.model.Specification checkDifficultyOptionGroup
INFO: Check group model.difficulty.natives
May 13, 2017 5:01:08 AM net.sf.freecol.common.model.Specification checkDifficultyOptionGroup
INFO: Check group model.difficulty.monarch
May 13, 2017 5:01:08 AM net.sf.freecol.common.model.Specification checkDifficultyOptionGroup
INFO: Check group model.difficulty.government
May 13, 2017 5:01:08 AM net.sf.freecol.common.model.Specification checkDifficultyOptionGroup
INFO: Check group model.difficulty.other
May 13, 2017 5:01:08 AM net.sf.freecol.common.model.Specification checkDifficultyOptionGroup
INFO: Check group model.difficulty.cheat
May 13, 2017 5:01:08 AM net.sf.freecol.common.model.Specification checkDifficultyUnitListOption
INFO: Added difficulty unit list option: model.option.immigrants
May 13, 2017 5:01:08 AM net.sf.freecol.common.model.Specification clean
INFO: Specification clean following load from InputStream complete, starting year=1492, season year=1600, ages=[1,109,309], seasons=2, 259 FreeColGameObjectTypes, 79 Abilities, 41 BuildingTypes, 14 Disasters, 9 EuropeanNationTypes, 2 Events, 25 FoundingFathers, 21 GoodsTypes, 8 IndianNationTypes, 60 Modifiers, 25 Nations, 65 Options, 16 Option Groups, 12 ResourceTypes, 11 Roles, 23 TileTypes, 6 TileImprovementTypes, 42 UnitTypes read.
May 13, 2017 5:01:08 AM net.sf.freecol.common.model.Specification fixRoles
INFO: Loading role backward compatibility fragment: roles-compat.xml with roles: model.role.defaultmodel.role.scoutmodel.role.soldiermodel.role.dragoonmodel.role.pioneermodel.role.missionarymodel.role.infantrymodel.role.cavalrymodel.role.mountedBravemodel.role.armedBravemodel.role.nativeDragoon
May 13, 2017 5:01:08 AM net.sf.freecol.common.model.Specification checkDifficultyOptionGroup
INFO: Check group model.difficulty.immigration
May 13, 2017 5:01:08 AM net.sf.freecol.common.model.Specification checkDifficultyOptionGroup
INFO: Check group model.difficulty.natives
May 13, 2017 5:01:08 AM net.sf.freecol.common.model.Specification checkDifficultyOptionGroup
INFO: Check group model.difficulty.monarch
May 13, 2017 5:01:08 AM net.sf.freecol.common.model.Specification checkDifficultyOptionGroup
INFO: Check group model.difficulty.government
May 13, 2017 5:01:08 AM net.sf.freecol.common.model.Specification checkDifficultyOptionGroup
INFO: Check group model.difficulty.other
May 13, 2017 5:01:08 AM net.sf.freecol.common.model.Specification checkDifficultyOptionGroup
INFO: Check group model.difficulty.cheat
May 13, 2017 5:01:08 AM net.sf.freecol.common.model.Specification checkDifficultyUnitListOption
INFO: Added difficulty unit list option: model.option.immigrants
May 13, 2017 5:01:08 AM net.sf.freecol.common.model.Specification clean
INFO: Specification clean following load from InputStream complete, starting year=1492, season year=1600, ages=[1,109,309], seasons=2, 259 FreeColGameObjectTypes, 79 Abilities, 41 BuildingTypes, 14 Disasters, 9 EuropeanNationTypes, 2 Events, 25 FoundingFathers, 21 GoodsTypes, 8 IndianNationTypes, 60 Modifiers, 25 Nations, 65 Options, 16 Option Groups, 12 ResourceTypes, 11 Roles, 23 TileTypes, 6 TileImprovementTypes, 42 UnitTypes read.
May 13, 2017 5:01:08 AM net.sf.freecol.common.model.Specification applyDifficultyLevel
INFO: Applying difficulty level model.difficulty.medium
May 13, 2017 5:01:08 AM net.sf.freecol.common.model.Specification applyDifficultyLevel
INFO: Applying difficulty level model.difficulty.medium
May 13, 2017 5:01:08 AM net.sf.freecol.common.model.Specification applyDifficultyLevel
INFO: Applying difficulty level model.difficulty.medium
May 13, 2017 5:01:08 AM net.sf.freecol.common.model.Specification applyDifficultyLevel
INFO: Applying difficulty level model.difficulty.medium
May 13, 2017 5:01:08 AM net.sf.freecol.common.model.Specification applyDifficultyLevel
INFO: Applying difficulty level model.difficulty.medium
May 13, 2017 5:01:08 AM net.sf.freecol.common.model.Specification applyDifficultyLevel
INFO: Applying difficulty level model.difficulty.medium
May 13, 2017 5:01:08 AM net.sf.freecol.common.model.Specification applyDifficultyLevel
INFO: Applying difficulty level model.difficulty.medium
May 13, 2017 5:01:08 AM net.sf.freecol.common.model.Specification applyDifficultyLevel
INFO: Applying difficulty level model.difficulty.medium
May 13, 2017 5:01:08 AM net.sf.freecol.common.model.Specification applyDifficultyLevel
INFO: Applying difficulty level model.difficulty.medium
May 13, 2017 5:01:08 AM net.sf.freecol.common.model.Specification applyDifficultyLevel
INFO: Applying difficulty level model.difficulty.medium
May 13, 2017 5:01:08 AM net.sf.freecol.common.model.Specification applyDifficultyLevel
INFO: Applying difficulty level model.difficulty.medium
May 13, 2017 5:01:08 AM net.sf.freecol.common.model.Unit setLocation
WARNING: Can not add [unit:798 dutch indianConvert 0/1] to building:794
May 13, 2017 5:01:08 AM net.sf.freecol.common.model.Unit setLocation
WARNING: Can not add [unit:798 dutch indianConvert 0/1] to building:795
May 13, 2017 5:01:08 AM net.sf.freecol.common.model.Unit setLocation
WARNING: Can not add [unit:798 dutch indianConvert 0/1] to building:793
May 13, 2017 5:01:08 AM net.sf.freecol.common.model.Specification applyDifficultyLevel
INFO: Applying difficulty level model.difficulty.medium
May 13, 2017 5:01:08 AM net.sf.freecol.common.model.Specification applyDifficultyLevel
INFO: Applying difficulty level model.difficulty.medium
May 13, 2017 5:01:08 AM net.sf.freecol.common.model.Specification applyDifficultyLevel
INFO: Applying difficulty level model.difficulty.medium
May 13, 2017 5:01:08 AM net.sf.freecol.common.model.Specification applyDifficultyLevel
INFO: Applying difficulty level model.difficulty.medium
May 13, 2017 5:01:08 AM net.sf.freecol.common.model.Specification applyDifficultyLevel
INFO: Applying difficulty level model.difficulty.medium
May 13, 2017 5:01:08 AM net.sf.freecol.common.model.Specification applyDifficultyLevel
INFO: Applying difficulty level model.difficulty.medium
May 13, 2017 5:01:08 AM net.sf.freecol.common.model.Specification applyDifficultyLevel
INFO: Applying difficulty level model.difficulty.medium
May 13, 2017 5:01:08 AM net.sf.freecol.common.model.Specification applyDifficultyLevel
INFO: Applying difficulty level model.difficulty.medium
May 13, 2017 5:01:08 AM net.sf.freecol.common.model.Specification applyDifficultyLevel
INFO: Applying difficulty level model.difficulty.medium
May 13, 2017 5:01:08 AM net.sf.freecol.common.model.Specification applyDifficultyLevel
INFO: Applying difficulty level model.difficulty.medium
May 13, 2017 5:01:08 AM net.sf.freecol.common.model.Specification applyDifficultyLevel
INFO: Applying difficulty level model.difficulty.medium
May 13, 2017 5:01:08 AM net.sf.freecol.common.model.Specification applyDifficultyLevel
INFO: Applying difficulty level model.difficulty.medium
May 13, 2017 5:01:08 AM net.sf.freecol.common.model.Specification applyDifficultyLevel
INFO: Applying difficulty level model.difficulty.medium
May 13, 2017 5:01:08 AM net.sf.freecol.common.model.Specification applyDifficultyLevel
INFO: Applying difficulty level model.difficulty.medium
May 13, 2017 5:01:08 AM net.sf.freecol.common.model.Specification applyDifficultyLevel
INFO: Applying difficulty level model.difficulty.medium
May 13, 2017 5:01:08 AM net.sf.freecol.common.model.Specification applyDifficultyLevel
INFO: Applying difficulty level model.difficulty.medium
May 13, 2017 5:01:08 AM net.sf.freecol.common.model.Specification applyDifficultyLevel
INFO: Applying difficulty level model.difficulty.medium
May 13, 2017 5:01:08 AM net.sf.freecol.common.model.Specification applyDifficultyLevel
INFO: Applying difficulty level model.difficulty.medium
May 13, 2017 5:01:08 AM net.sf.freecol.common.model.Specification applyDifficultyLevel
INFO: Applying difficulty level model.difficulty.medium
May 13, 2017 5:01:08 AM net.sf.freecol.common.model.Specification applyDifficultyLevel
INFO: Applying difficulty level model.difficulty.medium
May 13, 2017 5:01:08 AM net.sf.freecol.common.model.Specification applyDifficultyLevel
INFO: Applying difficulty level model.difficulty.medium
May 13, 2017 5:01:08 AM net.sf.freecol.common.model.Specification applyDifficultyLevel
INFO: Applying difficulty level model.difficulty.medium
May 13, 2017 5:01:08 AM net.sf.freecol.common.model.Specification applyDifficultyLevel
INFO: Applying difficulty level model.difficulty.medium
May 13, 2017 5:01:08 AM net.sf.freecol.common.model.Specification applyDifficultyLevel
INFO: Applying difficulty level model.difficulty.medium
May 13, 2017 5:01:08 AM net.sf.freecol.common.model.Specification applyDifficultyLevel
INFO: Applying difficulty level model.difficulty.medium
May 13, 2017 5:01:08 AM net.sf.freecol.common.model.Specification applyDifficultyLevel
INFO: Applying difficulty level model.difficulty.medium
May 13, 2017 5:01:08 AM net.sf.freecol.common.model.Specification applyDifficultyLevel
INFO: Applying difficulty level model.difficulty.medium
May 13, 2017 5:01:08 AM net.sf.freecol.common.model.Specification applyDifficultyLevel
INFO: Applying difficulty level model.difficulty.medium
May 13, 2017 5:01:08 AM net.sf.freecol.common.model.Specification applyDifficultyLevel
INFO: Applying difficulty level model.difficulty.medium
May 13, 2017 5:01:08 AM net.sf.freecol.common.FreeColSeed getFreeColSeed
INFO: Using seed: 6464308666028503657
May 13, 2017 5:01:09 AM net.sf.freecol.server.networking.Server sendToAll
INFO: Reap dead connection: [DummyConnection Server connection - model.nation.dutch]
May 13, 2017 5:01:09 AM net.sf.freecol.server.networking.Server sendToAll
INFO: Reap dead connection: [DummyConnection Server connection - model.nation.spanish]
May 13, 2017 5:01:09 AM net.sf.freecol.server.networking.Server sendToAll
INFO: Reap dead connection: [DummyConnection Server connection - model.nation.apache]
May 13, 2017 5:01:09 AM net.sf.freecol.server.networking.Server sendToAll
INFO: Reap dead connection: [DummyConnection Server connection - model.nation.inca]
May 13, 2017 5:01:09 AM net.sf.freecol.server.networking.Server sendToAll
INFO: Reap dead connection: [DummyConnection Server connection - model.nation.aztec]
May 13, 2017 5:01:09 AM net.sf.freecol.server.networking.Server sendToAll
INFO: Reap dead connection: [DummyConnection Server connection - model.nation.cherokee]
May 13, 2017 5:01:09 AM net.sf.freecol.server.networking.Server sendToAll
INFO: Reap dead connection: [DummyConnection Server connection - model.nation.french]
May 13, 2017 5:01:09 AM net.sf.freecol.server.networking.Server sendToAll
INFO: Reap dead connection: [DummyConnection Server connection - model.nation.iroquois]
May 13, 2017 5:01:09 AM net.sf.freecol.server.networking.Server sendToAll
INFO: Reap dead connection: [DummyConnection Server connection - model.nation.english]
May 13, 2017 5:01:09 AM net.sf.freecol.server.networking.Server sendToAll
INFO: Reap dead connection: [DummyConnection Server connection - model.nation.tupi]
May 13, 2017 5:01:09 AM net.sf.freecol.server.networking.Server sendToAll
INFO: Reap dead connection: [DummyConnection Server connection - model.nation.sioux]
May 13, 2017 5:01:09 AM net.sf.freecol.server.networking.Server sendToAll
INFO: Reap dead connection: [DummyConnection Server connection - model.nation.arawak]
May 13, 2017 5:01:09 AM net.sf.freecol.common.util.LogBuilder log
INFO: Combat attacker=unit:268-veteranSoldier-soldier [Modifier model.modifier.offence (model.source.baseOffence) ADDITIVE 0.0 index=10] [Modifier model.modifier.offence (model.role.soldier) ADDITIVE 2.0 index=30] [Modifier model.modifier.offence (model.unit.veteranSoldier) PERCENTAGE 50.0 index=40] [Modifier model.modifier.attackBonus (model.source.attackBonus) PERCENTAGE 50.0 index=50] = 4.5 defender=unit:250-brave [Modifier model.modifier.defence (model.source.baseDefence) ADDITIVE 1.0 index=10] [Modifier model.modifier.defence (model.settlement.inca.capital) PERCENTAGE 200.0 index=50] = 3.0 odds=0.6 random(1.0)=0.0 great=true Attack WIN SLAUGHTER_UNIT CAPTURE_CONVERT
May 13, 2017 5:01:09 AM net.sf.freecol.common.util.LogBuilder log
INFO: Destroying: goodsContainer:251 unit:250
May 13, 2017 5:01:09 AM net.sf.freecol.common.model.Specification applyDifficultyLevel
INFO: Applying difficulty level model.difficulty.medium
May 13, 2017 5:01:09 AM net.sf.freecol.common.model.Specification applyDifficultyLevel
INFO: Applying difficulty level model.difficulty.medium
May 13, 2017 5:01:09 AM net.sf.freecol.common.model.Specification applyDifficultyLevel
INFO: Applying difficulty level model.difficulty.medium
May 13, 2017 5:01:09 AM net.sf.freecol.common.FreeColSeed getFreeColSeed
INFO: Using seed: 828903147811476248
May 13, 2017 5:01:09 AM net.sf.freecol.server.networking.Server sendToAll
INFO: Reap dead connection: [DummyConnection Server connection - model.nation.tupi]
May 13, 2017 5:01:09 AM net.sf.freecol.server.networking.Server sendToAll
INFO: Reap dead connection: [DummyConnection Server connection - model.nation.english]
May 13, 2017 5:01:09 AM net.sf.freecol.server.networking.Server sendToAll
INFO: Reap dead connection: [DummyConnection Server connection - model.nation.spanish]
May 13, 2017 5:01:09 AM net.sf.freecol.server.networking.Server sendToAll
INFO: Reap dead connection: [DummyConnection Server connection - model.nation.arawak]
May 13, 2017 5:01:09 AM net.sf.freecol.server.networking.Server sendToAll
INFO: Reap dead connection: [DummyConnection Server connection - model.nation.inca]
May 13, 2017 5:01:09 AM net.sf.freecol.server.networking.Server sendToAll
INFO: Reap dead connection: [DummyConnection Server connection - model.nation.dutch]
May 13, 2017 5:01:09 AM net.sf.freecol.server.networking.Server sendToAll
INFO: Reap dead connection: [DummyConnection Server connection - model.nation.french]
May 13, 2017 5:01:09 AM net.sf.freecol.server.networking.Server sendToAll
INFO: Reap dead connection: [DummyConnection Server connection - model.nation.cherokee]
May 13, 2017 5:01:09 AM net.sf.freecol.server.networking.Server sendToAll
INFO: Reap dead connection: [DummyConnection Server connection - model.nation.sioux]
May 13, 2017 5:01:09 AM net.sf.freecol.server.networking.Server sendToAll
INFO: Reap dead connection: [DummyConnection Server connection - model.nation.apache]
May 13, 2017 5:01:09 AM net.sf.freecol.server.networking.Server sendToAll
INFO: Reap dead connection: [DummyConnection Server connection - model.nation.aztec]
May 13, 2017 5:01:09 AM net.sf.freecol.server.networking.Server sendToAll
INFO: Reap dead connection: [DummyConnection Server connection - model.nation.iroquois]
May 13, 2017 5:01:09 AM net.sf.freecol.common.util.LogBuilder log
INFO: Combat attacker=unit:347-kingsRegular-cavalry [Modifier model.modifier.offence (model.source.baseOffence) ADDITIVE 0.0 index=10] [Modifier model.modifier.offence (model.unit.kingsRegular) ADDITIVE 4.0 index=20] [Modifier model.modifier.offence (model.role.cavalry) ADDITIVE 3.0 index=30] [Modifier model.modifier.attackBonus (model.source.attackBonus) PERCENTAGE 50.0 index=50] = 10.5 defender=unit:348-colonialRegular-dragoon [Modifier model.modifier.defence (model.source.baseDefence) ADDITIVE 1.0 index=10] [Modifier model.modifier.defence (model.unit.colonialRegular) ADDITIVE 3.0 index=20] [Modifier model.modifier.defence (model.role.dragoon) ADDITIVE 2.0 index=30] = 6.0 odds=0.6363636363636364 random(1.0)=0.8500000238418579 great=false Attack LOSE LOSE_EQUIP
May 13, 2017 5:01:09 AM net.sf.freecol.server.model.ServerPlayer csChangeStance
INFO: Stance modification Louis XV PEACE -> WAR wrt Louis XIV
May 13, 2017 5:01:09 AM net.sf.freecol.server.model.ServerPlayer csChangeStance
INFO: Stance modification Louis XIV PEACE -> WAR wrt Louis XV (symmetric)
May 13, 2017 5:01:09 AM net.sf.freecol.common.util.LogBuilder log
INFO: Combat attacker=unit:348-colonialRegular-dragoon [Modifier model.modifier.offence (model.source.baseOffence) ADDITIVE 0.0 index=10] [Modifier model.modifier.offence (model.unit.colonialRegular) ADDITIVE 3.0 index=20] [Modifier model.modifier.offence (model.role.dragoon) ADDITIVE 3.0 index=30] [Modifier model.modifier.attackBonus (model.source.attackBonus) PERCENTAGE 50.0 index=50] = 9.0 defender=unit:347-kingsRegular-infantry [Modifier model.modifier.defence (model.source.baseDefence) ADDITIVE 1.0 index=10] [Modifier model.modifier.defence (model.unit.kingsRegular) ADDITIVE 4.0 index=20] [Modifier model.modifier.defence (model.role.infantry) ADDITIVE 1.0 index=30] = 6.0 odds=0.6 random(1.0)=0.20000000298023224 great=false Attack WIN SLAUGHTER_UNIT
May 13, 2017 5:01:09 AM net.sf.freecol.common.util.LogBuilder log
INFO: Combat attacker=unit:349-kingsRegular-cavalry [Modifier model.modifier.offence (model.source.baseOffence) ADDITIVE 0.0 index=10] [Modifier model.modifier.offence (model.unit.kingsRegular) ADDITIVE 4.0 index=20] [Modifier model.modifier.offence (model.role.cavalry) ADDITIVE 3.0 index=30] [Modifier model.modifier.attackBonus (model.source.attackBonus) PERCENTAGE 50.0 index=50] = 10.5 defender=unit:348-colonialRegular-dragoon [Modifier model.modifier.defence (model.source.baseDefence) ADDITIVE 1.0 index=10] [Modifier model.modifier.defence (model.unit.colonialRegular) ADDITIVE 3.0 index=20] [Modifier model.modifier.defence (model.role.dragoon) ADDITIVE 2.0 index=30] = 6.0 odds=0.6363636363636364 random(1.0)=0.20000000298023224 great=false Attack WIN LOSE_EQUIP
May 13, 2017 5:01:09 AM net.sf.freecol.common.util.LogBuilder log
INFO: Combat attacker=unit:349-kingsRegular-cavalry [Modifier model.modifier.offence (model.source.baseOffence) ADDITIVE 0.0 index=10] [Modifier model.modifier.offence (model.unit.kingsRegular) ADDITIVE 4.0 index=20] [Modifier model.modifier.offence (model.role.cavalry) ADDITIVE 3.0 index=30] [Modifier model.modifier.attackBonus (model.source.attackBonus) PERCENTAGE 50.0 index=50] = 10.5 defender=unit:348-colonialRegular-soldier [Modifier model.modifier.defence (model.source.baseDefence) ADDITIVE 1.0 index=10] [Modifier model.modifier.defence (model.unit.colonialRegular) ADDITIVE 3.0 index=20] [Modifier model.modifier.defence (model.role.soldier) ADDITIVE 1.0 index=30] = 5.0 odds=0.6774193548387096 random(1.0)=0.20000000298023224 great=false Attack WIN LOSE_EQUIP DEMOTE_UNIT
May 13, 2017 5:01:09 AM net.sf.freecol.common.util.LogBuilder log
INFO: Combat attacker=unit:349-kingsRegular-cavalry [Modifier model.modifier.offence (model.source.baseOffence) ADDITIVE 0.0 index=10] [Modifier model.modifier.offence (model.unit.kingsRegular) ADDITIVE 4.0 index=20] [Modifier model.modifier.offence (model.role.cavalry) ADDITIVE 3.0 index=30] [Modifier model.modifier.attackBonus (model.source.attackBonus) PERCENTAGE 50.0 index=50] = 10.5 defender=unit:348-veteranSoldier [Modifier model.modifier.defence (model.source.baseDefence) ADDITIVE 1.0 index=10] [Modifier model.modifier.defence (model.unit.veteranSoldier) PERCENTAGE 50.0 index=40] = 1.5 odds=0.875 random(1.0)=0.20000000298023224 great=false Attack WIN CAPTURE_UNIT
May 13, 2017 5:01:09 AM net.sf.freecol.common.model.Specification applyDifficultyLevel
INFO: Applying difficulty level model.difficulty.medium
May 13, 2017 5:01:09 AM net.sf.freecol.common.model.Specification applyDifficultyLevel
INFO: Applying difficulty level model.difficulty.medium
May 13, 2017 5:01:09 AM net.sf.freecol.common.model.Specification applyDifficultyLevel
INFO: Applying difficulty level model.difficulty.medium
May 13, 2017 5:01:09 AM net.sf.freecol.common.model.Specification applyDifficultyLevel
INFO: Applying difficulty level model.difficulty.medium
May 13, 2017 5:01:09 AM net.sf.freecol.common.model.Specification applyDifficultyLevel
INFO: Applying difficulty level model.difficulty.medium
May 13, 2017 5:01:09 AM net.sf.freecol.common.model.Specification applyDifficultyLevel
INFO: Applying difficulty level model.difficulty.medium
May 13, 2017 5:01:09 AM net.sf.freecol.common.model.Specification applyDifficultyLevel
INFO: Applying difficulty level model.difficulty.medium
May 13, 2017 5:01:09 AM net.sf.freecol.common.model.Specification applyDifficultyLevel
INFO: Applying difficulty level model.difficulty.medium
May 13, 2017 5:01:09 AM net.sf.freecol.common.model.Specification applyDifficultyLevel
INFO: Applying difficulty level model.difficulty.medium
May 13, 2017 5:01:09 AM net.sf.freecol.common.model.Specification applyDifficultyLevel
INFO: Applying difficulty level model.difficulty.medium
May 13, 2017 5:01:09 AM net.sf.freecol.common.model.Specification applyDifficultyLevel
INFO: Applying difficulty level model.difficulty.medium
May 13, 2017 5:01:09 AM net.sf.freecol.common.model.Specification applyDifficultyLevel
INFO: Applying difficulty level model.difficulty.medium
May 13, 2017 5:01:09 AM net.sf.freecol.common.model.Specification applyDifficultyLevel
INFO: Applying difficulty level model.difficulty.medium
May 13, 2017 5:01:09 AM net.sf.freecol.common.model.Specification applyDifficultyLevel
INFO: Applying difficulty level model.difficulty.medium
May 13, 2017 5:01:09 AM net.sf.freecol.common.model.Specification applyDifficultyLevel
INFO: Applying difficulty level model.difficulty.medium
May 13, 2017 5:01:09 AM net.sf.freecol.common.model.Specification applyDifficultyLevel
INFO: Applying difficulty level model.difficulty.medium
May 13, 2017 5:01:09 AM net.sf.freecol.common.model.Specification applyDifficultyLevel
INFO: Applying difficulty level model.difficulty.medium
May 13, 2017 5:01:09 AM net.sf.freecol.common.model.Specification applyDifficultyLevel
INFO: Applying difficulty level model.difficulty.medium
May 13, 2017 5:01:09 AM net.sf.freecol.common.model.Specification applyDifficultyLevel
INFO: Applying difficulty level model.difficulty.medium
May 13, 2017 5:01:09 AM net.sf.freecol.common.model.Specification applyDifficultyLevel
INFO: Applying difficulty level model.difficulty.medium
May 13, 2017 5:01:09 AM net.sf.freecol.common.model.Specification applyDifficultyLevel
INFO: Applying difficulty level model.difficulty.medium
May 13, 2017 5:01:09 AM net.sf.freecol.common.model.Specification applyDifficultyLevel
INFO: Applying difficulty level model.difficulty.medium
May 13, 2017 5:01:09 AM net.sf.freecol.common.model.Specification applyDifficultyLevel
INFO: Applying difficulty level model.difficulty.medium
May 13, 2017 5:01:09 AM net.sf.freecol.common.model.Specification applyDifficultyLevel
INFO: Applying difficulty level model.difficulty.medium
May 13, 2017 5:01:09 AM net.sf.freecol.common.model.Specification applyDifficultyLevel
INFO: Applying difficulty level model.difficulty.medium
May 13, 2017 5:01:09 AM net.sf.freecol.common.model.Specification applyDifficultyLevel
INFO: Applying difficulty level model.difficulty.medium
May 13, 2017 5:01:09 AM net.sf.freecol.common.model.Specification applyDifficultyLevel
INFO: Applying difficulty level model.difficulty.medium
May 13, 2017 5:01:09 AM net.sf.freecol.common.model.Specification applyDifficultyLevel
INFO: Applying difficulty level model.difficulty.medium
May 13, 2017 5:01:09 AM net.sf.freecol.common.model.Specification applyDifficultyLevel
INFO: Applying difficulty level model.difficulty.medium
May 13, 2017 5:01:09 AM net.sf.freecol.common.model.Specification applyDifficultyLevel
INFO: Applying difficulty level model.difficulty.medium
May 13, 2017 5:01:09 AM net.sf.freecol.common.model.Specification applyDifficultyLevel
INFO: Applying difficulty level model.difficulty.medium
May 13, 2017 5:01:09 AM net.sf.freecol.common.model.Specification applyDifficultyLevel
INFO: Applying difficulty level model.difficulty.medium
May 13, 2017 5:01:09 AM net.sf.freecol.common.model.Specification applyDifficultyLevel
INFO: Applying difficulty level model.difficulty.medium
May 13, 2017 5:01:09 AM net.sf.freecol.common.model.Specification applyDifficultyLevel
INFO: Applying difficulty level model.difficulty.medium
May 13, 2017 5:01:09 AM net.sf.freecol.common.model.Specification applyDifficultyLevel
INFO: Applying difficulty level model.difficulty.medium
May 13, 2017 5:01:09 AM net.sf.freecol.common.model.Specification applyDifficultyLevel
INFO: Applying difficulty level model.difficulty.medium
May 13, 2017 5:01:09 AM net.sf.freecol.common.model.Specification applyDifficultyLevel
INFO: Applying difficulty level model.difficulty.medium
May 13, 2017 5:01:09 AM net.sf.freecol.common.model.Specification applyDifficultyLevel
INFO: Applying difficulty level model.difficulty.medium
May 13, 2017 5:01:09 AM net.sf.freecol.common.model.Specification applyDifficultyLevel
INFO: Applying difficulty level model.difficulty.medium
May 13, 2017 5:01:09 AM net.sf.freecol.common.model.Specification applyDifficultyLevel
INFO: Applying difficulty level model.difficulty.medium
May 13, 2017 5:01:09 AM net.sf.freecol.common.model.Specification applyDifficultyLevel
INFO: Applying difficulty level model.difficulty.medium
May 13, 2017 5:01:09 AM net.sf.freecol.common.model.Specification applyDifficultyLevel
INFO: Applying difficulty level model.difficulty.medium
May 13, 2017 5:01:09 AM net.sf.freecol.common.model.Specification applyDifficultyLevel
INFO: Applying difficulty level model.difficulty.medium
May 13, 2017 5:01:09 AM net.sf.freecol.common.model.Specification applyDifficultyLevel
INFO: Applying difficulty level model.difficulty.medium
May 13, 2017 5:01:09 AM net.sf.freecol.common.model.Specification applyDifficultyLevel
INFO: Applying difficulty level model.difficulty.medium
May 13, 2017 5:01:09 AM net.sf.freecol.common.model.Specification applyDifficultyLevel
INFO: Applying difficulty level model.difficulty.medium
May 13, 2017 5:01:09 AM net.sf.freecol.common.model.Specification applyDifficultyLevel
INFO: Applying difficulty level model.difficulty.medium
May 13, 2017 5:01:09 AM net.sf.freecol.common.model.Specification applyDifficultyLevel
INFO: Applying difficulty level model.difficulty.medium
May 13, 2017 5:01:09 AM net.sf.freecol.common.model.Specification applyDifficultyLevel
INFO: Applying difficulty level model.difficulty.medium
May 13, 2017 5:01:09 AM net.sf.freecol.common.model.Specification applyDifficultyLevel
INFO: Applying difficulty level model.difficulty.medium
May 13, 2017 5:01:09 AM net.sf.freecol.common.model.Specification applyDifficultyLevel
INFO: Applying difficulty level model.difficulty.medium
May 13, 2017 5:01:09 AM net.sf.freecol.common.model.Specification applyDifficultyLevel
INFO: Applying difficulty level model.difficulty.medium
May 13, 2017 5:01:09 AM net.sf.freecol.common.model.Specification applyDifficultyLevel
INFO: Applying difficulty level model.difficulty.medium
May 13, 2017 5:01:09 AM net.sf.freecol.common.model.Specification applyDifficultyLevel
INFO: Applying difficulty level model.difficulty.medium
May 13, 2017 5:01:09 AM net.sf.freecol.common.model.Specification applyDifficultyLevel
INFO: Applying difficulty level model.difficulty.medium
May 13, 2017 5:01:09 AM net.sf.freecol.common.model.Specification applyDifficultyLevel
INFO: Applying difficulty level model.difficulty.medium
May 13, 2017 5:01:09 AM net.sf.freecol.common.model.Specification applyDifficultyLevel
INFO: Applying difficulty level model.difficulty.medium
May 13, 2017 5:01:09 AM net.sf.freecol.common.model.Specification applyDifficultyLevel
INFO: Applying difficulty level model.difficulty.medium
May 13, 2017 5:01:09 AM net.sf.freecol.common.model.Specification applyDifficultyLevel
INFO: Applying difficulty level model.difficulty.medium
May 13, 2017 5:01:09 AM net.sf.freecol.common.model.Specification applyDifficultyLevel
INFO: Applying difficulty level model.difficulty.medium
May 13, 2017 5:01:09 AM net.sf.freecol.common.model.Specification applyDifficultyLevel
INFO: Applying difficulty level model.difficulty.medium
May 13, 2017 5:01:09 AM net.sf.freecol.common.model.Specification applyDifficultyLevel
INFO: Applying difficulty level model.difficulty.medium
May 13, 2017 5:01:09 AM net.sf.freecol.common.model.Specification applyDifficultyLevel
INFO: Applying difficulty level model.difficulty.medium
May 13, 2017 5:01:09 AM net.sf.freecol.common.model.Specification applyDifficultyLevel
INFO: Applying difficulty level model.difficulty.medium
May 13, 2017 5:01:09 AM net.sf.freecol.common.model.Specification applyDifficultyLevel
INFO: Applying difficulty level model.difficulty.veryEasy
May 13, 2017 5:01:09 AM net.sf.freecol.common.model.Specification applyDifficultyLevel
INFO: Applying difficulty level model.difficulty.easy
May 13, 2017 5:01:09 AM net.sf.freecol.common.model.Specification applyDifficultyLevel
INFO: Applying difficulty level model.difficulty.medium
May 13, 2017 5:01:09 AM net.sf.freecol.common.model.Specification applyDifficultyLevel
INFO: Applying difficulty level model.difficulty.hard
May 13, 2017 5:01:09 AM net.sf.freecol.common.model.Specification applyDifficultyLevel
INFO: Applying difficulty level model.difficulty.veryHard
May 13, 2017 5:01:09 AM net.sf.freecol.common.model.Specification applyDifficultyLevel
INFO: Applying difficulty level model.difficulty.custom
May 13, 2017 5:01:09 AM net.sf.freecol.common.model.Specification applyDifficultyLevel
INFO: Applying difficulty level model.difficulty.medium
May 13, 2017 5:01:09 AM net.sf.freecol.common.model.Specification applyDifficultyLevel
INFO: Applying difficulty level model.difficulty.medium
May 13, 2017 5:01:09 AM net.sf.freecol.common.model.Specification applyDifficultyLevel
INFO: Applying difficulty level model.difficulty.medium
May 13, 2017 5:01:09 AM net.sf.freecol.common.model.Specification applyDifficultyLevel
INFO: Applying difficulty level model.difficulty.medium
May 13, 2017 5:01:09 AM net.sf.freecol.common.util.LogBuilder log
INFO: Destroying: unit:775
May 13, 2017 5:01:09 AM net.sf.freecol.common.model.Specification applyDifficultyLevel
INFO: Applying difficulty level model.difficulty.medium
May 13, 2017 5:01:09 AM net.sf.freecol.common.model.Specification applyDifficultyLevel
INFO: Applying difficulty level model.difficulty.medium
May 13, 2017 5:01:09 AM net.sf.freecol.common.model.Specification applyDifficultyLevel
INFO: Applying difficulty level model.difficulty.medium
May 13, 2017 5:01:09 AM net.sf.freecol.common.model.Specification applyDifficultyLevel
INFO: Applying difficulty level model.difficulty.medium
May 13, 2017 5:01:09 AM net.sf.freecol.common.model.Specification applyDifficultyLevel
INFO: Applying difficulty level model.difficulty.medium
May 13, 2017 5:01:09 AM net.sf.freecol.common.model.Specification applyDifficultyLevel
INFO: Applying difficulty level model.difficulty.medium
May 13, 2017 5:01:09 AM net.sf.freecol.common.FreeColSeed getFreeColSeed
INFO: Using seed: -2588549694614010882
May 13, 2017 5:01:10 AM net.sf.freecol.server.networking.Server sendToAll
INFO: Reap dead connection: [DummyConnection Server connection - model.nation.sioux]
May 13, 2017 5:01:10 AM net.sf.freecol.server.networking.Server sendToAll
INFO: Reap dead connection: [DummyConnection Server connection - model.nation.iroquois]
May 13, 2017 5:01:10 AM net.sf.freecol.server.networking.Server sendToAll
INFO: Reap dead connection: [DummyConnection Server connection - model.nation.inca]
May 13, 2017 5:01:10 AM net.sf.freecol.server.networking.Server sendToAll
INFO: Reap dead connection: [DummyConnection Server connection - model.nation.dutch]
May 13, 2017 5:01:10 AM net.sf.freecol.server.networking.Server sendToAll
INFO: Reap dead connection: [DummyConnection Server connection - model.nation.arawak]
May 13, 2017 5:01:10 AM net.sf.freecol.server.networking.Server sendToAll
INFO: Reap dead connection: [DummyConnection Server connection - model.nation.english]
May 13, 2017 5:01:10 AM net.sf.freecol.server.networking.Server sendToAll
INFO: Reap dead connection: [DummyConnection Server connection - model.nation.apache]
May 13, 2017 5:01:10 AM net.sf.freecol.server.networking.Server sendToAll
INFO: Reap dead connection: [DummyConnection Server connection - model.nation.spanish]
May 13, 2017 5:01:10 AM net.sf.freecol.server.networking.Server sendToAll
INFO: Reap dead connection: [DummyConnection Server connection - model.nation.tupi]
May 13, 2017 5:01:10 AM net.sf.freecol.server.networking.Server sendToAll
INFO: Reap dead connection: [DummyConnection Server connection - model.nation.aztec]
May 13, 2017 5:01:10 AM net.sf.freecol.server.networking.Server sendToAll
INFO: Reap dead connection: [DummyConnection Server connection - model.nation.french]
May 13, 2017 5:01:10 AM net.sf.freecol.server.networking.Server sendToAll
INFO: Reap dead connection: [DummyConnection Server connection - model.nation.cherokee]
May 13, 2017 5:01:10 AM net.sf.freecol.common.model.Specification applyDifficultyLevel
INFO: Applying difficulty level model.difficulty.medium
May 13, 2017 5:01:10 AM net.sf.freecol.common.model.Specification fixRoles
INFO: Loading role backward compatibility fragment: roles-compat.xml with roles: model.role.defaultmodel.role.scoutmodel.role.soldiermodel.role.dragoonmodel.role.pioneermodel.role.missionarymodel.role.infantrymodel.role.cavalrymodel.role.mountedBravemodel.role.armedBravemodel.role.nativeDragoon
May 13, 2017 5:01:10 AM net.sf.freecol.common.model.Specification checkDifficultyOptionGroup
INFO: Check group model.difficulty.immigration
May 13, 2017 5:01:10 AM net.sf.freecol.common.model.Specification checkDifficultyOptionGroup
INFO: Check group model.difficulty.natives
May 13, 2017 5:01:10 AM net.sf.freecol.common.model.Specification checkDifficultyOptionGroup
INFO: Check group model.difficulty.monarch
May 13, 2017 5:01:10 AM net.sf.freecol.common.model.Specification checkDifficultyOptionGroup
INFO: Check group model.difficulty.government
May 13, 2017 5:01:10 AM net.sf.freecol.common.model.Specification checkDifficultyOptionGroup
INFO: Check group model.difficulty.other
May 13, 2017 5:01:10 AM net.sf.freecol.common.model.Specification checkDifficultyOptionGroup
INFO: Check group model.difficulty.cheat
May 13, 2017 5:01:10 AM net.sf.freecol.common.model.Specification checkDifficultyUnitListOption
INFO: Added difficulty unit list option: model.option.immigrants
May 13, 2017 5:01:10 AM net.sf.freecol.common.model.Specification clean
INFO: Specification clean following load from InputStream complete, starting year=1492, season year=1600, ages=[1,109,309], seasons=2, 247 FreeColGameObjectTypes, 78 Abilities, 41 BuildingTypes, 14 Disasters, 5 EuropeanNationTypes, 2 Events, 25 FoundingFathers, 21 GoodsTypes, 8 IndianNationTypes, 60 Modifiers, 17 Nations, 65 Options, 16 Option Groups, 12 ResourceTypes, 11 Roles, 23 TileTypes, 6 TileImprovementTypes, 42 UnitTypes read.
May 13, 2017 5:01:10 AM net.sf.freecol.common.model.Specification applyDifficultyLevel
INFO: Applying difficulty level model.difficulty.veryEasy
May 13, 2017 5:01:10 AM net.sf.freecol.common.model.Specification checkDifficultyOptionGroup
INFO: Check group model.difficulty.immigration
May 13, 2017 5:01:10 AM net.sf.freecol.common.model.Specification checkDifficultyOptionGroup
INFO: Check group model.difficulty.natives
May 13, 2017 5:01:10 AM net.sf.freecol.common.model.Specification checkDifficultyOptionGroup
INFO: Check group model.difficulty.monarch
May 13, 2017 5:01:10 AM net.sf.freecol.common.model.Specification checkDifficultyOptionGroup
INFO: Check group model.difficulty.government
May 13, 2017 5:01:10 AM net.sf.freecol.common.model.Specification checkDifficultyOptionGroup
INFO: Check group model.difficulty.other
May 13, 2017 5:01:10 AM net.sf.freecol.common.model.Specification checkDifficultyOptionGroup
INFO: Check group model.difficulty.cheat
May 13, 2017 5:01:10 AM net.sf.freecol.common.model.Specification applyDifficultyLevel
INFO: Applying difficulty level model.difficulty.veryEasy
May 13, 2017 5:01:10 AM net.sf.freecol.common.model.Specification clean
INFO: Specification clean following load from InputStream complete, starting year=1492, season year=1600, ages=[1,109,309], seasons=2, 241 FreeColGameObjectTypes, 78 Abilities, 41 BuildingTypes, 14 Disasters, 5 EuropeanNationTypes, 2 Events, 25 FoundingFathers, 21 GoodsTypes, 8 IndianNationTypes, 60 Modifiers, 17 Nations, 112 Options, 22 Option Groups, 12 ResourceTypes, 11 Roles, 23 TileTypes, 6 TileImprovementTypes, 42 UnitTypes read.
May 13, 2017 5:01:10 AM net.sf.freecol.common.model.Specification fixRoles
INFO: Loading role backward compatibility fragment: roles-compat.xml with roles: model.role.defaultmodel.role.scoutmodel.role.soldiermodel.role.dragoonmodel.role.pioneermodel.role.missionarymodel.role.infantrymodel.role.cavalrymodel.role.mountedBravemodel.role.armedBravemodel.role.nativeDragoon
May 13, 2017 5:01:10 AM net.sf.freecol.common.model.Specification checkDifficultyOptionGroup
INFO: Check group model.difficulty.immigration
May 13, 2017 5:01:10 AM net.sf.freecol.common.model.Specification checkDifficultyOptionGroup
INFO: Check group model.difficulty.natives
May 13, 2017 5:01:10 AM net.sf.freecol.common.model.Specification checkDifficultyOptionGroup
INFO: Check group model.difficulty.monarch
May 13, 2017 5:01:10 AM net.sf.freecol.common.model.Specification checkDifficultyOptionGroup
INFO: Check group model.difficulty.government
May 13, 2017 5:01:10 AM net.sf.freecol.common.model.Specification checkDifficultyOptionGroup
INFO: Check group model.difficulty.other
May 13, 2017 5:01:10 AM net.sf.freecol.common.model.Specification checkDifficultyOptionGroup
INFO: Check group model.difficulty.cheat
May 13, 2017 5:01:10 AM net.sf.freecol.common.model.Specification checkDifficultyUnitListOption
INFO: Added difficulty unit list option: model.option.immigrants
May 13, 2017 5:01:10 AM net.sf.freecol.common.model.Specification clean
INFO: Specification clean following load from InputStream complete, starting year=1492, season year=1600, ages=[1,109,309], seasons=2, 247 FreeColGameObjectTypes, 78 Abilities, 41 BuildingTypes, 14 Disasters, 5 EuropeanNationTypes, 2 Events, 25 FoundingFathers, 21 GoodsTypes, 8 IndianNationTypes, 60 Modifiers, 17 Nations, 65 Options, 16 Option Groups, 12 ResourceTypes, 11 Roles, 23 TileTypes, 6 TileImprovementTypes, 42 UnitTypes read.
May 13, 2017 5:01:10 AM net.sf.freecol.common.model.Specification applyDifficultyLevel
INFO: Applying difficulty level model.difficulty.veryEasy
May 13, 2017 5:01:10 AM net.sf.freecol.common.model.Specification checkDifficultyOptionGroup
INFO: Check group model.difficulty.immigration
May 13, 2017 5:01:10 AM net.sf.freecol.common.model.Specification checkDifficultyOptionGroup
INFO: Check group model.difficulty.natives
May 13, 2017 5:01:10 AM net.sf.freecol.common.model.Specification checkDifficultyOptionGroup
INFO: Check group model.difficulty.monarch
May 13, 2017 5:01:10 AM net.sf.freecol.common.model.Specification checkDifficultyOptionGroup
INFO: Check group model.difficulty.government
May 13, 2017 5:01:10 AM net.sf.freecol.common.model.Specification checkDifficultyOptionGroup
INFO: Check group model.difficulty.other
May 13, 2017 5:01:10 AM net.sf.freecol.common.model.Specification checkDifficultyOptionGroup
INFO: Check group model.difficulty.cheat
May 13, 2017 5:01:10 AM net.sf.freecol.common.model.Specification applyDifficultyLevel
INFO: Applying difficulty level model.difficulty.veryEasy
May 13, 2017 5:01:10 AM net.sf.freecol.common.model.Specification clean
INFO: Specification clean following load from InputStream complete, starting year=1492, season year=1600, ages=[1,109,309], seasons=2, 241 FreeColGameObjectTypes, 78 Abilities, 41 BuildingTypes, 14 Disasters, 5 EuropeanNationTypes, 2 Events, 25 FoundingFathers, 21 GoodsTypes, 8 IndianNationTypes, 60 Modifiers, 17 Nations, 112 Options, 22 Option Groups, 12 ResourceTypes, 11 Roles, 23 TileTypes, 6 TileImprovementTypes, 42 UnitTypes read.
May 13, 2017 5:01:10 AM net.sf.freecol.common.model.Specification applyDifficultyLevel
INFO: Applying difficulty level model.difficulty.medium
May 13, 2017 5:01:10 AM net.sf.freecol.common.model.Specification applyDifficultyLevel
INFO: Applying difficulty level model.difficulty.medium
May 13, 2017 5:01:10 AM net.sf.freecol.common.model.Specification applyDifficultyLevel
INFO: Applying difficulty level model.difficulty.medium
May 13, 2017 5:01:10 AM net.sf.freecol.common.util.LogBuilder log
INFO: Destroying: goodsContainer:776 goodsContainer:778 unit:777 indianSettlement:775
May 13, 2017 5:01:10 AM net.sf.freecol.common.util.LogBuilder log
INFO: Destroying: goodsContainer:782 goodsContainer:784 unit:783 indianSettlement:781
May 13, 2017 5:01:10 AM net.sf.freecol.common.util.LogBuilder log
INFO: Destroying: goodsContainer:786 goodsContainer:788 unit:787 indianSettlement:785
May 13, 2017 5:01:10 AM net.sf.freecol.common.util.LogBuilder log
INFO: Destroying: goodsContainer:790 goodsContainer:792 unit:791 indianSettlement:789
May 13, 2017 5:01:10 AM net.sf.freecol.common.model.Specification applyDifficultyLevel
INFO: Applying difficulty level model.difficulty.medium
May 13, 2017 5:01:10 AM net.sf.freecol.common.model.Specification applyDifficultyLevel
INFO: Applying difficulty level model.difficulty.medium
May 13, 2017 5:01:10 AM net.sf.freecol.common.model.Specification applyDifficultyLevel
INFO: Applying difficulty level model.difficulty.medium
May 13, 2017 5:01:10 AM net.sf.freecol.common.model.Specification applyDifficultyLevel
INFO: Applying difficulty level model.difficulty.medium
May 13, 2017 5:01:10 AM net.sf.freecol.common.model.Specification applyDifficultyLevel
INFO: Applying difficulty level model.difficulty.medium
May 13, 2017 5:01:10 AM net.sf.freecol.common.model.Specification applyDifficultyLevel
INFO: Applying difficulty level model.difficulty.medium
May 13, 2017 5:01:10 AM net.sf.freecol.common.util.LogBuilder log
INFO: Destroying: tileImprovement:799
May 13, 2017 5:01:10 AM net.sf.freecol.common.model.Specification applyDifficultyLevel
INFO: Applying difficulty level model.difficulty.medium
May 13, 2017 5:01:10 AM net.sf.freecol.common.model.Specification applyDifficultyLevel
INFO: Applying difficulty level model.difficulty.medium
May 13, 2017 5:01:10 AM net.sf.freecol.common.model.Specification applyDifficultyLevel
INFO: Applying difficulty level model.difficulty.medium
May 13, 2017 5:01:10 AM net.sf.freecol.common.util.LogBuilder log
INFO: Destroying: tileImprovement:780
May 13, 2017 5:01:10 AM net.sf.freecol.common.model.Specification applyDifficultyLevel
INFO: Applying difficulty level model.difficulty.medium
May 13, 2017 5:01:10 AM net.sf.freecol.common.model.Specification applyDifficultyLevel
INFO: Applying difficulty level model.difficulty.medium
May 13, 2017 5:01:10 AM net.sf.freecol.common.model.Specification applyDifficultyLevel
INFO: Applying difficulty level model.difficulty.medium
May 13, 2017 5:01:10 AM net.sf.freecol.common.model.Specification applyDifficultyLevel
INFO: Applying difficulty level model.difficulty.medium
May 13, 2017 5:01:10 AM net.sf.freecol.common.model.Specification applyDifficultyLevel
INFO: Applying difficulty level model.difficulty.medium
May 13, 2017 5:01:10 AM net.sf.freecol.common.model.Specification applyDifficultyLevel
INFO: Applying difficulty level model.difficulty.medium
May 13, 2017 5:01:10 AM net.sf.freecol.common.model.Specification applyDifficultyLevel
INFO: Applying difficulty level model.difficulty.medium
May 13, 2017 5:01:10 AM net.sf.freecol.common.util.LogBuilder log
INFO: Destroying: tileImprovement:804
May 13, 2017 5:01:10 AM net.sf.freecol.common.model.Specification applyDifficultyLevel
INFO: Applying difficulty level model.difficulty.medium
May 13, 2017 5:01:10 AM net.sf.freecol.common.model.Specification applyDifficultyLevel
INFO: Applying difficulty level model.difficulty.medium
May 13, 2017 5:01:10 AM net.sf.freecol.common.model.Unit setLocation
WARNING: Can not add [unit:775 dutch merchantman 5/5] to tile:573
May 13, 2017 5:01:10 AM net.sf.freecol.common.model.Specification applyDifficultyLevel
INFO: Applying difficulty level model.difficulty.medium
May 13, 2017 5:01:10 AM net.sf.freecol.common.model.Unit setLocation
WARNING: Can not add [unit:775 dutch merchantman 5/5] to tile:573
May 13, 2017 5:01:10 AM net.sf.freecol.common.model.Specification applyDifficultyLevel
INFO: Applying difficulty level model.difficulty.medium
May 13, 2017 5:01:10 AM net.sf.freecol.common.model.Specification applyDifficultyLevel
INFO: Applying difficulty level model.difficulty.medium
May 13, 2017 5:01:10 AM net.sf.freecol.common.model.Specification applyDifficultyLevel
INFO: Applying difficulty level model.difficulty.medium
May 13, 2017 5:01:10 AM net.sf.freecol.common.model.Specification applyDifficultyLevel
INFO: Applying difficulty level model.difficulty.medium
May 13, 2017 5:01:10 AM net.sf.freecol.common.util.LogBuilder log
INFO: Destroying: goodsContainer:782 unit:781
May 13, 2017 5:01:10 AM net.sf.freecol.common.model.Specification applyDifficultyLevel
INFO: Applying difficulty level model.difficulty.medium
May 13, 2017 5:01:10 AM net.sf.freecol.common.model.Specification applyDifficultyLevel
INFO: Applying difficulty level model.difficulty.medium
May 13, 2017 5:01:10 AM net.sf.freecol.common.model.Unit setLocation
WARNING: Can not add [unit:775 dutch merchantman 5/5] to tile:573
May 13, 2017 5:01:10 AM net.sf.freecol.common.model.Specification applyDifficultyLevel
INFO: Applying difficulty level model.difficulty.medium
May 13, 2017 5:01:10 AM net.sf.freecol.common.model.Specification applyDifficultyLevel
INFO: Applying difficulty level model.difficulty.medium
May 13, 2017 5:01:10 AM net.sf.freecol.common.model.Unit setLocation
WARNING: Can not add [unit:777 dutch galleon 6/6] to tile:629
May 13, 2017 5:01:10 AM net.sf.freecol.common.model.Specification applyDifficultyLevel
INFO: Applying difficulty level model.difficulty.medium
May 13, 2017 5:01:10 AM net.sf.freecol.common.model.Specification applyDifficultyLevel
INFO: Applying difficulty level model.difficulty.medium
May 13, 2017 5:01:10 AM net.sf.freecol.common.model.Specification applyDifficultyLevel
INFO: Applying difficulty level model.difficulty.veryEasy
May 13, 2017 5:01:10 AM net.sf.freecol.common.model.Specification applyDifficultyLevel
INFO: Applying difficulty level model.difficulty.easy
May 13, 2017 5:01:10 AM net.sf.freecol.common.model.Specification applyDifficultyLevel
INFO: Applying difficulty level model.difficulty.medium
May 13, 2017 5:01:10 AM net.sf.freecol.common.model.Specification applyDifficultyLevel
INFO: Applying difficulty level model.difficulty.hard
May 13, 2017 5:01:10 AM net.sf.freecol.common.model.Specification applyDifficultyLevel
INFO: Applying difficulty level model.difficulty.veryHard
May 13, 2017 5:01:10 AM net.sf.freecol.common.model.Specification applyDifficultyLevel
INFO: Applying difficulty level model.difficulty.veryEasy
May 13, 2017 5:01:10 AM net.sf.freecol.common.model.Specification applyDifficultyLevel
INFO: Applying difficulty level model.difficulty.easy
May 13, 2017 5:01:10 AM net.sf.freecol.common.model.Specification applyDifficultyLevel
INFO: Applying difficulty level model.difficulty.medium
May 13, 2017 5:01:10 AM net.sf.freecol.common.model.Specification applyDifficultyLevel
INFO: Applying difficulty level model.difficulty.hard
May 13, 2017 5:01:10 AM net.sf.freecol.common.model.Specification applyDifficultyLevel
INFO: Applying difficulty level model.difficulty.veryHard
May 13, 2017 5:01:10 AM net.sf.freecol.common.model.Specification applyDifficultyLevel
INFO: Applying difficulty level model.difficulty.medium
May 13, 2017 5:01:10 AM net.sf.freecol.common.model.Specification applyDifficultyLevel
INFO: Applying difficulty level model.difficulty.medium
May 13, 2017 5:01:10 AM net.sf.freecol.common.model.Unit setLocation
WARNING: Can not add [unit:775 dutch frigate 6/6] to tile:574
May 13, 2017 5:01:10 AM net.sf.freecol.common.model.Specification applyDifficultyLevel
INFO: Applying difficulty level model.difficulty.medium
May 13, 2017 5:01:10 AM net.sf.freecol.common.model.Specification applyDifficultyLevel
INFO: Applying difficulty level model.difficulty.medium
May 13, 2017 5:01:10 AM net.sf.freecol.common.model.Specification applyDifficultyLevel
INFO: Applying difficulty level model.difficulty.medium
May 13, 2017 5:01:10 AM net.sf.freecol.common.model.Specification applyDifficultyLevel
INFO: Applying difficulty level model.difficulty.medium
May 13, 2017 5:01:10 AM net.sf.freecol.common.model.Specification applyDifficultyLevel
INFO: Applying difficulty level model.difficulty.medium
May 13, 2017 5:01:11 AM net.sf.freecol.common.resources.FontResource <init>
INFO: Loaded font: Serif from: urn:font:Serif-PLAIN-12
May 13, 2017 5:01:11 AM net.sf.freecol.common.resources.FontResource <init>
INFO: Loaded font: Dialog from: urn:font:Dialog-PLAIN-12
May 13, 2017 5:01:11 AM net.sf.freecol.common.resources.FontResource <init>
INFO: Loaded font: ShadowedBlack from: file:/Users/tedsmithiii/Documents/School-Related/Spring-2017/COSC-442-001/Final-Project/kmtfinalproject/FreeCol/data/base/resources/fonts/ShadowedBlack.ttf
May 13, 2017 5:01:11 AM net.sf.freecol.common.util.LogBuilder log
INFO: Resource mapping, data/base/resources.properties loaded, data/base/resources_en.properties not found
May 13, 2017 5:01:11 AM net.sf.freecol.common.resources.ResourceManager setBaseMapping
INFO: setBaseMapping net.sf.freecol.common.resources.ResourceMapping@cd3fee8
May 13, 2017 5:01:12 AM net.sf.freecol.common.util.LogBuilder log
INFO: Resource mapping, data/base/resources.properties loaded, data/base/resources_en.properties not found
May 13, 2017 5:01:12 AM net.sf.freecol.common.resources.ResourceManager setBaseMapping
INFO: setBaseMapping net.sf.freecol.common.resources.ResourceMapping@703580bf
May 13, 2017 5:01:12 AM net.sf.freecol.common.util.LogBuilder log
INFO: Resource mapping, data/rules/freecol/resources.properties loaded, data/rules/freecol/resources_en.properties not found
May 13, 2017 5:01:12 AM net.sf.freecol.common.util.LogBuilder log
INFO: Resource mapping, data/rules/classic/resources.properties loaded, data/rules/classic/resources_en.properties not found
May 13, 2017 5:01:12 AM net.sf.freecol.common.resources.ResourceManager setTcMapping
INFO: setTcMapping net.sf.freecol.common.resources.ResourceMapping@1622f1b
May 13, 2017 5:01:15 AM net.sf.freecol.common.FreeColSeed getFreeColSeed
INFO: Using seed: -4104189118686410805
May 13, 2017 5:01:15 AM net.sf.freecol.common.model.LandMap <init>
INFO: Using land generator model.option.landGeneratorType.classic
May 13, 2017 5:01:15 AM net.sf.freecol.common.util.LogBuilder log
INFO: Destroying: tileImprovement:4312
May 13, 2017 5:01:15 AM net.sf.freecol.common.util.LogBuilder log
INFO: Destroying: tileImprovement:4314
May 13, 2017 5:01:15 AM net.sf.freecol.common.util.LogBuilder log
INFO: Destroying: tileImprovement:4316
May 13, 2017 5:01:15 AM net.sf.freecol.common.util.LogBuilder log
INFO: Destroying: tileImprovement:4318
May 13, 2017 5:01:15 AM net.sf.freecol.common.util.LogBuilder log
INFO: Destroying: tileImprovement:4320
May 13, 2017 5:01:15 AM net.sf.freecol.common.util.LogBuilder log
INFO: Destroying: tileImprovement:4322
May 13, 2017 5:01:15 AM net.sf.freecol.common.util.LogBuilder log
INFO: Destroying: tileImprovement:4324
May 13, 2017 5:01:15 AM net.sf.freecol.common.util.LogBuilder log
INFO: Destroying: tileImprovement:4326
May 13, 2017 5:01:15 AM net.sf.freecol.common.util.LogBuilder log
INFO: Destroying: tileImprovement:4328
May 13, 2017 5:01:15 AM net.sf.freecol.common.util.LogBuilder log
INFO: Destroying: tileImprovement:4330
May 13, 2017 5:01:15 AM net.sf.freecol.common.util.LogBuilder log
INFO: Destroying: tileImprovement:4332
May 13, 2017 5:01:15 AM net.sf.freecol.common.util.LogBuilder log
INFO: Destroying: tileImprovement:4334
May 13, 2017 5:01:15 AM net.sf.freecol.common.util.LogBuilder log
INFO: Destroying: tileImprovement:4336
May 13, 2017 5:01:15 AM net.sf.freecol.common.util.LogBuilder log
INFO: Destroying: tileImprovement:4338
May 13, 2017 5:01:15 AM net.sf.freecol.common.util.LogBuilder log
INFO: Destroying: tileImprovement:4340
May 13, 2017 5:01:15 AM net.sf.freecol.common.util.LogBuilder log
INFO: Destroying: tileImprovement:4342
May 13, 2017 5:01:15 AM net.sf.freecol.common.util.LogBuilder log
INFO: Destroying: tileImprovement:4344
May 13, 2017 5:01:15 AM net.sf.freecol.common.util.LogBuilder log
INFO: Destroying: tileImprovement:4346
May 13, 2017 5:01:15 AM net.sf.freecol.common.util.LogBuilder log
INFO: Destroying: tileImprovement:4348
May 13, 2017 5:01:15 AM net.sf.freecol.common.util.LogBuilder log
INFO: Destroying: tileImprovement:4350
May 13, 2017 5:01:15 AM net.sf.freecol.common.util.LogBuilder log
INFO: Destroying: tileImprovement:4352
May 13, 2017 5:01:15 AM net.sf.freecol.common.util.LogBuilder log
INFO: Destroying: tileImprovement:4270
May 13, 2017 5:01:15 AM net.sf.freecol.common.util.LogBuilder log
INFO: Destroying: tileImprovement:4304
May 13, 2017 5:01:15 AM net.sf.freecol.common.util.LogBuilder log
INFO: Destroying: tileImprovement:4306
May 13, 2017 5:01:15 AM net.sf.freecol.common.util.LogBuilder log
INFO: Destroying: tileImprovement:4308
May 13, 2017 5:01:15 AM net.sf.freecol.common.util.LogBuilder log
INFO: Destroying: tileImprovement:4310
May 13, 2017 5:01:15 AM net.sf.freecol.common.util.LogBuilder log
INFO: Destroying: tileImprovement:4376
May 13, 2017 5:01:15 AM net.sf.freecol.common.util.LogBuilder log
INFO: Destroying: tileImprovement:4377
May 13, 2017 5:01:15 AM net.sf.freecol.common.util.LogBuilder log
INFO: Destroying: tileImprovement:4378
May 13, 2017 5:01:15 AM net.sf.freecol.common.util.LogBuilder log
INFO: Destroying: tileImprovement:4379
May 13, 2017 5:01:15 AM net.sf.freecol.common.util.LogBuilder log
INFO: Destroying: tileImprovement:4380
May 13, 2017 5:01:15 AM net.sf.freecol.common.util.LogBuilder log
INFO: Destroying: tileImprovement:4381
May 13, 2017 5:01:15 AM net.sf.freecol.common.util.LogBuilder log
INFO: Destroying: tileImprovement:4382
May 13, 2017 5:01:15 AM net.sf.freecol.common.util.LogBuilder log
INFO: Destroying: tileImprovement:4383
May 13, 2017 5:01:15 AM net.sf.freecol.common.util.LogBuilder log
INFO: Destroying: tileImprovement:4384
May 13, 2017 5:01:15 AM net.sf.freecol.common.util.LogBuilder log
INFO: Destroying: tileImprovement:4385
May 13, 2017 5:01:15 AM net.sf.freecol.common.util.LogBuilder log
INFO: Destroying: tileImprovement:4386
May 13, 2017 5:01:15 AM net.sf.freecol.common.util.LogBuilder log
INFO: Destroying: tileImprovement:4387
May 13, 2017 5:01:15 AM net.sf.freecol.common.util.LogBuilder log
INFO: Destroying: tileImprovement:4388
May 13, 2017 5:01:15 AM net.sf.freecol.common.util.LogBuilder log
INFO: Destroying: tileImprovement:4389
May 13, 2017 5:01:15 AM net.sf.freecol.common.util.LogBuilder log
INFO: Destroying: tileImprovement:4390
May 13, 2017 5:01:15 AM net.sf.freecol.common.util.LogBuilder log
INFO: Destroying: tileImprovement:4391
May 13, 2017 5:01:15 AM net.sf.freecol.common.util.LogBuilder log
INFO: Destroying: tileImprovement:4392
May 13, 2017 5:01:15 AM net.sf.freecol.common.util.LogBuilder log
INFO: Destroying: tileImprovement:4393
May 13, 2017 5:01:15 AM net.sf.freecol.common.util.LogBuilder log
INFO: Destroying: tileImprovement:4394
May 13, 2017 5:01:15 AM net.sf.freecol.common.util.LogBuilder log
INFO: Destroying: tileImprovement:4395
May 13, 2017 5:01:15 AM net.sf.freecol.common.util.LogBuilder log
INFO: Destroying: tileImprovement:4396
May 13, 2017 5:01:15 AM net.sf.freecol.common.util.LogBuilder log
INFO: Destroying: tileImprovement:4397
May 13, 2017 5:01:15 AM net.sf.freecol.common.util.LogBuilder log
INFO: Destroying: tileImprovement:4464
May 13, 2017 5:01:15 AM net.sf.freecol.common.util.LogBuilder log
INFO: Destroying: tileImprovement:4466
May 13, 2017 5:01:15 AM net.sf.freecol.common.util.LogBuilder log
INFO: Destroying: tileImprovement:4468
May 13, 2017 5:01:15 AM net.sf.freecol.common.util.LogBuilder log
INFO: Destroying: tileImprovement:4470
May 13, 2017 5:01:15 AM net.sf.freecol.common.util.LogBuilder log
INFO: Destroying: tileImprovement:4472
May 13, 2017 5:01:15 AM net.sf.freecol.common.util.LogBuilder log
INFO: Destroying: tileImprovement:4569
May 13, 2017 5:01:15 AM net.sf.freecol.common.util.LogBuilder log
INFO: Destroying: tileImprovement:4563
May 13, 2017 5:01:15 AM net.sf.freecol.common.util.LogBuilder log
INFO: Destroying: tileImprovement:4564
May 13, 2017 5:01:15 AM net.sf.freecol.common.util.LogBuilder log
INFO: Destroying: tileImprovement:4565
May 13, 2017 5:01:15 AM net.sf.freecol.common.util.LogBuilder log
INFO: Destroying: tileImprovement:4566
May 13, 2017 5:01:15 AM net.sf.freecol.common.util.LogBuilder log
INFO: Destroying: tileImprovement:4629
May 13, 2017 5:01:15 AM net.sf.freecol.common.util.LogBuilder log
INFO: Destroying: tileImprovement:4631
May 13, 2017 5:01:15 AM net.sf.freecol.common.util.LogBuilder log
INFO: Destroying: tileImprovement:4633
May 13, 2017 5:01:15 AM net.sf.freecol.common.util.LogBuilder log
INFO: Destroying: tileImprovement:4635
May 13, 2017 5:01:15 AM net.sf.freecol.common.util.LogBuilder log
INFO: Destroying: tileImprovement:4637
May 13, 2017 5:01:15 AM net.sf.freecol.common.util.LogBuilder log
INFO: Destroying: tileImprovement:4639
May 13, 2017 5:01:15 AM net.sf.freecol.common.util.LogBuilder log
INFO: Destroying: tileImprovement:4641
May 13, 2017 5:01:15 AM net.sf.freecol.common.util.LogBuilder log
INFO: Destroying: tileImprovement:4643
May 13, 2017 5:01:15 AM net.sf.freecol.common.util.LogBuilder log
INFO: Destroying: tileImprovement:4645
May 13, 2017 5:01:15 AM net.sf.freecol.common.util.LogBuilder log
INFO: Destroying: tileImprovement:4282
May 13, 2017 5:01:15 AM net.sf.freecol.common.util.LogBuilder log
INFO: Destroying: tileImprovement:4284
May 13, 2017 5:01:15 AM net.sf.freecol.common.util.LogBuilder log
INFO: Destroying: tileImprovement:4286
May 13, 2017 5:01:15 AM net.sf.freecol.common.util.LogBuilder log
INFO: Destroying: tileImprovement:4288
May 13, 2017 5:01:15 AM net.sf.freecol.common.util.LogBuilder log
INFO: Destroying: tileImprovement:4290
May 13, 2017 5:01:15 AM net.sf.freecol.common.util.LogBuilder log
INFO: Destroying: tileImprovement:4292
May 13, 2017 5:01:15 AM net.sf.freecol.common.util.LogBuilder log
INFO: Destroying: tileImprovement:4294
May 13, 2017 5:01:15 AM net.sf.freecol.common.util.LogBuilder log
INFO: Destroying: tileImprovement:4296
May 13, 2017 5:01:15 AM net.sf.freecol.common.util.LogBuilder log
INFO: Destroying: tileImprovement:4298
May 13, 2017 5:01:15 AM net.sf.freecol.common.util.LogBuilder log
INFO: Destroying: tileImprovement:4300
May 13, 2017 5:01:15 AM net.sf.freecol.common.util.LogBuilder log
INFO: Destroying: tileImprovement:4302
May 13, 2017 5:01:15 AM net.sf.freecol.common.util.LogBuilder log
INFO: Destroying: tileImprovement:4572
May 13, 2017 5:01:15 AM net.sf.freecol.common.util.LogBuilder log
INFO: Destroying: tileImprovement:4574
May 13, 2017 5:01:15 AM net.sf.freecol.common.util.LogBuilder log
INFO: Destroying: tileImprovement:4576
May 13, 2017 5:01:15 AM net.sf.freecol.common.util.LogBuilder log
INFO: Destroying: tileImprovement:4578
May 13, 2017 5:01:15 AM net.sf.freecol.common.util.LogBuilder log
INFO: Destroying: tileImprovement:4580
May 13, 2017 5:01:15 AM net.sf.freecol.common.util.LogBuilder log
INFO: Destroying: tileImprovement:4582
May 13, 2017 5:01:15 AM net.sf.freecol.common.util.LogBuilder log
INFO: Destroying: tileImprovement:4584
May 13, 2017 5:01:15 AM net.sf.freecol.common.util.LogBuilder log
INFO: Destroying: tileImprovement:4493
May 13, 2017 5:01:15 AM net.sf.freecol.common.util.LogBuilder log
INFO: Destroying: tileImprovement:4495
May 13, 2017 5:01:15 AM net.sf.freecol.common.util.LogBuilder log
INFO: Destroying: tileImprovement:4497
May 13, 2017 5:01:15 AM net.sf.freecol.common.util.LogBuilder log
INFO: Destroying: tileImprovement:4499
May 13, 2017 5:01:15 AM net.sf.freecol.common.util.LogBuilder log
INFO: Destroying: tileImprovement:4501
May 13, 2017 5:01:15 AM net.sf.freecol.common.util.LogBuilder log
INFO: Destroying: tileImprovement:4503
May 13, 2017 5:01:15 AM net.sf.freecol.common.util.LogBuilder log
INFO: Destroying: tileImprovement:4505
May 13, 2017 5:01:15 AM net.sf.freecol.common.util.LogBuilder log
INFO: Destroying: tileImprovement:4507
May 13, 2017 5:01:15 AM net.sf.freecol.common.util.LogBuilder log
INFO: Destroying: tileImprovement:4412
May 13, 2017 5:01:15 AM net.sf.freecol.common.util.LogBuilder log
INFO: Destroying: tileImprovement:4414
May 13, 2017 5:01:15 AM net.sf.freecol.common.util.LogBuilder log
INFO: Destroying: tileImprovement:4416
May 13, 2017 5:01:15 AM net.sf.freecol.common.util.LogBuilder log
INFO: Destroying: tileImprovement:4418
May 13, 2017 5:01:15 AM net.sf.freecol.common.util.LogBuilder log
INFO: Destroying: tileImprovement:4420
May 13, 2017 5:01:15 AM net.sf.freecol.common.util.LogBuilder log
INFO: Destroying: tileImprovement:4422
May 13, 2017 5:01:15 AM net.sf.freecol.common.util.LogBuilder log
INFO: Destroying: tileImprovement:4424
May 13, 2017 5:01:15 AM net.sf.freecol.common.util.LogBuilder log
INFO: Destroying: tileImprovement:4426
May 13, 2017 5:01:15 AM net.sf.freecol.common.util.LogBuilder log
INFO: Destroying: tileImprovement:4811
May 13, 2017 5:01:15 AM net.sf.freecol.common.util.LogBuilder log
INFO: Destroying: tileImprovement:4813
May 13, 2017 5:01:15 AM net.sf.freecol.common.util.LogBuilder log
INFO: Destroying: tileImprovement:4787
May 13, 2017 5:01:15 AM net.sf.freecol.common.util.LogBuilder log
INFO: Destroying: tileImprovement:4788
May 13, 2017 5:01:15 AM net.sf.freecol.common.util.LogBuilder log
INFO: Destroying: tileImprovement:4789
May 13, 2017 5:01:15 AM net.sf.freecol.common.util.LogBuilder log
INFO: Destroying: tileImprovement:4790
May 13, 2017 5:01:15 AM net.sf.freecol.common.util.LogBuilder log
INFO: Destroying: tileImprovement:4791
May 13, 2017 5:01:15 AM net.sf.freecol.common.util.LogBuilder log
INFO: Destroying: tileImprovement:4792
May 13, 2017 5:01:15 AM net.sf.freecol.common.util.LogBuilder log
INFO: Destroying: tileImprovement:4793
May 13, 2017 5:01:15 AM net.sf.freecol.common.util.LogBuilder log
INFO: Destroying: tileImprovement:4794
May 13, 2017 5:01:15 AM net.sf.freecol.common.util.LogBuilder log
INFO: Destroying: tileImprovement:4671
May 13, 2017 5:01:15 AM net.sf.freecol.common.util.LogBuilder log
INFO: Destroying: tileImprovement:4673
May 13, 2017 5:01:15 AM net.sf.freecol.common.util.LogBuilder log
INFO: Destroying: tileImprovement:4675
May 13, 2017 5:01:15 AM net.sf.freecol.common.util.LogBuilder log
INFO: Destroying: tileImprovement:4650
May 13, 2017 5:01:15 AM net.sf.freecol.common.util.LogBuilder log
INFO: Destroying: tileImprovement:4712
May 13, 2017 5:01:15 AM net.sf.freecol.common.util.LogBuilder log
INFO: Destroying: tileImprovement:4713
May 13, 2017 5:01:15 AM net.sf.freecol.common.util.LogBuilder log
INFO: Destroying: tileImprovement:4714
May 13, 2017 5:01:15 AM net.sf.freecol.common.util.LogBuilder log
INFO: Destroying: tileImprovement:4715
May 13, 2017 5:01:15 AM net.sf.freecol.common.util.LogBuilder log
INFO: Destroying: tileImprovement:4693
May 13, 2017 5:01:15 AM net.sf.freecol.common.util.LogBuilder log
INFO: Destroying: tileImprovement:4695
May 13, 2017 5:01:15 AM net.sf.freecol.common.util.LogBuilder log
INFO: Destroying: tileImprovement:4684
May 13, 2017 5:01:15 AM net.sf.freecol.common.util.LogBuilder log
INFO: Destroying: tileImprovement:4685
May 13, 2017 5:01:15 AM net.sf.freecol.common.util.LogBuilder log
INFO: Destroying: tileImprovement:4686
May 13, 2017 5:01:15 AM net.sf.freecol.common.util.LogBuilder log
INFO: Destroying: tileImprovement:4687
May 13, 2017 5:01:15 AM net.sf.freecol.common.util.LogBuilder log
INFO: Destroying: tileImprovement:4688
May 13, 2017 5:01:15 AM net.sf.freecol.common.util.LogBuilder log
INFO: Destroying: tileImprovement:4689
May 13, 2017 5:01:15 AM net.sf.freecol.common.util.LogBuilder log
INFO: Destroying: tileImprovement:4690
May 13, 2017 5:01:15 AM net.sf.freecol.common.util.LogBuilder log
INFO: Destroying: tileImprovement:4691
May 13, 2017 5:01:15 AM net.sf.freecol.common.util.LogBuilder log
INFO: Destroying: tileImprovement:4692
May 13, 2017 5:01:15 AM net.sf.freecol.common.util.LogBuilder log
INFO: Destroying: tileImprovement:4901
May 13, 2017 5:01:15 AM net.sf.freecol.common.util.LogBuilder log
INFO: Destroying: tileImprovement:4903
May 13, 2017 5:01:15 AM net.sf.freecol.common.util.LogBuilder log
INFO: Destroying: tileImprovement:4759
May 13, 2017 5:01:15 AM net.sf.freecol.common.util.LogBuilder log
INFO: Destroying: tileImprovement:4761
May 13, 2017 5:01:15 AM net.sf.freecol.common.util.LogBuilder log
INFO: Destroying: tileImprovement:4763
May 13, 2017 5:01:15 AM net.sf.freecol.common.util.LogBuilder log
INFO: Destroying: tileImprovement:4765
May 13, 2017 5:01:15 AM net.sf.freecol.common.util.LogBuilder log
INFO: Destroying: tileImprovement:4767
May 13, 2017 5:01:15 AM net.sf.freecol.common.util.LogBuilder log
INFO: Destroying: tileImprovement:4769
May 13, 2017 5:01:15 AM net.sf.freecol.common.util.LogBuilder log
INFO: Destroying: tileImprovement:4771
May 13, 2017 5:01:15 AM net.sf.freecol.common.util.LogBuilder log
INFO: Destroying: tileImprovement:4773
May 13, 2017 5:01:15 AM net.sf.freecol.common.util.LogBuilder log
INFO: Destroying: tileImprovement:4775
May 13, 2017 5:01:15 AM net.sf.freecol.common.util.LogBuilder log
INFO: Destroying: tileImprovement:4777
May 13, 2017 5:01:15 AM net.sf.freecol.common.util.LogBuilder log
INFO: Destroying: tileImprovement:4964
May 13, 2017 5:01:15 AM net.sf.freecol.common.util.LogBuilder log
INFO: Destroying: tileImprovement:4966
May 13, 2017 5:01:15 AM net.sf.freecol.common.util.LogBuilder log
INFO: Destroying: tileImprovement:4968
May 13, 2017 5:01:15 AM net.sf.freecol.common.util.LogBuilder log
INFO: Destroying: tileImprovement:4962
May 13, 2017 5:01:15 AM net.sf.freecol.common.util.LogBuilder log
INFO: Destroying: tileImprovement:4963
May 13, 2017 5:01:15 AM net.sf.freecol.server.networking.Server sendToAll
INFO: Reap dead connection: [DummyConnection Server connection - model.nation.tupi]
May 13, 2017 5:01:15 AM net.sf.freecol.server.networking.Server sendToAll
INFO: Reap dead connection: [DummyConnection Server connection - model.nation.dutch]
May 13, 2017 5:01:15 AM net.sf.freecol.server.networking.Server sendToAll
INFO: Reap dead connection: [DummyConnection Server connection - model.nation.inca]
May 13, 2017 5:01:15 AM net.sf.freecol.server.networking.Server sendToAll
INFO: Reap dead connection: [DummyConnection Server connection - model.nation.cherokee]
May 13, 2017 5:01:15 AM net.sf.freecol.server.networking.Server sendToAll
INFO: Reap dead connection: [DummyConnection Server connection - model.nation.french]
May 13, 2017 5:01:15 AM net.sf.freecol.server.networking.Server sendToAll
INFO: Reap dead connection: [DummyConnection Server connection - model.nation.spanish]
May 13, 2017 5:01:15 AM net.sf.freecol.server.networking.Server sendToAll
INFO: Reap dead connection: [DummyConnection Server connection - model.nation.sioux]
May 13, 2017 5:01:15 AM net.sf.freecol.server.networking.Server sendToAll
INFO: Reap dead connection: [DummyConnection Server connection - model.nation.iroquois]
May 13, 2017 5:01:15 AM net.sf.freecol.server.networking.Server sendToAll
INFO: Reap dead connection: [DummyConnection Server connection - model.nation.apache]
May 13, 2017 5:01:15 AM net.sf.freecol.server.networking.Server sendToAll
INFO: Reap dead connection: [DummyConnection Server connection - model.nation.arawak]
May 13, 2017 5:01:15 AM net.sf.freecol.server.networking.Server sendToAll
INFO: Reap dead connection: [DummyConnection Server connection - model.nation.english]
May 13, 2017 5:01:15 AM net.sf.freecol.server.networking.Server sendToAll
INFO: Reap dead connection: [DummyConnection Server connection - model.nation.aztec]
May 13, 2017 5:01:15 AM net.sf.freecol.common.FreeColSeed getFreeColSeed
INFO: Using seed: 8990493484512084035
May 13, 2017 5:01:15 AM net.sf.freecol.server.FreeColServer readGame
INFO: Found savegame version 13
May 13, 2017 5:01:15 AM net.sf.freecol.common.model.Game readChild
INFO: Loading specification.
May 13, 2017 5:01:15 AM net.sf.freecol.common.model.Specification checkDifficultyOptionGroup
INFO: Check group model.difficulty.immigration
May 13, 2017 5:01:15 AM net.sf.freecol.common.model.Specification checkDifficultyOptionGroup
INFO: Check group model.difficulty.natives
May 13, 2017 5:01:15 AM net.sf.freecol.common.model.Specification checkDifficultyOptionGroup
INFO: Check group model.difficulty.monarch
May 13, 2017 5:01:15 AM net.sf.freecol.common.model.Specification checkDifficultyOptionGroup
INFO: Check group model.difficulty.government
May 13, 2017 5:01:15 AM net.sf.freecol.common.model.Specification checkDifficultyOptionGroup
INFO: Check group model.difficulty.other
May 13, 2017 5:01:15 AM net.sf.freecol.common.model.Specification checkDifficultyOptionGroup
INFO: Check group model.difficulty.cheat
May 13, 2017 5:01:15 AM net.sf.freecol.common.model.Specification applyDifficultyLevel
INFO: Applying difficulty level model.difficulty.medium
May 13, 2017 5:01:15 AM net.sf.freecol.common.model.Specification clean
INFO: Specification clean following load from stream complete, starting year=1492, season year=1600, ages=[1,109,309], seasons=2, 253 FreeColGameObjectTypes, 79 Abilities, 41 BuildingTypes, 14 Disasters, 9 EuropeanNationTypes, 2 Events, 25 FoundingFathers, 21 GoodsTypes, 8 IndianNationTypes, 59 Modifiers, 25 Nations, 161 Options, 23 Option Groups, 12 ResourceTypes, 11 Roles, 23 TileTypes, 6 TileImprovementTypes, 42 UnitTypes read.
May 13, 2017 5:01:15 AM net.sf.freecol.server.FreeColServer loadGame
INFO: Game integrity test succeeded.
May 13, 2017 5:01:15 AM net.sf.freecol.server.FreeColServer loadGame
INFO: AI integrity test succeeded
May 13, 2017 5:01:15 AM net.sf.freecol.common.FreeColSeed getFreeColSeed
INFO: Using seed: 7078332758161099866
May 13, 2017 5:01:15 AM net.sf.freecol.common.model.LandMap <init>
INFO: Using land generator model.option.landGeneratorType.classic
May 13, 2017 5:01:15 AM net.sf.freecol.common.util.LogBuilder log
INFO: Destroying: tileImprovement:4275
May 13, 2017 5:01:15 AM net.sf.freecol.common.util.LogBuilder log
INFO: Destroying: tileImprovement:4277
May 13, 2017 5:01:15 AM net.sf.freecol.common.util.LogBuilder log
INFO: Destroying: tileImprovement:4273
May 13, 2017 5:01:15 AM net.sf.freecol.common.util.LogBuilder log
INFO: Destroying: tileImprovement:4281
May 13, 2017 5:01:15 AM net.sf.freecol.common.util.LogBuilder log
INFO: Destroying: tileImprovement:4282
May 13, 2017 5:01:15 AM net.sf.freecol.common.util.LogBuilder log
INFO: Destroying: tileImprovement:4324
May 13, 2017 5:01:15 AM net.sf.freecol.common.util.LogBuilder log
INFO: Destroying: tileImprovement:4326
May 13, 2017 5:01:15 AM net.sf.freecol.common.util.LogBuilder log
INFO: Destroying: tileImprovement:4328
May 13, 2017 5:01:15 AM net.sf.freecol.common.util.LogBuilder log
INFO: Destroying: tileImprovement:4330
May 13, 2017 5:01:15 AM net.sf.freecol.common.util.LogBuilder log
INFO: Destroying: tileImprovement:4332
May 13, 2017 5:01:15 AM net.sf.freecol.common.util.LogBuilder log
INFO: Destroying: tileImprovement:4334
May 13, 2017 5:01:15 AM net.sf.freecol.common.util.LogBuilder log
INFO: Destroying: tileImprovement:4336
May 13, 2017 5:01:15 AM net.sf.freecol.common.util.LogBuilder log
INFO: Destroying: tileImprovement:4338
May 13, 2017 5:01:15 AM net.sf.freecol.common.util.LogBuilder log
INFO: Destroying: tileImprovement:4340
May 13, 2017 5:01:15 AM net.sf.freecol.common.util.LogBuilder log
INFO: Destroying: tileImprovement:4342
May 13, 2017 5:01:15 AM net.sf.freecol.common.util.LogBuilder log
INFO: Destroying: tileImprovement:4344
May 13, 2017 5:01:15 AM net.sf.freecol.common.util.LogBuilder log
INFO: Destroying: tileImprovement:4346
May 13, 2017 5:01:15 AM net.sf.freecol.common.util.LogBuilder log
INFO: Destroying: tileImprovement:4424
May 13, 2017 5:01:15 AM net.sf.freecol.common.util.LogBuilder log
INFO: Destroying: tileImprovement:4426
May 13, 2017 5:01:15 AM net.sf.freecol.common.util.LogBuilder log
INFO: Destroying: tileImprovement:4408
May 13, 2017 5:01:15 AM net.sf.freecol.common.util.LogBuilder log
INFO: Destroying: tileImprovement:4409
May 13, 2017 5:01:15 AM net.sf.freecol.common.util.LogBuilder log
INFO: Destroying: tileImprovement:4410
May 13, 2017 5:01:15 AM net.sf.freecol.common.util.LogBuilder log
INFO: Destroying: tileImprovement:4411
May 13, 2017 5:01:15 AM net.sf.freecol.common.util.LogBuilder log
INFO: Destroying: tileImprovement:4412
May 13, 2017 5:01:15 AM net.sf.freecol.common.util.LogBuilder log
INFO: Destroying: tileImprovement:4413
May 13, 2017 5:01:15 AM net.sf.freecol.common.util.LogBuilder log
INFO: Destroying: tileImprovement:4414
May 13, 2017 5:01:15 AM net.sf.freecol.common.util.LogBuilder log
INFO: Destroying: tileImprovement:4415
May 13, 2017 5:01:15 AM net.sf.freecol.common.util.LogBuilder log
INFO: Destroying: tileImprovement:4416
May 13, 2017 5:01:15 AM net.sf.freecol.common.util.LogBuilder log
INFO: Destroying: tileImprovement:4417
May 13, 2017 5:01:15 AM net.sf.freecol.common.util.LogBuilder log
INFO: Destroying: tileImprovement:4418
May 13, 2017 5:01:15 AM net.sf.freecol.common.util.LogBuilder log
INFO: Destroying: tileImprovement:4419
May 13, 2017 5:01:15 AM net.sf.freecol.common.util.LogBuilder log
INFO: Destroying: tileImprovement:4420
May 13, 2017 5:01:15 AM net.sf.freecol.common.util.LogBuilder log
INFO: Destroying: tileImprovement:4422
May 13, 2017 5:01:15 AM net.sf.freecol.common.util.LogBuilder log
INFO: Destroying: tileImprovement:4431
May 13, 2017 5:01:15 AM net.sf.freecol.common.util.LogBuilder log
INFO: Destroying: tileImprovement:4432
May 13, 2017 5:01:15 AM net.sf.freecol.common.util.LogBuilder log
INFO: Destroying: tileImprovement:4455
May 13, 2017 5:01:15 AM net.sf.freecol.common.util.LogBuilder log
INFO: Destroying: tileImprovement:4457
May 13, 2017 5:01:15 AM net.sf.freecol.common.util.LogBuilder log
INFO: Destroying: tileImprovement:4459
May 13, 2017 5:01:15 AM net.sf.freecol.common.util.LogBuilder log
INFO: Destroying: tileImprovement:4461
May 13, 2017 5:01:15 AM net.sf.freecol.common.util.LogBuilder log
INFO: Destroying: tileImprovement:4463
May 13, 2017 5:01:15 AM net.sf.freecol.common.util.LogBuilder log
INFO: Destroying: tileImprovement:4453
May 13, 2017 5:01:15 AM net.sf.freecol.common.util.LogBuilder log
INFO: Destroying: tileImprovement:4454
May 13, 2017 5:01:15 AM net.sf.freecol.common.util.LogBuilder log
INFO: Destroying: tileImprovement:4445
May 13, 2017 5:01:15 AM net.sf.freecol.common.util.LogBuilder log
INFO: Destroying: tileImprovement:4447
May 13, 2017 5:01:15 AM net.sf.freecol.common.util.LogBuilder log
INFO: Destroying: tileImprovement:4308
May 13, 2017 5:01:15 AM net.sf.freecol.common.util.LogBuilder log
INFO: Destroying: tileImprovement:4310
May 13, 2017 5:01:15 AM net.sf.freecol.common.util.LogBuilder log
INFO: Destroying: tileImprovement:4312
May 13, 2017 5:01:15 AM net.sf.freecol.common.util.LogBuilder log
INFO: Destroying: tileImprovement:4314
May 13, 2017 5:01:15 AM net.sf.freecol.common.util.LogBuilder log
INFO: Destroying: tileImprovement:4316
May 13, 2017 5:01:15 AM net.sf.freecol.common.util.LogBuilder log
INFO: Destroying: tileImprovement:4318
May 13, 2017 5:01:15 AM net.sf.freecol.common.util.LogBuilder log
INFO: Destroying: tileImprovement:4355
May 13, 2017 5:01:15 AM net.sf.freecol.common.util.LogBuilder log
INFO: Destroying: tileImprovement:4357
May 13, 2017 5:01:15 AM net.sf.freecol.common.util.LogBuilder log
INFO: Destroying: tileImprovement:4359
May 13, 2017 5:01:15 AM net.sf.freecol.common.util.LogBuilder log
INFO: Destroying: tileImprovement:4361
May 13, 2017 5:01:15 AM net.sf.freecol.common.util.LogBuilder log
INFO: Destroying: tileImprovement:4363
May 13, 2017 5:01:15 AM net.sf.freecol.common.util.LogBuilder log
INFO: Destroying: tileImprovement:4365
May 13, 2017 5:01:15 AM net.sf.freecol.common.util.LogBuilder log
INFO: Destroying: tileImprovement:4349
May 13, 2017 5:01:15 AM net.sf.freecol.common.util.LogBuilder log
INFO: Destroying: tileImprovement:4471
May 13, 2017 5:01:15 AM net.sf.freecol.common.util.LogBuilder log
INFO: Destroying: tileImprovement:4473
May 13, 2017 5:01:15 AM net.sf.freecol.common.util.LogBuilder log
INFO: Destroying: tileImprovement:4475
May 13, 2017 5:01:15 AM net.sf.freecol.common.util.LogBuilder log
INFO: Destroying: tileImprovement:4477
May 13, 2017 5:01:15 AM net.sf.freecol.common.util.LogBuilder log
INFO: Destroying: tileImprovement:4479
May 13, 2017 5:01:15 AM net.sf.freecol.common.util.LogBuilder log
INFO: Destroying: tileImprovement:4469
May 13, 2017 5:01:15 AM net.sf.freecol.common.util.LogBuilder log
INFO: Destroying: tileImprovement:4379
May 13, 2017 5:01:16 AM net.sf.freecol.common.util.LogBuilder log
INFO: Destroying: tileImprovement:4381
May 13, 2017 5:01:16 AM net.sf.freecol.common.util.LogBuilder log
INFO: Destroying: tileImprovement:4383
May 13, 2017 5:01:16 AM net.sf.freecol.common.util.LogBuilder log
INFO: Destroying: tileImprovement:4373
May 13, 2017 5:01:16 AM net.sf.freecol.common.util.LogBuilder log
INFO: Destroying: tileImprovement:4375
May 13, 2017 5:01:16 AM net.sf.freecol.common.util.LogBuilder log
INFO: Destroying: tileImprovement:4377
May 13, 2017 5:01:16 AM net.sf.freecol.common.util.LogBuilder log
INFO: Destroying: tileImprovement:4580
May 13, 2017 5:01:16 AM net.sf.freecol.common.util.LogBuilder log
INFO: Destroying: tileImprovement:4581
May 13, 2017 5:01:16 AM net.sf.freecol.common.util.LogBuilder log
INFO: Destroying: tileImprovement:4582
May 13, 2017 5:01:16 AM net.sf.freecol.common.util.LogBuilder log
INFO: Destroying: tileImprovement:4583
May 13, 2017 5:01:16 AM net.sf.freecol.common.util.LogBuilder log
INFO: Destroying: tileImprovement:4585
May 13, 2017 5:01:16 AM net.sf.freecol.common.util.LogBuilder log
INFO: Destroying: tileImprovement:4587
May 13, 2017 5:01:16 AM net.sf.freecol.common.util.LogBuilder log
INFO: Destroying: tileImprovement:4613
May 13, 2017 5:01:16 AM net.sf.freecol.common.util.LogBuilder log
INFO: Destroying: tileImprovement:4615
May 13, 2017 5:01:16 AM net.sf.freecol.common.util.LogBuilder log
INFO: Destroying: tileImprovement:4617
May 13, 2017 5:01:16 AM net.sf.freecol.common.util.LogBuilder log
INFO: Destroying: tileImprovement:4619
May 13, 2017 5:01:16 AM net.sf.freecol.common.util.LogBuilder log
INFO: Destroying: tileImprovement:4621
May 13, 2017 5:01:16 AM net.sf.freecol.common.util.LogBuilder log
INFO: Destroying: tileImprovement:4623
May 13, 2017 5:01:16 AM net.sf.freecol.common.util.LogBuilder log
INFO: Destroying: tileImprovement:4625
May 13, 2017 5:01:16 AM net.sf.freecol.common.util.LogBuilder log
INFO: Destroying: tileImprovement:4627
May 13, 2017 5:01:16 AM net.sf.freecol.common.util.LogBuilder log
INFO: Destroying: tileImprovement:4629
May 13, 2017 5:01:16 AM net.sf.freecol.common.util.LogBuilder log
INFO: Destroying: tileImprovement:4371
May 13, 2017 5:01:16 AM net.sf.freecol.common.util.LogBuilder log
INFO: Destroying: tileImprovement:4591
May 13, 2017 5:01:16 AM net.sf.freecol.common.util.LogBuilder log
INFO: Destroying: tileImprovement:4592
May 13, 2017 5:01:16 AM net.sf.freecol.common.util.LogBuilder log
INFO: Destroying: tileImprovement:4593
May 13, 2017 5:01:16 AM net.sf.freecol.common.util.LogBuilder log
INFO: Destroying: tileImprovement:4391
May 13, 2017 5:01:16 AM net.sf.freecol.common.util.LogBuilder log
INFO: Destroying: tileImprovement:4393
May 13, 2017 5:01:16 AM net.sf.freecol.common.util.LogBuilder log
INFO: Destroying: tileImprovement:4395
May 13, 2017 5:01:16 AM net.sf.freecol.common.util.LogBuilder log
INFO: Destroying: tileImprovement:4397
May 13, 2017 5:01:16 AM net.sf.freecol.common.util.LogBuilder log
INFO: Destroying: tileImprovement:4399
May 13, 2017 5:01:16 AM net.sf.freecol.common.util.LogBuilder log
INFO: Destroying: tileImprovement:4401
May 13, 2017 5:01:16 AM net.sf.freecol.common.util.LogBuilder log
INFO: Destroying: tileImprovement:4403
May 13, 2017 5:01:16 AM net.sf.freecol.common.util.LogBuilder log
INFO: Destroying: tileImprovement:4405
May 13, 2017 5:01:16 AM net.sf.freecol.common.util.LogBuilder log
INFO: Destroying: tileImprovement:4386
May 13, 2017 5:01:16 AM net.sf.freecol.common.util.LogBuilder log
INFO: Destroying: tileImprovement:4652
May 13, 2017 5:01:16 AM net.sf.freecol.common.util.LogBuilder log
INFO: Destroying: tileImprovement:4653
May 13, 2017 5:01:16 AM net.sf.freecol.common.util.LogBuilder log
INFO: Destroying: tileImprovement:4654
May 13, 2017 5:01:16 AM net.sf.freecol.common.util.LogBuilder log
INFO: Destroying: tileImprovement:4655
May 13, 2017 5:01:16 AM net.sf.freecol.common.util.LogBuilder log
INFO: Destroying: tileImprovement:4296
May 13, 2017 5:01:16 AM net.sf.freecol.common.util.LogBuilder log
INFO: Destroying: tileImprovement:4298
May 13, 2017 5:01:16 AM net.sf.freecol.common.util.LogBuilder log
INFO: Destroying: tileImprovement:4300
May 13, 2017 5:01:16 AM net.sf.freecol.common.util.LogBuilder log
INFO: Destroying: tileImprovement:4302
May 13, 2017 5:01:16 AM net.sf.freecol.common.util.LogBuilder log
INFO: Destroying: tileImprovement:4304
May 13, 2017 5:01:16 AM net.sf.freecol.common.util.LogBuilder log
INFO: Destroying: tileImprovement:4306
May 13, 2017 5:01:16 AM net.sf.freecol.common.util.LogBuilder log
INFO: Destroying: tileImprovement:4524
May 13, 2017 5:01:16 AM net.sf.freecol.common.util.LogBuilder log
INFO: Destroying: tileImprovement:4525
May 13, 2017 5:01:16 AM net.sf.freecol.common.util.LogBuilder log
INFO: Destroying: tileImprovement:4526
May 13, 2017 5:01:16 AM net.sf.freecol.common.util.LogBuilder log
INFO: Destroying: tileImprovement:4527
May 13, 2017 5:01:16 AM net.sf.freecol.common.util.LogBuilder log
INFO: Destroying: tileImprovement:4528
May 13, 2017 5:01:16 AM net.sf.freecol.common.util.LogBuilder log
INFO: Destroying: tileImprovement:4529
May 13, 2017 5:01:16 AM net.sf.freecol.common.util.LogBuilder log
INFO: Destroying: tileImprovement:4594
May 13, 2017 5:01:16 AM net.sf.freecol.common.util.LogBuilder log
INFO: Destroying: tileImprovement:4596
May 13, 2017 5:01:16 AM net.sf.freecol.common.util.LogBuilder log
INFO: Destroying: tileImprovement:4635
May 13, 2017 5:01:16 AM net.sf.freecol.common.util.LogBuilder log
INFO: Destroying: tileImprovement:4637
May 13, 2017 5:01:16 AM net.sf.freecol.common.util.LogBuilder log
INFO: Destroying: tileImprovement:4639
May 13, 2017 5:01:16 AM net.sf.freecol.common.util.LogBuilder log
INFO: Destroying: tileImprovement:4641
May 13, 2017 5:01:16 AM net.sf.freecol.common.util.LogBuilder log
INFO: Destroying: tileImprovement:4643
May 13, 2017 5:01:16 AM net.sf.freecol.common.util.LogBuilder log
INFO: Destroying: tileImprovement:4546
May 13, 2017 5:01:16 AM net.sf.freecol.common.util.LogBuilder log
INFO: Destroying: tileImprovement:4548
May 13, 2017 5:01:16 AM net.sf.freecol.common.util.LogBuilder log
INFO: Destroying: tileImprovement:4550
May 13, 2017 5:01:16 AM net.sf.freecol.common.util.LogBuilder log
INFO: Destroying: tileImprovement:4552
May 13, 2017 5:01:16 AM net.sf.freecol.common.util.LogBuilder log
INFO: Destroying: tileImprovement:4554
May 13, 2017 5:01:16 AM net.sf.freecol.common.util.LogBuilder log
INFO: Destroying: tileImprovement:4556
May 13, 2017 5:01:16 AM net.sf.freecol.common.util.LogBuilder log
INFO: Destroying: tileImprovement:4558
May 13, 2017 5:01:16 AM net.sf.freecol.common.util.LogBuilder log
INFO: Destroying: tileImprovement:4560
May 13, 2017 5:01:16 AM net.sf.freecol.common.util.LogBuilder log
INFO: Destroying: tileImprovement:4539
May 13, 2017 5:01:16 AM net.sf.freecol.common.util.LogBuilder log
INFO: Destroying: tileImprovement:4540
May 13, 2017 5:01:16 AM net.sf.freecol.common.util.LogBuilder log
INFO: Destroying: tileImprovement:4541
May 13, 2017 5:01:16 AM net.sf.freecol.common.util.LogBuilder log
INFO: Destroying: tileImprovement:4542
May 13, 2017 5:01:16 AM net.sf.freecol.common.util.LogBuilder log
INFO: Destroying: tileImprovement:4543
May 13, 2017 5:01:16 AM net.sf.freecol.common.util.LogBuilder log
INFO: Destroying: tileImprovement:4544
May 13, 2017 5:01:16 AM net.sf.freecol.common.util.LogBuilder log
INFO: Destroying: tileImprovement:4545
May 13, 2017 5:01:16 AM net.sf.freecol.common.util.LogBuilder log
INFO: Destroying: tileImprovement:4664
May 13, 2017 5:01:16 AM net.sf.freecol.common.util.LogBuilder log
INFO: Destroying: tileImprovement:4666
May 13, 2017 5:01:16 AM net.sf.freecol.common.util.LogBuilder log
INFO: Destroying: tileImprovement:4668
May 13, 2017 5:01:16 AM net.sf.freecol.common.util.LogBuilder log
INFO: Destroying: tileImprovement:4670
May 13, 2017 5:01:16 AM net.sf.freecol.common.util.LogBuilder log
INFO: Destroying: tileImprovement:4672
May 13, 2017 5:01:16 AM net.sf.freecol.common.util.LogBuilder log
INFO: Destroying: tileImprovement:4674
May 13, 2017 5:01:16 AM net.sf.freecol.common.util.LogBuilder log
INFO: Destroying: tileImprovement:4663
May 13, 2017 5:01:16 AM net.sf.freecol.common.util.LogBuilder log
INFO: Destroying: tileImprovement:4647
May 13, 2017 5:01:16 AM net.sf.freecol.common.util.LogBuilder log
INFO: Destroying: tileImprovement:4648
May 13, 2017 5:01:16 AM net.sf.freecol.common.util.LogBuilder log
INFO: Destroying: tileImprovement:4649
May 13, 2017 5:01:16 AM net.sf.freecol.common.util.LogBuilder log
INFO: Destroying: tileImprovement:4650
May 13, 2017 5:01:16 AM net.sf.freecol.common.util.LogBuilder log
INFO: Destroying: tileImprovement:4651
May 13, 2017 5:01:16 AM net.sf.freecol.common.util.LogBuilder log
INFO: Destroying: tileImprovement:4826
May 13, 2017 5:01:16 AM net.sf.freecol.common.util.LogBuilder log
INFO: Destroying: tileImprovement:4827
May 13, 2017 5:01:16 AM net.sf.freecol.common.util.LogBuilder log
INFO: Destroying: tileImprovement:4828
May 13, 2017 5:01:16 AM net.sf.freecol.common.util.LogBuilder log
INFO: Destroying: tileImprovement:4829
May 13, 2017 5:01:16 AM net.sf.freecol.common.util.LogBuilder log
INFO: Destroying: tileImprovement:4830
May 13, 2017 5:01:16 AM net.sf.freecol.common.util.LogBuilder log
INFO: Destroying: tileImprovement:4717
May 13, 2017 5:01:16 AM net.sf.freecol.common.util.LogBuilder log
INFO: Destroying: tileImprovement:4718
May 13, 2017 5:01:16 AM net.sf.freecol.common.util.LogBuilder log
INFO: Destroying: tileImprovement:4719
May 13, 2017 5:01:16 AM net.sf.freecol.common.util.LogBuilder log
INFO: Destroying: tileImprovement:4720
May 13, 2017 5:01:16 AM net.sf.freecol.common.util.LogBuilder log
INFO: Destroying: tileImprovement:4721
May 13, 2017 5:01:16 AM net.sf.freecol.common.util.LogBuilder log
INFO: Destroying: tileImprovement:4722
May 13, 2017 5:01:16 AM net.sf.freecol.common.util.LogBuilder log
INFO: Destroying: tileImprovement:4387
May 13, 2017 5:01:16 AM net.sf.freecol.common.util.LogBuilder log
INFO: Destroying: tileImprovement:4389
May 13, 2017 5:01:16 AM net.sf.freecol.common.util.LogBuilder log
INFO: Destroying: tileImprovement:4715
May 13, 2017 5:01:16 AM net.sf.freecol.common.util.LogBuilder log
INFO: Destroying: tileImprovement:4716
May 13, 2017 5:01:16 AM net.sf.freecol.common.util.LogBuilder log
INFO: Destroying: tileImprovement:4783
May 13, 2017 5:01:16 AM net.sf.freecol.common.util.LogBuilder log
INFO: Destroying: tileImprovement:4784
May 13, 2017 5:01:16 AM net.sf.freecol.common.util.LogBuilder log
INFO: Destroying: tileImprovement:4785
May 13, 2017 5:01:16 AM net.sf.freecol.common.util.LogBuilder log
INFO: Destroying: tileImprovement:4786
May 13, 2017 5:01:16 AM net.sf.freecol.common.util.LogBuilder log
INFO: Destroying: tileImprovement:4787
May 13, 2017 5:01:16 AM net.sf.freecol.common.util.LogBuilder log
INFO: Destroying: tileImprovement:4788
May 13, 2017 5:01:16 AM net.sf.freecol.server.networking.Server sendToAll
INFO: Reap dead connection: [DummyConnection Server connection - model.nation.english]
May 13, 2017 5:01:16 AM net.sf.freecol.server.networking.Server sendToAll
INFO: Reap dead connection: [DummyConnection Server connection - model.nation.sioux]
May 13, 2017 5:01:16 AM net.sf.freecol.server.networking.Server sendToAll
INFO: Reap dead connection: [DummyConnection Server connection - model.nation.arawak]
May 13, 2017 5:01:16 AM net.sf.freecol.server.networking.Server sendToAll
INFO: Reap dead connection: [DummyConnection Server connection - model.nation.inca]
May 13, 2017 5:01:16 AM net.sf.freecol.server.networking.Server sendToAll
INFO: Reap dead connection: [DummyConnection Server connection - model.nation.apache]
May 13, 2017 5:01:16 AM net.sf.freecol.server.networking.Server sendToAll
INFO: Reap dead connection: [DummyConnection Server connection - model.nation.aztec]
May 13, 2017 5:01:16 AM net.sf.freecol.server.networking.Server sendToAll
INFO: Reap dead connection: [DummyConnection Server connection - model.nation.iroquois]
May 13, 2017 5:01:16 AM net.sf.freecol.server.networking.Server sendToAll
INFO: Reap dead connection: [DummyConnection Server connection - model.nation.cherokee]
May 13, 2017 5:01:16 AM net.sf.freecol.server.networking.Server sendToAll
INFO: Reap dead connection: [DummyConnection Server connection - model.nation.tupi]
May 13, 2017 5:01:16 AM net.sf.freecol.server.networking.Server sendToAll
INFO: Reap dead connection: [DummyConnection Server connection - model.nation.dutch]
May 13, 2017 5:01:16 AM net.sf.freecol.server.networking.Server sendToAll
INFO: Reap dead connection: [DummyConnection Server connection - model.nation.spanish]
May 13, 2017 5:01:16 AM net.sf.freecol.server.networking.Server sendToAll
INFO: Reap dead connection: [DummyConnection Server connection - model.nation.french]
May 13, 2017 5:01:16 AM net.sf.freecol.server.FreeColServer readGame
INFO: Found savegame version 13
May 13, 2017 5:01:16 AM net.sf.freecol.common.model.Game readChild
INFO: Loading specification.
May 13, 2017 5:01:16 AM net.sf.freecol.common.model.Specification checkDifficultyOptionGroup
INFO: Check group model.difficulty.immigration
May 13, 2017 5:01:16 AM net.sf.freecol.common.model.Specification checkDifficultyOptionGroup
INFO: Check group model.difficulty.natives
May 13, 2017 5:01:16 AM net.sf.freecol.common.model.Specification checkDifficultyOptionGroup
INFO: Check group model.difficulty.monarch
May 13, 2017 5:01:16 AM net.sf.freecol.common.model.Specification checkDifficultyOptionGroup
INFO: Check group model.difficulty.government
May 13, 2017 5:01:16 AM net.sf.freecol.common.model.Specification checkDifficultyOptionGroup
INFO: Check group model.difficulty.other
May 13, 2017 5:01:16 AM net.sf.freecol.common.model.Specification checkDifficultyOptionGroup
INFO: Check group model.difficulty.cheat
May 13, 2017 5:01:16 AM net.sf.freecol.common.model.Specification applyDifficultyLevel
INFO: Applying difficulty level model.difficulty.medium
May 13, 2017 5:01:16 AM net.sf.freecol.common.model.Specification clean
INFO: Specification clean following load from stream complete, starting year=1492, season year=1600, ages=[1,109,309], seasons=2, 253 FreeColGameObjectTypes, 79 Abilities, 41 BuildingTypes, 14 Disasters, 9 EuropeanNationTypes, 2 Events, 25 FoundingFathers, 21 GoodsTypes, 8 IndianNationTypes, 59 Modifiers, 25 Nations, 161 Options, 23 Option Groups, 12 ResourceTypes, 11 Roles, 23 TileTypes, 6 TileImprovementTypes, 42 UnitTypes read.
May 13, 2017 5:01:16 AM net.sf.freecol.server.FreeColServer loadGame
INFO: Game integrity test succeeded.
May 13, 2017 5:01:16 AM net.sf.freecol.server.FreeColServer loadGame
INFO: AI integrity test succeeded
May 13, 2017 5:01:16 AM net.sf.freecol.common.FreeColSeed getFreeColSeed
INFO: Using seed: -1489722101022515439
May 13, 2017 5:01:16 AM net.sf.freecol.common.model.LandMap <init>
INFO: Using land generator model.option.landGeneratorType.classic
May 13, 2017 5:01:16 AM net.sf.freecol.common.util.LogBuilder log
INFO: Destroying: tileImprovement:4273
May 13, 2017 5:01:16 AM net.sf.freecol.common.util.LogBuilder log
INFO: Destroying: tileImprovement:4275
May 13, 2017 5:01:16 AM net.sf.freecol.common.util.LogBuilder log
INFO: Destroying: tileImprovement:4277
May 13, 2017 5:01:16 AM net.sf.freecol.common.util.LogBuilder log
INFO: Destroying: tileImprovement:4279
May 13, 2017 5:01:16 AM net.sf.freecol.common.util.LogBuilder log
INFO: Destroying: tileImprovement:4281
May 13, 2017 5:01:16 AM net.sf.freecol.common.util.LogBuilder log
INFO: Destroying: tileImprovement:4283
May 13, 2017 5:01:16 AM net.sf.freecol.common.util.LogBuilder log
INFO: Destroying: tileImprovement:4285
May 13, 2017 5:01:16 AM net.sf.freecol.common.util.LogBuilder log
INFO: Destroying: tileImprovement:4287
May 13, 2017 5:01:16 AM net.sf.freecol.common.util.LogBuilder log
INFO: Destroying: tileImprovement:4289
May 13, 2017 5:01:16 AM net.sf.freecol.common.util.LogBuilder log
INFO: Destroying: tileImprovement:4291
May 13, 2017 5:01:16 AM net.sf.freecol.common.util.LogBuilder log
INFO: Destroying: tileImprovement:4309
May 13, 2017 5:01:16 AM net.sf.freecol.common.util.LogBuilder log
INFO: Destroying: tileImprovement:4310
May 13, 2017 5:01:16 AM net.sf.freecol.common.util.LogBuilder log
INFO: Destroying: tileImprovement:4311
May 13, 2017 5:01:16 AM net.sf.freecol.common.util.LogBuilder log
INFO: Destroying: tileImprovement:4312
May 13, 2017 5:01:16 AM net.sf.freecol.common.util.LogBuilder log
INFO: Destroying: tileImprovement:4313
May 13, 2017 5:01:16 AM net.sf.freecol.common.util.LogBuilder log
INFO: Destroying: tileImprovement:4314
May 13, 2017 5:01:16 AM net.sf.freecol.common.util.LogBuilder log
INFO: Destroying: tileImprovement:4315
May 13, 2017 5:01:16 AM net.sf.freecol.common.util.LogBuilder log
INFO: Destroying: tileImprovement:4316
May 13, 2017 5:01:16 AM net.sf.freecol.common.util.LogBuilder log
INFO: Destroying: tileImprovement:4317
May 13, 2017 5:01:16 AM net.sf.freecol.common.util.LogBuilder log
INFO: Destroying: tileImprovement:4318
May 13, 2017 5:01:16 AM net.sf.freecol.common.util.LogBuilder log
INFO: Destroying: tileImprovement:4299
May 13, 2017 5:01:16 AM net.sf.freecol.common.util.LogBuilder log
INFO: Destroying: tileImprovement:4301
May 13, 2017 5:01:16 AM net.sf.freecol.common.util.LogBuilder log
INFO: Destroying: tileImprovement:4303
May 13, 2017 5:01:16 AM net.sf.freecol.common.util.LogBuilder log
INFO: Destroying: tileImprovement:4305
May 13, 2017 5:01:16 AM net.sf.freecol.common.util.LogBuilder log
INFO: Destroying: tileImprovement:4297
May 13, 2017 5:01:16 AM net.sf.freecol.common.util.LogBuilder log
INFO: Destroying: tileImprovement:4325
May 13, 2017 5:01:16 AM net.sf.freecol.common.util.LogBuilder log
INFO: Destroying: tileImprovement:4327
May 13, 2017 5:01:16 AM net.sf.freecol.common.util.LogBuilder log
INFO: Destroying: tileImprovement:4329
May 13, 2017 5:01:16 AM net.sf.freecol.common.util.LogBuilder log
INFO: Destroying: tileImprovement:4331
May 13, 2017 5:01:16 AM net.sf.freecol.common.util.LogBuilder log
INFO: Destroying: tileImprovement:4441
May 13, 2017 5:01:16 AM net.sf.freecol.common.util.LogBuilder log
INFO: Destroying: tileImprovement:4443
May 13, 2017 5:01:16 AM net.sf.freecol.common.util.LogBuilder log
INFO: Destroying: tileImprovement:4445
May 13, 2017 5:01:16 AM net.sf.freecol.common.util.LogBuilder log
INFO: Destroying: tileImprovement:4447
May 13, 2017 5:01:16 AM net.sf.freecol.common.util.LogBuilder log
INFO: Destroying: tileImprovement:4449
May 13, 2017 5:01:16 AM net.sf.freecol.common.util.LogBuilder log
INFO: Destroying: tileImprovement:4451
May 13, 2017 5:01:16 AM net.sf.freecol.common.util.LogBuilder log
INFO: Destroying: tileImprovement:4453
May 13, 2017 5:01:16 AM net.sf.freecol.common.util.LogBuilder log
INFO: Destroying: tileImprovement:4455
May 13, 2017 5:01:16 AM net.sf.freecol.common.util.LogBuilder log
INFO: Destroying: tileImprovement:4457
May 13, 2017 5:01:16 AM net.sf.freecol.common.util.LogBuilder log
INFO: Destroying: tileImprovement:4459
May 13, 2017 5:01:16 AM net.sf.freecol.common.util.LogBuilder log
INFO: Destroying: tileImprovement:4461
May 13, 2017 5:01:16 AM net.sf.freecol.common.util.LogBuilder log
INFO: Destroying: tileImprovement:4463
May 13, 2017 5:01:16 AM net.sf.freecol.common.util.LogBuilder log
INFO: Destroying: tileImprovement:4465
May 13, 2017 5:01:16 AM net.sf.freecol.common.util.LogBuilder log
INFO: Destroying: tileImprovement:4371
May 13, 2017 5:01:16 AM net.sf.freecol.common.util.LogBuilder log
INFO: Destroying: tileImprovement:4373
May 13, 2017 5:01:16 AM net.sf.freecol.common.util.LogBuilder log
INFO: Destroying: tileImprovement:4375
May 13, 2017 5:01:16 AM net.sf.freecol.common.util.LogBuilder log
INFO: Destroying: tileImprovement:4377
May 13, 2017 5:01:16 AM net.sf.freecol.common.util.LogBuilder log
INFO: Destroying: tileImprovement:4379
May 13, 2017 5:01:16 AM net.sf.freecol.common.util.LogBuilder log
INFO: Destroying: tileImprovement:4381
May 13, 2017 5:01:16 AM net.sf.freecol.common.util.LogBuilder log
INFO: Destroying: tileImprovement:4383
May 13, 2017 5:01:16 AM net.sf.freecol.common.util.LogBuilder log
INFO: Destroying: tileImprovement:4385
May 13, 2017 5:01:16 AM net.sf.freecol.common.util.LogBuilder log
INFO: Destroying: tileImprovement:4387
May 13, 2017 5:01:16 AM net.sf.freecol.common.util.LogBuilder log
INFO: Destroying: tileImprovement:4389
May 13, 2017 5:01:16 AM net.sf.freecol.common.util.LogBuilder log
INFO: Destroying: tileImprovement:4391
May 13, 2017 5:01:16 AM net.sf.freecol.common.util.LogBuilder log
INFO: Destroying: tileImprovement:4393
May 13, 2017 5:01:16 AM net.sf.freecol.common.util.LogBuilder log
INFO: Destroying: tileImprovement:4395
May 13, 2017 5:01:16 AM net.sf.freecol.common.util.LogBuilder log
INFO: Destroying: tileImprovement:4397
May 13, 2017 5:01:16 AM net.sf.freecol.common.util.LogBuilder log
INFO: Destroying: tileImprovement:4399
May 13, 2017 5:01:16 AM net.sf.freecol.common.util.LogBuilder log
INFO: Destroying: tileImprovement:4355
May 13, 2017 5:01:16 AM net.sf.freecol.common.util.LogBuilder log
INFO: Destroying: tileImprovement:4357
May 13, 2017 5:01:16 AM net.sf.freecol.common.util.LogBuilder log
INFO: Destroying: tileImprovement:4359
May 13, 2017 5:01:16 AM net.sf.freecol.common.util.LogBuilder log
INFO: Destroying: tileImprovement:4361
May 13, 2017 5:01:16 AM net.sf.freecol.common.util.LogBuilder log
INFO: Destroying: tileImprovement:4510
May 13, 2017 5:01:16 AM net.sf.freecol.common.util.LogBuilder log
INFO: Destroying: tileImprovement:4511
May 13, 2017 5:01:16 AM net.sf.freecol.common.util.LogBuilder log
INFO: Destroying: tileImprovement:4512
May 13, 2017 5:01:16 AM net.sf.freecol.common.util.LogBuilder log
INFO: Destroying: tileImprovement:4472
May 13, 2017 5:01:16 AM net.sf.freecol.common.util.LogBuilder log
INFO: Destroying: tileImprovement:4473
May 13, 2017 5:01:16 AM net.sf.freecol.common.util.LogBuilder log
INFO: Destroying: tileImprovement:4474
May 13, 2017 5:01:16 AM net.sf.freecol.common.util.LogBuilder log
INFO: Destroying: tileImprovement:4475
May 13, 2017 5:01:16 AM net.sf.freecol.common.util.LogBuilder log
INFO: Destroying: tileImprovement:4476
May 13, 2017 5:01:16 AM net.sf.freecol.common.util.LogBuilder log
INFO: Destroying: tileImprovement:4477
May 13, 2017 5:01:16 AM net.sf.freecol.common.util.LogBuilder log
INFO: Destroying: tileImprovement:4478
May 13, 2017 5:01:16 AM net.sf.freecol.common.util.LogBuilder log
INFO: Destroying: tileImprovement:4479
May 13, 2017 5:01:16 AM net.sf.freecol.common.util.LogBuilder log
INFO: Destroying: tileImprovement:4480
May 13, 2017 5:01:16 AM net.sf.freecol.common.util.LogBuilder log
INFO: Destroying: tileImprovement:4404
May 13, 2017 5:01:16 AM net.sf.freecol.common.util.LogBuilder log
INFO: Destroying: tileImprovement:4405
May 13, 2017 5:01:16 AM net.sf.freecol.common.util.LogBuilder log
INFO: Destroying: tileImprovement:4406
May 13, 2017 5:01:16 AM net.sf.freecol.common.util.LogBuilder log
INFO: Destroying: tileImprovement:4600
May 13, 2017 5:01:16 AM net.sf.freecol.common.util.LogBuilder log
INFO: Destroying: tileImprovement:4602
May 13, 2017 5:01:16 AM net.sf.freecol.common.util.LogBuilder log
INFO: Destroying: tileImprovement:4517
May 13, 2017 5:01:16 AM net.sf.freecol.common.util.LogBuilder log
INFO: Destroying: tileImprovement:4519
May 13, 2017 5:01:16 AM net.sf.freecol.common.util.LogBuilder log
INFO: Destroying: tileImprovement:4521
May 13, 2017 5:01:16 AM net.sf.freecol.common.util.LogBuilder log
INFO: Destroying: tileImprovement:4498
May 13, 2017 5:01:16 AM net.sf.freecol.common.util.LogBuilder log
INFO: Destroying: tileImprovement:4499
May 13, 2017 5:01:16 AM net.sf.freecol.common.util.LogBuilder log
INFO: Destroying: tileImprovement:4500
May 13, 2017 5:01:16 AM net.sf.freecol.common.util.LogBuilder log
INFO: Destroying: tileImprovement:4501
May 13, 2017 5:01:16 AM net.sf.freecol.common.util.LogBuilder log
INFO: Destroying: tileImprovement:4502
May 13, 2017 5:01:16 AM net.sf.freecol.common.util.LogBuilder log
INFO: Destroying: tileImprovement:4503
May 13, 2017 5:01:16 AM net.sf.freecol.common.util.LogBuilder log
INFO: Destroying: tileImprovement:4504
May 13, 2017 5:01:16 AM net.sf.freecol.common.util.LogBuilder log
INFO: Destroying: tileImprovement:4505
May 13, 2017 5:01:16 AM net.sf.freecol.common.util.LogBuilder log
INFO: Destroying: tileImprovement:4506
May 13, 2017 5:01:16 AM net.sf.freecol.common.util.LogBuilder log
INFO: Destroying: tileImprovement:4507
May 13, 2017 5:01:16 AM net.sf.freecol.common.util.LogBuilder log
INFO: Destroying: tileImprovement:4508
May 13, 2017 5:01:16 AM net.sf.freecol.common.util.LogBuilder log
INFO: Destroying: tileImprovement:4509
May 13, 2017 5:01:16 AM net.sf.freecol.common.util.LogBuilder log
INFO: Destroying: tileImprovement:4538
May 13, 2017 5:01:16 AM net.sf.freecol.common.util.LogBuilder log
INFO: Destroying: tileImprovement:4540
May 13, 2017 5:01:16 AM net.sf.freecol.common.util.LogBuilder log
INFO: Destroying: tileImprovement:4542
May 13, 2017 5:01:16 AM net.sf.freecol.common.util.LogBuilder log
INFO: Destroying: tileImprovement:4544
May 13, 2017 5:01:16 AM net.sf.freecol.common.util.LogBuilder log
INFO: Destroying: tileImprovement:4546
May 13, 2017 5:01:16 AM net.sf.freecol.common.util.LogBuilder log
INFO: Destroying: tileImprovement:4548
May 13, 2017 5:01:16 AM net.sf.freecol.common.util.LogBuilder log
INFO: Destroying: tileImprovement:4550
May 13, 2017 5:01:16 AM net.sf.freecol.common.util.LogBuilder log
INFO: Destroying: tileImprovement:4534
May 13, 2017 5:01:16 AM net.sf.freecol.common.util.LogBuilder log
INFO: Destroying: tileImprovement:4535
May 13, 2017 5:01:16 AM net.sf.freecol.common.util.LogBuilder log
INFO: Destroying: tileImprovement:4536
May 13, 2017 5:01:16 AM net.sf.freecol.common.util.LogBuilder log
INFO: Destroying: tileImprovement:4537
May 13, 2017 5:01:16 AM net.sf.freecol.common.util.LogBuilder log
INFO: Destroying: tileImprovement:4702
May 13, 2017 5:01:16 AM net.sf.freecol.common.util.LogBuilder log
INFO: Destroying: tileImprovement:4704
May 13, 2017 5:01:16 AM net.sf.freecol.common.util.LogBuilder log
INFO: Destroying: tileImprovement:4706
May 13, 2017 5:01:16 AM net.sf.freecol.common.util.LogBuilder log
INFO: Destroying: tileImprovement:4708
May 13, 2017 5:01:16 AM net.sf.freecol.common.util.LogBuilder log
INFO: Destroying: tileImprovement:4710
May 13, 2017 5:01:16 AM net.sf.freecol.common.util.LogBuilder log
INFO: Destroying: tileImprovement:4712
May 13, 2017 5:01:16 AM net.sf.freecol.common.util.LogBuilder log
INFO: Destroying: tileImprovement:4513
May 13, 2017 5:01:16 AM net.sf.freecol.common.util.LogBuilder log
INFO: Destroying: tileImprovement:4515
May 13, 2017 5:01:16 AM net.sf.freecol.common.util.LogBuilder log
INFO: Destroying: tileImprovement:4627
May 13, 2017 5:01:16 AM net.sf.freecol.common.util.LogBuilder log
INFO: Destroying: tileImprovement:4628
May 13, 2017 5:01:16 AM net.sf.freecol.common.util.LogBuilder log
INFO: Destroying: tileImprovement:4629
May 13, 2017 5:01:16 AM net.sf.freecol.common.util.LogBuilder log
INFO: Destroying: tileImprovement:4339
May 13, 2017 5:01:16 AM net.sf.freecol.common.util.LogBuilder log
INFO: Destroying: tileImprovement:4341
May 13, 2017 5:01:16 AM net.sf.freecol.common.util.LogBuilder log
INFO: Destroying: tileImprovement:4343
May 13, 2017 5:01:16 AM net.sf.freecol.common.util.LogBuilder log
INFO: Destroying: tileImprovement:4345
May 13, 2017 5:01:16 AM net.sf.freecol.common.util.LogBuilder log
INFO: Destroying: tileImprovement:4347
May 13, 2017 5:01:16 AM net.sf.freecol.common.util.LogBuilder log
INFO: Destroying: tileImprovement:4349
May 13, 2017 5:01:16 AM net.sf.freecol.common.util.LogBuilder log
INFO: Destroying: tileImprovement:4351
May 13, 2017 5:01:16 AM net.sf.freecol.common.util.LogBuilder log
INFO: Destroying: tileImprovement:4353
May 13, 2017 5:01:16 AM net.sf.freecol.common.util.LogBuilder log
INFO: Destroying: tileImprovement:4407
May 13, 2017 5:01:16 AM net.sf.freecol.common.util.LogBuilder log
INFO: Destroying: tileImprovement:4409
May 13, 2017 5:01:16 AM net.sf.freecol.common.util.LogBuilder log
INFO: Destroying: tileImprovement:4411
May 13, 2017 5:01:16 AM net.sf.freecol.common.util.LogBuilder log
INFO: Destroying: tileImprovement:4402
May 13, 2017 5:01:16 AM net.sf.freecol.common.util.LogBuilder log
INFO: Destroying: tileImprovement:4403
May 13, 2017 5:01:16 AM net.sf.freecol.common.util.LogBuilder log
INFO: Destroying: tileImprovement:4422
May 13, 2017 5:01:16 AM net.sf.freecol.common.util.LogBuilder log
INFO: Destroying: tileImprovement:4424
May 13, 2017 5:01:16 AM net.sf.freecol.common.util.LogBuilder log
INFO: Destroying: tileImprovement:4426
May 13, 2017 5:01:16 AM net.sf.freecol.common.util.LogBuilder log
INFO: Destroying: tileImprovement:4418
May 13, 2017 5:01:16 AM net.sf.freecol.common.util.LogBuilder log
INFO: Destroying: tileImprovement:4419
May 13, 2017 5:01:16 AM net.sf.freecol.common.util.LogBuilder log
INFO: Destroying: tileImprovement:4420
May 13, 2017 5:01:16 AM net.sf.freecol.common.util.LogBuilder log
INFO: Destroying: tileImprovement:4421
May 13, 2017 5:01:16 AM net.sf.freecol.common.util.LogBuilder log
INFO: Destroying: tileImprovement:4814
May 13, 2017 5:01:16 AM net.sf.freecol.common.util.LogBuilder log
INFO: Destroying: tileImprovement:4816
May 13, 2017 5:01:16 AM net.sf.freecol.common.util.LogBuilder log
INFO: Destroying: tileImprovement:4818
May 13, 2017 5:01:16 AM net.sf.freecol.common.util.LogBuilder log
INFO: Destroying: tileImprovement:4808
May 13, 2017 5:01:16 AM net.sf.freecol.common.util.LogBuilder log
INFO: Destroying: tileImprovement:4809
May 13, 2017 5:01:16 AM net.sf.freecol.common.util.LogBuilder log
INFO: Destroying: tileImprovement:4810
May 13, 2017 5:01:16 AM net.sf.freecol.server.networking.Server sendToAll
INFO: Reap dead connection: [DummyConnection Server connection - model.nation.french]
May 13, 2017 5:01:16 AM net.sf.freecol.server.networking.Server sendToAll
INFO: Reap dead connection: [DummyConnection Server connection - model.nation.inca]
May 13, 2017 5:01:16 AM net.sf.freecol.server.networking.Server sendToAll
INFO: Reap dead connection: [DummyConnection Server connection - model.nation.sioux]
May 13, 2017 5:01:16 AM net.sf.freecol.server.networking.Server sendToAll
INFO: Reap dead connection: [DummyConnection Server connection - model.nation.dutch]
May 13, 2017 5:01:16 AM net.sf.freecol.server.networking.Server sendToAll
INFO: Reap dead connection: [DummyConnection Server connection - model.nation.arawak]
May 13, 2017 5:01:16 AM net.sf.freecol.server.networking.Server sendToAll
INFO: Reap dead connection: [DummyConnection Server connection - model.nation.cherokee]
May 13, 2017 5:01:16 AM net.sf.freecol.server.networking.Server sendToAll
INFO: Reap dead connection: [DummyConnection Server connection - model.nation.aztec]
May 13, 2017 5:01:16 AM net.sf.freecol.server.networking.Server sendToAll
INFO: Reap dead connection: [DummyConnection Server connection - model.nation.apache]
May 13, 2017 5:01:16 AM net.sf.freecol.server.networking.Server sendToAll
INFO: Reap dead connection: [DummyConnection Server connection - model.nation.tupi]
May 13, 2017 5:01:16 AM net.sf.freecol.server.networking.Server sendToAll
INFO: Reap dead connection: [DummyConnection Server connection - model.nation.iroquois]
May 13, 2017 5:01:16 AM net.sf.freecol.server.networking.Server sendToAll
INFO: Reap dead connection: [DummyConnection Server connection - model.nation.english]
May 13, 2017 5:01:16 AM net.sf.freecol.server.networking.Server sendToAll
INFO: Reap dead connection: [DummyConnection Server connection - model.nation.spanish]
May 13, 2017 5:01:16 AM net.sf.freecol.common.FreeColSeed getFreeColSeed
INFO: Using seed: -1763308610160982261
May 13, 2017 5:01:16 AM net.sf.freecol.server.FreeColServer readGame
INFO: Found savegame version 13
May 13, 2017 5:01:16 AM net.sf.freecol.common.model.Game readChild
INFO: Reloading specification.
May 13, 2017 5:01:16 AM net.sf.freecol.common.model.Specification checkDifficultyOptionGroup
INFO: Check group model.difficulty.immigration
May 13, 2017 5:01:16 AM net.sf.freecol.common.model.Specification checkDifficultyOptionGroup
INFO: Check group model.difficulty.natives
May 13, 2017 5:01:16 AM net.sf.freecol.common.model.Specification checkDifficultyOptionGroup
INFO: Check group model.difficulty.monarch
May 13, 2017 5:01:16 AM net.sf.freecol.common.model.Specification checkDifficultyOptionGroup
INFO: Check group model.difficulty.government
May 13, 2017 5:01:16 AM net.sf.freecol.common.model.Specification checkDifficultyOptionGroup
INFO: Check group model.difficulty.other
May 13, 2017 5:01:16 AM net.sf.freecol.common.model.Specification checkDifficultyOptionGroup
INFO: Check group model.difficulty.cheat
May 13, 2017 5:01:16 AM net.sf.freecol.common.model.Specification applyDifficultyLevel
INFO: Applying difficulty level model.difficulty.medium
May 13, 2017 5:01:16 AM net.sf.freecol.common.model.Specification clean
INFO: Specification clean following load from stream complete, starting year=1492, season year=1600, ages=[1,109,309], seasons=2, 253 FreeColGameObjectTypes, 79 Abilities, 41 BuildingTypes, 14 Disasters, 9 EuropeanNationTypes, 2 Events, 25 FoundingFathers, 21 GoodsTypes, 8 IndianNationTypes, 59 Modifiers, 25 Nations, 161 Options, 23 Option Groups, 12 ResourceTypes, 11 Roles, 23 TileTypes, 6 TileImprovementTypes, 42 UnitTypes read.
May 13, 2017 5:01:16 AM net.sf.freecol.server.FreeColServer readGame
INFO: Imported file test/data/test.fsg
May 13, 2017 5:01:16 AM net.sf.freecol.server.networking.Server sendToAll
INFO: Reap dead connection: [DummyConnection Server connection - model.nation.dutch]
May 13, 2017 5:01:16 AM net.sf.freecol.server.networking.Server sendToAll
INFO: Reap dead connection: [DummyConnection Server connection - model.nation.arawak]
May 13, 2017 5:01:16 AM net.sf.freecol.server.networking.Server sendToAll
INFO: Reap dead connection: [DummyConnection Server connection - model.nation.inca]
May 13, 2017 5:01:16 AM net.sf.freecol.server.networking.Server sendToAll
INFO: Reap dead connection: [DummyConnection Server connection - model.nation.cherokee]
May 13, 2017 5:01:16 AM net.sf.freecol.server.networking.Server sendToAll
INFO: Reap dead connection: [DummyConnection Server connection - model.nation.french]
May 13, 2017 5:01:16 AM net.sf.freecol.server.networking.Server sendToAll
INFO: Reap dead connection: [DummyConnection Server connection - model.nation.english]
May 13, 2017 5:01:16 AM net.sf.freecol.server.networking.Server sendToAll
INFO: Reap dead connection: [DummyConnection Server connection - model.nation.spanish]
May 13, 2017 5:01:16 AM net.sf.freecol.server.networking.Server sendToAll
INFO: Reap dead connection: [DummyConnection Server connection - model.nation.apache]
May 13, 2017 5:01:16 AM net.sf.freecol.server.networking.Server sendToAll
INFO: Reap dead connection: [DummyConnection Server connection - model.nation.iroquois]
May 13, 2017 5:01:16 AM net.sf.freecol.server.networking.Server sendToAll
INFO: Reap dead connection: [DummyConnection Server connection - model.nation.sioux]
May 13, 2017 5:01:16 AM net.sf.freecol.server.networking.Server sendToAll
INFO: Reap dead connection: [DummyConnection Server connection - model.nation.aztec]
May 13, 2017 5:01:16 AM net.sf.freecol.server.networking.Server sendToAll
INFO: Reap dead connection: [DummyConnection Server connection - model.nation.tupi]
May 13, 2017 5:01:16 AM net.sf.freecol.common.model.Specification applyDifficultyLevel
INFO: Applying difficulty level model.difficulty.medium
May 13, 2017 5:01:16 AM net.sf.freecol.common.FreeColSeed getFreeColSeed
INFO: Using seed: 7792626086338667786
May 13, 2017 5:01:16 AM net.sf.freecol.server.networking.Server sendToAll
INFO: Reap dead connection: [DummyConnection Server connection - model.nation.iroquois]
May 13, 2017 5:01:16 AM net.sf.freecol.server.networking.Server sendToAll
INFO: Reap dead connection: [DummyConnection Server connection - model.nation.dutch]
May 13, 2017 5:01:16 AM net.sf.freecol.server.networking.Server sendToAll
INFO: Reap dead connection: [DummyConnection Server connection - model.nation.english]
May 13, 2017 5:01:16 AM net.sf.freecol.server.networking.Server sendToAll
INFO: Reap dead connection: [DummyConnection Server connection - model.nation.apache]
May 13, 2017 5:01:16 AM net.sf.freecol.server.networking.Server sendToAll
INFO: Reap dead connection: [DummyConnection Server connection - model.nation.french]
May 13, 2017 5:01:16 AM net.sf.freecol.server.networking.Server sendToAll
INFO: Reap dead connection: [DummyConnection Server connection - model.nation.tupi]
May 13, 2017 5:01:16 AM net.sf.freecol.server.networking.Server sendToAll
INFO: Reap dead connection: [DummyConnection Server connection - model.nation.inca]
May 13, 2017 5:01:16 AM net.sf.freecol.server.networking.Server sendToAll
INFO: Reap dead connection: [DummyConnection Server connection - model.nation.spanish]
May 13, 2017 5:01:16 AM net.sf.freecol.server.networking.Server sendToAll
INFO: Reap dead connection: [DummyConnection Server connection - model.nation.sioux]
May 13, 2017 5:01:16 AM net.sf.freecol.server.networking.Server sendToAll
INFO: Reap dead connection: [DummyConnection Server connection - model.nation.cherokee]
May 13, 2017 5:01:16 AM net.sf.freecol.server.networking.Server sendToAll
INFO: Reap dead connection: [DummyConnection Server connection - model.nation.arawak]
May 13, 2017 5:01:16 AM net.sf.freecol.server.networking.Server sendToAll
INFO: Reap dead connection: [DummyConnection Server connection - model.nation.aztec]
May 13, 2017 5:01:16 AM net.sf.freecol.common.model.Specification applyDifficultyLevel
INFO: Applying difficulty level model.difficulty.medium
May 13, 2017 5:01:16 AM net.sf.freecol.common.FreeColSeed getFreeColSeed
INFO: Using seed: 4597371798906144544
May 13, 2017 5:01:16 AM net.sf.freecol.server.networking.Server sendToAll
INFO: Reap dead connection: [DummyConnection Server connection - model.nation.iroquois]
May 13, 2017 5:01:16 AM net.sf.freecol.server.networking.Server sendToAll
INFO: Reap dead connection: [DummyConnection Server connection - model.nation.apache]
May 13, 2017 5:01:16 AM net.sf.freecol.server.networking.Server sendToAll
INFO: Reap dead connection: [DummyConnection Server connection - model.nation.cherokee]
May 13, 2017 5:01:16 AM net.sf.freecol.server.networking.Server sendToAll
INFO: Reap dead connection: [DummyConnection Server connection - model.nation.french]
May 13, 2017 5:01:16 AM net.sf.freecol.server.networking.Server sendToAll
INFO: Reap dead connection: [DummyConnection Server connection - model.nation.english]
May 13, 2017 5:01:16 AM net.sf.freecol.server.networking.Server sendToAll
INFO: Reap dead connection: [DummyConnection Server connection - model.nation.sioux]
May 13, 2017 5:01:16 AM net.sf.freecol.server.networking.Server sendToAll
INFO: Reap dead connection: [DummyConnection Server connection - model.nation.spanish]
May 13, 2017 5:01:16 AM net.sf.freecol.server.networking.Server sendToAll
INFO: Reap dead connection: [DummyConnection Server connection - model.nation.aztec]
May 13, 2017 5:01:16 AM net.sf.freecol.server.networking.Server sendToAll
INFO: Reap dead connection: [DummyConnection Server connection - model.nation.arawak]
May 13, 2017 5:01:16 AM net.sf.freecol.server.networking.Server sendToAll
INFO: Reap dead connection: [DummyConnection Server connection - model.nation.dutch]
May 13, 2017 5:01:16 AM net.sf.freecol.server.networking.Server sendToAll
INFO: Reap dead connection: [DummyConnection Server connection - model.nation.tupi]
May 13, 2017 5:01:16 AM net.sf.freecol.server.networking.Server sendToAll
INFO: Reap dead connection: [DummyConnection Server connection - model.nation.inca]
May 13, 2017 5:01:16 AM net.sf.freecol.common.model.Specification applyDifficultyLevel
INFO: Applying difficulty level model.difficulty.medium
May 13, 2017 5:01:16 AM net.sf.freecol.common.FreeColSeed getFreeColSeed
INFO: Using seed: 3591372891870280887
May 13, 2017 5:01:16 AM net.sf.freecol.server.networking.Server sendToAll
INFO: Reap dead connection: [DummyConnection Server connection - model.nation.arawak]
May 13, 2017 5:01:16 AM net.sf.freecol.server.networking.Server sendToAll
INFO: Reap dead connection: [DummyConnection Server connection - model.nation.inca]
May 13, 2017 5:01:16 AM net.sf.freecol.server.networking.Server sendToAll
INFO: Reap dead connection: [DummyConnection Server connection - model.nation.spanish]
May 13, 2017 5:01:16 AM net.sf.freecol.server.networking.Server sendToAll
INFO: Reap dead connection: [DummyConnection Server connection - model.nation.french]
May 13, 2017 5:01:16 AM net.sf.freecol.server.networking.Server sendToAll
INFO: Reap dead connection: [DummyConnection Server connection - model.nation.apache]
May 13, 2017 5:01:16 AM net.sf.freecol.server.networking.Server sendToAll
INFO: Reap dead connection: [DummyConnection Server connection - model.nation.sioux]
May 13, 2017 5:01:16 AM net.sf.freecol.server.networking.Server sendToAll
INFO: Reap dead connection: [DummyConnection Server connection - model.nation.english]
May 13, 2017 5:01:16 AM net.sf.freecol.server.networking.Server sendToAll
INFO: Reap dead connection: [DummyConnection Server connection - model.nation.aztec]
May 13, 2017 5:01:16 AM net.sf.freecol.server.networking.Server sendToAll
INFO: Reap dead connection: [DummyConnection Server connection - model.nation.iroquois]
May 13, 2017 5:01:16 AM net.sf.freecol.server.networking.Server sendToAll
INFO: Reap dead connection: [DummyConnection Server connection - model.nation.tupi]
May 13, 2017 5:01:16 AM net.sf.freecol.server.networking.Server sendToAll
INFO: Reap dead connection: [DummyConnection Server connection - model.nation.dutch]
May 13, 2017 5:01:16 AM net.sf.freecol.server.networking.Server sendToAll
INFO: Reap dead connection: [DummyConnection Server connection - model.nation.cherokee]
May 13, 2017 5:01:16 AM net.sf.freecol.common.model.Specification applyDifficultyLevel
INFO: Applying difficulty level model.difficulty.medium
May 13, 2017 5:01:16 AM net.sf.freecol.common.FreeColSeed getFreeColSeed
INFO: Using seed: -4757815498312358008
May 13, 2017 5:01:16 AM net.sf.freecol.server.networking.Server sendToAll
INFO: Reap dead connection: [DummyConnection Server connection - model.nation.apache]
May 13, 2017 5:01:16 AM net.sf.freecol.server.networking.Server sendToAll
INFO: Reap dead connection: [DummyConnection Server connection - model.nation.aztec]
May 13, 2017 5:01:16 AM net.sf.freecol.server.networking.Server sendToAll
INFO: Reap dead connection: [DummyConnection Server connection - model.nation.arawak]
May 13, 2017 5:01:16 AM net.sf.freecol.server.networking.Server sendToAll
INFO: Reap dead connection: [DummyConnection Server connection - model.nation.english]
May 13, 2017 5:01:16 AM net.sf.freecol.server.networking.Server sendToAll
INFO: Reap dead connection: [DummyConnection Server connection - model.nation.cherokee]
May 13, 2017 5:01:16 AM net.sf.freecol.server.networking.Server sendToAll
INFO: Reap dead connection: [DummyConnection Server connection - model.nation.iroquois]
May 13, 2017 5:01:16 AM net.sf.freecol.server.networking.Server sendToAll
INFO: Reap dead connection: [DummyConnection Server connection - model.nation.sioux]
May 13, 2017 5:01:16 AM net.sf.freecol.server.networking.Server sendToAll
INFO: Reap dead connection: [DummyConnection Server connection - model.nation.tupi]
May 13, 2017 5:01:16 AM net.sf.freecol.server.networking.Server sendToAll
INFO: Reap dead connection: [DummyConnection Server connection - model.nation.spanish]
May 13, 2017 5:01:16 AM net.sf.freecol.server.networking.Server sendToAll
INFO: Reap dead connection: [DummyConnection Server connection - model.nation.dutch]
May 13, 2017 5:01:16 AM net.sf.freecol.server.networking.Server sendToAll
INFO: Reap dead connection: [DummyConnection Server connection - model.nation.french]
May 13, 2017 5:01:16 AM net.sf.freecol.server.networking.Server sendToAll
INFO: Reap dead connection: [DummyConnection Server connection - model.nation.inca]
May 13, 2017 5:01:17 AM net.sf.freecol.common.model.Specification applyDifficultyLevel
INFO: Applying difficulty level model.difficulty.medium
May 13, 2017 5:01:17 AM net.sf.freecol.common.FreeColSeed getFreeColSeed
INFO: Using seed: -7324552682569989520
May 13, 2017 5:01:17 AM net.sf.freecol.server.networking.Server sendToAll
INFO: Reap dead connection: [DummyConnection Server connection - model.nation.tupi]
May 13, 2017 5:01:17 AM net.sf.freecol.server.networking.Server sendToAll
INFO: Reap dead connection: [DummyConnection Server connection - model.nation.apache]
May 13, 2017 5:01:17 AM net.sf.freecol.server.networking.Server sendToAll
INFO: Reap dead connection: [DummyConnection Server connection - model.nation.iroquois]
May 13, 2017 5:01:17 AM net.sf.freecol.server.networking.Server sendToAll
INFO: Reap dead connection: [DummyConnection Server connection - model.nation.french]
May 13, 2017 5:01:17 AM net.sf.freecol.server.networking.Server sendToAll
INFO: Reap dead connection: [DummyConnection Server connection - model.nation.english]
May 13, 2017 5:01:17 AM net.sf.freecol.server.networking.Server sendToAll
INFO: Reap dead connection: [DummyConnection Server connection - model.nation.inca]
May 13, 2017 5:01:17 AM net.sf.freecol.server.networking.Server sendToAll
INFO: Reap dead connection: [DummyConnection Server connection - model.nation.spanish]
May 13, 2017 5:01:17 AM net.sf.freecol.server.networking.Server sendToAll
INFO: Reap dead connection: [DummyConnection Server connection - model.nation.cherokee]
May 13, 2017 5:01:17 AM net.sf.freecol.server.networking.Server sendToAll
INFO: Reap dead connection: [DummyConnection Server connection - model.nation.aztec]
May 13, 2017 5:01:17 AM net.sf.freecol.server.networking.Server sendToAll
INFO: Reap dead connection: [DummyConnection Server connection - model.nation.sioux]
May 13, 2017 5:01:17 AM net.sf.freecol.server.networking.Server sendToAll
INFO: Reap dead connection: [DummyConnection Server connection - model.nation.arawak]
May 13, 2017 5:01:17 AM net.sf.freecol.server.networking.Server sendToAll
INFO: Reap dead connection: [DummyConnection Server connection - model.nation.dutch]
May 13, 2017 5:01:17 AM net.sf.freecol.server.model.ServerPlayer csChangeStance
INFO: Stance modification Louis XIV UNCONTACTED -> PEACE wrt Geronimo
May 13, 2017 5:01:17 AM net.sf.freecol.server.model.ServerPlayer csChangeStance
INFO: Stance modification Geronimo UNCONTACTED -> PEACE wrt Louis XIV (symmetric)
May 13, 2017 5:01:17 AM net.sf.freecol.common.model.Specification applyDifficultyLevel
INFO: Applying difficulty level model.difficulty.medium
May 13, 2017 5:01:17 AM net.sf.freecol.common.FreeColSeed getFreeColSeed
INFO: Using seed: 6982633077919806983
May 13, 2017 5:01:17 AM net.sf.freecol.server.networking.Server sendToAll
INFO: Reap dead connection: [DummyConnection Server connection - model.nation.apache]
May 13, 2017 5:01:17 AM net.sf.freecol.server.networking.Server sendToAll
INFO: Reap dead connection: [DummyConnection Server connection - model.nation.aztec]
May 13, 2017 5:01:17 AM net.sf.freecol.server.networking.Server sendToAll
INFO: Reap dead connection: [DummyConnection Server connection - model.nation.sioux]
May 13, 2017 5:01:17 AM net.sf.freecol.server.networking.Server sendToAll
INFO: Reap dead connection: [DummyConnection Server connection - model.nation.spanish]
May 13, 2017 5:01:17 AM net.sf.freecol.server.networking.Server sendToAll
INFO: Reap dead connection: [DummyConnection Server connection - model.nation.tupi]
May 13, 2017 5:01:17 AM net.sf.freecol.server.networking.Server sendToAll
INFO: Reap dead connection: [DummyConnection Server connection - model.nation.arawak]
May 13, 2017 5:01:17 AM net.sf.freecol.server.networking.Server sendToAll
INFO: Reap dead connection: [DummyConnection Server connection - model.nation.french]
May 13, 2017 5:01:17 AM net.sf.freecol.server.networking.Server sendToAll
INFO: Reap dead connection: [DummyConnection Server connection - model.nation.iroquois]
May 13, 2017 5:01:17 AM net.sf.freecol.server.networking.Server sendToAll
INFO: Reap dead connection: [DummyConnection Server connection - model.nation.english]
May 13, 2017 5:01:17 AM net.sf.freecol.server.networking.Server sendToAll
INFO: Reap dead connection: [DummyConnection Server connection - model.nation.inca]
May 13, 2017 5:01:17 AM net.sf.freecol.server.networking.Server sendToAll
INFO: Reap dead connection: [DummyConnection Server connection - model.nation.dutch]
May 13, 2017 5:01:17 AM net.sf.freecol.server.networking.Server sendToAll
INFO: Reap dead connection: [DummyConnection Server connection - model.nation.cherokee]
May 13, 2017 5:01:17 AM net.sf.freecol.server.model.ServerPlayer csChangeStance
INFO: Stance modification William I UNCONTACTED -> PEACE wrt Geronimo
May 13, 2017 5:01:17 AM net.sf.freecol.server.model.ServerPlayer csChangeStance
INFO: Stance modification Geronimo UNCONTACTED -> PEACE wrt William I (symmetric)
May 13, 2017 5:01:17 AM net.sf.freecol.common.model.Specification applyDifficultyLevel
INFO: Applying difficulty level model.difficulty.medium
May 13, 2017 5:01:17 AM net.sf.freecol.common.FreeColSeed getFreeColSeed
INFO: Using seed: 2475112514932496194
May 13, 2017 5:01:17 AM net.sf.freecol.server.networking.Server sendToAll
INFO: Reap dead connection: [DummyConnection Server connection - model.nation.sioux]
May 13, 2017 5:01:17 AM net.sf.freecol.server.networking.Server sendToAll
INFO: Reap dead connection: [DummyConnection Server connection - model.nation.tupi]
May 13, 2017 5:01:17 AM net.sf.freecol.server.networking.Server sendToAll
INFO: Reap dead connection: [DummyConnection Server connection - model.nation.iroquois]
May 13, 2017 5:01:17 AM net.sf.freecol.server.networking.Server sendToAll
INFO: Reap dead connection: [DummyConnection Server connection - model.nation.dutch]
May 13, 2017 5:01:17 AM net.sf.freecol.server.networking.Server sendToAll
INFO: Reap dead connection: [DummyConnection Server connection - model.nation.inca]
May 13, 2017 5:01:17 AM net.sf.freecol.server.networking.Server sendToAll
INFO: Reap dead connection: [DummyConnection Server connection - model.nation.english]
May 13, 2017 5:01:17 AM net.sf.freecol.server.networking.Server sendToAll
INFO: Reap dead connection: [DummyConnection Server connection - model.nation.apache]
May 13, 2017 5:01:17 AM net.sf.freecol.server.networking.Server sendToAll
INFO: Reap dead connection: [DummyConnection Server connection - model.nation.french]
May 13, 2017 5:01:17 AM net.sf.freecol.server.networking.Server sendToAll
INFO: Reap dead connection: [DummyConnection Server connection - model.nation.aztec]
May 13, 2017 5:01:17 AM net.sf.freecol.server.networking.Server sendToAll
INFO: Reap dead connection: [DummyConnection Server connection - model.nation.arawak]
May 13, 2017 5:01:17 AM net.sf.freecol.server.networking.Server sendToAll
INFO: Reap dead connection: [DummyConnection Server connection - model.nation.spanish]
May 13, 2017 5:01:17 AM net.sf.freecol.server.networking.Server sendToAll
INFO: Reap dead connection: [DummyConnection Server connection - model.nation.cherokee]
May 13, 2017 5:01:17 AM net.sf.freecol.common.model.Specification applyDifficultyLevel
INFO: Applying difficulty level model.difficulty.medium
May 13, 2017 5:01:17 AM net.sf.freecol.common.FreeColSeed getFreeColSeed
INFO: Using seed: 3296345119866499335
May 13, 2017 5:01:17 AM net.sf.freecol.server.networking.Server sendToAll
INFO: Reap dead connection: [DummyConnection Server connection - model.nation.inca]
May 13, 2017 5:01:17 AM net.sf.freecol.server.networking.Server sendToAll
INFO: Reap dead connection: [DummyConnection Server connection - model.nation.arawak]
May 13, 2017 5:01:17 AM net.sf.freecol.server.networking.Server sendToAll
INFO: Reap dead connection: [DummyConnection Server connection - model.nation.iroquois]
May 13, 2017 5:01:17 AM net.sf.freecol.server.networking.Server sendToAll
INFO: Reap dead connection: [DummyConnection Server connection - model.nation.sioux]
May 13, 2017 5:01:17 AM net.sf.freecol.server.networking.Server sendToAll
INFO: Reap dead connection: [DummyConnection Server connection - model.nation.english]
May 13, 2017 5:01:17 AM net.sf.freecol.server.networking.Server sendToAll
INFO: Reap dead connection: [DummyConnection Server connection - model.nation.aztec]
May 13, 2017 5:01:17 AM net.sf.freecol.server.networking.Server sendToAll
INFO: Reap dead connection: [DummyConnection Server connection - model.nation.cherokee]
May 13, 2017 5:01:17 AM net.sf.freecol.server.networking.Server sendToAll
INFO: Reap dead connection: [DummyConnection Server connection - model.nation.dutch]
May 13, 2017 5:01:17 AM net.sf.freecol.server.networking.Server sendToAll
INFO: Reap dead connection: [DummyConnection Server connection - model.nation.tupi]
May 13, 2017 5:01:17 AM net.sf.freecol.server.networking.Server sendToAll
INFO: Reap dead connection: [DummyConnection Server connection - model.nation.spanish]
May 13, 2017 5:01:17 AM net.sf.freecol.server.networking.Server sendToAll
INFO: Reap dead connection: [DummyConnection Server connection - model.nation.french]
May 13, 2017 5:01:17 AM net.sf.freecol.server.networking.Server sendToAll
INFO: Reap dead connection: [DummyConnection Server connection - model.nation.apache]
May 13, 2017 5:01:17 AM net.sf.freecol.common.model.Specification applyDifficultyLevel
INFO: Applying difficulty level model.difficulty.medium
May 13, 2017 5:01:17 AM net.sf.freecol.common.FreeColSeed getFreeColSeed
INFO: Using seed: 5378300339197937436
May 13, 2017 5:01:17 AM net.sf.freecol.server.networking.Server sendToAll
INFO: Reap dead connection: [DummyConnection Server connection - model.nation.iroquois]
May 13, 2017 5:01:17 AM net.sf.freecol.server.networking.Server sendToAll
INFO: Reap dead connection: [DummyConnection Server connection - model.nation.aztec]
May 13, 2017 5:01:17 AM net.sf.freecol.server.networking.Server sendToAll
INFO: Reap dead connection: [DummyConnection Server connection - model.nation.spanish]
May 13, 2017 5:01:17 AM net.sf.freecol.server.networking.Server sendToAll
INFO: Reap dead connection: [DummyConnection Server connection - model.nation.sioux]
May 13, 2017 5:01:17 AM net.sf.freecol.server.networking.Server sendToAll
INFO: Reap dead connection: [DummyConnection Server connection - model.nation.french]
May 13, 2017 5:01:17 AM net.sf.freecol.server.networking.Server sendToAll
INFO: Reap dead connection: [DummyConnection Server connection - model.nation.arawak]
May 13, 2017 5:01:17 AM net.sf.freecol.server.networking.Server sendToAll
INFO: Reap dead connection: [DummyConnection Server connection - model.nation.apache]
May 13, 2017 5:01:17 AM net.sf.freecol.server.networking.Server sendToAll
INFO: Reap dead connection: [DummyConnection Server connection - model.nation.tupi]
May 13, 2017 5:01:17 AM net.sf.freecol.server.networking.Server sendToAll
INFO: Reap dead connection: [DummyConnection Server connection - model.nation.english]
May 13, 2017 5:01:17 AM net.sf.freecol.server.networking.Server sendToAll
INFO: Reap dead connection: [DummyConnection Server connection - model.nation.cherokee]
May 13, 2017 5:01:17 AM net.sf.freecol.server.networking.Server sendToAll
INFO: Reap dead connection: [DummyConnection Server connection - model.nation.inca]
May 13, 2017 5:01:17 AM net.sf.freecol.server.networking.Server sendToAll
INFO: Reap dead connection: [DummyConnection Server connection - model.nation.dutch]
May 13, 2017 5:01:17 AM net.sf.freecol.common.model.Specification applyDifficultyLevel
INFO: Applying difficulty level model.difficulty.medium
May 13, 2017 5:01:17 AM net.sf.freecol.common.FreeColSeed getFreeColSeed
INFO: Using seed: -1397632140195796305
May 13, 2017 5:01:17 AM net.sf.freecol.server.networking.Server sendToAll
INFO: Reap dead connection: [DummyConnection Server connection - model.nation.english]
May 13, 2017 5:01:17 AM net.sf.freecol.server.networking.Server sendToAll
INFO: Reap dead connection: [DummyConnection Server connection - model.nation.sioux]
May 13, 2017 5:01:17 AM net.sf.freecol.server.networking.Server sendToAll
INFO: Reap dead connection: [DummyConnection Server connection - model.nation.apache]
May 13, 2017 5:01:17 AM net.sf.freecol.server.networking.Server sendToAll
INFO: Reap dead connection: [DummyConnection Server connection - model.nation.spanish]
May 13, 2017 5:01:17 AM net.sf.freecol.server.networking.Server sendToAll
INFO: Reap dead connection: [DummyConnection Server connection - model.nation.cherokee]
May 13, 2017 5:01:17 AM net.sf.freecol.server.networking.Server sendToAll
INFO: Reap dead connection: [DummyConnection Server connection - model.nation.arawak]
May 13, 2017 5:01:17 AM net.sf.freecol.server.networking.Server sendToAll
INFO: Reap dead connection: [DummyConnection Server connection - model.nation.inca]
May 13, 2017 5:01:17 AM net.sf.freecol.server.networking.Server sendToAll
INFO: Reap dead connection: [DummyConnection Server connection - model.nation.iroquois]
May 13, 2017 5:01:17 AM net.sf.freecol.server.networking.Server sendToAll
INFO: Reap dead connection: [DummyConnection Server connection - model.nation.tupi]
May 13, 2017 5:01:17 AM net.sf.freecol.server.networking.Server sendToAll
INFO: Reap dead connection: [DummyConnection Server connection - model.nation.french]
May 13, 2017 5:01:17 AM net.sf.freecol.server.networking.Server sendToAll
INFO: Reap dead connection: [DummyConnection Server connection - model.nation.dutch]
May 13, 2017 5:01:17 AM net.sf.freecol.server.networking.Server sendToAll
INFO: Reap dead connection: [DummyConnection Server connection - model.nation.aztec]
May 13, 2017 5:01:17 AM net.sf.freecol.server.model.ServerPlayer csChangeStance
INFO: Stance modification William I UNCONTACTED -> PEACE wrt Segoyewatha
May 13, 2017 5:01:17 AM net.sf.freecol.server.model.ServerPlayer csChangeStance
INFO: Stance modification Segoyewatha UNCONTACTED -> PEACE wrt William I (symmetric)
May 13, 2017 5:01:17 AM net.sf.freecol.common.model.Specification applyDifficultyLevel
INFO: Applying difficulty level model.difficulty.medium
May 13, 2017 5:01:17 AM net.sf.freecol.common.FreeColSeed getFreeColSeed
INFO: Using seed: 3820744213758275204
May 13, 2017 5:01:17 AM net.sf.freecol.server.networking.Server sendToAll
INFO: Reap dead connection: [DummyConnection Server connection - model.nation.apache]
May 13, 2017 5:01:17 AM net.sf.freecol.server.networking.Server sendToAll
INFO: Reap dead connection: [DummyConnection Server connection - model.nation.inca]
May 13, 2017 5:01:17 AM net.sf.freecol.server.networking.Server sendToAll
INFO: Reap dead connection: [DummyConnection Server connection - model.nation.tupi]
May 13, 2017 5:01:17 AM net.sf.freecol.server.networking.Server sendToAll
INFO: Reap dead connection: [DummyConnection Server connection - model.nation.iroquois]
May 13, 2017 5:01:17 AM net.sf.freecol.server.networking.Server sendToAll
INFO: Reap dead connection: [DummyConnection Server connection - model.nation.dutch]
May 13, 2017 5:01:17 AM net.sf.freecol.server.networking.Server sendToAll
INFO: Reap dead connection: [DummyConnection Server connection - model.nation.spanish]
May 13, 2017 5:01:17 AM net.sf.freecol.server.networking.Server sendToAll
INFO: Reap dead connection: [DummyConnection Server connection - model.nation.cherokee]
May 13, 2017 5:01:17 AM net.sf.freecol.server.networking.Server sendToAll
INFO: Reap dead connection: [DummyConnection Server connection - model.nation.french]
May 13, 2017 5:01:17 AM net.sf.freecol.server.networking.Server sendToAll
INFO: Reap dead connection: [DummyConnection Server connection - model.nation.aztec]
May 13, 2017 5:01:17 AM net.sf.freecol.server.networking.Server sendToAll
INFO: Reap dead connection: [DummyConnection Server connection - model.nation.sioux]
May 13, 2017 5:01:17 AM net.sf.freecol.server.networking.Server sendToAll
INFO: Reap dead connection: [DummyConnection Server connection - model.nation.arawak]
May 13, 2017 5:01:17 AM net.sf.freecol.server.networking.Server sendToAll
INFO: Reap dead connection: [DummyConnection Server connection - model.nation.english]
May 13, 2017 5:01:17 AM net.sf.freecol.server.model.ServerPlayer csChangeStance
INFO: Stance modification William I UNCONTACTED -> PEACE wrt Segoyewatha
May 13, 2017 5:01:17 AM net.sf.freecol.server.model.ServerPlayer csChangeStance
INFO: Stance modification Segoyewatha UNCONTACTED -> PEACE wrt William I (symmetric)
May 13, 2017 5:01:17 AM net.sf.freecol.common.model.Specification applyDifficultyLevel
INFO: Applying difficulty level model.difficulty.medium
May 13, 2017 5:01:17 AM net.sf.freecol.common.FreeColSeed getFreeColSeed
INFO: Using seed: 8203979377240920722
May 13, 2017 5:01:17 AM net.sf.freecol.server.networking.Server sendToAll
INFO: Reap dead connection: [DummyConnection Server connection - model.nation.iroquois]
May 13, 2017 5:01:17 AM net.sf.freecol.server.networking.Server sendToAll
INFO: Reap dead connection: [DummyConnection Server connection - model.nation.dutch]
May 13, 2017 5:01:17 AM net.sf.freecol.server.networking.Server sendToAll
INFO: Reap dead connection: [DummyConnection Server connection - model.nation.cherokee]
May 13, 2017 5:01:17 AM net.sf.freecol.server.networking.Server sendToAll
INFO: Reap dead connection: [DummyConnection Server connection - model.nation.aztec]
May 13, 2017 5:01:17 AM net.sf.freecol.server.networking.Server sendToAll
INFO: Reap dead connection: [DummyConnection Server connection - model.nation.inca]
May 13, 2017 5:01:17 AM net.sf.freecol.server.networking.Server sendToAll
INFO: Reap dead connection: [DummyConnection Server connection - model.nation.sioux]
May 13, 2017 5:01:17 AM net.sf.freecol.server.networking.Server sendToAll
INFO: Reap dead connection: [DummyConnection Server connection - model.nation.french]
May 13, 2017 5:01:17 AM net.sf.freecol.server.networking.Server sendToAll
INFO: Reap dead connection: [DummyConnection Server connection - model.nation.tupi]
May 13, 2017 5:01:17 AM net.sf.freecol.server.networking.Server sendToAll
INFO: Reap dead connection: [DummyConnection Server connection - model.nation.arawak]
May 13, 2017 5:01:17 AM net.sf.freecol.server.networking.Server sendToAll
INFO: Reap dead connection: [DummyConnection Server connection - model.nation.english]
May 13, 2017 5:01:17 AM net.sf.freecol.server.networking.Server sendToAll
INFO: Reap dead connection: [DummyConnection Server connection - model.nation.spanish]
May 13, 2017 5:01:17 AM net.sf.freecol.server.networking.Server sendToAll
INFO: Reap dead connection: [DummyConnection Server connection - model.nation.apache]
May 13, 2017 5:01:17 AM net.sf.freecol.common.model.Specification applyDifficultyLevel
INFO: Applying difficulty level model.difficulty.medium
May 13, 2017 5:01:17 AM net.sf.freecol.common.model.Specification applyDifficultyLevel
INFO: Applying difficulty level model.difficulty.medium
May 13, 2017 5:01:17 AM net.sf.freecol.common.model.Specification applyDifficultyLevel
INFO: Applying difficulty level model.difficulty.medium
May 13, 2017 5:01:17 AM net.sf.freecol.common.FreeColSeed getFreeColSeed
INFO: Using seed: -876989187706544337
May 13, 2017 5:01:17 AM net.sf.freecol.server.networking.Server sendToAll
INFO: Reap dead connection: [DummyConnection Server connection - model.nation.iroquois]
May 13, 2017 5:01:17 AM net.sf.freecol.server.networking.Server sendToAll
INFO: Reap dead connection: [DummyConnection Server connection - model.nation.cherokee]
May 13, 2017 5:01:17 AM net.sf.freecol.server.networking.Server sendToAll
INFO: Reap dead connection: [DummyConnection Server connection - model.nation.dutch]
May 13, 2017 5:01:17 AM net.sf.freecol.server.networking.Server sendToAll
INFO: Reap dead connection: [DummyConnection Server connection - model.nation.french]
May 13, 2017 5:01:17 AM net.sf.freecol.server.networking.Server sendToAll
INFO: Reap dead connection: [DummyConnection Server connection - model.nation.tupi]
May 13, 2017 5:01:17 AM net.sf.freecol.server.networking.Server sendToAll
INFO: Reap dead connection: [DummyConnection Server connection - model.nation.arawak]
May 13, 2017 5:01:17 AM net.sf.freecol.server.networking.Server sendToAll
INFO: Reap dead connection: [DummyConnection Server connection - model.nation.aztec]
May 13, 2017 5:01:17 AM net.sf.freecol.server.networking.Server sendToAll
INFO: Reap dead connection: [DummyConnection Server connection - model.nation.apache]
May 13, 2017 5:01:17 AM net.sf.freecol.server.networking.Server sendToAll
INFO: Reap dead connection: [DummyConnection Server connection - model.nation.inca]
May 13, 2017 5:01:17 AM net.sf.freecol.server.networking.Server sendToAll
INFO: Reap dead connection: [DummyConnection Server connection - model.nation.sioux]
May 13, 2017 5:01:17 AM net.sf.freecol.server.networking.Server sendToAll
INFO: Reap dead connection: [DummyConnection Server connection - model.nation.english]
May 13, 2017 5:01:17 AM net.sf.freecol.server.networking.Server sendToAll
INFO: Reap dead connection: [DummyConnection Server connection - model.nation.spanish]
May 13, 2017 5:01:17 AM net.sf.freecol.common.model.Specification applyDifficultyLevel
INFO: Applying difficulty level model.difficulty.medium
May 13, 2017 5:01:17 AM net.sf.freecol.common.FreeColSeed getFreeColSeed
INFO: Using seed: -7368304974402937910
May 13, 2017 5:01:17 AM net.sf.freecol.server.networking.Server sendToAll
INFO: Reap dead connection: [DummyConnection Server connection - model.nation.iroquois]
May 13, 2017 5:01:17 AM net.sf.freecol.server.networking.Server sendToAll
INFO: Reap dead connection: [DummyConnection Server connection - model.nation.apache]
May 13, 2017 5:01:17 AM net.sf.freecol.server.networking.Server sendToAll
INFO: Reap dead connection: [DummyConnection Server connection - model.nation.tupi]
May 13, 2017 5:01:17 AM net.sf.freecol.server.networking.Server sendToAll
INFO: Reap dead connection: [DummyConnection Server connection - model.nation.sioux]
May 13, 2017 5:01:17 AM net.sf.freecol.server.networking.Server sendToAll
INFO: Reap dead connection: [DummyConnection Server connection - model.nation.english]
May 13, 2017 5:01:17 AM net.sf.freecol.server.networking.Server sendToAll
INFO: Reap dead connection: [DummyConnection Server connection - model.nation.inca]
May 13, 2017 5:01:17 AM net.sf.freecol.server.networking.Server sendToAll
INFO: Reap dead connection: [DummyConnection Server connection - model.nation.cherokee]
May 13, 2017 5:01:17 AM net.sf.freecol.server.networking.Server sendToAll
INFO: Reap dead connection: [DummyConnection Server connection - model.nation.arawak]
May 13, 2017 5:01:17 AM net.sf.freecol.server.networking.Server sendToAll
INFO: Reap dead connection: [DummyConnection Server connection - model.nation.french]
May 13, 2017 5:01:17 AM net.sf.freecol.server.networking.Server sendToAll
INFO: Reap dead connection: [DummyConnection Server connection - model.nation.spanish]
May 13, 2017 5:01:17 AM net.sf.freecol.server.networking.Server sendToAll
INFO: Reap dead connection: [DummyConnection Server connection - model.nation.dutch]
May 13, 2017 5:01:17 AM net.sf.freecol.server.networking.Server sendToAll
INFO: Reap dead connection: [DummyConnection Server connection - model.nation.aztec]
May 13, 2017 5:01:17 AM net.sf.freecol.common.model.Specification applyDifficultyLevel
INFO: Applying difficulty level model.difficulty.medium
May 13, 2017 5:01:17 AM net.sf.freecol.common.FreeColSeed getFreeColSeed
INFO: Using seed: -8281835409425205227
May 13, 2017 5:01:17 AM net.sf.freecol.server.networking.Server sendToAll
INFO: Reap dead connection: [DummyConnection Server connection - model.nation.arawak]
May 13, 2017 5:01:17 AM net.sf.freecol.server.networking.Server sendToAll
INFO: Reap dead connection: [DummyConnection Server connection - model.nation.spanish]
May 13, 2017 5:01:17 AM net.sf.freecol.server.networking.Server sendToAll
INFO: Reap dead connection: [DummyConnection Server connection - model.nation.apache]
May 13, 2017 5:01:17 AM net.sf.freecol.server.networking.Server sendToAll
INFO: Reap dead connection: [DummyConnection Server connection - model.nation.french]
May 13, 2017 5:01:17 AM net.sf.freecol.server.networking.Server sendToAll
INFO: Reap dead connection: [DummyConnection Server connection - model.nation.tupi]
May 13, 2017 5:01:17 AM net.sf.freecol.server.networking.Server sendToAll
INFO: Reap dead connection: [DummyConnection Server connection - model.nation.dutch]
May 13, 2017 5:01:17 AM net.sf.freecol.server.networking.Server sendToAll
INFO: Reap dead connection: [DummyConnection Server connection - model.nation.iroquois]
May 13, 2017 5:01:17 AM net.sf.freecol.server.networking.Server sendToAll
INFO: Reap dead connection: [DummyConnection Server connection - model.nation.english]
May 13, 2017 5:01:17 AM net.sf.freecol.server.networking.Server sendToAll
INFO: Reap dead connection: [DummyConnection Server connection - model.nation.inca]
May 13, 2017 5:01:17 AM net.sf.freecol.server.networking.Server sendToAll
INFO: Reap dead connection: [DummyConnection Server connection - model.nation.cherokee]
May 13, 2017 5:01:17 AM net.sf.freecol.server.networking.Server sendToAll
INFO: Reap dead connection: [DummyConnection Server connection - model.nation.sioux]
May 13, 2017 5:01:17 AM net.sf.freecol.server.networking.Server sendToAll
INFO: Reap dead connection: [DummyConnection Server connection - model.nation.aztec]
May 13, 2017 5:01:17 AM net.sf.freecol.common.model.Specification applyDifficultyLevel
INFO: Applying difficulty level model.difficulty.medium
May 13, 2017 5:01:17 AM net.sf.freecol.common.FreeColSeed getFreeColSeed
INFO: Using seed: -1911473588675018778
May 13, 2017 5:01:17 AM net.sf.freecol.server.networking.Server sendToAll
INFO: Reap dead connection: [DummyConnection Server connection - model.nation.arawak]
May 13, 2017 5:01:17 AM net.sf.freecol.server.networking.Server sendToAll
INFO: Reap dead connection: [DummyConnection Server connection - model.nation.english]
May 13, 2017 5:01:17 AM net.sf.freecol.server.networking.Server sendToAll
INFO: Reap dead connection: [DummyConnection Server connection - model.nation.dutch]
May 13, 2017 5:01:17 AM net.sf.freecol.server.networking.Server sendToAll
INFO: Reap dead connection: [DummyConnection Server connection - model.nation.cherokee]
May 13, 2017 5:01:17 AM net.sf.freecol.server.networking.Server sendToAll
INFO: Reap dead connection: [DummyConnection Server connection - model.nation.spanish]
May 13, 2017 5:01:17 AM net.sf.freecol.server.networking.Server sendToAll
INFO: Reap dead connection: [DummyConnection Server connection - model.nation.iroquois]
May 13, 2017 5:01:17 AM net.sf.freecol.server.networking.Server sendToAll
INFO: Reap dead connection: [DummyConnection Server connection - model.nation.sioux]
May 13, 2017 5:01:17 AM net.sf.freecol.server.networking.Server sendToAll
INFO: Reap dead connection: [DummyConnection Server connection - model.nation.inca]
May 13, 2017 5:01:17 AM net.sf.freecol.server.networking.Server sendToAll
INFO: Reap dead connection: [DummyConnection Server connection - model.nation.aztec]
May 13, 2017 5:01:17 AM net.sf.freecol.server.networking.Server sendToAll
INFO: Reap dead connection: [DummyConnection Server connection - model.nation.french]
May 13, 2017 5:01:17 AM net.sf.freecol.server.networking.Server sendToAll
INFO: Reap dead connection: [DummyConnection Server connection - model.nation.tupi]
May 13, 2017 5:01:17 AM net.sf.freecol.server.networking.Server sendToAll
INFO: Reap dead connection: [DummyConnection Server connection - model.nation.apache]
May 13, 2017 5:01:17 AM net.sf.freecol.common.model.Specification applyDifficultyLevel
INFO: Applying difficulty level model.difficulty.medium
May 13, 2017 5:01:17 AM net.sf.freecol.common.FreeColSeed getFreeColSeed
INFO: Using seed: -8971543745696558989
May 13, 2017 5:01:17 AM net.sf.freecol.server.networking.Server sendToAll
INFO: Reap dead connection: [DummyConnection Server connection - model.nation.apache]
May 13, 2017 5:01:17 AM net.sf.freecol.server.networking.Server sendToAll
INFO: Reap dead connection: [DummyConnection Server connection - model.nation.english]
May 13, 2017 5:01:17 AM net.sf.freecol.server.networking.Server sendToAll
INFO: Reap dead connection: [DummyConnection Server connection - model.nation.aztec]
May 13, 2017 5:01:17 AM net.sf.freecol.server.networking.Server sendToAll
INFO: Reap dead connection: [DummyConnection Server connection - model.nation.dutch]
May 13, 2017 5:01:17 AM net.sf.freecol.server.networking.Server sendToAll
INFO: Reap dead connection: [DummyConnection Server connection - model.nation.french]
May 13, 2017 5:01:17 AM net.sf.freecol.server.networking.Server sendToAll
INFO: Reap dead connection: [DummyConnection Server connection - model.nation.iroquois]
May 13, 2017 5:01:17 AM net.sf.freecol.server.networking.Server sendToAll
INFO: Reap dead connection: [DummyConnection Server connection - model.nation.arawak]
May 13, 2017 5:01:17 AM net.sf.freecol.server.networking.Server sendToAll
INFO: Reap dead connection: [DummyConnection Server connection - model.nation.tupi]
May 13, 2017 5:01:17 AM net.sf.freecol.server.networking.Server sendToAll
INFO: Reap dead connection: [DummyConnection Server connection - model.nation.cherokee]
May 13, 2017 5:01:17 AM net.sf.freecol.server.networking.Server sendToAll
INFO: Reap dead connection: [DummyConnection Server connection - model.nation.sioux]
May 13, 2017 5:01:17 AM net.sf.freecol.server.networking.Server sendToAll
INFO: Reap dead connection: [DummyConnection Server connection - model.nation.inca]
May 13, 2017 5:01:17 AM net.sf.freecol.server.networking.Server sendToAll
INFO: Reap dead connection: [DummyConnection Server connection - model.nation.spanish]
May 13, 2017 5:01:17 AM net.sf.freecol.common.model.Specification applyDifficultyLevel
INFO: Applying difficulty level model.difficulty.medium
May 13, 2017 5:01:17 AM net.sf.freecol.common.FreeColSeed getFreeColSeed
INFO: Using seed: -6113939988236761059
May 13, 2017 5:01:17 AM net.sf.freecol.server.networking.Server sendToAll
INFO: Reap dead connection: [DummyConnection Server connection - model.nation.dutch]
May 13, 2017 5:01:17 AM net.sf.freecol.server.networking.Server sendToAll
INFO: Reap dead connection: [DummyConnection Server connection - model.nation.tupi]
May 13, 2017 5:01:17 AM net.sf.freecol.server.networking.Server sendToAll
INFO: Reap dead connection: [DummyConnection Server connection - model.nation.aztec]
May 13, 2017 5:01:17 AM net.sf.freecol.server.networking.Server sendToAll
INFO: Reap dead connection: [DummyConnection Server connection - model.nation.sioux]
May 13, 2017 5:01:17 AM net.sf.freecol.server.networking.Server sendToAll
INFO: Reap dead connection: [DummyConnection Server connection - model.nation.cherokee]
May 13, 2017 5:01:17 AM net.sf.freecol.server.networking.Server sendToAll
INFO: Reap dead connection: [DummyConnection Server connection - model.nation.arawak]
May 13, 2017 5:01:17 AM net.sf.freecol.server.networking.Server sendToAll
INFO: Reap dead connection: [DummyConnection Server connection - model.nation.spanish]
May 13, 2017 5:01:17 AM net.sf.freecol.server.networking.Server sendToAll
INFO: Reap dead connection: [DummyConnection Server connection - model.nation.iroquois]
May 13, 2017 5:01:17 AM net.sf.freecol.server.networking.Server sendToAll
INFO: Reap dead connection: [DummyConnection Server connection - model.nation.french]
May 13, 2017 5:01:17 AM net.sf.freecol.server.networking.Server sendToAll
INFO: Reap dead connection: [DummyConnection Server connection - model.nation.apache]
May 13, 2017 5:01:17 AM net.sf.freecol.server.networking.Server sendToAll
INFO: Reap dead connection: [DummyConnection Server connection - model.nation.inca]
May 13, 2017 5:01:17 AM net.sf.freecol.server.networking.Server sendToAll
INFO: Reap dead connection: [DummyConnection Server connection - model.nation.english]
May 13, 2017 5:01:17 AM net.sf.freecol.common.model.Specification applyDifficultyLevel
INFO: Applying difficulty level model.difficulty.medium
May 13, 2017 5:01:17 AM net.sf.freecol.common.FreeColSeed getFreeColSeed
INFO: Using seed: -8792179507690167377
May 13, 2017 5:01:17 AM net.sf.freecol.server.networking.Server sendToAll
INFO: Reap dead connection: [DummyConnection Server connection - model.nation.cherokee]
May 13, 2017 5:01:17 AM net.sf.freecol.server.networking.Server sendToAll
INFO: Reap dead connection: [DummyConnection Server connection - model.nation.iroquois]
May 13, 2017 5:01:17 AM net.sf.freecol.server.networking.Server sendToAll
INFO: Reap dead connection: [DummyConnection Server connection - model.nation.dutch]
May 13, 2017 5:01:17 AM net.sf.freecol.server.networking.Server sendToAll
INFO: Reap dead connection: [DummyConnection Server connection - model.nation.french]
May 13, 2017 5:01:17 AM net.sf.freecol.server.networking.Server sendToAll
INFO: Reap dead connection: [DummyConnection Server connection - model.nation.arawak]
May 13, 2017 5:01:17 AM net.sf.freecol.server.networking.Server sendToAll
INFO: Reap dead connection: [DummyConnection Server connection - model.nation.english]
May 13, 2017 5:01:17 AM net.sf.freecol.server.networking.Server sendToAll
INFO: Reap dead connection: [DummyConnection Server connection - model.nation.sioux]
May 13, 2017 5:01:17 AM net.sf.freecol.server.networking.Server sendToAll
INFO: Reap dead connection: [DummyConnection Server connection - model.nation.spanish]
May 13, 2017 5:01:17 AM net.sf.freecol.server.networking.Server sendToAll
INFO: Reap dead connection: [DummyConnection Server connection - model.nation.aztec]
May 13, 2017 5:01:17 AM net.sf.freecol.server.networking.Server sendToAll
INFO: Reap dead connection: [DummyConnection Server connection - model.nation.inca]
May 13, 2017 5:01:17 AM net.sf.freecol.server.networking.Server sendToAll
INFO: Reap dead connection: [DummyConnection Server connection - model.nation.tupi]
May 13, 2017 5:01:17 AM net.sf.freecol.server.networking.Server sendToAll
INFO: Reap dead connection: [DummyConnection Server connection - model.nation.apache]
May 13, 2017 5:01:17 AM net.sf.freecol.common.model.Specification applyDifficultyLevel
INFO: Applying difficulty level model.difficulty.medium
May 13, 2017 5:01:17 AM net.sf.freecol.common.FreeColSeed getFreeColSeed
INFO: Using seed: -2325134156543289273
May 13, 2017 5:01:17 AM net.sf.freecol.server.networking.Server sendToAll
INFO: Reap dead connection: [DummyConnection Server connection - model.nation.dutch]
May 13, 2017 5:01:17 AM net.sf.freecol.server.networking.Server sendToAll
INFO: Reap dead connection: [DummyConnection Server connection - model.nation.arawak]
May 13, 2017 5:01:17 AM net.sf.freecol.server.networking.Server sendToAll
INFO: Reap dead connection: [DummyConnection Server connection - model.nation.tupi]
May 13, 2017 5:01:17 AM net.sf.freecol.server.networking.Server sendToAll
INFO: Reap dead connection: [DummyConnection Server connection - model.nation.iroquois]
May 13, 2017 5:01:17 AM net.sf.freecol.server.networking.Server sendToAll
INFO: Reap dead connection: [DummyConnection Server connection - model.nation.inca]
May 13, 2017 5:01:17 AM net.sf.freecol.server.networking.Server sendToAll
INFO: Reap dead connection: [DummyConnection Server connection - model.nation.spanish]
May 13, 2017 5:01:17 AM net.sf.freecol.server.networking.Server sendToAll
INFO: Reap dead connection: [DummyConnection Server connection - model.nation.aztec]
May 13, 2017 5:01:17 AM net.sf.freecol.server.networking.Server sendToAll
INFO: Reap dead connection: [DummyConnection Server connection - model.nation.apache]
May 13, 2017 5:01:17 AM net.sf.freecol.server.networking.Server sendToAll
INFO: Reap dead connection: [DummyConnection Server connection - model.nation.cherokee]
May 13, 2017 5:01:17 AM net.sf.freecol.server.networking.Server sendToAll
INFO: Reap dead connection: [DummyConnection Server connection - model.nation.sioux]
May 13, 2017 5:01:17 AM net.sf.freecol.server.networking.Server sendToAll
INFO: Reap dead connection: [DummyConnection Server connection - model.nation.english]
May 13, 2017 5:01:17 AM net.sf.freecol.server.networking.Server sendToAll
INFO: Reap dead connection: [DummyConnection Server connection - model.nation.french]
May 13, 2017 5:01:17 AM net.sf.freecol.common.model.Specification applyDifficultyLevel
INFO: Applying difficulty level model.difficulty.medium
May 13, 2017 5:01:17 AM net.sf.freecol.common.FreeColSeed getFreeColSeed
INFO: Using seed: -2139949375753230154
May 13, 2017 5:01:17 AM net.sf.freecol.server.networking.Server sendToAll
INFO: Reap dead connection: [DummyConnection Server connection - model.nation.aztec]
May 13, 2017 5:01:17 AM net.sf.freecol.server.networking.Server sendToAll
INFO: Reap dead connection: [DummyConnection Server connection - model.nation.spanish]
May 13, 2017 5:01:17 AM net.sf.freecol.server.networking.Server sendToAll
INFO: Reap dead connection: [DummyConnection Server connection - model.nation.arawak]
May 13, 2017 5:01:17 AM net.sf.freecol.server.networking.Server sendToAll
INFO: Reap dead connection: [DummyConnection Server connection - model.nation.cherokee]
May 13, 2017 5:01:17 AM net.sf.freecol.server.networking.Server sendToAll
INFO: Reap dead connection: [DummyConnection Server connection - model.nation.tupi]
May 13, 2017 5:01:17 AM net.sf.freecol.server.networking.Server sendToAll
INFO: Reap dead connection: [DummyConnection Server connection - model.nation.sioux]
May 13, 2017 5:01:17 AM net.sf.freecol.server.networking.Server sendToAll
INFO: Reap dead connection: [DummyConnection Server connection - model.nation.iroquois]
May 13, 2017 5:01:17 AM net.sf.freecol.server.networking.Server sendToAll
INFO: Reap dead connection: [DummyConnection Server connection - model.nation.dutch]
May 13, 2017 5:01:17 AM net.sf.freecol.server.networking.Server sendToAll
INFO: Reap dead connection: [DummyConnection Server connection - model.nation.french]
May 13, 2017 5:01:17 AM net.sf.freecol.server.networking.Server sendToAll
INFO: Reap dead connection: [DummyConnection Server connection - model.nation.apache]
May 13, 2017 5:01:17 AM net.sf.freecol.server.networking.Server sendToAll
INFO: Reap dead connection: [DummyConnection Server connection - model.nation.inca]
May 13, 2017 5:01:17 AM net.sf.freecol.server.networking.Server sendToAll
INFO: Reap dead connection: [DummyConnection Server connection - model.nation.english]
May 13, 2017 5:01:17 AM net.sf.freecol.common.model.Specification applyDifficultyLevel
INFO: Applying difficulty level model.difficulty.medium
May 13, 2017 5:01:17 AM net.sf.freecol.common.FreeColSeed getFreeColSeed
INFO: Using seed: -7257630390409620180
May 13, 2017 5:01:17 AM net.sf.freecol.server.networking.Server sendToAll
INFO: Reap dead connection: [DummyConnection Server connection - model.nation.tupi]
May 13, 2017 5:01:17 AM net.sf.freecol.server.networking.Server sendToAll
INFO: Reap dead connection: [DummyConnection Server connection - model.nation.sioux]
May 13, 2017 5:01:17 AM net.sf.freecol.server.networking.Server sendToAll
INFO: Reap dead connection: [DummyConnection Server connection - model.nation.cherokee]
May 13, 2017 5:01:17 AM net.sf.freecol.server.networking.Server sendToAll
INFO: Reap dead connection: [DummyConnection Server connection - model.nation.french]
May 13, 2017 5:01:17 AM net.sf.freecol.server.networking.Server sendToAll
INFO: Reap dead connection: [DummyConnection Server connection - model.nation.arawak]
May 13, 2017 5:01:17 AM net.sf.freecol.server.networking.Server sendToAll
INFO: Reap dead connection: [DummyConnection Server connection - model.nation.english]
May 13, 2017 5:01:17 AM net.sf.freecol.server.networking.Server sendToAll
INFO: Reap dead connection: [DummyConnection Server connection - model.nation.dutch]
May 13, 2017 5:01:17 AM net.sf.freecol.server.networking.Server sendToAll
INFO: Reap dead connection: [DummyConnection Server connection - model.nation.aztec]
May 13, 2017 5:01:17 AM net.sf.freecol.server.networking.Server sendToAll
INFO: Reap dead connection: [DummyConnection Server connection - model.nation.spanish]
May 13, 2017 5:01:17 AM net.sf.freecol.server.networking.Server sendToAll
INFO: Reap dead connection: [DummyConnection Server connection - model.nation.iroquois]
May 13, 2017 5:01:17 AM net.sf.freecol.server.networking.Server sendToAll
INFO: Reap dead connection: [DummyConnection Server connection - model.nation.apache]
May 13, 2017 5:01:17 AM net.sf.freecol.server.networking.Server sendToAll
INFO: Reap dead connection: [DummyConnection Server connection - model.nation.inca]
May 13, 2017 5:01:17 AM net.sf.freecol.common.model.Specification applyDifficultyLevel
INFO: Applying difficulty level model.difficulty.medium
May 13, 2017 5:01:17 AM net.sf.freecol.common.FreeColSeed getFreeColSeed
INFO: Using seed: -8602267890578279122
May 13, 2017 5:01:17 AM net.sf.freecol.server.networking.Server sendToAll
INFO: Reap dead connection: [DummyConnection Server connection - model.nation.inca]
May 13, 2017 5:01:17 AM net.sf.freecol.server.networking.Server sendToAll
INFO: Reap dead connection: [DummyConnection Server connection - model.nation.tupi]
May 13, 2017 5:01:17 AM net.sf.freecol.server.networking.Server sendToAll
INFO: Reap dead connection: [DummyConnection Server connection - model.nation.french]
May 13, 2017 5:01:17 AM net.sf.freecol.server.networking.Server sendToAll
INFO: Reap dead connection: [DummyConnection Server connection - model.nation.spanish]
May 13, 2017 5:01:17 AM net.sf.freecol.server.networking.Server sendToAll
INFO: Reap dead connection: [DummyConnection Server connection - model.nation.english]
May 13, 2017 5:01:17 AM net.sf.freecol.server.networking.Server sendToAll
INFO: Reap dead connection: [DummyConnection Server connection - model.nation.apache]
May 13, 2017 5:01:17 AM net.sf.freecol.server.networking.Server sendToAll
INFO: Reap dead connection: [DummyConnection Server connection - model.nation.dutch]
May 13, 2017 5:01:17 AM net.sf.freecol.server.networking.Server sendToAll
INFO: Reap dead connection: [DummyConnection Server connection - model.nation.arawak]
May 13, 2017 5:01:17 AM net.sf.freecol.server.networking.Server sendToAll
INFO: Reap dead connection: [DummyConnection Server connection - model.nation.aztec]
May 13, 2017 5:01:17 AM net.sf.freecol.server.networking.Server sendToAll
INFO: Reap dead connection: [DummyConnection Server connection - model.nation.cherokee]
May 13, 2017 5:01:17 AM net.sf.freecol.server.networking.Server sendToAll
INFO: Reap dead connection: [DummyConnection Server connection - model.nation.iroquois]
May 13, 2017 5:01:17 AM net.sf.freecol.server.networking.Server sendToAll
INFO: Reap dead connection: [DummyConnection Server connection - model.nation.sioux]
May 13, 2017 5:01:17 AM net.sf.freecol.common.model.Specification applyDifficultyLevel
INFO: Applying difficulty level model.difficulty.medium
May 13, 2017 5:01:17 AM net.sf.freecol.common.FreeColSeed getFreeColSeed
INFO: Using seed: -7249804955337045809
May 13, 2017 5:01:17 AM net.sf.freecol.server.networking.Server sendToAll
INFO: Reap dead connection: [DummyConnection Server connection - model.nation.french]
May 13, 2017 5:01:17 AM net.sf.freecol.server.networking.Server sendToAll
INFO: Reap dead connection: [DummyConnection Server connection - model.nation.cherokee]
May 13, 2017 5:01:17 AM net.sf.freecol.server.networking.Server sendToAll
INFO: Reap dead connection: [DummyConnection Server connection - model.nation.spanish]
May 13, 2017 5:01:17 AM net.sf.freecol.server.networking.Server sendToAll
INFO: Reap dead connection: [DummyConnection Server connection - model.nation.aztec]
May 13, 2017 5:01:17 AM net.sf.freecol.server.networking.Server sendToAll
INFO: Reap dead connection: [DummyConnection Server connection - model.nation.dutch]
May 13, 2017 5:01:17 AM net.sf.freecol.server.networking.Server sendToAll
INFO: Reap dead connection: [DummyConnection Server connection - model.nation.tupi]
May 13, 2017 5:01:17 AM net.sf.freecol.server.networking.Server sendToAll
INFO: Reap dead connection: [DummyConnection Server connection - model.nation.sioux]
May 13, 2017 5:01:17 AM net.sf.freecol.server.networking.Server sendToAll
INFO: Reap dead connection: [DummyConnection Server connection - model.nation.english]
May 13, 2017 5:01:17 AM net.sf.freecol.server.networking.Server sendToAll
INFO: Reap dead connection: [DummyConnection Server connection - model.nation.apache]
May 13, 2017 5:01:17 AM net.sf.freecol.server.networking.Server sendToAll
INFO: Reap dead connection: [DummyConnection Server connection - model.nation.inca]
May 13, 2017 5:01:17 AM net.sf.freecol.server.networking.Server sendToAll
INFO: Reap dead connection: [DummyConnection Server connection - model.nation.iroquois]
May 13, 2017 5:01:17 AM net.sf.freecol.server.networking.Server sendToAll
INFO: Reap dead connection: [DummyConnection Server connection - model.nation.arawak]
May 13, 2017 5:01:17 AM net.sf.freecol.common.model.Specification applyDifficultyLevel
INFO: Applying difficulty level model.difficulty.medium
May 13, 2017 5:01:17 AM net.sf.freecol.common.FreeColSeed getFreeColSeed
INFO: Using seed: -1754616295411038982
May 13, 2017 5:01:17 AM net.sf.freecol.server.networking.Server sendToAll
INFO: Reap dead connection: [DummyConnection Server connection - model.nation.tupi]
May 13, 2017 5:01:17 AM net.sf.freecol.server.networking.Server sendToAll
INFO: Reap dead connection: [DummyConnection Server connection - model.nation.sioux]
May 13, 2017 5:01:17 AM net.sf.freecol.server.networking.Server sendToAll
INFO: Reap dead connection: [DummyConnection Server connection - model.nation.spanish]
May 13, 2017 5:01:17 AM net.sf.freecol.server.networking.Server sendToAll
INFO: Reap dead connection: [DummyConnection Server connection - model.nation.arawak]
May 13, 2017 5:01:17 AM net.sf.freecol.server.networking.Server sendToAll
INFO: Reap dead connection: [DummyConnection Server connection - model.nation.dutch]
May 13, 2017 5:01:17 AM net.sf.freecol.server.networking.Server sendToAll
INFO: Reap dead connection: [DummyConnection Server connection - model.nation.cherokee]
May 13, 2017 5:01:17 AM net.sf.freecol.server.networking.Server sendToAll
INFO: Reap dead connection: [DummyConnection Server connection - model.nation.french]
May 13, 2017 5:01:17 AM net.sf.freecol.server.networking.Server sendToAll
INFO: Reap dead connection: [DummyConnection Server connection - model.nation.apache]
May 13, 2017 5:01:17 AM net.sf.freecol.server.networking.Server sendToAll
INFO: Reap dead connection: [DummyConnection Server connection - model.nation.inca]
May 13, 2017 5:01:17 AM net.sf.freecol.server.networking.Server sendToAll
INFO: Reap dead connection: [DummyConnection Server connection - model.nation.iroquois]
May 13, 2017 5:01:17 AM net.sf.freecol.server.networking.Server sendToAll
INFO: Reap dead connection: [DummyConnection Server connection - model.nation.english]
May 13, 2017 5:01:17 AM net.sf.freecol.server.networking.Server sendToAll
INFO: Reap dead connection: [DummyConnection Server connection - model.nation.aztec]
May 13, 2017 5:01:17 AM net.sf.freecol.common.model.Specification applyDifficultyLevel
INFO: Applying difficulty level model.difficulty.medium
May 13, 2017 5:01:17 AM net.sf.freecol.common.FreeColSeed getFreeColSeed
INFO: Using seed: 694602441765439757
May 13, 2017 5:01:17 AM net.sf.freecol.server.networking.Server sendToAll
INFO: Reap dead connection: [DummyConnection Server connection - model.nation.arawak]
May 13, 2017 5:01:17 AM net.sf.freecol.server.networking.Server sendToAll
INFO: Reap dead connection: [DummyConnection Server connection - model.nation.inca]
May 13, 2017 5:01:17 AM net.sf.freecol.server.networking.Server sendToAll
INFO: Reap dead connection: [DummyConnection Server connection - model.nation.cherokee]
May 13, 2017 5:01:17 AM net.sf.freecol.server.networking.Server sendToAll
INFO: Reap dead connection: [DummyConnection Server connection - model.nation.sioux]
May 13, 2017 5:01:17 AM net.sf.freecol.server.networking.Server sendToAll
INFO: Reap dead connection: [DummyConnection Server connection - model.nation.dutch]
May 13, 2017 5:01:17 AM net.sf.freecol.server.networking.Server sendToAll
INFO: Reap dead connection: [DummyConnection Server connection - model.nation.aztec]
May 13, 2017 5:01:17 AM net.sf.freecol.server.networking.Server sendToAll
INFO: Reap dead connection: [DummyConnection Server connection - model.nation.spanish]
May 13, 2017 5:01:17 AM net.sf.freecol.server.networking.Server sendToAll
INFO: Reap dead connection: [DummyConnection Server connection - model.nation.tupi]
May 13, 2017 5:01:17 AM net.sf.freecol.server.networking.Server sendToAll
INFO: Reap dead connection: [DummyConnection Server connection - model.nation.french]
May 13, 2017 5:01:17 AM net.sf.freecol.server.networking.Server sendToAll
INFO: Reap dead connection: [DummyConnection Server connection - model.nation.english]
May 13, 2017 5:01:17 AM net.sf.freecol.server.networking.Server sendToAll
INFO: Reap dead connection: [DummyConnection Server connection - model.nation.apache]
May 13, 2017 5:01:17 AM net.sf.freecol.server.networking.Server sendToAll
INFO: Reap dead connection: [DummyConnection Server connection - model.nation.iroquois]
May 13, 2017 5:01:17 AM net.sf.freecol.common.model.Specification applyDifficultyLevel
INFO: Applying difficulty level model.difficulty.medium
May 13, 2017 5:01:17 AM net.sf.freecol.common.FreeColSeed getFreeColSeed
INFO: Using seed: -2685888897576132697
May 13, 2017 5:01:17 AM net.sf.freecol.server.networking.Server sendToAll
INFO: Reap dead connection: [DummyConnection Server connection - model.nation.sioux]
May 13, 2017 5:01:17 AM net.sf.freecol.server.networking.Server sendToAll
INFO: Reap dead connection: [DummyConnection Server connection - model.nation.inca]
May 13, 2017 5:01:17 AM net.sf.freecol.server.networking.Server sendToAll
INFO: Reap dead connection: [DummyConnection Server connection - model.nation.iroquois]
May 13, 2017 5:01:17 AM net.sf.freecol.server.networking.Server sendToAll
INFO: Reap dead connection: [DummyConnection Server connection - model.nation.english]
May 13, 2017 5:01:17 AM net.sf.freecol.server.networking.Server sendToAll
INFO: Reap dead connection: [DummyConnection Server connection - model.nation.cherokee]
May 13, 2017 5:01:17 AM net.sf.freecol.server.networking.Server sendToAll
INFO: Reap dead connection: [DummyConnection Server connection - model.nation.tupi]
May 13, 2017 5:01:17 AM net.sf.freecol.server.networking.Server sendToAll
INFO: Reap dead connection: [DummyConnection Server connection - model.nation.aztec]
May 13, 2017 5:01:17 AM net.sf.freecol.server.networking.Server sendToAll
INFO: Reap dead connection: [DummyConnection Server connection - model.nation.dutch]
May 13, 2017 5:01:17 AM net.sf.freecol.server.networking.Server sendToAll
INFO: Reap dead connection: [DummyConnection Server connection - model.nation.french]
May 13, 2017 5:01:17 AM net.sf.freecol.server.networking.Server sendToAll
INFO: Reap dead connection: [DummyConnection Server connection - model.nation.spanish]
May 13, 2017 5:01:17 AM net.sf.freecol.server.networking.Server sendToAll
INFO: Reap dead connection: [DummyConnection Server connection - model.nation.arawak]
May 13, 2017 5:01:17 AM net.sf.freecol.server.networking.Server sendToAll
INFO: Reap dead connection: [DummyConnection Server connection - model.nation.apache]
May 13, 2017 5:01:17 AM net.sf.freecol.common.model.Specification applyDifficultyLevel
INFO: Applying difficulty level model.difficulty.medium
May 13, 2017 5:01:17 AM net.sf.freecol.common.FreeColSeed getFreeColSeed
INFO: Using seed: -7926652692164861819
May 13, 2017 5:01:17 AM net.sf.freecol.server.networking.Server sendToAll
INFO: Reap dead connection: [DummyConnection Server connection - model.nation.iroquois]
May 13, 2017 5:01:17 AM net.sf.freecol.server.networking.Server sendToAll
INFO: Reap dead connection: [DummyConnection Server connection - model.nation.tupi]
May 13, 2017 5:01:17 AM net.sf.freecol.server.networking.Server sendToAll
INFO: Reap dead connection: [DummyConnection Server connection - model.nation.sioux]
May 13, 2017 5:01:17 AM net.sf.freecol.server.networking.Server sendToAll
INFO: Reap dead connection: [DummyConnection Server connection - model.nation.inca]
May 13, 2017 5:01:17 AM net.sf.freecol.server.networking.Server sendToAll
INFO: Reap dead connection: [DummyConnection Server connection - model.nation.french]
May 13, 2017 5:01:17 AM net.sf.freecol.server.networking.Server sendToAll
INFO: Reap dead connection: [DummyConnection Server connection - model.nation.apache]
May 13, 2017 5:01:17 AM net.sf.freecol.server.networking.Server sendToAll
INFO: Reap dead connection: [DummyConnection Server connection - model.nation.aztec]
May 13, 2017 5:01:17 AM net.sf.freecol.server.networking.Server sendToAll
INFO: Reap dead connection: [DummyConnection Server connection - model.nation.cherokee]
May 13, 2017 5:01:17 AM net.sf.freecol.server.networking.Server sendToAll
INFO: Reap dead connection: [DummyConnection Server connection - model.nation.dutch]
May 13, 2017 5:01:17 AM net.sf.freecol.server.networking.Server sendToAll
INFO: Reap dead connection: [DummyConnection Server connection - model.nation.english]
May 13, 2017 5:01:17 AM net.sf.freecol.server.networking.Server sendToAll
INFO: Reap dead connection: [DummyConnection Server connection - model.nation.spanish]
May 13, 2017 5:01:17 AM net.sf.freecol.server.networking.Server sendToAll
INFO: Reap dead connection: [DummyConnection Server connection - model.nation.arawak]
May 13, 2017 5:01:17 AM net.sf.freecol.common.model.Specification applyDifficultyLevel
INFO: Applying difficulty level model.difficulty.medium
May 13, 2017 5:01:17 AM net.sf.freecol.common.FreeColSeed getFreeColSeed
INFO: Using seed: 8807424082026627296
May 13, 2017 5:01:17 AM net.sf.freecol.server.networking.Server sendToAll
INFO: Reap dead connection: [DummyConnection Server connection - model.nation.sioux]
May 13, 2017 5:01:17 AM net.sf.freecol.server.networking.Server sendToAll
INFO: Reap dead connection: [DummyConnection Server connection - model.nation.spanish]
May 13, 2017 5:01:17 AM net.sf.freecol.server.networking.Server sendToAll
INFO: Reap dead connection: [DummyConnection Server connection - model.nation.iroquois]
May 13, 2017 5:01:17 AM net.sf.freecol.server.networking.Server sendToAll
INFO: Reap dead connection: [DummyConnection Server connection - model.nation.cherokee]
May 13, 2017 5:01:17 AM net.sf.freecol.server.networking.Server sendToAll
INFO: Reap dead connection: [DummyConnection Server connection - model.nation.tupi]
May 13, 2017 5:01:17 AM net.sf.freecol.server.networking.Server sendToAll
INFO: Reap dead connection: [DummyConnection Server connection - model.nation.french]
May 13, 2017 5:01:17 AM net.sf.freecol.server.networking.Server sendToAll
INFO: Reap dead connection: [DummyConnection Server connection - model.nation.arawak]
May 13, 2017 5:01:17 AM net.sf.freecol.server.networking.Server sendToAll
INFO: Reap dead connection: [DummyConnection Server connection - model.nation.aztec]
May 13, 2017 5:01:17 AM net.sf.freecol.server.networking.Server sendToAll
INFO: Reap dead connection: [DummyConnection Server connection - model.nation.english]
May 13, 2017 5:01:17 AM net.sf.freecol.server.networking.Server sendToAll
INFO: Reap dead connection: [DummyConnection Server connection - model.nation.dutch]
May 13, 2017 5:01:17 AM net.sf.freecol.server.networking.Server sendToAll
INFO: Reap dead connection: [DummyConnection Server connection - model.nation.apache]
May 13, 2017 5:01:17 AM net.sf.freecol.server.networking.Server sendToAll
INFO: Reap dead connection: [DummyConnection Server connection - model.nation.inca]
May 13, 2017 5:01:17 AM net.sf.freecol.common.model.Specification applyDifficultyLevel
INFO: Applying difficulty level model.difficulty.medium
May 13, 2017 5:01:17 AM net.sf.freecol.common.FreeColSeed getFreeColSeed
INFO: Using seed: 8504438467376865096
May 13, 2017 5:01:17 AM net.sf.freecol.server.networking.Server sendToAll
INFO: Reap dead connection: [DummyConnection Server connection - model.nation.french]
May 13, 2017 5:01:17 AM net.sf.freecol.server.networking.Server sendToAll
INFO: Reap dead connection: [DummyConnection Server connection - model.nation.iroquois]
May 13, 2017 5:01:17 AM net.sf.freecol.server.networking.Server sendToAll
INFO: Reap dead connection: [DummyConnection Server connection - model.nation.tupi]
May 13, 2017 5:01:17 AM net.sf.freecol.server.networking.Server sendToAll
INFO: Reap dead connection: [DummyConnection Server connection - model.nation.english]
May 13, 2017 5:01:17 AM net.sf.freecol.server.networking.Server sendToAll
INFO: Reap dead connection: [DummyConnection Server connection - model.nation.inca]
May 13, 2017 5:01:17 AM net.sf.freecol.server.networking.Server sendToAll
INFO: Reap dead connection: [DummyConnection Server connection - model.nation.aztec]
May 13, 2017 5:01:17 AM net.sf.freecol.server.networking.Server sendToAll
INFO: Reap dead connection: [DummyConnection Server connection - model.nation.sioux]
May 13, 2017 5:01:17 AM net.sf.freecol.server.networking.Server sendToAll
INFO: Reap dead connection: [DummyConnection Server connection - model.nation.arawak]
May 13, 2017 5:01:17 AM net.sf.freecol.server.networking.Server sendToAll
INFO: Reap dead connection: [DummyConnection Server connection - model.nation.apache]
May 13, 2017 5:01:17 AM net.sf.freecol.server.networking.Server sendToAll
INFO: Reap dead connection: [DummyConnection Server connection - model.nation.spanish]
May 13, 2017 5:01:17 AM net.sf.freecol.server.networking.Server sendToAll
INFO: Reap dead connection: [DummyConnection Server connection - model.nation.cherokee]
May 13, 2017 5:01:17 AM net.sf.freecol.server.networking.Server sendToAll
INFO: Reap dead connection: [DummyConnection Server connection - model.nation.dutch]
May 13, 2017 5:01:17 AM net.sf.freecol.common.networking.DOMMessage clientError
WARNING: Received message: move out of turn from player: model.nation.dutch
May 13, 2017 5:01:17 AM net.sf.freecol.server.ai.AIMessage checkError
WARNING: AIMessage.move error, messageId: server.reject message: Received message: move out of turn from player: model.nation.dutch
May 13, 2017 5:01:17 AM net.sf.freecol.common.model.Specification applyDifficultyLevel
INFO: Applying difficulty level model.difficulty.medium
May 13, 2017 5:01:17 AM net.sf.freecol.common.FreeColSeed getFreeColSeed
INFO: Using seed: -5631791033087858502
May 13, 2017 5:01:17 AM net.sf.freecol.server.networking.Server sendToAll
INFO: Reap dead connection: [DummyConnection Server connection - model.nation.tupi]
May 13, 2017 5:01:17 AM net.sf.freecol.server.networking.Server sendToAll
INFO: Reap dead connection: [DummyConnection Server connection - model.nation.sioux]
May 13, 2017 5:01:17 AM net.sf.freecol.server.networking.Server sendToAll
INFO: Reap dead connection: [DummyConnection Server connection - model.nation.dutch]
May 13, 2017 5:01:17 AM net.sf.freecol.server.networking.Server sendToAll
INFO: Reap dead connection: [DummyConnection Server connection - model.nation.inca]
May 13, 2017 5:01:17 AM net.sf.freecol.server.networking.Server sendToAll
INFO: Reap dead connection: [DummyConnection Server connection - model.nation.apache]
May 13, 2017 5:01:17 AM net.sf.freecol.server.networking.Server sendToAll
INFO: Reap dead connection: [DummyConnection Server connection - model.nation.spanish]
May 13, 2017 5:01:17 AM net.sf.freecol.server.networking.Server sendToAll
INFO: Reap dead connection: [DummyConnection Server connection - model.nation.french]
May 13, 2017 5:01:17 AM net.sf.freecol.server.networking.Server sendToAll
INFO: Reap dead connection: [DummyConnection Server connection - model.nation.arawak]
May 13, 2017 5:01:17 AM net.sf.freecol.server.networking.Server sendToAll
INFO: Reap dead connection: [DummyConnection Server connection - model.nation.aztec]
May 13, 2017 5:01:17 AM net.sf.freecol.server.networking.Server sendToAll
INFO: Reap dead connection: [DummyConnection Server connection - model.nation.iroquois]
May 13, 2017 5:01:17 AM net.sf.freecol.server.networking.Server sendToAll
INFO: Reap dead connection: [DummyConnection Server connection - model.nation.english]
May 13, 2017 5:01:17 AM net.sf.freecol.server.networking.Server sendToAll
INFO: Reap dead connection: [DummyConnection Server connection - model.nation.cherokee]
May 13, 2017 5:01:17 AM net.sf.freecol.common.networking.DOMMessage clientError
WARNING: Received message: move out of turn from player: model.nation.dutch
May 13, 2017 5:01:17 AM net.sf.freecol.server.ai.AIMessage checkError
WARNING: AIMessage.move error, messageId: server.reject message: Received message: move out of turn from player: model.nation.dutch
May 13, 2017 5:01:17 AM net.sf.freecol.common.model.Specification applyDifficultyLevel
INFO: Applying difficulty level model.difficulty.medium
May 13, 2017 5:01:17 AM net.sf.freecol.common.FreeColSeed getFreeColSeed
INFO: Using seed: 7071179416797906888
May 13, 2017 5:01:17 AM net.sf.freecol.server.networking.Server sendToAll
INFO: Reap dead connection: [DummyConnection Server connection - model.nation.cherokee]
May 13, 2017 5:01:17 AM net.sf.freecol.server.networking.Server sendToAll
INFO: Reap dead connection: [DummyConnection Server connection - model.nation.aztec]
May 13, 2017 5:01:17 AM net.sf.freecol.server.networking.Server sendToAll
INFO: Reap dead connection: [DummyConnection Server connection - model.nation.tupi]
May 13, 2017 5:01:17 AM net.sf.freecol.server.networking.Server sendToAll
INFO: Reap dead connection: [DummyConnection Server connection - model.nation.sioux]
May 13, 2017 5:01:17 AM net.sf.freecol.server.networking.Server sendToAll
INFO: Reap dead connection: [DummyConnection Server connection - model.nation.arawak]
May 13, 2017 5:01:17 AM net.sf.freecol.server.networking.Server sendToAll
INFO: Reap dead connection: [DummyConnection Server connection - model.nation.spanish]
May 13, 2017 5:01:17 AM net.sf.freecol.server.networking.Server sendToAll
INFO: Reap dead connection: [DummyConnection Server connection - model.nation.apache]
May 13, 2017 5:01:17 AM net.sf.freecol.server.networking.Server sendToAll
INFO: Reap dead connection: [DummyConnection Server connection - model.nation.dutch]
May 13, 2017 5:01:17 AM net.sf.freecol.server.networking.Server sendToAll
INFO: Reap dead connection: [DummyConnection Server connection - model.nation.inca]
May 13, 2017 5:01:17 AM net.sf.freecol.server.networking.Server sendToAll
INFO: Reap dead connection: [DummyConnection Server connection - model.nation.iroquois]
May 13, 2017 5:01:17 AM net.sf.freecol.server.networking.Server sendToAll
INFO: Reap dead connection: [DummyConnection Server connection - model.nation.french]
May 13, 2017 5:01:17 AM net.sf.freecol.server.networking.Server sendToAll
INFO: Reap dead connection: [DummyConnection Server connection - model.nation.english]
May 13, 2017 5:01:17 AM net.sf.freecol.common.networking.DOMMessage clientError
WARNING: Received message: move out of turn from player: model.nation.dutch
May 13, 2017 5:01:17 AM net.sf.freecol.server.ai.AIMessage checkError
WARNING: AIMessage.move error, messageId: server.reject message: Received message: move out of turn from player: model.nation.dutch
May 13, 2017 5:01:17 AM net.sf.freecol.common.model.Specification applyDifficultyLevel
INFO: Applying difficulty level model.difficulty.medium
May 13, 2017 5:01:17 AM net.sf.freecol.common.FreeColSeed getFreeColSeed
INFO: Using seed: -3111148806325995961
May 13, 2017 5:01:18 AM net.sf.freecol.server.networking.Server sendToAll
INFO: Reap dead connection: [DummyConnection Server connection - model.nation.iroquois]
May 13, 2017 5:01:18 AM net.sf.freecol.server.networking.Server sendToAll
INFO: Reap dead connection: [DummyConnection Server connection - model.nation.tupi]
May 13, 2017 5:01:18 AM net.sf.freecol.server.networking.Server sendToAll
INFO: Reap dead connection: [DummyConnection Server connection - model.nation.dutch]
May 13, 2017 5:01:18 AM net.sf.freecol.server.networking.Server sendToAll
INFO: Reap dead connection: [DummyConnection Server connection - model.nation.inca]
May 13, 2017 5:01:18 AM net.sf.freecol.server.networking.Server sendToAll
INFO: Reap dead connection: [DummyConnection Server connection - model.nation.cherokee]
May 13, 2017 5:01:18 AM net.sf.freecol.server.networking.Server sendToAll
INFO: Reap dead connection: [DummyConnection Server connection - model.nation.sioux]
May 13, 2017 5:01:18 AM net.sf.freecol.server.networking.Server sendToAll
INFO: Reap dead connection: [DummyConnection Server connection - model.nation.arawak]
May 13, 2017 5:01:18 AM net.sf.freecol.server.networking.Server sendToAll
INFO: Reap dead connection: [DummyConnection Server connection - model.nation.spanish]
May 13, 2017 5:01:18 AM net.sf.freecol.server.networking.Server sendToAll
INFO: Reap dead connection: [DummyConnection Server connection - model.nation.english]
May 13, 2017 5:01:18 AM net.sf.freecol.server.networking.Server sendToAll
INFO: Reap dead connection: [DummyConnection Server connection - model.nation.aztec]
May 13, 2017 5:01:18 AM net.sf.freecol.server.networking.Server sendToAll
INFO: Reap dead connection: [DummyConnection Server connection - model.nation.french]
May 13, 2017 5:01:18 AM net.sf.freecol.server.networking.Server sendToAll
INFO: Reap dead connection: [DummyConnection Server connection - model.nation.apache]
May 13, 2017 5:01:18 AM net.sf.freecol.common.util.LogBuilder log
INFO: Combat attacker=unit:250-privateer [Modifier model.modifier.offence (model.source.baseOffence) ADDITIVE 8.0 index=10] [Modifier model.modifier.attackBonus (model.source.attackBonus) PERCENTAGE 50.0 index=50] = 12.0 defender=unit:247-galleon [Modifier model.modifier.defence (model.source.baseDefence) ADDITIVE 10.0 index=10] = 10.0 odds=0.5454545454545454 random(1.0)=0.5254545211791992 great=false Attack WIN DAMAGE_SHIP_ATTACK
May 13, 2017 5:01:18 AM net.sf.freecol.common.util.LogBuilder log
INFO: Destroying: unit:249
May 13, 2017 5:01:18 AM net.sf.freecol.common.model.Specification applyDifficultyLevel
INFO: Applying difficulty level model.difficulty.medium
May 13, 2017 5:01:18 AM net.sf.freecol.common.FreeColSeed getFreeColSeed
INFO: Using seed: -8474565773923543543
May 13, 2017 5:01:18 AM net.sf.freecol.server.networking.Server sendToAll
INFO: Reap dead connection: [DummyConnection Server connection - model.nation.dutch]
May 13, 2017 5:01:18 AM net.sf.freecol.server.networking.Server sendToAll
INFO: Reap dead connection: [DummyConnection Server connection - model.nation.inca]
May 13, 2017 5:01:18 AM net.sf.freecol.server.networking.Server sendToAll
INFO: Reap dead connection: [DummyConnection Server connection - model.nation.french]
May 13, 2017 5:01:18 AM net.sf.freecol.server.networking.Server sendToAll
INFO: Reap dead connection: [DummyConnection Server connection - model.nation.spanish]
May 13, 2017 5:01:18 AM net.sf.freecol.server.networking.Server sendToAll
INFO: Reap dead connection: [DummyConnection Server connection - model.nation.sioux]
May 13, 2017 5:01:18 AM net.sf.freecol.server.networking.Server sendToAll
INFO: Reap dead connection: [DummyConnection Server connection - model.nation.tupi]
May 13, 2017 5:01:18 AM net.sf.freecol.server.networking.Server sendToAll
INFO: Reap dead connection: [DummyConnection Server connection - model.nation.apache]
May 13, 2017 5:01:18 AM net.sf.freecol.server.networking.Server sendToAll
INFO: Reap dead connection: [DummyConnection Server connection - model.nation.aztec]
May 13, 2017 5:01:18 AM net.sf.freecol.server.networking.Server sendToAll
INFO: Reap dead connection: [DummyConnection Server connection - model.nation.english]
May 13, 2017 5:01:18 AM net.sf.freecol.server.networking.Server sendToAll
INFO: Reap dead connection: [DummyConnection Server connection - model.nation.arawak]
May 13, 2017 5:01:18 AM net.sf.freecol.server.networking.Server sendToAll
INFO: Reap dead connection: [DummyConnection Server connection - model.nation.cherokee]
May 13, 2017 5:01:18 AM net.sf.freecol.server.networking.Server sendToAll
INFO: Reap dead connection: [DummyConnection Server connection - model.nation.iroquois]
May 13, 2017 5:01:18 AM net.sf.freecol.common.model.Specification applyDifficultyLevel
INFO: Applying difficulty level model.difficulty.medium
May 13, 2017 5:01:18 AM net.sf.freecol.common.FreeColSeed getFreeColSeed
INFO: Using seed: 8600622983895467656
May 13, 2017 5:01:18 AM net.sf.freecol.server.networking.Server sendToAll
INFO: Reap dead connection: [DummyConnection Server connection - model.nation.french]
May 13, 2017 5:01:18 AM net.sf.freecol.server.networking.Server sendToAll
INFO: Reap dead connection: [DummyConnection Server connection - model.nation.dutch]
May 13, 2017 5:01:18 AM net.sf.freecol.server.networking.Server sendToAll
INFO: Reap dead connection: [DummyConnection Server connection - model.nation.aztec]
May 13, 2017 5:01:18 AM net.sf.freecol.server.networking.Server sendToAll
INFO: Reap dead connection: [DummyConnection Server connection - model.nation.tupi]
May 13, 2017 5:01:18 AM net.sf.freecol.server.networking.Server sendToAll
INFO: Reap dead connection: [DummyConnection Server connection - model.nation.inca]
May 13, 2017 5:01:18 AM net.sf.freecol.server.networking.Server sendToAll
INFO: Reap dead connection: [DummyConnection Server connection - model.nation.iroquois]
May 13, 2017 5:01:18 AM net.sf.freecol.server.networking.Server sendToAll
INFO: Reap dead connection: [DummyConnection Server connection - model.nation.arawak]
May 13, 2017 5:01:18 AM net.sf.freecol.server.networking.Server sendToAll
INFO: Reap dead connection: [DummyConnection Server connection - model.nation.sioux]
May 13, 2017 5:01:18 AM net.sf.freecol.server.networking.Server sendToAll
INFO: Reap dead connection: [DummyConnection Server connection - model.nation.english]
May 13, 2017 5:01:18 AM net.sf.freecol.server.networking.Server sendToAll
INFO: Reap dead connection: [DummyConnection Server connection - model.nation.cherokee]
May 13, 2017 5:01:18 AM net.sf.freecol.server.networking.Server sendToAll
INFO: Reap dead connection: [DummyConnection Server connection - model.nation.spanish]
May 13, 2017 5:01:18 AM net.sf.freecol.server.networking.Server sendToAll
INFO: Reap dead connection: [DummyConnection Server connection - model.nation.apache]
May 13, 2017 5:01:18 AM net.sf.freecol.common.model.Specification applyDifficultyLevel
INFO: Applying difficulty level model.difficulty.medium
May 13, 2017 5:01:18 AM net.sf.freecol.common.FreeColSeed getFreeColSeed
INFO: Using seed: -2282333104831893619
May 13, 2017 5:01:18 AM net.sf.freecol.server.networking.Server sendToAll
INFO: Reap dead connection: [DummyConnection Server connection - model.nation.french]
May 13, 2017 5:01:18 AM net.sf.freecol.server.networking.Server sendToAll
INFO: Reap dead connection: [DummyConnection Server connection - model.nation.inca]
May 13, 2017 5:01:18 AM net.sf.freecol.server.networking.Server sendToAll
INFO: Reap dead connection: [DummyConnection Server connection - model.nation.arawak]
May 13, 2017 5:01:18 AM net.sf.freecol.server.networking.Server sendToAll
INFO: Reap dead connection: [DummyConnection Server connection - model.nation.tupi]
May 13, 2017 5:01:18 AM net.sf.freecol.server.networking.Server sendToAll
INFO: Reap dead connection: [DummyConnection Server connection - model.nation.sioux]
May 13, 2017 5:01:18 AM net.sf.freecol.server.networking.Server sendToAll
INFO: Reap dead connection: [DummyConnection Server connection - model.nation.dutch]
May 13, 2017 5:01:18 AM net.sf.freecol.server.networking.Server sendToAll
INFO: Reap dead connection: [DummyConnection Server connection - model.nation.cherokee]
May 13, 2017 5:01:18 AM net.sf.freecol.server.networking.Server sendToAll
INFO: Reap dead connection: [DummyConnection Server connection - model.nation.english]
May 13, 2017 5:01:18 AM net.sf.freecol.server.networking.Server sendToAll
INFO: Reap dead connection: [DummyConnection Server connection - model.nation.aztec]
May 13, 2017 5:01:18 AM net.sf.freecol.server.networking.Server sendToAll
INFO: Reap dead connection: [DummyConnection Server connection - model.nation.spanish]
May 13, 2017 5:01:18 AM net.sf.freecol.server.networking.Server sendToAll
INFO: Reap dead connection: [DummyConnection Server connection - model.nation.apache]
May 13, 2017 5:01:18 AM net.sf.freecol.server.networking.Server sendToAll
INFO: Reap dead connection: [DummyConnection Server connection - model.nation.iroquois]
May 13, 2017 5:01:18 AM net.sf.freecol.server.model.ServerPlayer csChangeStance
INFO: Stance modification William I PEACE -> WAR wrt Atahualpa
May 13, 2017 5:01:18 AM net.sf.freecol.server.model.ServerPlayer csChangeStance
INFO: Stance modification Atahualpa PEACE -> WAR wrt William I (symmetric)
May 13, 2017 5:01:18 AM net.sf.freecol.common.model.Specification applyDifficultyLevel
INFO: Applying difficulty level model.difficulty.medium
May 13, 2017 5:01:18 AM net.sf.freecol.common.FreeColSeed getFreeColSeed
INFO: Using seed: 2668368764671897010
May 13, 2017 5:01:18 AM net.sf.freecol.server.networking.Server sendToAll
INFO: Reap dead connection: [DummyConnection Server connection - model.nation.aztec]
May 13, 2017 5:01:18 AM net.sf.freecol.server.networking.Server sendToAll
INFO: Reap dead connection: [DummyConnection Server connection - model.nation.apache]
May 13, 2017 5:01:18 AM net.sf.freecol.server.networking.Server sendToAll
INFO: Reap dead connection: [DummyConnection Server connection - model.nation.cherokee]
May 13, 2017 5:01:18 AM net.sf.freecol.server.networking.Server sendToAll
INFO: Reap dead connection: [DummyConnection Server connection - model.nation.sioux]
May 13, 2017 5:01:18 AM net.sf.freecol.server.networking.Server sendToAll
INFO: Reap dead connection: [DummyConnection Server connection - model.nation.iroquois]
May 13, 2017 5:01:18 AM net.sf.freecol.server.networking.Server sendToAll
INFO: Reap dead connection: [DummyConnection Server connection - model.nation.arawak]
May 13, 2017 5:01:18 AM net.sf.freecol.server.networking.Server sendToAll
INFO: Reap dead connection: [DummyConnection Server connection - model.nation.english]
May 13, 2017 5:01:18 AM net.sf.freecol.server.networking.Server sendToAll
INFO: Reap dead connection: [DummyConnection Server connection - model.nation.french]
May 13, 2017 5:01:18 AM net.sf.freecol.server.networking.Server sendToAll
INFO: Reap dead connection: [DummyConnection Server connection - model.nation.spanish]
May 13, 2017 5:01:18 AM net.sf.freecol.server.networking.Server sendToAll
INFO: Reap dead connection: [DummyConnection Server connection - model.nation.tupi]
May 13, 2017 5:01:18 AM net.sf.freecol.server.networking.Server sendToAll
INFO: Reap dead connection: [DummyConnection Server connection - model.nation.inca]
May 13, 2017 5:01:18 AM net.sf.freecol.server.networking.Server sendToAll
INFO: Reap dead connection: [DummyConnection Server connection - model.nation.dutch]
May 13, 2017 5:01:18 AM net.sf.freecol.server.model.ServerPlayer csChangeStance
INFO: Stance modification William I UNCONTACTED -> WAR wrt Louis XIV
May 13, 2017 5:01:18 AM net.sf.freecol.server.model.ServerPlayer csChangeStance
INFO: Stance modification Louis XIV UNCONTACTED -> WAR wrt William I (symmetric)
May 13, 2017 5:01:18 AM net.sf.freecol.common.util.LogBuilder log
INFO: Combat attacker=unit:247-artillery [Modifier model.modifier.offence (model.source.baseOffence) ADDITIVE 7.0 index=10] [Modifier model.modifier.artilleryInTheOpen (model.source.artilleryInTheOpen) PERCENTAGE -75.0 index=50] [Modifier model.modifier.attackBonus (model.source.attackBonus) PERCENTAGE 50.0 index=50] = 2.625 defender=unit:248-freeColonist-soldier [Modifier model.modifier.defence (model.source.baseDefence) ADDITIVE 1.0 index=10] [Modifier model.modifier.defence (model.role.soldier) ADDITIVE 1.0 index=30] = 2.0 odds=0.5675675675675675 random(1.0)=0.5875675678253174 great=false Attack LOSE DEMOTE_UNIT
May 13, 2017 5:01:18 AM net.sf.freecol.common.util.LogBuilder log
INFO: Combat attacker=unit:247-damagedArtillery [Modifier model.modifier.offence (model.source.baseOffence) ADDITIVE 5.0 index=10] [Modifier model.modifier.artilleryInTheOpen (model.source.artilleryInTheOpen) PERCENTAGE -75.0 index=50] [Modifier model.modifier.attackBonus (model.source.attackBonus) PERCENTAGE 50.0 index=50] = 1.875 defender=unit:248-freeColonist-soldier [Modifier model.modifier.defence (model.source.baseDefence) ADDITIVE 1.0 index=10] [Modifier model.modifier.defence (model.role.soldier) ADDITIVE 1.0 index=30] = 2.0 odds=0.4838709677419355 random(1.0)=0.503870964050293 great=false Attack LOSE SLAUGHTER_UNIT
May 13, 2017 5:01:18 AM net.sf.freecol.common.util.LogBuilder log
INFO: Destroying: unit:247
May 13, 2017 5:01:18 AM net.sf.freecol.common.model.Specification applyDifficultyLevel
INFO: Applying difficulty level model.difficulty.medium
May 13, 2017 5:01:18 AM net.sf.freecol.common.FreeColSeed getFreeColSeed
INFO: Using seed: -455318394869195839
May 13, 2017 5:01:18 AM net.sf.freecol.server.networking.Server sendToAll
INFO: Reap dead connection: [DummyConnection Server connection - model.nation.inca]
May 13, 2017 5:01:18 AM net.sf.freecol.server.networking.Server sendToAll
INFO: Reap dead connection: [DummyConnection Server connection - model.nation.sioux]
May 13, 2017 5:01:18 AM net.sf.freecol.server.networking.Server sendToAll
INFO: Reap dead connection: [DummyConnection Server connection - model.nation.spanish]
May 13, 2017 5:01:18 AM net.sf.freecol.server.networking.Server sendToAll
INFO: Reap dead connection: [DummyConnection Server connection - model.nation.tupi]
May 13, 2017 5:01:18 AM net.sf.freecol.server.networking.Server sendToAll
INFO: Reap dead connection: [DummyConnection Server connection - model.nation.iroquois]
May 13, 2017 5:01:18 AM net.sf.freecol.server.networking.Server sendToAll
INFO: Reap dead connection: [DummyConnection Server connection - model.nation.french]
May 13, 2017 5:01:18 AM net.sf.freecol.server.networking.Server sendToAll
INFO: Reap dead connection: [DummyConnection Server connection - model.nation.aztec]
May 13, 2017 5:01:18 AM net.sf.freecol.server.networking.Server sendToAll
INFO: Reap dead connection: [DummyConnection Server connection - model.nation.english]
May 13, 2017 5:01:18 AM net.sf.freecol.server.networking.Server sendToAll
INFO: Reap dead connection: [DummyConnection Server connection - model.nation.apache]
May 13, 2017 5:01:18 AM net.sf.freecol.server.networking.Server sendToAll
INFO: Reap dead connection: [DummyConnection Server connection - model.nation.dutch]
May 13, 2017 5:01:18 AM net.sf.freecol.server.networking.Server sendToAll
INFO: Reap dead connection: [DummyConnection Server connection - model.nation.arawak]
May 13, 2017 5:01:18 AM net.sf.freecol.server.networking.Server sendToAll
INFO: Reap dead connection: [DummyConnection Server connection - model.nation.cherokee]
May 13, 2017 5:01:18 AM net.sf.freecol.server.model.ServerPlayer csChangeStance
INFO: Stance modification William I WAR -> PEACE wrt Louis XIV
May 13, 2017 5:01:18 AM net.sf.freecol.server.model.ServerPlayer csChangeStance
INFO: Stance modification Louis XIV WAR -> PEACE wrt William I (symmetric)
May 13, 2017 5:01:18 AM net.sf.freecol.common.model.Specification applyDifficultyLevel
INFO: Applying difficulty level model.difficulty.medium
May 13, 2017 5:01:18 AM net.sf.freecol.common.FreeColSeed getFreeColSeed
INFO: Using seed: 1584740419238109959
May 13, 2017 5:01:18 AM net.sf.freecol.server.networking.Server sendToAll
INFO: Reap dead connection: [DummyConnection Server connection - model.nation.iroquois]
May 13, 2017 5:01:18 AM net.sf.freecol.server.networking.Server sendToAll
INFO: Reap dead connection: [DummyConnection Server connection - model.nation.arawak]
May 13, 2017 5:01:18 AM net.sf.freecol.server.networking.Server sendToAll
INFO: Reap dead connection: [DummyConnection Server connection - model.nation.dutch]
May 13, 2017 5:01:18 AM net.sf.freecol.server.networking.Server sendToAll
INFO: Reap dead connection: [DummyConnection Server connection - model.nation.spanish]
May 13, 2017 5:01:18 AM net.sf.freecol.server.networking.Server sendToAll
INFO: Reap dead connection: [DummyConnection Server connection - model.nation.cherokee]
May 13, 2017 5:01:18 AM net.sf.freecol.server.networking.Server sendToAll
INFO: Reap dead connection: [DummyConnection Server connection - model.nation.french]
May 13, 2017 5:01:18 AM net.sf.freecol.server.networking.Server sendToAll
INFO: Reap dead connection: [DummyConnection Server connection - model.nation.apache]
May 13, 2017 5:01:18 AM net.sf.freecol.server.networking.Server sendToAll
INFO: Reap dead connection: [DummyConnection Server connection - model.nation.sioux]
May 13, 2017 5:01:18 AM net.sf.freecol.server.networking.Server sendToAll
INFO: Reap dead connection: [DummyConnection Server connection - model.nation.tupi]
May 13, 2017 5:01:18 AM net.sf.freecol.server.networking.Server sendToAll
INFO: Reap dead connection: [DummyConnection Server connection - model.nation.english]
May 13, 2017 5:01:18 AM net.sf.freecol.server.networking.Server sendToAll
INFO: Reap dead connection: [DummyConnection Server connection - model.nation.inca]
May 13, 2017 5:01:18 AM net.sf.freecol.server.networking.Server sendToAll
INFO: Reap dead connection: [DummyConnection Server connection - model.nation.aztec]
May 13, 2017 5:01:18 AM net.sf.freecol.server.model.ServerPlayer csChangeStance
INFO: Stance modification William I UNCONTACTED -> WAR wrt Louis XIV
May 13, 2017 5:01:18 AM net.sf.freecol.server.model.ServerPlayer csChangeStance
INFO: Stance modification Louis XIV UNCONTACTED -> WAR wrt William I (symmetric)
May 13, 2017 5:01:18 AM net.sf.freecol.common.util.LogBuilder log
INFO: Combat attacker=unit:248-veteranSoldier-soldier [Modifier model.modifier.offence (model.source.baseOffence) ADDITIVE 0.0 index=10] [Modifier model.modifier.offence (model.role.soldier) ADDITIVE 2.0 index=30] [Modifier model.modifier.offence (model.unit.veteranSoldier) PERCENTAGE 50.0 index=40] [Modifier model.modifier.attackBonus (model.source.attackBonus) PERCENTAGE 50.0 index=50] = 4.5 defender=unit:247-freeColonist-scout [Modifier model.modifier.defence (model.source.baseDefence) ADDITIVE 1.0 index=10] [Modifier model.modifier.defence (model.role.scout) ADDITIVE 1.0 index=30] = 2.0 odds=0.6923076923076923 random(1.0)=0.6723076701164246 great=false Attack WIN SLAUGHTER_UNIT
May 13, 2017 5:01:18 AM net.sf.freecol.common.util.LogBuilder log
INFO: Destroying: unit:247
May 13, 2017 5:01:18 AM net.sf.freecol.common.model.Specification applyDifficultyLevel
INFO: Applying difficulty level model.difficulty.medium
May 13, 2017 5:01:18 AM net.sf.freecol.common.FreeColSeed getFreeColSeed
INFO: Using seed: -2344572054338202323
May 13, 2017 5:01:18 AM net.sf.freecol.server.networking.Server sendToAll
INFO: Reap dead connection: [DummyConnection Server connection - model.nation.aztec]
May 13, 2017 5:01:18 AM net.sf.freecol.server.networking.Server sendToAll
INFO: Reap dead connection: [DummyConnection Server connection - model.nation.dutch]
May 13, 2017 5:01:18 AM net.sf.freecol.server.networking.Server sendToAll
INFO: Reap dead connection: [DummyConnection Server connection - model.nation.cherokee]
May 13, 2017 5:01:18 AM net.sf.freecol.server.networking.Server sendToAll
INFO: Reap dead connection: [DummyConnection Server connection - model.nation.iroquois]
May 13, 2017 5:01:18 AM net.sf.freecol.server.networking.Server sendToAll
INFO: Reap dead connection: [DummyConnection Server connection - model.nation.french]
May 13, 2017 5:01:18 AM net.sf.freecol.server.networking.Server sendToAll
INFO: Reap dead connection: [DummyConnection Server connection - model.nation.sioux]
May 13, 2017 5:01:18 AM net.sf.freecol.server.networking.Server sendToAll
INFO: Reap dead connection: [DummyConnection Server connection - model.nation.english]
May 13, 2017 5:01:18 AM net.sf.freecol.server.networking.Server sendToAll
INFO: Reap dead connection: [DummyConnection Server connection - model.nation.apache]
May 13, 2017 5:01:18 AM net.sf.freecol.server.networking.Server sendToAll
INFO: Reap dead connection: [DummyConnection Server connection - model.nation.inca]
May 13, 2017 5:01:18 AM net.sf.freecol.server.networking.Server sendToAll
INFO: Reap dead connection: [DummyConnection Server connection - model.nation.arawak]
May 13, 2017 5:01:18 AM net.sf.freecol.server.networking.Server sendToAll
INFO: Reap dead connection: [DummyConnection Server connection - model.nation.tupi]
May 13, 2017 5:01:18 AM net.sf.freecol.server.networking.Server sendToAll
INFO: Reap dead connection: [DummyConnection Server connection - model.nation.spanish]
May 13, 2017 5:01:18 AM net.sf.freecol.server.model.ServerPlayer csChangeStance
INFO: Stance modification William I UNCONTACTED -> WAR wrt Atahualpa
May 13, 2017 5:01:18 AM net.sf.freecol.server.model.ServerPlayer csChangeStance
INFO: Stance modification Atahualpa UNCONTACTED -> WAR wrt William I (symmetric)
May 13, 2017 5:01:18 AM net.sf.freecol.common.util.LogBuilder log
INFO: Combat attacker=unit:259-freeColonist-dragoon [Modifier model.modifier.offence (model.source.baseOffence) ADDITIVE 0.0 index=10] [Modifier model.modifier.offence (model.role.dragoon) ADDITIVE 3.0 index=30] [Modifier model.modifier.attackBonus (model.source.attackBonus) PERCENTAGE 50.0 index=50] = 4.5 defender=unit:260-brave [Modifier model.modifier.defence (model.source.baseDefence) ADDITIVE 1.0 index=10] = 1.0 odds=0.8181818181818182 random(1.0)=0.8381817936897278 great=false Attack LOSE CAPTURE_EQUIP
May 13, 2017 5:01:18 AM net.sf.freecol.common.util.LogBuilder log
INFO: Combat attacker=unit:259-freeColonist-soldier [Modifier model.modifier.offence (model.source.baseOffence) ADDITIVE 0.0 index=10] [Modifier model.modifier.offence (model.role.soldier) ADDITIVE 2.0 index=30] [Modifier model.modifier.attackBonus (model.source.attackBonus) PERCENTAGE 50.0 index=50] = 3.0 defender=unit:260-brave-mountedBrave [Modifier model.modifier.defence (model.source.baseDefence) ADDITIVE 1.0 index=10] [Modifier model.modifier.defence (model.role.mountedBrave) ADDITIVE 1.0 index=30] = 2.0 odds=0.6 random(1.0)=0.6200000047683716 great=false Attack LOSE CAPTURE_EQUIP
May 13, 2017 5:01:18 AM net.sf.freecol.common.util.LogBuilder log
INFO: Combat attacker=unit:259-freeColonist [Modifier model.modifier.offence (model.source.baseOffence) ADDITIVE 0.0 index=10] [Modifier model.modifier.attackBonus (model.source.attackBonus) PERCENTAGE 50.0 index=50] = 0.0 defender=unit:260-brave-nativeDragoon [Modifier model.modifier.defence (model.source.baseDefence) ADDITIVE 1.0 index=10] [Modifier model.modifier.defence (model.role.nativeDragoon) ADDITIVE 2.0 index=30] = 3.0 odds=0.0 random(1.0)=0.019999999552965164 great=false Attack LOSE SLAUGHTER_UNIT
May 13, 2017 5:01:18 AM net.sf.freecol.common.util.LogBuilder log
INFO: Destroying: unit:259
May 13, 2017 5:01:18 AM net.sf.freecol.common.model.Specification applyDifficultyLevel
INFO: Applying difficulty level model.difficulty.medium
May 13, 2017 5:01:18 AM net.sf.freecol.common.FreeColSeed getFreeColSeed
INFO: Using seed: 4157191190491275748
May 13, 2017 5:01:18 AM net.sf.freecol.server.networking.Server sendToAll
INFO: Reap dead connection: [DummyConnection Server connection - model.nation.tupi]
May 13, 2017 5:01:18 AM net.sf.freecol.server.networking.Server sendToAll
INFO: Reap dead connection: [DummyConnection Server connection - model.nation.english]
May 13, 2017 5:01:18 AM net.sf.freecol.server.networking.Server sendToAll
INFO: Reap dead connection: [DummyConnection Server connection - model.nation.apache]
May 13, 2017 5:01:18 AM net.sf.freecol.server.networking.Server sendToAll
INFO: Reap dead connection: [DummyConnection Server connection - model.nation.aztec]
May 13, 2017 5:01:18 AM net.sf.freecol.server.networking.Server sendToAll
INFO: Reap dead connection: [DummyConnection Server connection - model.nation.dutch]
May 13, 2017 5:01:18 AM net.sf.freecol.server.networking.Server sendToAll
INFO: Reap dead connection: [DummyConnection Server connection - model.nation.french]
May 13, 2017 5:01:18 AM net.sf.freecol.server.networking.Server sendToAll
INFO: Reap dead connection: [DummyConnection Server connection - model.nation.arawak]
May 13, 2017 5:01:18 AM net.sf.freecol.server.networking.Server sendToAll
INFO: Reap dead connection: [DummyConnection Server connection - model.nation.inca]
May 13, 2017 5:01:18 AM net.sf.freecol.server.networking.Server sendToAll
INFO: Reap dead connection: [DummyConnection Server connection - model.nation.sioux]
May 13, 2017 5:01:18 AM net.sf.freecol.server.networking.Server sendToAll
INFO: Reap dead connection: [DummyConnection Server connection - model.nation.spanish]
May 13, 2017 5:01:18 AM net.sf.freecol.server.networking.Server sendToAll
INFO: Reap dead connection: [DummyConnection Server connection - model.nation.cherokee]
May 13, 2017 5:01:18 AM net.sf.freecol.server.networking.Server sendToAll
INFO: Reap dead connection: [DummyConnection Server connection - model.nation.iroquois]
May 13, 2017 5:01:18 AM net.sf.freecol.server.model.ServerPlayer csChangeStance
INFO: Stance modification William I WAR -> CEASE_FIRE wrt Louis XIV
May 13, 2017 5:01:18 AM net.sf.freecol.server.model.ServerPlayer csChangeStance
INFO: Stance modification Louis XIV WAR -> CEASE_FIRE wrt William I (symmetric)
May 13, 2017 5:01:18 AM net.sf.freecol.common.model.Specification applyDifficultyLevel
INFO: Applying difficulty level model.difficulty.medium
May 13, 2017 5:01:18 AM net.sf.freecol.common.FreeColSeed getFreeColSeed
INFO: Using seed: 4186270903365831175
May 13, 2017 5:01:18 AM net.sf.freecol.server.networking.Server sendToAll
INFO: Reap dead connection: [DummyConnection Server connection - model.nation.french]
May 13, 2017 5:01:18 AM net.sf.freecol.server.networking.Server sendToAll
INFO: Reap dead connection: [DummyConnection Server connection - model.nation.aztec]
May 13, 2017 5:01:18 AM net.sf.freecol.server.networking.Server sendToAll
INFO: Reap dead connection: [DummyConnection Server connection - model.nation.apache]
May 13, 2017 5:01:18 AM net.sf.freecol.server.networking.Server sendToAll
INFO: Reap dead connection: [DummyConnection Server connection - model.nation.cherokee]
May 13, 2017 5:01:18 AM net.sf.freecol.server.networking.Server sendToAll
INFO: Reap dead connection: [DummyConnection Server connection - model.nation.inca]
May 13, 2017 5:01:18 AM net.sf.freecol.server.networking.Server sendToAll
INFO: Reap dead connection: [DummyConnection Server connection - model.nation.spanish]
May 13, 2017 5:01:18 AM net.sf.freecol.server.networking.Server sendToAll
INFO: Reap dead connection: [DummyConnection Server connection - model.nation.sioux]
May 13, 2017 5:01:18 AM net.sf.freecol.server.networking.Server sendToAll
INFO: Reap dead connection: [DummyConnection Server connection - model.nation.dutch]
May 13, 2017 5:01:18 AM net.sf.freecol.server.networking.Server sendToAll
INFO: Reap dead connection: [DummyConnection Server connection - model.nation.english]
May 13, 2017 5:01:18 AM net.sf.freecol.server.networking.Server sendToAll
INFO: Reap dead connection: [DummyConnection Server connection - model.nation.iroquois]
May 13, 2017 5:01:18 AM net.sf.freecol.server.networking.Server sendToAll
INFO: Reap dead connection: [DummyConnection Server connection - model.nation.tupi]
May 13, 2017 5:01:18 AM net.sf.freecol.server.networking.Server sendToAll
INFO: Reap dead connection: [DummyConnection Server connection - model.nation.arawak]
May 13, 2017 5:01:18 AM net.sf.freecol.server.model.ServerPlayer csChangeStance
INFO: Stance modification Louis XIV PEACE -> WAR wrt William I
May 13, 2017 5:01:18 AM net.sf.freecol.server.model.ServerPlayer csChangeStance
INFO: Stance modification William I PEACE -> WAR wrt Louis XIV (symmetric)
May 13, 2017 5:01:18 AM net.sf.freecol.common.model.Specification applyDifficultyLevel
INFO: Applying difficulty level model.difficulty.medium
May 13, 2017 5:01:18 AM net.sf.freecol.common.FreeColSeed getFreeColSeed
INFO: Using seed: -7673691280535921705
May 13, 2017 5:01:18 AM net.sf.freecol.server.networking.Server sendToAll
INFO: Reap dead connection: [DummyConnection Server connection - model.nation.inca]
May 13, 2017 5:01:18 AM net.sf.freecol.server.networking.Server sendToAll
INFO: Reap dead connection: [DummyConnection Server connection - model.nation.sioux]
May 13, 2017 5:01:18 AM net.sf.freecol.server.networking.Server sendToAll
INFO: Reap dead connection: [DummyConnection Server connection - model.nation.french]
May 13, 2017 5:01:18 AM net.sf.freecol.server.networking.Server sendToAll
INFO: Reap dead connection: [DummyConnection Server connection - model.nation.spanish]
May 13, 2017 5:01:18 AM net.sf.freecol.server.networking.Server sendToAll
INFO: Reap dead connection: [DummyConnection Server connection - model.nation.iroquois]
May 13, 2017 5:01:18 AM net.sf.freecol.server.networking.Server sendToAll
INFO: Reap dead connection: [DummyConnection Server connection - model.nation.tupi]
May 13, 2017 5:01:18 AM net.sf.freecol.server.networking.Server sendToAll
INFO: Reap dead connection: [DummyConnection Server connection - model.nation.cherokee]
May 13, 2017 5:01:18 AM net.sf.freecol.server.networking.Server sendToAll
INFO: Reap dead connection: [DummyConnection Server connection - model.nation.english]
May 13, 2017 5:01:18 AM net.sf.freecol.server.networking.Server sendToAll
INFO: Reap dead connection: [DummyConnection Server connection - model.nation.apache]
May 13, 2017 5:01:18 AM net.sf.freecol.server.networking.Server sendToAll
INFO: Reap dead connection: [DummyConnection Server connection - model.nation.aztec]
May 13, 2017 5:01:18 AM net.sf.freecol.server.networking.Server sendToAll
INFO: Reap dead connection: [DummyConnection Server connection - model.nation.dutch]
May 13, 2017 5:01:18 AM net.sf.freecol.server.networking.Server sendToAll
INFO: Reap dead connection: [DummyConnection Server connection - model.nation.arawak]
May 13, 2017 5:01:18 AM net.sf.freecol.server.model.ServerPlayer csChangeStance
INFO: Stance modification Louis XIV UNCONTACTED -> WAR wrt William I
May 13, 2017 5:01:18 AM net.sf.freecol.server.model.ServerPlayer csChangeStance
INFO: Stance modification William I UNCONTACTED -> WAR wrt Louis XIV (symmetric)
May 13, 2017 5:01:18 AM net.sf.freecol.common.util.LogBuilder log
INFO: Combat attacker=unit:272-veteranSoldier-dragoon [Modifier model.modifier.offence (model.source.baseOffence) ADDITIVE 0.0 index=10] [Modifier model.modifier.offence (model.role.dragoon) ADDITIVE 3.0 index=30] [Modifier model.modifier.offence (model.unit.veteranSoldier) PERCENTAGE 50.0 index=40] [Modifier model.modifier.attackBonus (model.source.attackBonus) PERCENTAGE 50.0 index=50] = 6.75 defender=unit:271-veteranSoldier-dragoon [Modifier model.modifier.defence (model.source.baseDefence) ADDITIVE 1.0 index=10] [Modifier model.modifier.defence (model.role.dragoon) ADDITIVE 2.0 index=30] [Modifier model.modifier.defence (model.unit.veteranSoldier) PERCENTAGE 50.0 index=40] [Modifier model.modifier.defence (model.settlement.colony) PERCENTAGE 50.0 index=50] = 6.75 odds=0.5 random(1.0)=0.47999998927116394 great=false Attack WIN LOSE_EQUIP
May 13, 2017 5:01:18 AM net.sf.freecol.common.util.LogBuilder log
INFO: Combat attacker=unit:272-veteranSoldier-dragoon [Modifier model.modifier.offence (model.source.baseOffence) ADDITIVE 0.0 index=10] [Modifier model.modifier.offence (model.role.dragoon) ADDITIVE 3.0 index=30] [Modifier model.modifier.offence (model.unit.veteranSoldier) PERCENTAGE 50.0 index=40] [Modifier model.modifier.attackBonus (model.source.attackBonus) PERCENTAGE 50.0 index=50] = 6.75 defender=unit:271-veteranSoldier-soldier [Modifier model.modifier.defence (model.source.baseDefence) ADDITIVE 1.0 index=10] [Modifier model.modifier.defence (model.role.soldier) ADDITIVE 1.0 index=30] [Modifier model.modifier.defence (model.unit.veteranSoldier) PERCENTAGE 50.0 index=40] [Modifier model.modifier.defence (model.settlement.colony) PERCENTAGE 50.0 index=50] = 4.5 odds=0.6 random(1.0)=0.6200000047683716 great=false Attack LOSE LOSE_EQUIP
May 13, 2017 5:01:18 AM net.sf.freecol.common.util.LogBuilder log
INFO: Combat attacker=unit:272-veteranSoldier-soldier [Modifier model.modifier.offence (model.source.baseOffence) ADDITIVE 0.0 index=10] [Modifier model.modifier.offence (model.role.soldier) ADDITIVE 2.0 index=30] [Modifier model.modifier.offence (model.unit.veteranSoldier) PERCENTAGE 50.0 index=40] [Modifier model.modifier.attackBonus (model.source.attackBonus) PERCENTAGE 50.0 index=50] = 4.5 defender=unit:271-veteranSoldier-soldier [Modifier model.modifier.defence (model.source.baseDefence) ADDITIVE 1.0 index=10] [Modifier model.modifier.defence (model.role.soldier) ADDITIVE 1.0 index=30] [Modifier model.modifier.defence (model.unit.veteranSoldier) PERCENTAGE 50.0 index=40] [Modifier model.modifier.defence (model.settlement.colony) PERCENTAGE 50.0 index=50] = 4.5 odds=0.5 random(1.0)=0.47999998927116394 great=false Attack WIN LOSE_EQUIP
May 13, 2017 5:01:18 AM net.sf.freecol.common.util.LogBuilder log
INFO: Combat attacker=unit:272-veteranSoldier-soldier [Modifier model.modifier.offence (model.source.baseOffence) ADDITIVE 0.0 index=10] [Modifier model.modifier.offence (model.role.soldier) ADDITIVE 2.0 index=30] [Modifier model.modifier.offence (model.unit.veteranSoldier) PERCENTAGE 50.0 index=40] [Modifier model.modifier.attackBonus (model.source.attackBonus) PERCENTAGE 50.0 index=50] = 4.5 defender=unit:271-veteranSoldier [Modifier model.modifier.defence (model.source.baseDefence) ADDITIVE 1.0 index=10] [Modifier model.modifier.defence (model.unit.veteranSoldier) PERCENTAGE 50.0 index=40] [Modifier model.modifier.defence (model.settlement.colony) PERCENTAGE 50.0 index=50] = 2.25 odds=0.6666666666666666 random(1.0)=0.6466666460037231 great=false Attack WIN CAPTURE_COLONY
May 13, 2017 5:01:18 AM net.sf.freecol.common.model.Specification applyDifficultyLevel
INFO: Applying difficulty level model.difficulty.medium
May 13, 2017 5:01:18 AM net.sf.freecol.common.FreeColSeed getFreeColSeed
INFO: Using seed: 3081003010898672414
May 13, 2017 5:01:18 AM net.sf.freecol.server.networking.Server sendToAll
INFO: Reap dead connection: [DummyConnection Server connection - model.nation.aztec]
May 13, 2017 5:01:18 AM net.sf.freecol.server.networking.Server sendToAll
INFO: Reap dead connection: [DummyConnection Server connection - model.nation.arawak]
May 13, 2017 5:01:18 AM net.sf.freecol.server.networking.Server sendToAll
INFO: Reap dead connection: [DummyConnection Server connection - model.nation.french]
May 13, 2017 5:01:18 AM net.sf.freecol.server.networking.Server sendToAll
INFO: Reap dead connection: [DummyConnection Server connection - model.nation.sioux]
May 13, 2017 5:01:18 AM net.sf.freecol.server.networking.Server sendToAll
INFO: Reap dead connection: [DummyConnection Server connection - model.nation.apache]
May 13, 2017 5:01:18 AM net.sf.freecol.server.networking.Server sendToAll
INFO: Reap dead connection: [DummyConnection Server connection - model.nation.iroquois]
May 13, 2017 5:01:18 AM net.sf.freecol.server.networking.Server sendToAll
INFO: Reap dead connection: [DummyConnection Server connection - model.nation.english]
May 13, 2017 5:01:18 AM net.sf.freecol.server.networking.Server sendToAll
INFO: Reap dead connection: [DummyConnection Server connection - model.nation.cherokee]
May 13, 2017 5:01:18 AM net.sf.freecol.server.networking.Server sendToAll
INFO: Reap dead connection: [DummyConnection Server connection - model.nation.dutch]
May 13, 2017 5:01:18 AM net.sf.freecol.server.networking.Server sendToAll
INFO: Reap dead connection: [DummyConnection Server connection - model.nation.spanish]
May 13, 2017 5:01:18 AM net.sf.freecol.server.networking.Server sendToAll
INFO: Reap dead connection: [DummyConnection Server connection - model.nation.tupi]
May 13, 2017 5:01:18 AM net.sf.freecol.server.networking.Server sendToAll
INFO: Reap dead connection: [DummyConnection Server connection - model.nation.inca]
May 13, 2017 5:01:18 AM net.sf.freecol.server.model.ServerPlayer csChangeStance
INFO: Stance modification William I UNCONTACTED -> WAR wrt Louis XIV
May 13, 2017 5:01:18 AM net.sf.freecol.server.model.ServerPlayer csChangeStance
INFO: Stance modification Louis XIV UNCONTACTED -> WAR wrt William I (symmetric)
May 13, 2017 5:01:18 AM net.sf.freecol.common.util.LogBuilder log
INFO: Combat attacker=unit:247-freeColonist-dragoon [Modifier model.modifier.offence (model.source.baseOffence) ADDITIVE 0.0 index=10] [Modifier model.modifier.offence (model.role.dragoon) ADDITIVE 3.0 index=30] [Modifier model.modifier.attackBonus (model.source.attackBonus) PERCENTAGE 50.0 index=50] = 4.5 defender=unit:248-freeColonist-soldier [Modifier model.modifier.defence (model.source.baseDefence) ADDITIVE 1.0 index=10] [Modifier model.modifier.defence (model.role.soldier) ADDITIVE 1.0 index=30] = 2.0 odds=0.6923076923076923 random(1.0)=0.7123076915740967 great=false Attack LOSE LOSE_EQUIP
May 13, 2017 5:01:18 AM net.sf.freecol.common.util.LogBuilder log
INFO: Combat attacker=unit:247-freeColonist-soldier [Modifier model.modifier.offence (model.source.baseOffence) ADDITIVE 0.0 index=10] [Modifier model.modifier.offence (model.role.soldier) ADDITIVE 2.0 index=30] [Modifier model.modifier.attackBonus (model.source.attackBonus) PERCENTAGE 50.0 index=50] = 3.0 defender=unit:248-freeColonist-soldier [Modifier model.modifier.defence (model.source.baseDefence) ADDITIVE 1.0 index=10] [Modifier model.modifier.defence (model.role.soldier) ADDITIVE 1.0 index=30] = 2.0 odds=0.6 random(1.0)=0.6200000047683716 great=false Attack LOSE LOSE_EQUIP
May 13, 2017 5:01:18 AM net.sf.freecol.common.util.LogBuilder log
INFO: Combat attacker=unit:248-freeColonist-soldier [Modifier model.modifier.offence (model.source.baseOffence) ADDITIVE 0.0 index=10] [Modifier model.modifier.offence (model.role.soldier) ADDITIVE 2.0 index=30] [Modifier model.modifier.attackBonus (model.source.attackBonus) PERCENTAGE 50.0 index=50] = 3.0 defender=unit:247-freeColonist [Modifier model.modifier.defence (model.source.baseDefence) ADDITIVE 1.0 index=10] = 1.0 odds=0.75 random(1.0)=0.7300000190734863 great=false Attack WIN CAPTURE_UNIT
May 13, 2017 5:01:18 AM net.sf.freecol.common.model.Specification applyDifficultyLevel
INFO: Applying difficulty level model.difficulty.medium
May 13, 2017 5:01:18 AM net.sf.freecol.common.FreeColSeed getFreeColSeed
INFO: Using seed: 8172129605771299031
May 13, 2017 5:01:18 AM net.sf.freecol.server.networking.Server sendToAll
INFO: Reap dead connection: [DummyConnection Server connection - model.nation.apache]
May 13, 2017 5:01:18 AM net.sf.freecol.server.networking.Server sendToAll
INFO: Reap dead connection: [DummyConnection Server connection - model.nation.arawak]
May 13, 2017 5:01:18 AM net.sf.freecol.server.networking.Server sendToAll
INFO: Reap dead connection: [DummyConnection Server connection - model.nation.dutch]
May 13, 2017 5:01:18 AM net.sf.freecol.server.networking.Server sendToAll
INFO: Reap dead connection: [DummyConnection Server connection - model.nation.cherokee]
May 13, 2017 5:01:18 AM net.sf.freecol.server.networking.Server sendToAll
INFO: Reap dead connection: [DummyConnection Server connection - model.nation.tupi]
May 13, 2017 5:01:18 AM net.sf.freecol.server.networking.Server sendToAll
INFO: Reap dead connection: [DummyConnection Server connection - model.nation.sioux]
May 13, 2017 5:01:18 AM net.sf.freecol.server.networking.Server sendToAll
INFO: Reap dead connection: [DummyConnection Server connection - model.nation.english]
May 13, 2017 5:01:18 AM net.sf.freecol.server.networking.Server sendToAll
INFO: Reap dead connection: [DummyConnection Server connection - model.nation.inca]
May 13, 2017 5:01:18 AM net.sf.freecol.server.networking.Server sendToAll
INFO: Reap dead connection: [DummyConnection Server connection - model.nation.iroquois]
May 13, 2017 5:01:18 AM net.sf.freecol.server.networking.Server sendToAll
INFO: Reap dead connection: [DummyConnection Server connection - model.nation.spanish]
May 13, 2017 5:01:18 AM net.sf.freecol.server.networking.Server sendToAll
INFO: Reap dead connection: [DummyConnection Server connection - model.nation.aztec]
May 13, 2017 5:01:18 AM net.sf.freecol.server.networking.Server sendToAll
INFO: Reap dead connection: [DummyConnection Server connection - model.nation.french]
May 13, 2017 5:01:18 AM net.sf.freecol.common.model.Specification applyDifficultyLevel
INFO: Applying difficulty level model.difficulty.medium
May 13, 2017 5:01:18 AM net.sf.freecol.common.FreeColSeed getFreeColSeed
INFO: Using seed: -6077405534549809985
May 13, 2017 5:01:18 AM net.sf.freecol.server.networking.Server sendToAll
INFO: Reap dead connection: [DummyConnection Server connection - model.nation.dutch]
May 13, 2017 5:01:18 AM net.sf.freecol.server.networking.Server sendToAll
INFO: Reap dead connection: [DummyConnection Server connection - model.nation.sioux]
May 13, 2017 5:01:18 AM net.sf.freecol.server.networking.Server sendToAll
INFO: Reap dead connection: [DummyConnection Server connection - model.nation.english]
May 13, 2017 5:01:18 AM net.sf.freecol.server.networking.Server sendToAll
INFO: Reap dead connection: [DummyConnection Server connection - model.nation.aztec]
May 13, 2017 5:01:18 AM net.sf.freecol.server.networking.Server sendToAll
INFO: Reap dead connection: [DummyConnection Server connection - model.nation.cherokee]
May 13, 2017 5:01:18 AM net.sf.freecol.server.networking.Server sendToAll
INFO: Reap dead connection: [DummyConnection Server connection - model.nation.arawak]
May 13, 2017 5:01:18 AM net.sf.freecol.server.networking.Server sendToAll
INFO: Reap dead connection: [DummyConnection Server connection - model.nation.tupi]
May 13, 2017 5:01:18 AM net.sf.freecol.server.networking.Server sendToAll
INFO: Reap dead connection: [DummyConnection Server connection - model.nation.inca]
May 13, 2017 5:01:18 AM net.sf.freecol.server.networking.Server sendToAll
INFO: Reap dead connection: [DummyConnection Server connection - model.nation.french]
May 13, 2017 5:01:18 AM net.sf.freecol.server.networking.Server sendToAll
INFO: Reap dead connection: [DummyConnection Server connection - model.nation.spanish]
May 13, 2017 5:01:18 AM net.sf.freecol.server.networking.Server sendToAll
INFO: Reap dead connection: [DummyConnection Server connection - model.nation.iroquois]
May 13, 2017 5:01:18 AM net.sf.freecol.server.networking.Server sendToAll
INFO: Reap dead connection: [DummyConnection Server connection - model.nation.apache]
May 13, 2017 5:01:18 AM net.sf.freecol.common.networking.DOMMessage clientError
WARNING: Too few goods
May 13, 2017 5:01:18 AM net.sf.freecol.common.model.Specification applyDifficultyLevel
INFO: Applying difficulty level model.difficulty.medium
May 13, 2017 5:01:18 AM net.sf.freecol.common.FreeColSeed getFreeColSeed
INFO: Using seed: 789388762040692654
May 13, 2017 5:01:18 AM net.sf.freecol.server.networking.Server sendToAll
INFO: Reap dead connection: [DummyConnection Server connection - model.nation.spanish]
May 13, 2017 5:01:18 AM net.sf.freecol.server.networking.Server sendToAll
INFO: Reap dead connection: [DummyConnection Server connection - model.nation.english]
May 13, 2017 5:01:18 AM net.sf.freecol.server.networking.Server sendToAll
INFO: Reap dead connection: [DummyConnection Server connection - model.nation.inca]
May 13, 2017 5:01:18 AM net.sf.freecol.server.networking.Server sendToAll
INFO: Reap dead connection: [DummyConnection Server connection - model.nation.iroquois]
May 13, 2017 5:01:18 AM net.sf.freecol.server.networking.Server sendToAll
INFO: Reap dead connection: [DummyConnection Server connection - model.nation.tupi]
May 13, 2017 5:01:18 AM net.sf.freecol.server.networking.Server sendToAll
INFO: Reap dead connection: [DummyConnection Server connection - model.nation.aztec]
May 13, 2017 5:01:18 AM net.sf.freecol.server.networking.Server sendToAll
INFO: Reap dead connection: [DummyConnection Server connection - model.nation.french]
May 13, 2017 5:01:18 AM net.sf.freecol.server.networking.Server sendToAll
INFO: Reap dead connection: [DummyConnection Server connection - model.nation.apache]
May 13, 2017 5:01:18 AM net.sf.freecol.server.networking.Server sendToAll
INFO: Reap dead connection: [DummyConnection Server connection - model.nation.dutch]
May 13, 2017 5:01:18 AM net.sf.freecol.server.networking.Server sendToAll
INFO: Reap dead connection: [DummyConnection Server connection - model.nation.arawak]
May 13, 2017 5:01:18 AM net.sf.freecol.server.networking.Server sendToAll
INFO: Reap dead connection: [DummyConnection Server connection - model.nation.cherokee]
May 13, 2017 5:01:18 AM net.sf.freecol.server.networking.Server sendToAll
INFO: Reap dead connection: [DummyConnection Server connection - model.nation.sioux]
May 13, 2017 5:01:18 AM net.sf.freecol.server.model.ServerPlayer csChangeStance
INFO: Stance modification Louis XIV UNCONTACTED -> WAR wrt William I
May 13, 2017 5:01:18 AM net.sf.freecol.server.model.ServerPlayer csChangeStance
INFO: Stance modification William I UNCONTACTED -> WAR wrt Louis XIV (symmetric)
May 13, 2017 5:01:18 AM net.sf.freecol.common.util.LogBuilder log
INFO: Combat attacker=unit:249-privateer [Modifier model.modifier.offence (model.source.baseOffence) ADDITIVE 8.0 index=10] [Modifier model.modifier.attackBonus (model.source.attackBonus) PERCENTAGE 50.0 index=50] = 12.0 defender=unit:247-galleon [Modifier model.modifier.defence (model.source.baseDefence) ADDITIVE 10.0 index=10] [Modifier model.modifier.cargoPenalty (model.source.cargoPenalty) PERCENTAGE -12.5 index=50] = 8.75 odds=0.5783132530120482 random(1.0)=0.558313250541687 great=false Attack WIN LOOT_SHIP DAMAGE_SHIP_ATTACK
May 13, 2017 5:01:18 AM net.sf.freecol.common.networking.DOMMessage clientError
WARNING: Received message: lootCargo out of turn from player: model.nation.french
May 13, 2017 5:01:18 AM net.sf.freecol.server.ai.AIMessage checkError
WARNING: AIMessage.lootCargo error, messageId: server.reject message: Received message: lootCargo out of turn from player: model.nation.french
May 13, 2017 5:01:18 AM net.sf.freecol.common.model.Specification applyDifficultyLevel
INFO: Applying difficulty level model.difficulty.medium
May 13, 2017 5:01:18 AM net.sf.freecol.common.FreeColSeed getFreeColSeed
INFO: Using seed: 123812173002039841
May 13, 2017 5:01:18 AM net.sf.freecol.server.networking.Server sendToAll
INFO: Reap dead connection: [DummyConnection Server connection - model.nation.tupi]
May 13, 2017 5:01:18 AM net.sf.freecol.server.networking.Server sendToAll
INFO: Reap dead connection: [DummyConnection Server connection - model.nation.sioux]
May 13, 2017 5:01:18 AM net.sf.freecol.server.networking.Server sendToAll
INFO: Reap dead connection: [DummyConnection Server connection - model.nation.dutch]
May 13, 2017 5:01:18 AM net.sf.freecol.server.networking.Server sendToAll
INFO: Reap dead connection: [DummyConnection Server connection - model.nation.arawak]
May 13, 2017 5:01:18 AM net.sf.freecol.server.networking.Server sendToAll
INFO: Reap dead connection: [DummyConnection Server connection - model.nation.aztec]
May 13, 2017 5:01:18 AM net.sf.freecol.server.networking.Server sendToAll
INFO: Reap dead connection: [DummyConnection Server connection - model.nation.cherokee]
May 13, 2017 5:01:18 AM net.sf.freecol.server.networking.Server sendToAll
INFO: Reap dead connection: [DummyConnection Server connection - model.nation.french]
May 13, 2017 5:01:18 AM net.sf.freecol.server.networking.Server sendToAll
INFO: Reap dead connection: [DummyConnection Server connection - model.nation.inca]
May 13, 2017 5:01:18 AM net.sf.freecol.server.networking.Server sendToAll
INFO: Reap dead connection: [DummyConnection Server connection - model.nation.spanish]
May 13, 2017 5:01:18 AM net.sf.freecol.server.networking.Server sendToAll
INFO: Reap dead connection: [DummyConnection Server connection - model.nation.iroquois]
May 13, 2017 5:01:18 AM net.sf.freecol.server.networking.Server sendToAll
INFO: Reap dead connection: [DummyConnection Server connection - model.nation.apache]
May 13, 2017 5:01:18 AM net.sf.freecol.server.networking.Server sendToAll
INFO: Reap dead connection: [DummyConnection Server connection - model.nation.english]
May 13, 2017 5:01:18 AM net.sf.freecol.common.model.Specification applyDifficultyLevel
INFO: Applying difficulty level model.difficulty.medium
May 13, 2017 5:01:18 AM net.sf.freecol.common.FreeColSeed getFreeColSeed
INFO: Using seed: -2100513896282738481
May 13, 2017 5:01:18 AM net.sf.freecol.server.networking.Server sendToAll
INFO: Reap dead connection: [DummyConnection Server connection - model.nation.aztec]
May 13, 2017 5:01:18 AM net.sf.freecol.server.networking.Server sendToAll
INFO: Reap dead connection: [DummyConnection Server connection - model.nation.arawak]
May 13, 2017 5:01:18 AM net.sf.freecol.server.networking.Server sendToAll
INFO: Reap dead connection: [DummyConnection Server connection - model.nation.apache]
May 13, 2017 5:01:18 AM net.sf.freecol.server.networking.Server sendToAll
INFO: Reap dead connection: [DummyConnection Server connection - model.nation.french]
May 13, 2017 5:01:18 AM net.sf.freecol.server.networking.Server sendToAll
INFO: Reap dead connection: [DummyConnection Server connection - model.nation.iroquois]
May 13, 2017 5:01:18 AM net.sf.freecol.server.networking.Server sendToAll
INFO: Reap dead connection: [DummyConnection Server connection - model.nation.sioux]
May 13, 2017 5:01:18 AM net.sf.freecol.server.networking.Server sendToAll
INFO: Reap dead connection: [DummyConnection Server connection - model.nation.english]
May 13, 2017 5:01:18 AM net.sf.freecol.server.networking.Server sendToAll
INFO: Reap dead connection: [DummyConnection Server connection - model.nation.inca]
May 13, 2017 5:01:18 AM net.sf.freecol.server.networking.Server sendToAll
INFO: Reap dead connection: [DummyConnection Server connection - model.nation.dutch]
May 13, 2017 5:01:18 AM net.sf.freecol.server.networking.Server sendToAll
INFO: Reap dead connection: [DummyConnection Server connection - model.nation.cherokee]
May 13, 2017 5:01:18 AM net.sf.freecol.server.networking.Server sendToAll
INFO: Reap dead connection: [DummyConnection Server connection - model.nation.tupi]
May 13, 2017 5:01:18 AM net.sf.freecol.server.networking.Server sendToAll
INFO: Reap dead connection: [DummyConnection Server connection - model.nation.spanish]
May 13, 2017 5:01:18 AM net.sf.freecol.server.model.ServerPlayer csChangeStance
INFO: Stance modification Guaira PEACE -> WAR wrt William I
May 13, 2017 5:01:18 AM net.sf.freecol.server.model.ServerPlayer csChangeStance
INFO: Stance modification William I PEACE -> WAR wrt Guaira (symmetric)
May 13, 2017 5:01:18 AM net.sf.freecol.server.model.ServerPlayer csChangeStance
INFO: Stance modification William I WAR -> PEACE wrt Guaira
May 13, 2017 5:01:18 AM net.sf.freecol.server.model.ServerPlayer csChangeStance
INFO: Stance modification Guaira WAR -> PEACE wrt William I (symmetric)
May 13, 2017 5:01:18 AM net.sf.freecol.common.model.Specification applyDifficultyLevel
INFO: Applying difficulty level model.difficulty.medium
May 13, 2017 5:01:18 AM net.sf.freecol.common.FreeColSeed getFreeColSeed
INFO: Using seed: 4092024113641117570
May 13, 2017 5:01:18 AM net.sf.freecol.server.networking.Server sendToAll
INFO: Reap dead connection: [DummyConnection Server connection - model.nation.spanish]
May 13, 2017 5:01:18 AM net.sf.freecol.server.networking.Server sendToAll
INFO: Reap dead connection: [DummyConnection Server connection - model.nation.iroquois]
May 13, 2017 5:01:18 AM net.sf.freecol.server.networking.Server sendToAll
INFO: Reap dead connection: [DummyConnection Server connection - model.nation.arawak]
May 13, 2017 5:01:18 AM net.sf.freecol.server.networking.Server sendToAll
INFO: Reap dead connection: [DummyConnection Server connection - model.nation.aztec]
May 13, 2017 5:01:18 AM net.sf.freecol.server.networking.Server sendToAll
INFO: Reap dead connection: [DummyConnection Server connection - model.nation.english]
May 13, 2017 5:01:18 AM net.sf.freecol.server.networking.Server sendToAll
INFO: Reap dead connection: [DummyConnection Server connection - model.nation.apache]
May 13, 2017 5:01:18 AM net.sf.freecol.server.networking.Server sendToAll
INFO: Reap dead connection: [DummyConnection Server connection - model.nation.tupi]
May 13, 2017 5:01:18 AM net.sf.freecol.server.networking.Server sendToAll
INFO: Reap dead connection: [DummyConnection Server connection - model.nation.french]
May 13, 2017 5:01:18 AM net.sf.freecol.server.networking.Server sendToAll
INFO: Reap dead connection: [DummyConnection Server connection - model.nation.cherokee]
May 13, 2017 5:01:18 AM net.sf.freecol.server.networking.Server sendToAll
INFO: Reap dead connection: [DummyConnection Server connection - model.nation.sioux]
May 13, 2017 5:01:18 AM net.sf.freecol.server.networking.Server sendToAll
INFO: Reap dead connection: [DummyConnection Server connection - model.nation.dutch]
May 13, 2017 5:01:18 AM net.sf.freecol.server.networking.Server sendToAll
INFO: Reap dead connection: [DummyConnection Server connection - model.nation.inca]
May 13, 2017 5:01:18 AM net.sf.freecol.common.util.LogBuilder log
INFO: Combat attacker=unit:248-veteranSoldier-dragoon [Modifier model.modifier.offence (model.source.baseOffence) ADDITIVE 0.0 index=10] [Modifier model.modifier.offence (model.role.dragoon) ADDITIVE 3.0 index=30] [Modifier model.modifier.offence (model.unit.veteranSoldier) PERCENTAGE 50.0 index=40] [Modifier model.modifier.attackBonus (model.source.attackBonus) PERCENTAGE 50.0 index=50] [Modifier model.modifier.bigMovementPenalty (model.source.movementPenalty) PERCENTAGE -66.0 index=50] = 2.2950000762939453 defender=unit:247-freeColonist-pioneer.5 [Modifier model.modifier.defence (model.source.baseDefence) ADDITIVE 1.0 index=10] = 1.0 odds=0.6965098704565885 random(1.0)=0.6765098571777344 great=false Attack WIN SLAUGHTER_UNIT
May 13, 2017 5:01:18 AM net.sf.freecol.common.util.LogBuilder log
INFO: Destroying: unit:247
May 13, 2017 5:01:18 AM net.sf.freecol.server.model.ServerPlayer csChangeStance
INFO: Stance modification Louis XIV UNCONTACTED -> WAR wrt William I
May 13, 2017 5:01:18 AM net.sf.freecol.server.model.ServerPlayer csChangeStance
INFO: Stance modification William I UNCONTACTED -> WAR wrt Louis XIV (symmetric)
May 13, 2017 5:01:18 AM net.sf.freecol.common.model.Specification applyDifficultyLevel
INFO: Applying difficulty level model.difficulty.medium
May 13, 2017 5:01:18 AM net.sf.freecol.common.FreeColSeed getFreeColSeed
INFO: Using seed: 955694216623606354
May 13, 2017 5:01:18 AM net.sf.freecol.server.networking.Server sendToAll
INFO: Reap dead connection: [DummyConnection Server connection - model.nation.tupi]
May 13, 2017 5:01:18 AM net.sf.freecol.server.networking.Server sendToAll
INFO: Reap dead connection: [DummyConnection Server connection - model.nation.iroquois]
May 13, 2017 5:01:18 AM net.sf.freecol.server.networking.Server sendToAll
INFO: Reap dead connection: [DummyConnection Server connection - model.nation.apache]
May 13, 2017 5:01:18 AM net.sf.freecol.server.networking.Server sendToAll
INFO: Reap dead connection: [DummyConnection Server connection - model.nation.spanish]
May 13, 2017 5:01:18 AM net.sf.freecol.server.networking.Server sendToAll
INFO: Reap dead connection: [DummyConnection Server connection - model.nation.inca]
May 13, 2017 5:01:18 AM net.sf.freecol.server.networking.Server sendToAll
INFO: Reap dead connection: [DummyConnection Server connection - model.nation.french]
May 13, 2017 5:01:18 AM net.sf.freecol.server.networking.Server sendToAll
INFO: Reap dead connection: [DummyConnection Server connection - model.nation.english]
May 13, 2017 5:01:18 AM net.sf.freecol.server.networking.Server sendToAll
INFO: Reap dead connection: [DummyConnection Server connection - model.nation.aztec]
May 13, 2017 5:01:18 AM net.sf.freecol.server.networking.Server sendToAll
INFO: Reap dead connection: [DummyConnection Server connection - model.nation.cherokee]
May 13, 2017 5:01:18 AM net.sf.freecol.server.networking.Server sendToAll
INFO: Reap dead connection: [DummyConnection Server connection - model.nation.sioux]
May 13, 2017 5:01:18 AM net.sf.freecol.server.networking.Server sendToAll
INFO: Reap dead connection: [DummyConnection Server connection - model.nation.arawak]
May 13, 2017 5:01:18 AM net.sf.freecol.server.networking.Server sendToAll
INFO: Reap dead connection: [DummyConnection Server connection - model.nation.dutch]
May 13, 2017 5:01:18 AM net.sf.freecol.server.model.ServerPlayer csChangeStance
INFO: Stance modification William I UNCONTACTED -> WAR wrt Louis XIV
May 13, 2017 5:01:18 AM net.sf.freecol.server.model.ServerPlayer csChangeStance
INFO: Stance modification Louis XIV UNCONTACTED -> WAR wrt William I (symmetric)
May 13, 2017 5:01:18 AM net.sf.freecol.common.util.LogBuilder log
INFO: Combat attacker=unit:247-pettyCriminal-soldier [Modifier model.modifier.offence (model.source.baseOffence) ADDITIVE 0.0 index=10] [Modifier model.modifier.offence (model.role.soldier) ADDITIVE 2.0 index=30] [Modifier model.modifier.attackBonus (model.source.attackBonus) PERCENTAGE 50.0 index=50] = 3.0 defender=unit:248-freeColonist-soldier [Modifier model.modifier.defence (model.source.baseDefence) ADDITIVE 1.0 index=10] [Modifier model.modifier.defence (model.role.soldier) ADDITIVE 1.0 index=30] = 2.0 odds=0.6 random(1.0)=0.5799999833106995 great=false Attack WIN LOSE_EQUIP PROMOTE_UNIT
May 13, 2017 5:01:18 AM net.sf.freecol.common.util.LogBuilder log
INFO: Combat attacker=unit:247-indenturedServant-soldier [Modifier model.modifier.offence (model.source.baseOffence) ADDITIVE 0.0 index=10] [Modifier model.modifier.offence (model.role.soldier) ADDITIVE 2.0 index=30] [Modifier model.modifier.attackBonus (model.source.attackBonus) PERCENTAGE 50.0 index=50] = 3.0 defender=unit:248-freeColonist-soldier [Modifier model.modifier.defence (model.source.baseDefence) ADDITIVE 1.0 index=10] [Modifier model.modifier.defence (model.role.soldier) ADDITIVE 1.0 index=30] = 2.0 odds=0.6 random(1.0)=0.5799999833106995 great=false Attack WIN LOSE_EQUIP PROMOTE_UNIT
May 13, 2017 5:01:18 AM net.sf.freecol.common.util.LogBuilder log
INFO: Combat attacker=unit:247-freeColonist-soldier [Modifier model.modifier.offence (model.source.baseOffence) ADDITIVE 0.0 index=10] [Modifier model.modifier.offence (model.role.soldier) ADDITIVE 2.0 index=30] [Modifier model.modifier.attackBonus (model.source.attackBonus) PERCENTAGE 50.0 index=50] = 3.0 defender=unit:248-freeColonist-soldier [Modifier model.modifier.defence (model.source.baseDefence) ADDITIVE 1.0 index=10] [Modifier model.modifier.defence (model.role.soldier) ADDITIVE 1.0 index=30] = 2.0 odds=0.6 random(1.0)=0.5799999833106995 great=false Attack WIN LOSE_EQUIP PROMOTE_UNIT
May 13, 2017 5:01:18 AM net.sf.freecol.common.util.LogBuilder log
INFO: Combat attacker=unit:247-veteranSoldier-soldier [Modifier model.modifier.offence (model.source.baseOffence) ADDITIVE 0.0 index=10] [Modifier model.modifier.offence (model.role.soldier) ADDITIVE 2.0 index=30] [Modifier model.modifier.offence (model.unit.veteranSoldier) PERCENTAGE 50.0 index=40] [Modifier model.modifier.attackBonus (model.source.attackBonus) PERCENTAGE 50.0 index=50] = 4.5 defender=unit:248-freeColonist-soldier [Modifier model.modifier.defence (model.source.baseDefence) ADDITIVE 1.0 index=10] [Modifier model.modifier.defence (model.role.soldier) ADDITIVE 1.0 index=30] = 2.0 odds=0.6923076923076923 random(1.0)=0.6723076701164246 great=false Attack WIN LOSE_EQUIP PROMOTE_UNIT
May 13, 2017 5:01:18 AM net.sf.freecol.common.util.LogBuilder log
INFO: Combat attacker=unit:247-colonialRegular-soldier [Modifier model.modifier.offence (model.source.baseOffence) ADDITIVE 0.0 index=10] [Modifier model.modifier.offence (model.unit.colonialRegular) ADDITIVE 3.0 index=20] [Modifier model.modifier.offence (model.role.soldier) ADDITIVE 2.0 index=30] [Modifier model.modifier.attackBonus (model.source.attackBonus) PERCENTAGE 50.0 index=50] = 7.5 defender=unit:248-freeColonist-soldier [Modifier model.modifier.defence (model.source.baseDefence) ADDITIVE 1.0 index=10] [Modifier model.modifier.defence (model.role.soldier) ADDITIVE 1.0 index=30] = 2.0 odds=0.7894736842105263 random(1.0)=0.769473671913147 great=false Attack WIN LOSE_EQUIP
May 13, 2017 5:01:18 AM net.sf.freecol.common.model.Specification applyDifficultyLevel
INFO: Applying difficulty level model.difficulty.medium
May 13, 2017 5:01:18 AM net.sf.freecol.common.FreeColSeed getFreeColSeed
INFO: Using seed: 2525765421319193007
May 13, 2017 5:01:18 AM net.sf.freecol.server.networking.Server sendToAll
INFO: Reap dead connection: [DummyConnection Server connection - model.nation.apache]
May 13, 2017 5:01:18 AM net.sf.freecol.server.networking.Server sendToAll
INFO: Reap dead connection: [DummyConnection Server connection - model.nation.arawak]
May 13, 2017 5:01:18 AM net.sf.freecol.server.networking.Server sendToAll
INFO: Reap dead connection: [DummyConnection Server connection - model.nation.inca]
May 13, 2017 5:01:18 AM net.sf.freecol.server.networking.Server sendToAll
INFO: Reap dead connection: [DummyConnection Server connection - model.nation.spanish]
May 13, 2017 5:01:18 AM net.sf.freecol.server.networking.Server sendToAll
INFO: Reap dead connection: [DummyConnection Server connection - model.nation.cherokee]
May 13, 2017 5:01:18 AM net.sf.freecol.server.networking.Server sendToAll
INFO: Reap dead connection: [DummyConnection Server connection - model.nation.french]
May 13, 2017 5:01:18 AM net.sf.freecol.server.networking.Server sendToAll
INFO: Reap dead connection: [DummyConnection Server connection - model.nation.aztec]
May 13, 2017 5:01:18 AM net.sf.freecol.server.networking.Server sendToAll
INFO: Reap dead connection: [DummyConnection Server connection - model.nation.dutch]
May 13, 2017 5:01:18 AM net.sf.freecol.server.networking.Server sendToAll
INFO: Reap dead connection: [DummyConnection Server connection - model.nation.tupi]
May 13, 2017 5:01:18 AM net.sf.freecol.server.networking.Server sendToAll
INFO: Reap dead connection: [DummyConnection Server connection - model.nation.iroquois]
May 13, 2017 5:01:18 AM net.sf.freecol.server.networking.Server sendToAll
INFO: Reap dead connection: [DummyConnection Server connection - model.nation.sioux]
May 13, 2017 5:01:18 AM net.sf.freecol.server.networking.Server sendToAll
INFO: Reap dead connection: [DummyConnection Server connection - model.nation.english]
May 13, 2017 5:01:18 AM net.sf.freecol.common.networking.DOMMessage clientError
WARNING: Can not clear speciality of a teacher.
May 13, 2017 5:01:18 AM net.sf.freecol.common.model.Specification applyDifficultyLevel
INFO: Applying difficulty level model.difficulty.medium
May 13, 2017 5:01:18 AM net.sf.freecol.common.FreeColSeed getFreeColSeed
INFO: Using seed: -178598878888840974
May 13, 2017 5:01:18 AM net.sf.freecol.server.networking.Server sendToAll
INFO: Reap dead connection: [DummyConnection Server connection - model.nation.french]
May 13, 2017 5:01:18 AM net.sf.freecol.server.networking.Server sendToAll
INFO: Reap dead connection: [DummyConnection Server connection - model.nation.cherokee]
May 13, 2017 5:01:18 AM net.sf.freecol.server.networking.Server sendToAll
INFO: Reap dead connection: [DummyConnection Server connection - model.nation.sioux]
May 13, 2017 5:01:18 AM net.sf.freecol.server.networking.Server sendToAll
INFO: Reap dead connection: [DummyConnection Server connection - model.nation.iroquois]
May 13, 2017 5:01:18 AM net.sf.freecol.server.networking.Server sendToAll
INFO: Reap dead connection: [DummyConnection Server connection - model.nation.arawak]
May 13, 2017 5:01:18 AM net.sf.freecol.server.networking.Server sendToAll
INFO: Reap dead connection: [DummyConnection Server connection - model.nation.english]
May 13, 2017 5:01:18 AM net.sf.freecol.server.networking.Server sendToAll
INFO: Reap dead connection: [DummyConnection Server connection - model.nation.spanish]
May 13, 2017 5:01:18 AM net.sf.freecol.server.networking.Server sendToAll
INFO: Reap dead connection: [DummyConnection Server connection - model.nation.aztec]
May 13, 2017 5:01:18 AM net.sf.freecol.server.networking.Server sendToAll
INFO: Reap dead connection: [DummyConnection Server connection - model.nation.apache]
May 13, 2017 5:01:18 AM net.sf.freecol.server.networking.Server sendToAll
INFO: Reap dead connection: [DummyConnection Server connection - model.nation.inca]
May 13, 2017 5:01:18 AM net.sf.freecol.server.networking.Server sendToAll
INFO: Reap dead connection: [DummyConnection Server connection - model.nation.tupi]
May 13, 2017 5:01:18 AM net.sf.freecol.server.networking.Server sendToAll
INFO: Reap dead connection: [DummyConnection Server connection - model.nation.dutch]
May 13, 2017 5:01:18 AM net.sf.freecol.server.model.ServerPlayer csChangeStance
INFO: Stance modification William I CEASE_FIRE -> PEACE wrt Louis XIV
May 13, 2017 5:01:18 AM net.sf.freecol.server.model.ServerPlayer csChangeStance
INFO: Stance modification Louis XIV CEASE_FIRE -> PEACE wrt William I (symmetric)
May 13, 2017 5:01:18 AM net.sf.freecol.common.model.Specification applyDifficultyLevel
INFO: Applying difficulty level model.difficulty.medium
May 13, 2017 5:01:18 AM net.sf.freecol.common.FreeColSeed getFreeColSeed
INFO: Using seed: 4946834101675075525
May 13, 2017 5:01:18 AM net.sf.freecol.server.networking.Server sendToAll
INFO: Reap dead connection: [DummyConnection Server connection - model.nation.inca]
May 13, 2017 5:01:18 AM net.sf.freecol.server.networking.Server sendToAll
INFO: Reap dead connection: [DummyConnection Server connection - model.nation.french]
May 13, 2017 5:01:18 AM net.sf.freecol.server.networking.Server sendToAll
INFO: Reap dead connection: [DummyConnection Server connection - model.nation.tupi]
May 13, 2017 5:01:18 AM net.sf.freecol.server.networking.Server sendToAll
INFO: Reap dead connection: [DummyConnection Server connection - model.nation.english]
May 13, 2017 5:01:18 AM net.sf.freecol.server.networking.Server sendToAll
INFO: Reap dead connection: [DummyConnection Server connection - model.nation.spanish]
May 13, 2017 5:01:18 AM net.sf.freecol.server.networking.Server sendToAll
INFO: Reap dead connection: [DummyConnection Server connection - model.nation.aztec]
May 13, 2017 5:01:18 AM net.sf.freecol.server.networking.Server sendToAll
INFO: Reap dead connection: [DummyConnection Server connection - model.nation.sioux]
May 13, 2017 5:01:18 AM net.sf.freecol.server.networking.Server sendToAll
INFO: Reap dead connection: [DummyConnection Server connection - model.nation.arawak]
May 13, 2017 5:01:18 AM net.sf.freecol.server.networking.Server sendToAll
INFO: Reap dead connection: [DummyConnection Server connection - model.nation.iroquois]
May 13, 2017 5:01:18 AM net.sf.freecol.server.networking.Server sendToAll
INFO: Reap dead connection: [DummyConnection Server connection - model.nation.dutch]
May 13, 2017 5:01:18 AM net.sf.freecol.server.networking.Server sendToAll
INFO: Reap dead connection: [DummyConnection Server connection - model.nation.cherokee]
May 13, 2017 5:01:18 AM net.sf.freecol.server.networking.Server sendToAll
INFO: Reap dead connection: [DummyConnection Server connection - model.nation.apache]
May 13, 2017 5:01:18 AM net.sf.freecol.common.model.Specification applyDifficultyLevel
INFO: Applying difficulty level model.difficulty.medium
May 13, 2017 5:01:18 AM net.sf.freecol.common.FreeColSeed getFreeColSeed
INFO: Using seed: 1104345893096915022
May 13, 2017 5:01:18 AM net.sf.freecol.server.networking.Server sendToAll
INFO: Reap dead connection: [DummyConnection Server connection - model.nation.dutch]
May 13, 2017 5:01:18 AM net.sf.freecol.server.networking.Server sendToAll
INFO: Reap dead connection: [DummyConnection Server connection - model.nation.inca]
May 13, 2017 5:01:18 AM net.sf.freecol.server.networking.Server sendToAll
INFO: Reap dead connection: [DummyConnection Server connection - model.nation.cherokee]
May 13, 2017 5:01:18 AM net.sf.freecol.server.networking.Server sendToAll
INFO: Reap dead connection: [DummyConnection Server connection - model.nation.tupi]
May 13, 2017 5:01:18 AM net.sf.freecol.server.networking.Server sendToAll
INFO: Reap dead connection: [DummyConnection Server connection - model.nation.french]
May 13, 2017 5:01:18 AM net.sf.freecol.server.networking.Server sendToAll
INFO: Reap dead connection: [DummyConnection Server connection - model.nation.iroquois]
May 13, 2017 5:01:18 AM net.sf.freecol.server.networking.Server sendToAll
INFO: Reap dead connection: [DummyConnection Server connection - model.nation.apache]
May 13, 2017 5:01:18 AM net.sf.freecol.server.networking.Server sendToAll
INFO: Reap dead connection: [DummyConnection Server connection - model.nation.aztec]
May 13, 2017 5:01:18 AM net.sf.freecol.server.networking.Server sendToAll
INFO: Reap dead connection: [DummyConnection Server connection - model.nation.arawak]
May 13, 2017 5:01:18 AM net.sf.freecol.server.networking.Server sendToAll
INFO: Reap dead connection: [DummyConnection Server connection - model.nation.spanish]
May 13, 2017 5:01:18 AM net.sf.freecol.server.networking.Server sendToAll
INFO: Reap dead connection: [DummyConnection Server connection - model.nation.sioux]
May 13, 2017 5:01:18 AM net.sf.freecol.server.networking.Server sendToAll
INFO: Reap dead connection: [DummyConnection Server connection - model.nation.english]
May 13, 2017 5:01:18 AM net.sf.freecol.common.model.Specification applyDifficultyLevel
INFO: Applying difficulty level model.difficulty.medium
May 13, 2017 5:01:18 AM net.sf.freecol.common.FreeColSeed getFreeColSeed
INFO: Using seed: -5808393860408119940
May 13, 2017 5:01:18 AM net.sf.freecol.server.networking.Server sendToAll
INFO: Reap dead connection: [DummyConnection Server connection - model.nation.french]
May 13, 2017 5:01:18 AM net.sf.freecol.server.networking.Server sendToAll
INFO: Reap dead connection: [DummyConnection Server connection - model.nation.spanish]
May 13, 2017 5:01:18 AM net.sf.freecol.server.networking.Server sendToAll
INFO: Reap dead connection: [DummyConnection Server connection - model.nation.english]
May 13, 2017 5:01:18 AM net.sf.freecol.server.networking.Server sendToAll
INFO: Reap dead connection: [DummyConnection Server connection - model.nation.inca]
May 13, 2017 5:01:18 AM net.sf.freecol.server.networking.Server sendToAll
INFO: Reap dead connection: [DummyConnection Server connection - model.nation.aztec]
May 13, 2017 5:01:18 AM net.sf.freecol.server.networking.Server sendToAll
INFO: Reap dead connection: [DummyConnection Server connection - model.nation.dutch]
May 13, 2017 5:01:18 AM net.sf.freecol.server.networking.Server sendToAll
INFO: Reap dead connection: [DummyConnection Server connection - model.nation.apache]
May 13, 2017 5:01:18 AM net.sf.freecol.server.networking.Server sendToAll
INFO: Reap dead connection: [DummyConnection Server connection - model.nation.tupi]
May 13, 2017 5:01:18 AM net.sf.freecol.server.networking.Server sendToAll
INFO: Reap dead connection: [DummyConnection Server connection - model.nation.cherokee]
May 13, 2017 5:01:18 AM net.sf.freecol.server.networking.Server sendToAll
INFO: Reap dead connection: [DummyConnection Server connection - model.nation.sioux]
May 13, 2017 5:01:18 AM net.sf.freecol.server.networking.Server sendToAll
INFO: Reap dead connection: [DummyConnection Server connection - model.nation.arawak]
May 13, 2017 5:01:18 AM net.sf.freecol.server.networking.Server sendToAll
INFO: Reap dead connection: [DummyConnection Server connection - model.nation.iroquois]
May 13, 2017 5:01:18 AM net.sf.freecol.common.model.Unit setLocation
WARNING: Can not add [unit:249 dutch treasureTrain 1/1] to tile:629
May 13, 2017 5:01:18 AM net.sf.freecol.common.util.LogBuilder log
INFO: Destroying: unit:249
May 13, 2017 5:01:18 AM net.sf.freecol.common.model.Unit setLocation
WARNING: Can not add [unit:250 dutch treasureTrain 1/1] to tile:629
May 13, 2017 5:01:18 AM net.sf.freecol.common.model.Specification applyDifficultyLevel
INFO: Applying difficulty level model.difficulty.medium
May 13, 2017 5:01:18 AM net.sf.freecol.common.FreeColSeed getFreeColSeed
INFO: Using seed: 2122112542789401731
May 13, 2017 5:01:18 AM net.sf.freecol.server.networking.Server sendToAll
INFO: Reap dead connection: [DummyConnection Server connection - model.nation.english]
May 13, 2017 5:01:18 AM net.sf.freecol.server.networking.Server sendToAll
INFO: Reap dead connection: [DummyConnection Server connection - model.nation.sioux]
May 13, 2017 5:01:18 AM net.sf.freecol.server.networking.Server sendToAll
INFO: Reap dead connection: [DummyConnection Server connection - model.nation.spanish]
May 13, 2017 5:01:18 AM net.sf.freecol.server.networking.Server sendToAll
INFO: Reap dead connection: [DummyConnection Server connection - model.nation.french]
May 13, 2017 5:01:18 AM net.sf.freecol.server.networking.Server sendToAll
INFO: Reap dead connection: [DummyConnection Server connection - model.nation.aztec]
May 13, 2017 5:01:18 AM net.sf.freecol.server.networking.Server sendToAll
INFO: Reap dead connection: [DummyConnection Server connection - model.nation.arawak]
May 13, 2017 5:01:18 AM net.sf.freecol.server.networking.Server sendToAll
INFO: Reap dead connection: [DummyConnection Server connection - model.nation.apache]
May 13, 2017 5:01:18 AM net.sf.freecol.server.networking.Server sendToAll
INFO: Reap dead connection: [DummyConnection Server connection - model.nation.inca]
May 13, 2017 5:01:18 AM net.sf.freecol.server.networking.Server sendToAll
INFO: Reap dead connection: [DummyConnection Server connection - model.nation.cherokee]
May 13, 2017 5:01:18 AM net.sf.freecol.server.networking.Server sendToAll
INFO: Reap dead connection: [DummyConnection Server connection - model.nation.tupi]
May 13, 2017 5:01:18 AM net.sf.freecol.server.networking.Server sendToAll
INFO: Reap dead connection: [DummyConnection Server connection - model.nation.iroquois]
May 13, 2017 5:01:18 AM net.sf.freecol.server.networking.Server sendToAll
INFO: Reap dead connection: [DummyConnection Server connection - model.nation.dutch]
May 13, 2017 5:01:18 AM net.sf.freecol.common.model.Specification applyDifficultyLevel
INFO: Applying difficulty level model.difficulty.medium
May 13, 2017 5:01:18 AM net.sf.freecol.common.FreeColSeed getFreeColSeed
INFO: Using seed: -4660416188233818350
May 13, 2017 5:01:18 AM net.sf.freecol.server.networking.Server sendToAll
INFO: Reap dead connection: [DummyConnection Server connection - model.nation.dutch]
May 13, 2017 5:01:18 AM net.sf.freecol.server.networking.Server sendToAll
INFO: Reap dead connection: [DummyConnection Server connection - model.nation.tupi]
May 13, 2017 5:01:18 AM net.sf.freecol.server.networking.Server sendToAll
INFO: Reap dead connection: [DummyConnection Server connection - model.nation.french]
May 13, 2017 5:01:18 AM net.sf.freecol.server.networking.Server sendToAll
INFO: Reap dead connection: [DummyConnection Server connection - model.nation.cherokee]
May 13, 2017 5:01:18 AM net.sf.freecol.server.networking.Server sendToAll
INFO: Reap dead connection: [DummyConnection Server connection - model.nation.inca]
May 13, 2017 5:01:18 AM net.sf.freecol.server.networking.Server sendToAll
INFO: Reap dead connection: [DummyConnection Server connection - model.nation.spanish]
May 13, 2017 5:01:18 AM net.sf.freecol.server.networking.Server sendToAll
INFO: Reap dead connection: [DummyConnection Server connection - model.nation.sioux]
May 13, 2017 5:01:18 AM net.sf.freecol.server.networking.Server sendToAll
INFO: Reap dead connection: [DummyConnection Server connection - model.nation.arawak]
May 13, 2017 5:01:18 AM net.sf.freecol.server.networking.Server sendToAll
INFO: Reap dead connection: [DummyConnection Server connection - model.nation.aztec]
May 13, 2017 5:01:18 AM net.sf.freecol.server.networking.Server sendToAll
INFO: Reap dead connection: [DummyConnection Server connection - model.nation.english]
May 13, 2017 5:01:18 AM net.sf.freecol.server.networking.Server sendToAll
INFO: Reap dead connection: [DummyConnection Server connection - model.nation.apache]
May 13, 2017 5:01:18 AM net.sf.freecol.server.networking.Server sendToAll
INFO: Reap dead connection: [DummyConnection Server connection - model.nation.iroquois]
May 13, 2017 5:01:18 AM net.sf.freecol.common.model.Specification applyDifficultyLevel
INFO: Applying difficulty level model.difficulty.medium
May 13, 2017 5:01:18 AM net.sf.freecol.common.FreeColSeed getFreeColSeed
INFO: Using seed: 2330131239423362029
May 13, 2017 5:01:18 AM net.sf.freecol.server.networking.Server sendToAll
INFO: Reap dead connection: [DummyConnection Server connection - model.nation.dutch]
May 13, 2017 5:01:18 AM net.sf.freecol.server.networking.Server sendToAll
INFO: Reap dead connection: [DummyConnection Server connection - model.nation.inca]
May 13, 2017 5:01:18 AM net.sf.freecol.server.networking.Server sendToAll
INFO: Reap dead connection: [DummyConnection Server connection - model.nation.tupi]
May 13, 2017 5:01:18 AM net.sf.freecol.server.networking.Server sendToAll
INFO: Reap dead connection: [DummyConnection Server connection - model.nation.french]
May 13, 2017 5:01:18 AM net.sf.freecol.server.networking.Server sendToAll
INFO: Reap dead connection: [DummyConnection Server connection - model.nation.english]
May 13, 2017 5:01:18 AM net.sf.freecol.server.networking.Server sendToAll
INFO: Reap dead connection: [DummyConnection Server connection - model.nation.cherokee]
May 13, 2017 5:01:18 AM net.sf.freecol.server.networking.Server sendToAll
INFO: Reap dead connection: [DummyConnection Server connection - model.nation.apache]
May 13, 2017 5:01:18 AM net.sf.freecol.server.networking.Server sendToAll
INFO: Reap dead connection: [DummyConnection Server connection - model.nation.spanish]
May 13, 2017 5:01:18 AM net.sf.freecol.server.networking.Server sendToAll
INFO: Reap dead connection: [DummyConnection Server connection - model.nation.sioux]
May 13, 2017 5:01:18 AM net.sf.freecol.server.networking.Server sendToAll
INFO: Reap dead connection: [DummyConnection Server connection - model.nation.iroquois]
May 13, 2017 5:01:18 AM net.sf.freecol.server.networking.Server sendToAll
INFO: Reap dead connection: [DummyConnection Server connection - model.nation.arawak]
May 13, 2017 5:01:18 AM net.sf.freecol.server.networking.Server sendToAll
INFO: Reap dead connection: [DummyConnection Server connection - model.nation.aztec]
May 13, 2017 5:01:18 AM net.sf.freecol.server.model.ServerPlayer csChangeStance
INFO: Stance modification William I UNCONTACTED -> WAR wrt Louis XIV
May 13, 2017 5:01:18 AM net.sf.freecol.server.model.ServerPlayer csChangeStance
INFO: Stance modification Louis XIV UNCONTACTED -> WAR wrt William I (symmetric)
May 13, 2017 5:01:18 AM net.sf.freecol.common.util.LogBuilder log
INFO: Combat attacker=unit:247-freeColonist-soldier [Modifier model.modifier.offence (model.source.baseOffence) ADDITIVE 0.0 index=10] [Modifier model.modifier.offence (model.role.soldier) ADDITIVE 2.0 index=30] [Modifier model.modifier.attackBonus (model.source.attackBonus) PERCENTAGE 50.0 index=50] = 3.0 defender=unit:248-freeColonist-soldier [Modifier model.modifier.defence (model.source.baseDefence) ADDITIVE 1.0 index=10] [Modifier model.modifier.defence (model.role.soldier) ADDITIVE 1.0 index=30] = 2.0 odds=0.6 random(1.0)=0.6200000047683716 great=false Attack LOSE LOSE_EQUIP
May 13, 2017 5:01:18 AM net.sf.freecol.common.util.LogBuilder log
INFO: Combat attacker=unit:247-freeColonist [Modifier model.modifier.offence (model.source.baseOffence) ADDITIVE 0.0 index=10] [Modifier model.modifier.attackBonus (model.source.attackBonus) PERCENTAGE 50.0 index=50] = 0.0 defender=unit:248-freeColonist-soldier [Modifier model.modifier.defence (model.source.baseDefence) ADDITIVE 1.0 index=10] [Modifier model.modifier.defence (model.role.soldier) ADDITIVE 1.0 index=30] = 2.0 odds=0.0 random(1.0)=0.019999999552965164 great=false Attack LOSE CAPTURE_UNIT
May 13, 2017 5:01:18 AM net.sf.freecol.common.model.Specification applyDifficultyLevel
INFO: Applying difficulty level model.difficulty.medium
May 13, 2017 5:01:18 AM net.sf.freecol.common.FreeColSeed getFreeColSeed
INFO: Using seed: 1219169265404773350
May 13, 2017 5:01:18 AM net.sf.freecol.server.networking.Server sendToAll
INFO: Reap dead connection: [DummyConnection Server connection - model.nation.tupi]
May 13, 2017 5:01:18 AM net.sf.freecol.server.networking.Server sendToAll
INFO: Reap dead connection: [DummyConnection Server connection - model.nation.inca]
May 13, 2017 5:01:18 AM net.sf.freecol.server.networking.Server sendToAll
INFO: Reap dead connection: [DummyConnection Server connection - model.nation.spanish]
May 13, 2017 5:01:18 AM net.sf.freecol.server.networking.Server sendToAll
INFO: Reap dead connection: [DummyConnection Server connection - model.nation.sioux]
May 13, 2017 5:01:18 AM net.sf.freecol.server.networking.Server sendToAll
INFO: Reap dead connection: [DummyConnection Server connection - model.nation.french]
May 13, 2017 5:01:18 AM net.sf.freecol.server.networking.Server sendToAll
INFO: Reap dead connection: [DummyConnection Server connection - model.nation.aztec]
May 13, 2017 5:01:18 AM net.sf.freecol.server.networking.Server sendToAll
INFO: Reap dead connection: [DummyConnection Server connection - model.nation.iroquois]
May 13, 2017 5:01:18 AM net.sf.freecol.server.networking.Server sendToAll
INFO: Reap dead connection: [DummyConnection Server connection - model.nation.dutch]
May 13, 2017 5:01:18 AM net.sf.freecol.server.networking.Server sendToAll
INFO: Reap dead connection: [DummyConnection Server connection - model.nation.arawak]
May 13, 2017 5:01:18 AM net.sf.freecol.server.networking.Server sendToAll
INFO: Reap dead connection: [DummyConnection Server connection - model.nation.apache]
May 13, 2017 5:01:18 AM net.sf.freecol.server.networking.Server sendToAll
INFO: Reap dead connection: [DummyConnection Server connection - model.nation.cherokee]
May 13, 2017 5:01:18 AM net.sf.freecol.server.networking.Server sendToAll
INFO: Reap dead connection: [DummyConnection Server connection - model.nation.english]
May 13, 2017 5:01:18 AM net.sf.freecol.server.model.ServerPlayer csChangeStance
INFO: Stance modification Louis XIV UNCONTACTED -> WAR wrt William I
May 13, 2017 5:01:18 AM net.sf.freecol.server.model.ServerPlayer csChangeStance
INFO: Stance modification William I UNCONTACTED -> WAR wrt Louis XIV (symmetric)
May 13, 2017 5:01:18 AM net.sf.freecol.common.util.LogBuilder log
INFO: Combat attacker=unit:248-veteranSoldier-soldier [Modifier model.modifier.offence (model.source.baseOffence) ADDITIVE 0.0 index=10] [Modifier model.modifier.offence (model.role.soldier) ADDITIVE 2.0 index=30] [Modifier model.modifier.offence (model.unit.veteranSoldier) PERCENTAGE 50.0 index=40] [Modifier model.modifier.attackBonus (model.source.attackBonus) PERCENTAGE 50.0 index=50] = 4.5 defender=unit:247-colonialRegular-soldier [Modifier model.modifier.defence (model.source.baseDefence) ADDITIVE 1.0 index=10] [Modifier model.modifier.defence (model.unit.colonialRegular) ADDITIVE 3.0 index=20] [Modifier model.modifier.defence (model.role.soldier) ADDITIVE 1.0 index=30] = 5.0 odds=0.47368421052631576 random(1.0)=0.4536842107772827 great=false Attack WIN LOSE_EQUIP DEMOTE_UNIT
May 13, 2017 5:01:18 AM net.sf.freecol.common.util.LogBuilder log
INFO: Combat attacker=unit:248-veteranSoldier-soldier [Modifier model.modifier.offence (model.source.baseOffence) ADDITIVE 0.0 index=10] [Modifier model.modifier.offence (model.role.soldier) ADDITIVE 2.0 index=30] [Modifier model.modifier.offence (model.unit.veteranSoldier) PERCENTAGE 50.0 index=40] [Modifier model.modifier.attackBonus (model.source.attackBonus) PERCENTAGE 50.0 index=50] = 4.5 defender=unit:247-veteranSoldier [Modifier model.modifier.defence (model.source.baseDefence) ADDITIVE 1.0 index=10] [Modifier model.modifier.defence (model.unit.veteranSoldier) PERCENTAGE 50.0 index=40] = 1.5 odds=0.75 random(1.0)=0.7300000190734863 great=false Attack WIN CAPTURE_UNIT
May 13, 2017 5:01:18 AM net.sf.freecol.common.model.Specification applyDifficultyLevel
INFO: Applying difficulty level model.difficulty.medium
May 13, 2017 5:01:18 AM net.sf.freecol.common.FreeColSeed getFreeColSeed
INFO: Using seed: 8945888679029460539
May 13, 2017 5:01:18 AM net.sf.freecol.server.networking.Server sendToAll
INFO: Reap dead connection: [DummyConnection Server connection - model.nation.tupi]
May 13, 2017 5:01:18 AM net.sf.freecol.server.networking.Server sendToAll
INFO: Reap dead connection: [DummyConnection Server connection - model.nation.dutch]
May 13, 2017 5:01:18 AM net.sf.freecol.server.networking.Server sendToAll
INFO: Reap dead connection: [DummyConnection Server connection - model.nation.apache]
May 13, 2017 5:01:18 AM net.sf.freecol.server.networking.Server sendToAll
INFO: Reap dead connection: [DummyConnection Server connection - model.nation.inca]
May 13, 2017 5:01:18 AM net.sf.freecol.server.networking.Server sendToAll
INFO: Reap dead connection: [DummyConnection Server connection - model.nation.aztec]
May 13, 2017 5:01:18 AM net.sf.freecol.server.networking.Server sendToAll
INFO: Reap dead connection: [DummyConnection Server connection - model.nation.cherokee]
May 13, 2017 5:01:18 AM net.sf.freecol.server.networking.Server sendToAll
INFO: Reap dead connection: [DummyConnection Server connection - model.nation.iroquois]
May 13, 2017 5:01:18 AM net.sf.freecol.server.networking.Server sendToAll
INFO: Reap dead connection: [DummyConnection Server connection - model.nation.english]
May 13, 2017 5:01:18 AM net.sf.freecol.server.networking.Server sendToAll
INFO: Reap dead connection: [DummyConnection Server connection - model.nation.sioux]
May 13, 2017 5:01:18 AM net.sf.freecol.server.networking.Server sendToAll
INFO: Reap dead connection: [DummyConnection Server connection - model.nation.french]
May 13, 2017 5:01:18 AM net.sf.freecol.server.networking.Server sendToAll
INFO: Reap dead connection: [DummyConnection Server connection - model.nation.spanish]
May 13, 2017 5:01:18 AM net.sf.freecol.server.networking.Server sendToAll
INFO: Reap dead connection: [DummyConnection Server connection - model.nation.arawak]
May 13, 2017 5:01:18 AM net.sf.freecol.server.ai.AIUnit dispose
WARNING: Disposing of unit:271 but owner is null!
May 13, 2017 5:01:18 AM net.sf.freecol.server.ai.AIUnit dispose
WARNING: Disposing of unit:270 but owner is null!
May 13, 2017 5:01:18 AM net.sf.freecol.common.model.Specification applyDifficultyLevel
INFO: Applying difficulty level model.difficulty.medium
May 13, 2017 5:01:18 AM net.sf.freecol.common.FreeColSeed getFreeColSeed
INFO: Using seed: -5174738517851877514
May 13, 2017 5:01:18 AM net.sf.freecol.server.networking.Server sendToAll
INFO: Reap dead connection: [DummyConnection Server connection - model.nation.apache]
May 13, 2017 5:01:18 AM net.sf.freecol.server.networking.Server sendToAll
INFO: Reap dead connection: [DummyConnection Server connection - model.nation.english]
May 13, 2017 5:01:18 AM net.sf.freecol.server.networking.Server sendToAll
INFO: Reap dead connection: [DummyConnection Server connection - model.nation.inca]
May 13, 2017 5:01:18 AM net.sf.freecol.server.networking.Server sendToAll
INFO: Reap dead connection: [DummyConnection Server connection - model.nation.sioux]
May 13, 2017 5:01:18 AM net.sf.freecol.server.networking.Server sendToAll
INFO: Reap dead connection: [DummyConnection Server connection - model.nation.cherokee]
May 13, 2017 5:01:18 AM net.sf.freecol.server.networking.Server sendToAll
INFO: Reap dead connection: [DummyConnection Server connection - model.nation.arawak]
May 13, 2017 5:01:18 AM net.sf.freecol.server.networking.Server sendToAll
INFO: Reap dead connection: [DummyConnection Server connection - model.nation.spanish]
May 13, 2017 5:01:18 AM net.sf.freecol.server.networking.Server sendToAll
INFO: Reap dead connection: [DummyConnection Server connection - model.nation.iroquois]
May 13, 2017 5:01:18 AM net.sf.freecol.server.networking.Server sendToAll
INFO: Reap dead connection: [DummyConnection Server connection - model.nation.dutch]
May 13, 2017 5:01:18 AM net.sf.freecol.server.networking.Server sendToAll
INFO: Reap dead connection: [DummyConnection Server connection - model.nation.french]
May 13, 2017 5:01:18 AM net.sf.freecol.server.networking.Server sendToAll
INFO: Reap dead connection: [DummyConnection Server connection - model.nation.tupi]
May 13, 2017 5:01:18 AM net.sf.freecol.server.networking.Server sendToAll
INFO: Reap dead connection: [DummyConnection Server connection - model.nation.aztec]
May 13, 2017 5:01:18 AM net.sf.freecol.server.model.ServerPlayer csChangeStance
INFO: Stance modification William I UNCONTACTED -> PEACE wrt Guaira
May 13, 2017 5:01:18 AM net.sf.freecol.server.model.ServerPlayer csChangeStance
INFO: Stance modification Guaira UNCONTACTED -> PEACE wrt William I (symmetric)
May 13, 2017 5:01:18 AM net.sf.freecol.common.util.LogBuilder log
INFO: Destroying: unit:253
May 13, 2017 5:01:18 AM net.sf.freecol.server.model.ServerPlayer csChangeStance
INFO: Stance modification Louis XIV UNCONTACTED -> PEACE wrt Guaira
May 13, 2017 5:01:18 AM net.sf.freecol.server.model.ServerPlayer csChangeStance
INFO: Stance modification Guaira UNCONTACTED -> PEACE wrt Louis XIV (symmetric)
May 13, 2017 5:01:18 AM net.sf.freecol.common.model.Specification applyDifficultyLevel
INFO: Applying difficulty level model.difficulty.medium
May 13, 2017 5:01:18 AM net.sf.freecol.common.FreeColSeed getFreeColSeed
INFO: Using seed: 4492386889141430776
May 13, 2017 5:01:18 AM net.sf.freecol.server.networking.Server sendToAll
INFO: Reap dead connection: [DummyConnection Server connection - model.nation.apache]
May 13, 2017 5:01:18 AM net.sf.freecol.server.networking.Server sendToAll
INFO: Reap dead connection: [DummyConnection Server connection - model.nation.sioux]
May 13, 2017 5:01:18 AM net.sf.freecol.server.networking.Server sendToAll
INFO: Reap dead connection: [DummyConnection Server connection - model.nation.french]
May 13, 2017 5:01:18 AM net.sf.freecol.server.networking.Server sendToAll
INFO: Reap dead connection: [DummyConnection Server connection - model.nation.arawak]
May 13, 2017 5:01:18 AM net.sf.freecol.server.networking.Server sendToAll
INFO: Reap dead connection: [DummyConnection Server connection - model.nation.inca]
May 13, 2017 5:01:18 AM net.sf.freecol.server.networking.Server sendToAll
INFO: Reap dead connection: [DummyConnection Server connection - model.nation.english]
May 13, 2017 5:01:18 AM net.sf.freecol.server.networking.Server sendToAll
INFO: Reap dead connection: [DummyConnection Server connection - model.nation.spanish]
May 13, 2017 5:01:18 AM net.sf.freecol.server.networking.Server sendToAll
INFO: Reap dead connection: [DummyConnection Server connection - model.nation.cherokee]
May 13, 2017 5:01:18 AM net.sf.freecol.server.networking.Server sendToAll
INFO: Reap dead connection: [DummyConnection Server connection - model.nation.tupi]
May 13, 2017 5:01:18 AM net.sf.freecol.server.networking.Server sendToAll
INFO: Reap dead connection: [DummyConnection Server connection - model.nation.iroquois]
May 13, 2017 5:01:18 AM net.sf.freecol.server.networking.Server sendToAll
INFO: Reap dead connection: [DummyConnection Server connection - model.nation.dutch]
May 13, 2017 5:01:18 AM net.sf.freecol.server.networking.Server sendToAll
INFO: Reap dead connection: [DummyConnection Server connection - model.nation.aztec]
May 13, 2017 5:01:18 AM net.sf.freecol.common.model.Specification applyDifficultyLevel
INFO: Applying difficulty level model.difficulty.medium
May 13, 2017 5:01:18 AM net.sf.freecol.common.FreeColSeed getFreeColSeed
INFO: Using seed: -8193170236464635412
May 13, 2017 5:01:18 AM net.sf.freecol.server.networking.Server sendToAll
INFO: Reap dead connection: [DummyConnection Server connection - model.nation.sioux]
May 13, 2017 5:01:18 AM net.sf.freecol.server.networking.Server sendToAll
INFO: Reap dead connection: [DummyConnection Server connection - model.nation.cherokee]
May 13, 2017 5:01:18 AM net.sf.freecol.server.networking.Server sendToAll
INFO: Reap dead connection: [DummyConnection Server connection - model.nation.apache]
May 13, 2017 5:01:18 AM net.sf.freecol.server.networking.Server sendToAll
INFO: Reap dead connection: [DummyConnection Server connection - model.nation.spanish]
May 13, 2017 5:01:18 AM net.sf.freecol.server.networking.Server sendToAll
INFO: Reap dead connection: [DummyConnection Server connection - model.nation.tupi]
May 13, 2017 5:01:18 AM net.sf.freecol.server.networking.Server sendToAll
INFO: Reap dead connection: [DummyConnection Server connection - model.nation.dutch]
May 13, 2017 5:01:18 AM net.sf.freecol.server.networking.Server sendToAll
INFO: Reap dead connection: [DummyConnection Server connection - model.nation.french]
May 13, 2017 5:01:18 AM net.sf.freecol.server.networking.Server sendToAll
INFO: Reap dead connection: [DummyConnection Server connection - model.nation.aztec]
May 13, 2017 5:01:18 AM net.sf.freecol.server.networking.Server sendToAll
INFO: Reap dead connection: [DummyConnection Server connection - model.nation.iroquois]
May 13, 2017 5:01:18 AM net.sf.freecol.server.networking.Server sendToAll
INFO: Reap dead connection: [DummyConnection Server connection - model.nation.arawak]
May 13, 2017 5:01:18 AM net.sf.freecol.server.networking.Server sendToAll
INFO: Reap dead connection: [DummyConnection Server connection - model.nation.inca]
May 13, 2017 5:01:18 AM net.sf.freecol.server.networking.Server sendToAll
INFO: Reap dead connection: [DummyConnection Server connection - model.nation.english]
May 13, 2017 5:01:18 AM net.sf.freecol.common.model.Specification applyDifficultyLevel
INFO: Applying difficulty level model.difficulty.medium
May 13, 2017 5:01:18 AM net.sf.freecol.common.FreeColSeed getFreeColSeed
INFO: Using seed: 5914325903147229300
May 13, 2017 5:01:18 AM net.sf.freecol.server.networking.Server sendToAll
INFO: Reap dead connection: [DummyConnection Server connection - model.nation.sioux]
May 13, 2017 5:01:18 AM net.sf.freecol.server.networking.Server sendToAll
INFO: Reap dead connection: [DummyConnection Server connection - model.nation.aztec]
May 13, 2017 5:01:18 AM net.sf.freecol.server.networking.Server sendToAll
INFO: Reap dead connection: [DummyConnection Server connection - model.nation.english]
May 13, 2017 5:01:18 AM net.sf.freecol.server.networking.Server sendToAll
INFO: Reap dead connection: [DummyConnection Server connection - model.nation.apache]
May 13, 2017 5:01:18 AM net.sf.freecol.server.networking.Server sendToAll
INFO: Reap dead connection: [DummyConnection Server connection - model.nation.spanish]
May 13, 2017 5:01:18 AM net.sf.freecol.server.networking.Server sendToAll
INFO: Reap dead connection: [DummyConnection Server connection - model.nation.iroquois]
May 13, 2017 5:01:18 AM net.sf.freecol.server.networking.Server sendToAll
INFO: Reap dead connection: [DummyConnection Server connection - model.nation.tupi]
May 13, 2017 5:01:18 AM net.sf.freecol.server.networking.Server sendToAll
INFO: Reap dead connection: [DummyConnection Server connection - model.nation.arawak]
May 13, 2017 5:01:18 AM net.sf.freecol.server.networking.Server sendToAll
INFO: Reap dead connection: [DummyConnection Server connection - model.nation.dutch]
May 13, 2017 5:01:18 AM net.sf.freecol.server.networking.Server sendToAll
INFO: Reap dead connection: [DummyConnection Server connection - model.nation.cherokee]
May 13, 2017 5:01:18 AM net.sf.freecol.server.networking.Server sendToAll
INFO: Reap dead connection: [DummyConnection Server connection - model.nation.inca]
May 13, 2017 5:01:18 AM net.sf.freecol.server.networking.Server sendToAll
INFO: Reap dead connection: [DummyConnection Server connection - model.nation.french]
May 13, 2017 5:01:18 AM net.sf.freecol.common.model.Specification applyDifficultyLevel
INFO: Applying difficulty level model.difficulty.medium
May 13, 2017 5:01:18 AM net.sf.freecol.common.FreeColSeed getFreeColSeed
INFO: Using seed: -3040830630905993403
May 13, 2017 5:01:18 AM net.sf.freecol.server.networking.Server sendToAll
INFO: Reap dead connection: [DummyConnection Server connection - model.nation.inca]
May 13, 2017 5:01:18 AM net.sf.freecol.server.networking.Server sendToAll
INFO: Reap dead connection: [DummyConnection Server connection - model.nation.tupi]
May 13, 2017 5:01:18 AM net.sf.freecol.server.networking.Server sendToAll
INFO: Reap dead connection: [DummyConnection Server connection - model.nation.sioux]
May 13, 2017 5:01:18 AM net.sf.freecol.server.networking.Server sendToAll
INFO: Reap dead connection: [DummyConnection Server connection - model.nation.iroquois]
May 13, 2017 5:01:18 AM net.sf.freecol.server.networking.Server sendToAll
INFO: Reap dead connection: [DummyConnection Server connection - model.nation.cherokee]
May 13, 2017 5:01:18 AM net.sf.freecol.server.networking.Server sendToAll
INFO: Reap dead connection: [DummyConnection Server connection - model.nation.dutch]
May 13, 2017 5:01:18 AM net.sf.freecol.server.networking.Server sendToAll
INFO: Reap dead connection: [DummyConnection Server connection - model.nation.aztec]
May 13, 2017 5:01:18 AM net.sf.freecol.server.networking.Server sendToAll
INFO: Reap dead connection: [DummyConnection Server connection - model.nation.arawak]
May 13, 2017 5:01:18 AM net.sf.freecol.server.networking.Server sendToAll
INFO: Reap dead connection: [DummyConnection Server connection - model.nation.apache]
May 13, 2017 5:01:18 AM net.sf.freecol.server.networking.Server sendToAll
INFO: Reap dead connection: [DummyConnection Server connection - model.nation.french]
May 13, 2017 5:01:18 AM net.sf.freecol.server.networking.Server sendToAll
INFO: Reap dead connection: [DummyConnection Server connection - model.nation.english]
May 13, 2017 5:01:18 AM net.sf.freecol.server.networking.Server sendToAll
INFO: Reap dead connection: [DummyConnection Server connection - model.nation.spanish]
May 13, 2017 5:01:18 AM net.sf.freecol.common.model.Specification applyDifficultyLevel
INFO: Applying difficulty level model.difficulty.medium
May 13, 2017 5:01:18 AM net.sf.freecol.common.FreeColSeed getFreeColSeed
INFO: Using seed: 2258647583787958711
May 13, 2017 5:01:18 AM net.sf.freecol.server.networking.Server sendToAll
INFO: Reap dead connection: [DummyConnection Server connection - model.nation.french]
May 13, 2017 5:01:18 AM net.sf.freecol.server.networking.Server sendToAll
INFO: Reap dead connection: [DummyConnection Server connection - model.nation.inca]
May 13, 2017 5:01:18 AM net.sf.freecol.server.networking.Server sendToAll
INFO: Reap dead connection: [DummyConnection Server connection - model.nation.tupi]
May 13, 2017 5:01:18 AM net.sf.freecol.server.networking.Server sendToAll
INFO: Reap dead connection: [DummyConnection Server connection - model.nation.apache]
May 13, 2017 5:01:18 AM net.sf.freecol.server.networking.Server sendToAll
INFO: Reap dead connection: [DummyConnection Server connection - model.nation.arawak]
May 13, 2017 5:01:18 AM net.sf.freecol.server.networking.Server sendToAll
INFO: Reap dead connection: [DummyConnection Server connection - model.nation.cherokee]
May 13, 2017 5:01:18 AM net.sf.freecol.server.networking.Server sendToAll
INFO: Reap dead connection: [DummyConnection Server connection - model.nation.sioux]
May 13, 2017 5:01:18 AM net.sf.freecol.server.networking.Server sendToAll
INFO: Reap dead connection: [DummyConnection Server connection - model.nation.dutch]
May 13, 2017 5:01:18 AM net.sf.freecol.server.networking.Server sendToAll
INFO: Reap dead connection: [DummyConnection Server connection - model.nation.english]
May 13, 2017 5:01:18 AM net.sf.freecol.server.networking.Server sendToAll
INFO: Reap dead connection: [DummyConnection Server connection - model.nation.iroquois]
May 13, 2017 5:01:18 AM net.sf.freecol.server.networking.Server sendToAll
INFO: Reap dead connection: [DummyConnection Server connection - model.nation.aztec]
May 13, 2017 5:01:18 AM net.sf.freecol.server.networking.Server sendToAll
INFO: Reap dead connection: [DummyConnection Server connection - model.nation.spanish]
May 13, 2017 5:01:18 AM net.sf.freecol.common.model.Specification applyDifficultyLevel
INFO: Applying difficulty level model.difficulty.medium
May 13, 2017 5:01:18 AM net.sf.freecol.common.FreeColSeed getFreeColSeed
INFO: Using seed: 7287588318644733565
May 13, 2017 5:01:18 AM net.sf.freecol.server.networking.Server sendToAll
INFO: Reap dead connection: [DummyConnection Server connection - model.nation.apache]
May 13, 2017 5:01:18 AM net.sf.freecol.server.networking.Server sendToAll
INFO: Reap dead connection: [DummyConnection Server connection - model.nation.sioux]
May 13, 2017 5:01:18 AM net.sf.freecol.server.networking.Server sendToAll
INFO: Reap dead connection: [DummyConnection Server connection - model.nation.french]
May 13, 2017 5:01:18 AM net.sf.freecol.server.networking.Server sendToAll
INFO: Reap dead connection: [DummyConnection Server connection - model.nation.spanish]
May 13, 2017 5:01:18 AM net.sf.freecol.server.networking.Server sendToAll
INFO: Reap dead connection: [DummyConnection Server connection - model.nation.iroquois]
May 13, 2017 5:01:18 AM net.sf.freecol.server.networking.Server sendToAll
INFO: Reap dead connection: [DummyConnection Server connection - model.nation.inca]
May 13, 2017 5:01:18 AM net.sf.freecol.server.networking.Server sendToAll
INFO: Reap dead connection: [DummyConnection Server connection - model.nation.cherokee]
May 13, 2017 5:01:18 AM net.sf.freecol.server.networking.Server sendToAll
INFO: Reap dead connection: [DummyConnection Server connection - model.nation.dutch]
May 13, 2017 5:01:18 AM net.sf.freecol.server.networking.Server sendToAll
INFO: Reap dead connection: [DummyConnection Server connection - model.nation.aztec]
May 13, 2017 5:01:18 AM net.sf.freecol.server.networking.Server sendToAll
INFO: Reap dead connection: [DummyConnection Server connection - model.nation.tupi]
May 13, 2017 5:01:18 AM net.sf.freecol.server.networking.Server sendToAll
INFO: Reap dead connection: [DummyConnection Server connection - model.nation.arawak]
May 13, 2017 5:01:18 AM net.sf.freecol.server.networking.Server sendToAll
INFO: Reap dead connection: [DummyConnection Server connection - model.nation.english]
May 13, 2017 5:01:18 AM net.sf.freecol.common.model.Specification applyDifficultyLevel
INFO: Applying difficulty level model.difficulty.medium
May 13, 2017 5:01:18 AM net.sf.freecol.common.FreeColSeed getFreeColSeed
INFO: Using seed: -1595542743281378541
May 13, 2017 5:01:18 AM net.sf.freecol.server.networking.Server sendToAll
INFO: Reap dead connection: [DummyConnection Server connection - model.nation.tupi]
May 13, 2017 5:01:18 AM net.sf.freecol.server.networking.Server sendToAll
INFO: Reap dead connection: [DummyConnection Server connection - model.nation.arawak]
May 13, 2017 5:01:18 AM net.sf.freecol.server.networking.Server sendToAll
INFO: Reap dead connection: [DummyConnection Server connection - model.nation.apache]
May 13, 2017 5:01:18 AM net.sf.freecol.server.networking.Server sendToAll
INFO: Reap dead connection: [DummyConnection Server connection - model.nation.aztec]
May 13, 2017 5:01:18 AM net.sf.freecol.server.networking.Server sendToAll
INFO: Reap dead connection: [DummyConnection Server connection - model.nation.inca]
May 13, 2017 5:01:18 AM net.sf.freecol.server.networking.Server sendToAll
INFO: Reap dead connection: [DummyConnection Server connection - model.nation.cherokee]
May 13, 2017 5:01:18 AM net.sf.freecol.server.networking.Server sendToAll
INFO: Reap dead connection: [DummyConnection Server connection - model.nation.french]
May 13, 2017 5:01:18 AM net.sf.freecol.server.networking.Server sendToAll
INFO: Reap dead connection: [DummyConnection Server connection - model.nation.sioux]
May 13, 2017 5:01:18 AM net.sf.freecol.server.networking.Server sendToAll
INFO: Reap dead connection: [DummyConnection Server connection - model.nation.english]
May 13, 2017 5:01:18 AM net.sf.freecol.server.networking.Server sendToAll
INFO: Reap dead connection: [DummyConnection Server connection - model.nation.dutch]
May 13, 2017 5:01:18 AM net.sf.freecol.server.networking.Server sendToAll
INFO: Reap dead connection: [DummyConnection Server connection - model.nation.iroquois]
May 13, 2017 5:01:18 AM net.sf.freecol.server.networking.Server sendToAll
INFO: Reap dead connection: [DummyConnection Server connection - model.nation.spanish]
May 13, 2017 5:01:18 AM net.sf.freecol.common.model.Specification applyDifficultyLevel
INFO: Applying difficulty level model.difficulty.medium
May 13, 2017 5:01:19 AM net.sf.freecol.common.FreeColSeed getFreeColSeed
INFO: Using seed: 384085240477982877
May 13, 2017 5:01:19 AM net.sf.freecol.server.networking.Server sendToAll
INFO: Reap dead connection: [DummyConnection Server connection - model.nation.french]
May 13, 2017 5:01:19 AM net.sf.freecol.server.networking.Server sendToAll
INFO: Reap dead connection: [DummyConnection Server connection - model.nation.arawak]
May 13, 2017 5:01:19 AM net.sf.freecol.server.networking.Server sendToAll
INFO: Reap dead connection: [DummyConnection Server connection - model.nation.aztec]
May 13, 2017 5:01:19 AM net.sf.freecol.server.networking.Server sendToAll
INFO: Reap dead connection: [DummyConnection Server connection - model.nation.sioux]
May 13, 2017 5:01:19 AM net.sf.freecol.server.networking.Server sendToAll
INFO: Reap dead connection: [DummyConnection Server connection - model.nation.dutch]
May 13, 2017 5:01:19 AM net.sf.freecol.server.networking.Server sendToAll
INFO: Reap dead connection: [DummyConnection Server connection - model.nation.iroquois]
May 13, 2017 5:01:19 AM net.sf.freecol.server.networking.Server sendToAll
INFO: Reap dead connection: [DummyConnection Server connection - model.nation.tupi]
May 13, 2017 5:01:19 AM net.sf.freecol.server.networking.Server sendToAll
INFO: Reap dead connection: [DummyConnection Server connection - model.nation.apache]
May 13, 2017 5:01:19 AM net.sf.freecol.server.networking.Server sendToAll
INFO: Reap dead connection: [DummyConnection Server connection - model.nation.inca]
May 13, 2017 5:01:19 AM net.sf.freecol.server.networking.Server sendToAll
INFO: Reap dead connection: [DummyConnection Server connection - model.nation.spanish]
May 13, 2017 5:01:19 AM net.sf.freecol.server.networking.Server sendToAll
INFO: Reap dead connection: [DummyConnection Server connection - model.nation.english]
May 13, 2017 5:01:19 AM net.sf.freecol.server.networking.Server sendToAll
INFO: Reap dead connection: [DummyConnection Server connection - model.nation.cherokee]
May 13, 2017 5:01:19 AM net.sf.freecol.common.model.Specification applyDifficultyLevel
INFO: Applying difficulty level model.difficulty.medium
May 13, 2017 5:01:19 AM net.sf.freecol.common.FreeColSeed getFreeColSeed
INFO: Using seed: 96327142229720896
May 13, 2017 5:01:19 AM net.sf.freecol.server.networking.Server sendToAll
INFO: Reap dead connection: [DummyConnection Server connection - model.nation.iroquois]
May 13, 2017 5:01:19 AM net.sf.freecol.server.networking.Server sendToAll
INFO: Reap dead connection: [DummyConnection Server connection - model.nation.inca]
May 13, 2017 5:01:19 AM net.sf.freecol.server.networking.Server sendToAll
INFO: Reap dead connection: [DummyConnection Server connection - model.nation.dutch]
May 13, 2017 5:01:19 AM net.sf.freecol.server.networking.Server sendToAll
INFO: Reap dead connection: [DummyConnection Server connection - model.nation.tupi]
May 13, 2017 5:01:19 AM net.sf.freecol.server.networking.Server sendToAll
INFO: Reap dead connection: [DummyConnection Server connection - model.nation.arawak]
May 13, 2017 5:01:19 AM net.sf.freecol.server.networking.Server sendToAll
INFO: Reap dead connection: [DummyConnection Server connection - model.nation.cherokee]
May 13, 2017 5:01:19 AM net.sf.freecol.server.networking.Server sendToAll
INFO: Reap dead connection: [DummyConnection Server connection - model.nation.french]
May 13, 2017 5:01:19 AM net.sf.freecol.server.networking.Server sendToAll
INFO: Reap dead connection: [DummyConnection Server connection - model.nation.apache]
May 13, 2017 5:01:19 AM net.sf.freecol.server.networking.Server sendToAll
INFO: Reap dead connection: [DummyConnection Server connection - model.nation.spanish]
May 13, 2017 5:01:19 AM net.sf.freecol.server.networking.Server sendToAll
INFO: Reap dead connection: [DummyConnection Server connection - model.nation.sioux]
May 13, 2017 5:01:19 AM net.sf.freecol.server.networking.Server sendToAll
INFO: Reap dead connection: [DummyConnection Server connection - model.nation.english]
May 13, 2017 5:01:19 AM net.sf.freecol.server.networking.Server sendToAll
INFO: Reap dead connection: [DummyConnection Server connection - model.nation.aztec]
May 13, 2017 5:01:19 AM net.sf.freecol.common.model.Specification applyDifficultyLevel
INFO: Applying difficulty level model.difficulty.medium
May 13, 2017 5:01:19 AM net.sf.freecol.common.FreeColSeed getFreeColSeed
INFO: Using seed: -5274931025043612936
May 13, 2017 5:01:19 AM net.sf.freecol.server.networking.Server sendToAll
INFO: Reap dead connection: [DummyConnection Server connection - model.nation.apache]
May 13, 2017 5:01:19 AM net.sf.freecol.server.networking.Server sendToAll
INFO: Reap dead connection: [DummyConnection Server connection - model.nation.aztec]
May 13, 2017 5:01:19 AM net.sf.freecol.server.networking.Server sendToAll
INFO: Reap dead connection: [DummyConnection Server connection - model.nation.french]
May 13, 2017 5:01:19 AM net.sf.freecol.server.networking.Server sendToAll
INFO: Reap dead connection: [DummyConnection Server connection - model.nation.tupi]
May 13, 2017 5:01:19 AM net.sf.freecol.server.networking.Server sendToAll
INFO: Reap dead connection: [DummyConnection Server connection - model.nation.iroquois]
May 13, 2017 5:01:19 AM net.sf.freecol.server.networking.Server sendToAll
INFO: Reap dead connection: [DummyConnection Server connection - model.nation.sioux]
May 13, 2017 5:01:19 AM net.sf.freecol.server.networking.Server sendToAll
INFO: Reap dead connection: [DummyConnection Server connection - model.nation.dutch]
May 13, 2017 5:01:19 AM net.sf.freecol.server.networking.Server sendToAll
INFO: Reap dead connection: [DummyConnection Server connection - model.nation.cherokee]
May 13, 2017 5:01:19 AM net.sf.freecol.server.networking.Server sendToAll
INFO: Reap dead connection: [DummyConnection Server connection - model.nation.arawak]
May 13, 2017 5:01:19 AM net.sf.freecol.server.networking.Server sendToAll
INFO: Reap dead connection: [DummyConnection Server connection - model.nation.english]
May 13, 2017 5:01:19 AM net.sf.freecol.server.networking.Server sendToAll
INFO: Reap dead connection: [DummyConnection Server connection - model.nation.inca]
May 13, 2017 5:01:19 AM net.sf.freecol.server.networking.Server sendToAll
INFO: Reap dead connection: [DummyConnection Server connection - model.nation.spanish]
May 13, 2017 5:01:19 AM net.sf.freecol.common.model.Specification applyDifficultyLevel
INFO: Applying difficulty level model.difficulty.medium
May 13, 2017 5:01:19 AM net.sf.freecol.common.FreeColSeed getFreeColSeed
INFO: Using seed: -2058874461211132675
May 13, 2017 5:01:19 AM net.sf.freecol.server.networking.Server sendToAll
INFO: Reap dead connection: [DummyConnection Server connection - model.nation.sioux]
May 13, 2017 5:01:19 AM net.sf.freecol.server.networking.Server sendToAll
INFO: Reap dead connection: [DummyConnection Server connection - model.nation.dutch]
May 13, 2017 5:01:19 AM net.sf.freecol.server.networking.Server sendToAll
INFO: Reap dead connection: [DummyConnection Server connection - model.nation.french]
May 13, 2017 5:01:19 AM net.sf.freecol.server.networking.Server sendToAll
INFO: Reap dead connection: [DummyConnection Server connection - model.nation.aztec]
May 13, 2017 5:01:19 AM net.sf.freecol.server.networking.Server sendToAll
INFO: Reap dead connection: [DummyConnection Server connection - model.nation.arawak]
May 13, 2017 5:01:19 AM net.sf.freecol.server.networking.Server sendToAll
INFO: Reap dead connection: [DummyConnection Server connection - model.nation.inca]
May 13, 2017 5:01:19 AM net.sf.freecol.server.networking.Server sendToAll
INFO: Reap dead connection: [DummyConnection Server connection - model.nation.spanish]
May 13, 2017 5:01:19 AM net.sf.freecol.server.networking.Server sendToAll
INFO: Reap dead connection: [DummyConnection Server connection - model.nation.tupi]
May 13, 2017 5:01:19 AM net.sf.freecol.server.networking.Server sendToAll
INFO: Reap dead connection: [DummyConnection Server connection - model.nation.cherokee]
May 13, 2017 5:01:19 AM net.sf.freecol.server.networking.Server sendToAll
INFO: Reap dead connection: [DummyConnection Server connection - model.nation.iroquois]
May 13, 2017 5:01:19 AM net.sf.freecol.server.networking.Server sendToAll
INFO: Reap dead connection: [DummyConnection Server connection - model.nation.english]
May 13, 2017 5:01:19 AM net.sf.freecol.server.networking.Server sendToAll
INFO: Reap dead connection: [DummyConnection Server connection - model.nation.apache]
May 13, 2017 5:01:19 AM net.sf.freecol.common.model.Specification applyDifficultyLevel
INFO: Applying difficulty level model.difficulty.medium
May 13, 2017 5:01:19 AM net.sf.freecol.common.FreeColSeed getFreeColSeed
INFO: Using seed: 3288809543031533254
May 13, 2017 5:01:19 AM net.sf.freecol.server.networking.Server sendToAll
INFO: Reap dead connection: [DummyConnection Server connection - model.nation.sioux]
May 13, 2017 5:01:19 AM net.sf.freecol.server.networking.Server sendToAll
INFO: Reap dead connection: [DummyConnection Server connection - model.nation.french]
May 13, 2017 5:01:19 AM net.sf.freecol.server.networking.Server sendToAll
INFO: Reap dead connection: [DummyConnection Server connection - model.nation.dutch]
May 13, 2017 5:01:19 AM net.sf.freecol.server.networking.Server sendToAll
INFO: Reap dead connection: [DummyConnection Server connection - model.nation.inca]
May 13, 2017 5:01:19 AM net.sf.freecol.server.networking.Server sendToAll
INFO: Reap dead connection: [DummyConnection Server connection - model.nation.iroquois]
May 13, 2017 5:01:19 AM net.sf.freecol.server.networking.Server sendToAll
INFO: Reap dead connection: [DummyConnection Server connection - model.nation.tupi]
May 13, 2017 5:01:19 AM net.sf.freecol.server.networking.Server sendToAll
INFO: Reap dead connection: [DummyConnection Server connection - model.nation.apache]
May 13, 2017 5:01:19 AM net.sf.freecol.server.networking.Server sendToAll
INFO: Reap dead connection: [DummyConnection Server connection - model.nation.english]
May 13, 2017 5:01:19 AM net.sf.freecol.server.networking.Server sendToAll
INFO: Reap dead connection: [DummyConnection Server connection - model.nation.aztec]
May 13, 2017 5:01:19 AM net.sf.freecol.server.networking.Server sendToAll
INFO: Reap dead connection: [DummyConnection Server connection - model.nation.arawak]
May 13, 2017 5:01:19 AM net.sf.freecol.server.networking.Server sendToAll
INFO: Reap dead connection: [DummyConnection Server connection - model.nation.spanish]
May 13, 2017 5:01:19 AM net.sf.freecol.server.networking.Server sendToAll
INFO: Reap dead connection: [DummyConnection Server connection - model.nation.cherokee]
May 13, 2017 5:01:19 AM net.sf.freecol.common.model.Specification applyDifficultyLevel
INFO: Applying difficulty level model.difficulty.medium
May 13, 2017 5:01:19 AM net.sf.freecol.common.FreeColSeed getFreeColSeed
INFO: Using seed: 7512878250834155511
May 13, 2017 5:01:19 AM net.sf.freecol.server.networking.Server sendToAll
INFO: Reap dead connection: [DummyConnection Server connection - model.nation.spanish]
May 13, 2017 5:01:19 AM net.sf.freecol.server.networking.Server sendToAll
INFO: Reap dead connection: [DummyConnection Server connection - model.nation.sioux]
May 13, 2017 5:01:19 AM net.sf.freecol.server.networking.Server sendToAll
INFO: Reap dead connection: [DummyConnection Server connection - model.nation.inca]
May 13, 2017 5:01:19 AM net.sf.freecol.server.networking.Server sendToAll
INFO: Reap dead connection: [DummyConnection Server connection - model.nation.dutch]
May 13, 2017 5:01:19 AM net.sf.freecol.server.networking.Server sendToAll
INFO: Reap dead connection: [DummyConnection Server connection - model.nation.cherokee]
May 13, 2017 5:01:19 AM net.sf.freecol.server.networking.Server sendToAll
INFO: Reap dead connection: [DummyConnection Server connection - model.nation.english]
May 13, 2017 5:01:19 AM net.sf.freecol.server.networking.Server sendToAll
INFO: Reap dead connection: [DummyConnection Server connection - model.nation.tupi]
May 13, 2017 5:01:19 AM net.sf.freecol.server.networking.Server sendToAll
INFO: Reap dead connection: [DummyConnection Server connection - model.nation.french]
May 13, 2017 5:01:19 AM net.sf.freecol.server.networking.Server sendToAll
INFO: Reap dead connection: [DummyConnection Server connection - model.nation.iroquois]
May 13, 2017 5:01:19 AM net.sf.freecol.server.networking.Server sendToAll
INFO: Reap dead connection: [DummyConnection Server connection - model.nation.aztec]
May 13, 2017 5:01:19 AM net.sf.freecol.server.networking.Server sendToAll
INFO: Reap dead connection: [DummyConnection Server connection - model.nation.apache]
May 13, 2017 5:01:19 AM net.sf.freecol.server.networking.Server sendToAll
INFO: Reap dead connection: [DummyConnection Server connection - model.nation.arawak]
May 13, 2017 5:01:19 AM net.sf.freecol.common.model.Specification applyDifficultyLevel
INFO: Applying difficulty level model.difficulty.medium
May 13, 2017 5:01:19 AM net.sf.freecol.common.FreeColSeed getFreeColSeed
INFO: Using seed: -560112140628988650
May 13, 2017 5:01:19 AM net.sf.freecol.server.networking.Server sendToAll
INFO: Reap dead connection: [DummyConnection Server connection - model.nation.french]
May 13, 2017 5:01:19 AM net.sf.freecol.server.networking.Server sendToAll
INFO: Reap dead connection: [DummyConnection Server connection - model.nation.cherokee]
May 13, 2017 5:01:19 AM net.sf.freecol.server.networking.Server sendToAll
INFO: Reap dead connection: [DummyConnection Server connection - model.nation.aztec]
May 13, 2017 5:01:19 AM net.sf.freecol.server.networking.Server sendToAll
INFO: Reap dead connection: [DummyConnection Server connection - model.nation.apache]
May 13, 2017 5:01:19 AM net.sf.freecol.server.networking.Server sendToAll
INFO: Reap dead connection: [DummyConnection Server connection - model.nation.sioux]
May 13, 2017 5:01:19 AM net.sf.freecol.server.networking.Server sendToAll
INFO: Reap dead connection: [DummyConnection Server connection - model.nation.spanish]
May 13, 2017 5:01:19 AM net.sf.freecol.server.networking.Server sendToAll
INFO: Reap dead connection: [DummyConnection Server connection - model.nation.tupi]
May 13, 2017 5:01:19 AM net.sf.freecol.server.networking.Server sendToAll
INFO: Reap dead connection: [DummyConnection Server connection - model.nation.arawak]
May 13, 2017 5:01:19 AM net.sf.freecol.server.networking.Server sendToAll
INFO: Reap dead connection: [DummyConnection Server connection - model.nation.inca]
May 13, 2017 5:01:19 AM net.sf.freecol.server.networking.Server sendToAll
INFO: Reap dead connection: [DummyConnection Server connection - model.nation.english]
May 13, 2017 5:01:19 AM net.sf.freecol.server.networking.Server sendToAll
INFO: Reap dead connection: [DummyConnection Server connection - model.nation.iroquois]
May 13, 2017 5:01:19 AM net.sf.freecol.server.networking.Server sendToAll
INFO: Reap dead connection: [DummyConnection Server connection - model.nation.dutch]
May 13, 2017 5:01:19 AM net.sf.freecol.common.model.Specification applyDifficultyLevel
INFO: Applying difficulty level model.difficulty.medium
May 13, 2017 5:01:19 AM net.sf.freecol.common.FreeColSeed getFreeColSeed
INFO: Using seed: -2504292259654247135
May 13, 2017 5:01:19 AM net.sf.freecol.server.networking.Server sendToAll
INFO: Reap dead connection: [DummyConnection Server connection - model.nation.iroquois]
May 13, 2017 5:01:19 AM net.sf.freecol.server.networking.Server sendToAll
INFO: Reap dead connection: [DummyConnection Server connection - model.nation.aztec]
May 13, 2017 5:01:19 AM net.sf.freecol.server.networking.Server sendToAll
INFO: Reap dead connection: [DummyConnection Server connection - model.nation.apache]
May 13, 2017 5:01:19 AM net.sf.freecol.server.networking.Server sendToAll
INFO: Reap dead connection: [DummyConnection Server connection - model.nation.spanish]
May 13, 2017 5:01:19 AM net.sf.freecol.server.networking.Server sendToAll
INFO: Reap dead connection: [DummyConnection Server connection - model.nation.cherokee]
May 13, 2017 5:01:19 AM net.sf.freecol.server.networking.Server sendToAll
INFO: Reap dead connection: [DummyConnection Server connection - model.nation.arawak]
May 13, 2017 5:01:19 AM net.sf.freecol.server.networking.Server sendToAll
INFO: Reap dead connection: [DummyConnection Server connection - model.nation.inca]
May 13, 2017 5:01:19 AM net.sf.freecol.server.networking.Server sendToAll
INFO: Reap dead connection: [DummyConnection Server connection - model.nation.tupi]
May 13, 2017 5:01:19 AM net.sf.freecol.server.networking.Server sendToAll
INFO: Reap dead connection: [DummyConnection Server connection - model.nation.dutch]
May 13, 2017 5:01:19 AM net.sf.freecol.server.networking.Server sendToAll
INFO: Reap dead connection: [DummyConnection Server connection - model.nation.sioux]
May 13, 2017 5:01:19 AM net.sf.freecol.server.networking.Server sendToAll
INFO: Reap dead connection: [DummyConnection Server connection - model.nation.french]
May 13, 2017 5:01:19 AM net.sf.freecol.server.networking.Server sendToAll
INFO: Reap dead connection: [DummyConnection Server connection - model.nation.english]
May 13, 2017 5:01:19 AM net.sf.freecol.common.model.Specification applyDifficultyLevel
INFO: Applying difficulty level model.difficulty.medium
May 13, 2017 5:01:19 AM net.sf.freecol.common.FreeColSeed getFreeColSeed
INFO: Using seed: 732316378066344628
May 13, 2017 5:01:19 AM net.sf.freecol.server.networking.Server sendToAll
INFO: Reap dead connection: [DummyConnection Server connection - model.nation.inca]
May 13, 2017 5:01:19 AM net.sf.freecol.server.networking.Server sendToAll
INFO: Reap dead connection: [DummyConnection Server connection - model.nation.aztec]
May 13, 2017 5:01:19 AM net.sf.freecol.server.networking.Server sendToAll
INFO: Reap dead connection: [DummyConnection Server connection - model.nation.tupi]
May 13, 2017 5:01:19 AM net.sf.freecol.server.networking.Server sendToAll
INFO: Reap dead connection: [DummyConnection Server connection - model.nation.cherokee]
May 13, 2017 5:01:19 AM net.sf.freecol.server.networking.Server sendToAll
INFO: Reap dead connection: [DummyConnection Server connection - model.nation.dutch]
May 13, 2017 5:01:19 AM net.sf.freecol.server.networking.Server sendToAll
INFO: Reap dead connection: [DummyConnection Server connection - model.nation.spanish]
May 13, 2017 5:01:19 AM net.sf.freecol.server.networking.Server sendToAll
INFO: Reap dead connection: [DummyConnection Server connection - model.nation.arawak]
May 13, 2017 5:01:19 AM net.sf.freecol.server.networking.Server sendToAll
INFO: Reap dead connection: [DummyConnection Server connection - model.nation.apache]
May 13, 2017 5:01:19 AM net.sf.freecol.server.networking.Server sendToAll
INFO: Reap dead connection: [DummyConnection Server connection - model.nation.sioux]
May 13, 2017 5:01:19 AM net.sf.freecol.server.networking.Server sendToAll
INFO: Reap dead connection: [DummyConnection Server connection - model.nation.french]
May 13, 2017 5:01:19 AM net.sf.freecol.server.networking.Server sendToAll
INFO: Reap dead connection: [DummyConnection Server connection - model.nation.iroquois]
May 13, 2017 5:01:19 AM net.sf.freecol.server.networking.Server sendToAll
INFO: Reap dead connection: [DummyConnection Server connection - model.nation.english]
May 13, 2017 5:01:19 AM net.sf.freecol.common.model.Specification applyDifficultyLevel
INFO: Applying difficulty level model.difficulty.medium
May 13, 2017 5:01:19 AM net.sf.freecol.common.FreeColSeed getFreeColSeed
INFO: Using seed: 4252427724121013814
May 13, 2017 5:01:19 AM net.sf.freecol.server.networking.Server sendToAll
INFO: Reap dead connection: [DummyConnection Server connection - model.nation.iroquois]
May 13, 2017 5:01:19 AM net.sf.freecol.server.networking.Server sendToAll
INFO: Reap dead connection: [DummyConnection Server connection - model.nation.english]
May 13, 2017 5:01:19 AM net.sf.freecol.server.networking.Server sendToAll
INFO: Reap dead connection: [DummyConnection Server connection - model.nation.aztec]
May 13, 2017 5:01:19 AM net.sf.freecol.server.networking.Server sendToAll
INFO: Reap dead connection: [DummyConnection Server connection - model.nation.cherokee]
May 13, 2017 5:01:19 AM net.sf.freecol.server.networking.Server sendToAll
INFO: Reap dead connection: [DummyConnection Server connection - model.nation.tupi]
May 13, 2017 5:01:19 AM net.sf.freecol.server.networking.Server sendToAll
INFO: Reap dead connection: [DummyConnection Server connection - model.nation.apache]
May 13, 2017 5:01:19 AM net.sf.freecol.server.networking.Server sendToAll
INFO: Reap dead connection: [DummyConnection Server connection - model.nation.spanish]
May 13, 2017 5:01:19 AM net.sf.freecol.server.networking.Server sendToAll
INFO: Reap dead connection: [DummyConnection Server connection - model.nation.inca]
May 13, 2017 5:01:19 AM net.sf.freecol.server.networking.Server sendToAll
INFO: Reap dead connection: [DummyConnection Server connection - model.nation.french]
May 13, 2017 5:01:19 AM net.sf.freecol.server.networking.Server sendToAll
INFO: Reap dead connection: [DummyConnection Server connection - model.nation.sioux]
May 13, 2017 5:01:19 AM net.sf.freecol.server.networking.Server sendToAll
INFO: Reap dead connection: [DummyConnection Server connection - model.nation.dutch]
May 13, 2017 5:01:19 AM net.sf.freecol.server.networking.Server sendToAll
INFO: Reap dead connection: [DummyConnection Server connection - model.nation.arawak]
May 13, 2017 5:01:19 AM net.sf.freecol.common.model.Specification applyDifficultyLevel
INFO: Applying difficulty level model.difficulty.medium
May 13, 2017 5:01:19 AM net.sf.freecol.common.FreeColSeed getFreeColSeed
INFO: Using seed: 6203513216191415223
May 13, 2017 5:01:19 AM net.sf.freecol.server.networking.Server sendToAll
INFO: Reap dead connection: [DummyConnection Server connection - model.nation.sioux]
May 13, 2017 5:01:19 AM net.sf.freecol.server.networking.Server sendToAll
INFO: Reap dead connection: [DummyConnection Server connection - model.nation.apache]
May 13, 2017 5:01:19 AM net.sf.freecol.server.networking.Server sendToAll
INFO: Reap dead connection: [DummyConnection Server connection - model.nation.arawak]
May 13, 2017 5:01:19 AM net.sf.freecol.server.networking.Server sendToAll
INFO: Reap dead connection: [DummyConnection Server connection - model.nation.aztec]
May 13, 2017 5:01:19 AM net.sf.freecol.server.networking.Server sendToAll
INFO: Reap dead connection: [DummyConnection Server connection - model.nation.inca]
May 13, 2017 5:01:19 AM net.sf.freecol.server.networking.Server sendToAll
INFO: Reap dead connection: [DummyConnection Server connection - model.nation.cherokee]
May 13, 2017 5:01:19 AM net.sf.freecol.server.networking.Server sendToAll
INFO: Reap dead connection: [DummyConnection Server connection - model.nation.tupi]
May 13, 2017 5:01:19 AM net.sf.freecol.server.networking.Server sendToAll
INFO: Reap dead connection: [DummyConnection Server connection - model.nation.dutch]
May 13, 2017 5:01:19 AM net.sf.freecol.server.networking.Server sendToAll
INFO: Reap dead connection: [DummyConnection Server connection - model.nation.english]
May 13, 2017 5:01:19 AM net.sf.freecol.server.networking.Server sendToAll
INFO: Reap dead connection: [DummyConnection Server connection - model.nation.spanish]
May 13, 2017 5:01:19 AM net.sf.freecol.server.networking.Server sendToAll
INFO: Reap dead connection: [DummyConnection Server connection - model.nation.iroquois]
May 13, 2017 5:01:19 AM net.sf.freecol.server.networking.Server sendToAll
INFO: Reap dead connection: [DummyConnection Server connection - model.nation.french]
May 13, 2017 5:01:19 AM net.sf.freecol.common.model.Specification applyDifficultyLevel
INFO: Applying difficulty level model.difficulty.medium
May 13, 2017 5:01:19 AM net.sf.freecol.common.FreeColSeed getFreeColSeed
INFO: Using seed: -2215509246510459924
May 13, 2017 5:01:19 AM net.sf.freecol.server.networking.Server sendToAll
INFO: Reap dead connection: [DummyConnection Server connection - model.nation.iroquois]
May 13, 2017 5:01:19 AM net.sf.freecol.server.networking.Server sendToAll
INFO: Reap dead connection: [DummyConnection Server connection - model.nation.tupi]
May 13, 2017 5:01:19 AM net.sf.freecol.server.networking.Server sendToAll
INFO: Reap dead connection: [DummyConnection Server connection - model.nation.cherokee]
May 13, 2017 5:01:19 AM net.sf.freecol.server.networking.Server sendToAll
INFO: Reap dead connection: [DummyConnection Server connection - model.nation.apache]
May 13, 2017 5:01:19 AM net.sf.freecol.server.networking.Server sendToAll
INFO: Reap dead connection: [DummyConnection Server connection - model.nation.english]
May 13, 2017 5:01:19 AM net.sf.freecol.server.networking.Server sendToAll
INFO: Reap dead connection: [DummyConnection Server connection - model.nation.inca]
May 13, 2017 5:01:19 AM net.sf.freecol.server.networking.Server sendToAll
INFO: Reap dead connection: [DummyConnection Server connection - model.nation.aztec]
May 13, 2017 5:01:19 AM net.sf.freecol.server.networking.Server sendToAll
INFO: Reap dead connection: [DummyConnection Server connection - model.nation.spanish]
May 13, 2017 5:01:19 AM net.sf.freecol.server.networking.Server sendToAll
INFO: Reap dead connection: [DummyConnection Server connection - model.nation.french]
May 13, 2017 5:01:19 AM net.sf.freecol.server.networking.Server sendToAll
INFO: Reap dead connection: [DummyConnection Server connection - model.nation.dutch]
May 13, 2017 5:01:19 AM net.sf.freecol.server.networking.Server sendToAll
INFO: Reap dead connection: [DummyConnection Server connection - model.nation.sioux]
May 13, 2017 5:01:19 AM net.sf.freecol.server.networking.Server sendToAll
INFO: Reap dead connection: [DummyConnection Server connection - model.nation.arawak]
May 13, 2017 5:01:19 AM net.sf.freecol.common.model.Specification applyDifficultyLevel
INFO: Applying difficulty level model.difficulty.medium
May 13, 2017 5:01:19 AM net.sf.freecol.common.FreeColSeed getFreeColSeed
INFO: Using seed: 6395629995829688363
May 13, 2017 5:01:19 AM net.sf.freecol.server.networking.Server sendToAll
INFO: Reap dead connection: [DummyConnection Server connection - model.nation.inca]
May 13, 2017 5:01:19 AM net.sf.freecol.server.networking.Server sendToAll
INFO: Reap dead connection: [DummyConnection Server connection - model.nation.french]
May 13, 2017 5:01:19 AM net.sf.freecol.server.networking.Server sendToAll
INFO: Reap dead connection: [DummyConnection Server connection - model.nation.aztec]
May 13, 2017 5:01:19 AM net.sf.freecol.server.networking.Server sendToAll
INFO: Reap dead connection: [DummyConnection Server connection - model.nation.iroquois]
May 13, 2017 5:01:19 AM net.sf.freecol.server.networking.Server sendToAll
INFO: Reap dead connection: [DummyConnection Server connection - model.nation.cherokee]
May 13, 2017 5:01:19 AM net.sf.freecol.server.networking.Server sendToAll
INFO: Reap dead connection: [DummyConnection Server connection - model.nation.sioux]
May 13, 2017 5:01:19 AM net.sf.freecol.server.networking.Server sendToAll
INFO: Reap dead connection: [DummyConnection Server connection - model.nation.english]
May 13, 2017 5:01:19 AM net.sf.freecol.server.networking.Server sendToAll
INFO: Reap dead connection: [DummyConnection Server connection - model.nation.arawak]
May 13, 2017 5:01:19 AM net.sf.freecol.server.networking.Server sendToAll
INFO: Reap dead connection: [DummyConnection Server connection - model.nation.dutch]
May 13, 2017 5:01:19 AM net.sf.freecol.server.networking.Server sendToAll
INFO: Reap dead connection: [DummyConnection Server connection - model.nation.apache]
May 13, 2017 5:01:19 AM net.sf.freecol.server.networking.Server sendToAll
INFO: Reap dead connection: [DummyConnection Server connection - model.nation.spanish]
May 13, 2017 5:01:19 AM net.sf.freecol.server.networking.Server sendToAll
INFO: Reap dead connection: [DummyConnection Server connection - model.nation.tupi]
May 13, 2017 5:01:19 AM net.sf.freecol.common.model.Specification applyDifficultyLevel
INFO: Applying difficulty level model.difficulty.medium
May 13, 2017 5:01:19 AM net.sf.freecol.common.FreeColSeed getFreeColSeed
INFO: Using seed: -3217430377384523214
May 13, 2017 5:01:19 AM net.sf.freecol.server.networking.Server sendToAll
INFO: Reap dead connection: [DummyConnection Server connection - model.nation.cherokee]
May 13, 2017 5:01:19 AM net.sf.freecol.server.networking.Server sendToAll
INFO: Reap dead connection: [DummyConnection Server connection - model.nation.english]
May 13, 2017 5:01:19 AM net.sf.freecol.server.networking.Server sendToAll
INFO: Reap dead connection: [DummyConnection Server connection - model.nation.french]
May 13, 2017 5:01:19 AM net.sf.freecol.server.networking.Server sendToAll
INFO: Reap dead connection: [DummyConnection Server connection - model.nation.inca]
May 13, 2017 5:01:19 AM net.sf.freecol.server.networking.Server sendToAll
INFO: Reap dead connection: [DummyConnection Server connection - model.nation.sioux]
May 13, 2017 5:01:19 AM net.sf.freecol.server.networking.Server sendToAll
INFO: Reap dead connection: [DummyConnection Server connection - model.nation.iroquois]
May 13, 2017 5:01:19 AM net.sf.freecol.server.networking.Server sendToAll
INFO: Reap dead connection: [DummyConnection Server connection - model.nation.dutch]
May 13, 2017 5:01:19 AM net.sf.freecol.server.networking.Server sendToAll
INFO: Reap dead connection: [DummyConnection Server connection - model.nation.apache]
May 13, 2017 5:01:19 AM net.sf.freecol.server.networking.Server sendToAll
INFO: Reap dead connection: [DummyConnection Server connection - model.nation.arawak]
May 13, 2017 5:01:19 AM net.sf.freecol.server.networking.Server sendToAll
INFO: Reap dead connection: [DummyConnection Server connection - model.nation.aztec]
May 13, 2017 5:01:19 AM net.sf.freecol.server.networking.Server sendToAll
INFO: Reap dead connection: [DummyConnection Server connection - model.nation.tupi]
May 13, 2017 5:01:19 AM net.sf.freecol.server.networking.Server sendToAll
INFO: Reap dead connection: [DummyConnection Server connection - model.nation.spanish]
May 13, 2017 5:01:19 AM net.sf.freecol.common.model.Specification applyDifficultyLevel
INFO: Applying difficulty level model.difficulty.medium
May 13, 2017 5:01:19 AM net.sf.freecol.common.FreeColSeed getFreeColSeed
INFO: Using seed: -6974406537011204687
May 13, 2017 5:01:19 AM net.sf.freecol.server.networking.Server sendToAll
INFO: Reap dead connection: [DummyConnection Server connection - model.nation.french]
May 13, 2017 5:01:19 AM net.sf.freecol.server.networking.Server sendToAll
INFO: Reap dead connection: [DummyConnection Server connection - model.nation.apache]
May 13, 2017 5:01:19 AM net.sf.freecol.server.networking.Server sendToAll
INFO: Reap dead connection: [DummyConnection Server connection - model.nation.iroquois]
May 13, 2017 5:01:19 AM net.sf.freecol.server.networking.Server sendToAll
INFO: Reap dead connection: [DummyConnection Server connection - model.nation.sioux]
May 13, 2017 5:01:19 AM net.sf.freecol.server.networking.Server sendToAll
INFO: Reap dead connection: [DummyConnection Server connection - model.nation.aztec]
May 13, 2017 5:01:19 AM net.sf.freecol.server.networking.Server sendToAll
INFO: Reap dead connection: [DummyConnection Server connection - model.nation.spanish]
May 13, 2017 5:01:19 AM net.sf.freecol.server.networking.Server sendToAll
INFO: Reap dead connection: [DummyConnection Server connection - model.nation.tupi]
May 13, 2017 5:01:19 AM net.sf.freecol.server.networking.Server sendToAll
INFO: Reap dead connection: [DummyConnection Server connection - model.nation.inca]
May 13, 2017 5:01:19 AM net.sf.freecol.server.networking.Server sendToAll
INFO: Reap dead connection: [DummyConnection Server connection - model.nation.cherokee]
May 13, 2017 5:01:19 AM net.sf.freecol.server.networking.Server sendToAll
INFO: Reap dead connection: [DummyConnection Server connection - model.nation.arawak]
May 13, 2017 5:01:19 AM net.sf.freecol.server.networking.Server sendToAll
INFO: Reap dead connection: [DummyConnection Server connection - model.nation.dutch]
May 13, 2017 5:01:19 AM net.sf.freecol.server.networking.Server sendToAll
INFO: Reap dead connection: [DummyConnection Server connection - model.nation.english]
May 13, 2017 5:01:19 AM net.sf.freecol.common.model.Specification applyDifficultyLevel
INFO: Applying difficulty level model.difficulty.medium
May 13, 2017 5:01:19 AM net.sf.freecol.common.FreeColSeed getFreeColSeed
INFO: Using seed: -4404019220226254679
May 13, 2017 5:01:19 AM net.sf.freecol.server.networking.Server sendToAll
INFO: Reap dead connection: [DummyConnection Server connection - model.nation.tupi]
May 13, 2017 5:01:19 AM net.sf.freecol.server.networking.Server sendToAll
INFO: Reap dead connection: [DummyConnection Server connection - model.nation.iroquois]
May 13, 2017 5:01:19 AM net.sf.freecol.server.networking.Server sendToAll
INFO: Reap dead connection: [DummyConnection Server connection - model.nation.sioux]
May 13, 2017 5:01:19 AM net.sf.freecol.server.networking.Server sendToAll
INFO: Reap dead connection: [DummyConnection Server connection - model.nation.apache]
May 13, 2017 5:01:19 AM net.sf.freecol.server.networking.Server sendToAll
INFO: Reap dead connection: [DummyConnection Server connection - model.nation.english]
May 13, 2017 5:01:19 AM net.sf.freecol.server.networking.Server sendToAll
INFO: Reap dead connection: [DummyConnection Server connection - model.nation.aztec]
May 13, 2017 5:01:19 AM net.sf.freecol.server.networking.Server sendToAll
INFO: Reap dead connection: [DummyConnection Server connection - model.nation.spanish]
May 13, 2017 5:01:19 AM net.sf.freecol.server.networking.Server sendToAll
INFO: Reap dead connection: [DummyConnection Server connection - model.nation.inca]
May 13, 2017 5:01:19 AM net.sf.freecol.server.networking.Server sendToAll
INFO: Reap dead connection: [DummyConnection Server connection - model.nation.arawak]
May 13, 2017 5:01:19 AM net.sf.freecol.server.networking.Server sendToAll
INFO: Reap dead connection: [DummyConnection Server connection - model.nation.cherokee]
May 13, 2017 5:01:19 AM net.sf.freecol.server.networking.Server sendToAll
INFO: Reap dead connection: [DummyConnection Server connection - model.nation.dutch]
May 13, 2017 5:01:19 AM net.sf.freecol.server.networking.Server sendToAll
INFO: Reap dead connection: [DummyConnection Server connection - model.nation.french]
May 13, 2017 5:01:19 AM net.sf.freecol.common.model.Specification applyDifficultyLevel
INFO: Applying difficulty level model.difficulty.medium
May 13, 2017 5:01:19 AM net.sf.freecol.common.FreeColSeed getFreeColSeed
INFO: Using seed: -1473639075707882114
May 13, 2017 5:01:19 AM net.sf.freecol.server.networking.Server sendToAll
INFO: Reap dead connection: [DummyConnection Server connection - model.nation.sioux]
May 13, 2017 5:01:19 AM net.sf.freecol.server.networking.Server sendToAll
INFO: Reap dead connection: [DummyConnection Server connection - model.nation.tupi]
May 13, 2017 5:01:19 AM net.sf.freecol.server.networking.Server sendToAll
INFO: Reap dead connection: [DummyConnection Server connection - model.nation.dutch]
May 13, 2017 5:01:19 AM net.sf.freecol.server.networking.Server sendToAll
INFO: Reap dead connection: [DummyConnection Server connection - model.nation.english]
May 13, 2017 5:01:19 AM net.sf.freecol.server.networking.Server sendToAll
INFO: Reap dead connection: [DummyConnection Server connection - model.nation.spanish]
May 13, 2017 5:01:19 AM net.sf.freecol.server.networking.Server sendToAll
INFO: Reap dead connection: [DummyConnection Server connection - model.nation.arawak]
May 13, 2017 5:01:19 AM net.sf.freecol.server.networking.Server sendToAll
INFO: Reap dead connection: [DummyConnection Server connection - model.nation.apache]
May 13, 2017 5:01:19 AM net.sf.freecol.server.networking.Server sendToAll
INFO: Reap dead connection: [DummyConnection Server connection - model.nation.cherokee]
May 13, 2017 5:01:19 AM net.sf.freecol.server.networking.Server sendToAll
INFO: Reap dead connection: [DummyConnection Server connection - model.nation.french]
May 13, 2017 5:01:19 AM net.sf.freecol.server.networking.Server sendToAll
INFO: Reap dead connection: [DummyConnection Server connection - model.nation.iroquois]
May 13, 2017 5:01:19 AM net.sf.freecol.server.networking.Server sendToAll
INFO: Reap dead connection: [DummyConnection Server connection - model.nation.aztec]
May 13, 2017 5:01:19 AM net.sf.freecol.server.networking.Server sendToAll
INFO: Reap dead connection: [DummyConnection Server connection - model.nation.inca]
May 13, 2017 5:01:19 AM net.sf.freecol.common.model.Specification applyDifficultyLevel
INFO: Applying difficulty level model.difficulty.medium
May 13, 2017 5:01:19 AM net.sf.freecol.common.FreeColSeed getFreeColSeed
INFO: Using seed: 5763554996993398061
May 13, 2017 5:01:19 AM net.sf.freecol.server.networking.Server sendToAll
INFO: Reap dead connection: [DummyConnection Server connection - model.nation.inca]
May 13, 2017 5:01:19 AM net.sf.freecol.server.networking.Server sendToAll
INFO: Reap dead connection: [DummyConnection Server connection - model.nation.iroquois]
May 13, 2017 5:01:19 AM net.sf.freecol.server.networking.Server sendToAll
INFO: Reap dead connection: [DummyConnection Server connection - model.nation.dutch]
May 13, 2017 5:01:19 AM net.sf.freecol.server.networking.Server sendToAll
INFO: Reap dead connection: [DummyConnection Server connection - model.nation.cherokee]
May 13, 2017 5:01:19 AM net.sf.freecol.server.networking.Server sendToAll
INFO: Reap dead connection: [DummyConnection Server connection - model.nation.sioux]
May 13, 2017 5:01:19 AM net.sf.freecol.server.networking.Server sendToAll
INFO: Reap dead connection: [DummyConnection Server connection - model.nation.tupi]
May 13, 2017 5:01:19 AM net.sf.freecol.server.networking.Server sendToAll
INFO: Reap dead connection: [DummyConnection Server connection - model.nation.arawak]
May 13, 2017 5:01:19 AM net.sf.freecol.server.networking.Server sendToAll
INFO: Reap dead connection: [DummyConnection Server connection - model.nation.apache]
May 13, 2017 5:01:19 AM net.sf.freecol.server.networking.Server sendToAll
INFO: Reap dead connection: [DummyConnection Server connection - model.nation.aztec]
May 13, 2017 5:01:19 AM net.sf.freecol.server.networking.Server sendToAll
INFO: Reap dead connection: [DummyConnection Server connection - model.nation.french]
May 13, 2017 5:01:19 AM net.sf.freecol.server.networking.Server sendToAll
INFO: Reap dead connection: [DummyConnection Server connection - model.nation.english]
May 13, 2017 5:01:19 AM net.sf.freecol.server.networking.Server sendToAll
INFO: Reap dead connection: [DummyConnection Server connection - model.nation.spanish]
May 13, 2017 5:01:19 AM net.sf.freecol.common.model.Specification applyDifficultyLevel
INFO: Applying difficulty level model.difficulty.medium
May 13, 2017 5:01:19 AM net.sf.freecol.common.FreeColSeed getFreeColSeed
INFO: Using seed: -6697951376018430829
May 13, 2017 5:01:19 AM net.sf.freecol.server.networking.Server sendToAll
INFO: Reap dead connection: [DummyConnection Server connection - model.nation.sioux]
May 13, 2017 5:01:19 AM net.sf.freecol.server.networking.Server sendToAll
INFO: Reap dead connection: [DummyConnection Server connection - model.nation.english]
May 13, 2017 5:01:19 AM net.sf.freecol.server.networking.Server sendToAll
INFO: Reap dead connection: [DummyConnection Server connection - model.nation.tupi]
May 13, 2017 5:01:19 AM net.sf.freecol.server.networking.Server sendToAll
INFO: Reap dead connection: [DummyConnection Server connection - model.nation.arawak]
May 13, 2017 5:01:19 AM net.sf.freecol.server.networking.Server sendToAll
INFO: Reap dead connection: [DummyConnection Server connection - model.nation.apache]
May 13, 2017 5:01:19 AM net.sf.freecol.server.networking.Server sendToAll
INFO: Reap dead connection: [DummyConnection Server connection - model.nation.aztec]
May 13, 2017 5:01:19 AM net.sf.freecol.server.networking.Server sendToAll
INFO: Reap dead connection: [DummyConnection Server connection - model.nation.cherokee]
May 13, 2017 5:01:19 AM net.sf.freecol.server.networking.Server sendToAll
INFO: Reap dead connection: [DummyConnection Server connection - model.nation.iroquois]
May 13, 2017 5:01:19 AM net.sf.freecol.server.networking.Server sendToAll
INFO: Reap dead connection: [DummyConnection Server connection - model.nation.dutch]
May 13, 2017 5:01:19 AM net.sf.freecol.server.networking.Server sendToAll
INFO: Reap dead connection: [DummyConnection Server connection - model.nation.inca]
May 13, 2017 5:01:19 AM net.sf.freecol.server.networking.Server sendToAll
INFO: Reap dead connection: [DummyConnection Server connection - model.nation.french]
May 13, 2017 5:01:19 AM net.sf.freecol.server.networking.Server sendToAll
INFO: Reap dead connection: [DummyConnection Server connection - model.nation.spanish]
May 13, 2017 5:01:19 AM net.sf.freecol.common.model.Specification applyDifficultyLevel
INFO: Applying difficulty level model.difficulty.medium
May 13, 2017 5:01:19 AM net.sf.freecol.common.FreeColSeed getFreeColSeed
INFO: Using seed: -4077275431232737932
May 13, 2017 5:01:19 AM net.sf.freecol.server.networking.Server sendToAll
INFO: Reap dead connection: [DummyConnection Server connection - model.nation.tupi]
May 13, 2017 5:01:19 AM net.sf.freecol.server.networking.Server sendToAll
INFO: Reap dead connection: [DummyConnection Server connection - model.nation.iroquois]
May 13, 2017 5:01:19 AM net.sf.freecol.server.networking.Server sendToAll
INFO: Reap dead connection: [DummyConnection Server connection - model.nation.french]
May 13, 2017 5:01:19 AM net.sf.freecol.server.networking.Server sendToAll
INFO: Reap dead connection: [DummyConnection Server connection - model.nation.cherokee]
May 13, 2017 5:01:19 AM net.sf.freecol.server.networking.Server sendToAll
INFO: Reap dead connection: [DummyConnection Server connection - model.nation.sioux]
May 13, 2017 5:01:19 AM net.sf.freecol.server.networking.Server sendToAll
INFO: Reap dead connection: [DummyConnection Server connection - model.nation.dutch]
May 13, 2017 5:01:19 AM net.sf.freecol.server.networking.Server sendToAll
INFO: Reap dead connection: [DummyConnection Server connection - model.nation.inca]
May 13, 2017 5:01:19 AM net.sf.freecol.server.networking.Server sendToAll
INFO: Reap dead connection: [DummyConnection Server connection - model.nation.spanish]
May 13, 2017 5:01:19 AM net.sf.freecol.server.networking.Server sendToAll
INFO: Reap dead connection: [DummyConnection Server connection - model.nation.arawak]
May 13, 2017 5:01:19 AM net.sf.freecol.server.networking.Server sendToAll
INFO: Reap dead connection: [DummyConnection Server connection - model.nation.apache]
May 13, 2017 5:01:19 AM net.sf.freecol.server.networking.Server sendToAll
INFO: Reap dead connection: [DummyConnection Server connection - model.nation.aztec]
May 13, 2017 5:01:19 AM net.sf.freecol.server.networking.Server sendToAll
INFO: Reap dead connection: [DummyConnection Server connection - model.nation.english]
May 13, 2017 5:01:19 AM net.sf.freecol.common.model.Specification applyDifficultyLevel
INFO: Applying difficulty level model.difficulty.medium
May 13, 2017 5:01:19 AM net.sf.freecol.common.FreeColSeed getFreeColSeed
INFO: Using seed: -4594100559225744561
May 13, 2017 5:01:19 AM net.sf.freecol.server.networking.Server sendToAll
INFO: Reap dead connection: [DummyConnection Server connection - model.nation.iroquois]
May 13, 2017 5:01:19 AM net.sf.freecol.server.networking.Server sendToAll
INFO: Reap dead connection: [DummyConnection Server connection - model.nation.french]
May 13, 2017 5:01:19 AM net.sf.freecol.server.networking.Server sendToAll
INFO: Reap dead connection: [DummyConnection Server connection - model.nation.english]
May 13, 2017 5:01:19 AM net.sf.freecol.server.networking.Server sendToAll
INFO: Reap dead connection: [DummyConnection Server connection - model.nation.aztec]
May 13, 2017 5:01:19 AM net.sf.freecol.server.networking.Server sendToAll
INFO: Reap dead connection: [DummyConnection Server connection - model.nation.cherokee]
May 13, 2017 5:01:19 AM net.sf.freecol.server.networking.Server sendToAll
INFO: Reap dead connection: [DummyConnection Server connection - model.nation.sioux]
May 13, 2017 5:01:19 AM net.sf.freecol.server.networking.Server sendToAll
INFO: Reap dead connection: [DummyConnection Server connection - model.nation.tupi]
May 13, 2017 5:01:19 AM net.sf.freecol.server.networking.Server sendToAll
INFO: Reap dead connection: [DummyConnection Server connection - model.nation.dutch]
May 13, 2017 5:01:19 AM net.sf.freecol.server.networking.Server sendToAll
INFO: Reap dead connection: [DummyConnection Server connection - model.nation.inca]
May 13, 2017 5:01:19 AM net.sf.freecol.server.networking.Server sendToAll
INFO: Reap dead connection: [DummyConnection Server connection - model.nation.apache]
May 13, 2017 5:01:19 AM net.sf.freecol.server.networking.Server sendToAll
INFO: Reap dead connection: [DummyConnection Server connection - model.nation.spanish]
May 13, 2017 5:01:19 AM net.sf.freecol.server.networking.Server sendToAll
INFO: Reap dead connection: [DummyConnection Server connection - model.nation.arawak]
May 13, 2017 5:01:19 AM net.sf.freecol.common.model.Specification applyDifficultyLevel
INFO: Applying difficulty level model.difficulty.medium
May 13, 2017 5:01:19 AM net.sf.freecol.common.FreeColSeed getFreeColSeed
INFO: Using seed: -8006389604231601563
May 13, 2017 5:01:19 AM net.sf.freecol.server.networking.Server sendToAll
INFO: Reap dead connection: [DummyConnection Server connection - model.nation.spanish]
May 13, 2017 5:01:19 AM net.sf.freecol.server.networking.Server sendToAll
INFO: Reap dead connection: [DummyConnection Server connection - model.nation.inca]
May 13, 2017 5:01:19 AM net.sf.freecol.server.networking.Server sendToAll
INFO: Reap dead connection: [DummyConnection Server connection - model.nation.sioux]
May 13, 2017 5:01:19 AM net.sf.freecol.server.networking.Server sendToAll
INFO: Reap dead connection: [DummyConnection Server connection - model.nation.apache]
May 13, 2017 5:01:19 AM net.sf.freecol.server.networking.Server sendToAll
INFO: Reap dead connection: [DummyConnection Server connection - model.nation.cherokee]
May 13, 2017 5:01:19 AM net.sf.freecol.server.networking.Server sendToAll
INFO: Reap dead connection: [DummyConnection Server connection - model.nation.arawak]
May 13, 2017 5:01:19 AM net.sf.freecol.server.networking.Server sendToAll
INFO: Reap dead connection: [DummyConnection Server connection - model.nation.aztec]
May 13, 2017 5:01:19 AM net.sf.freecol.server.networking.Server sendToAll
INFO: Reap dead connection: [DummyConnection Server connection - model.nation.english]
May 13, 2017 5:01:19 AM net.sf.freecol.server.networking.Server sendToAll
INFO: Reap dead connection: [DummyConnection Server connection - model.nation.iroquois]
May 13, 2017 5:01:19 AM net.sf.freecol.server.networking.Server sendToAll
INFO: Reap dead connection: [DummyConnection Server connection - model.nation.dutch]
May 13, 2017 5:01:19 AM net.sf.freecol.server.networking.Server sendToAll
INFO: Reap dead connection: [DummyConnection Server connection - model.nation.french]
May 13, 2017 5:01:19 AM net.sf.freecol.server.networking.Server sendToAll
INFO: Reap dead connection: [DummyConnection Server connection - model.nation.tupi]
May 13, 2017 5:01:19 AM net.sf.freecol.common.model.Specification applyDifficultyLevel
INFO: Applying difficulty level model.difficulty.medium
May 13, 2017 5:01:19 AM net.sf.freecol.common.FreeColSeed getFreeColSeed
INFO: Using seed: -2924045188373019226
May 13, 2017 5:01:19 AM net.sf.freecol.server.networking.Server sendToAll
INFO: Reap dead connection: [DummyConnection Server connection - model.nation.inca]
May 13, 2017 5:01:19 AM net.sf.freecol.server.networking.Server sendToAll
INFO: Reap dead connection: [DummyConnection Server connection - model.nation.aztec]
May 13, 2017 5:01:19 AM net.sf.freecol.server.networking.Server sendToAll
INFO: Reap dead connection: [DummyConnection Server connection - model.nation.spanish]
May 13, 2017 5:01:19 AM net.sf.freecol.server.networking.Server sendToAll
INFO: Reap dead connection: [DummyConnection Server connection - model.nation.iroquois]
May 13, 2017 5:01:19 AM net.sf.freecol.server.networking.Server sendToAll
INFO: Reap dead connection: [DummyConnection Server connection - model.nation.dutch]
May 13, 2017 5:01:19 AM net.sf.freecol.server.networking.Server sendToAll
INFO: Reap dead connection: [DummyConnection Server connection - model.nation.apache]
May 13, 2017 5:01:19 AM net.sf.freecol.server.networking.Server sendToAll
INFO: Reap dead connection: [DummyConnection Server connection - model.nation.cherokee]
May 13, 2017 5:01:19 AM net.sf.freecol.server.networking.Server sendToAll
INFO: Reap dead connection: [DummyConnection Server connection - model.nation.sioux]
May 13, 2017 5:01:19 AM net.sf.freecol.server.networking.Server sendToAll
INFO: Reap dead connection: [DummyConnection Server connection - model.nation.french]
May 13, 2017 5:01:19 AM net.sf.freecol.server.networking.Server sendToAll
INFO: Reap dead connection: [DummyConnection Server connection - model.nation.english]
May 13, 2017 5:01:19 AM net.sf.freecol.server.networking.Server sendToAll
INFO: Reap dead connection: [DummyConnection Server connection - model.nation.tupi]
May 13, 2017 5:01:19 AM net.sf.freecol.server.networking.Server sendToAll
INFO: Reap dead connection: [DummyConnection Server connection - model.nation.arawak]
May 13, 2017 5:01:19 AM net.sf.freecol.common.model.Specification applyDifficultyLevel
INFO: Applying difficulty level model.difficulty.medium
May 13, 2017 5:01:19 AM net.sf.freecol.common.FreeColSeed getFreeColSeed
INFO: Using seed: 643925215006606104
May 13, 2017 5:01:19 AM net.sf.freecol.server.networking.Server sendToAll
INFO: Reap dead connection: [DummyConnection Server connection - model.nation.iroquois]
May 13, 2017 5:01:19 AM net.sf.freecol.server.networking.Server sendToAll
INFO: Reap dead connection: [DummyConnection Server connection - model.nation.sioux]
May 13, 2017 5:01:19 AM net.sf.freecol.server.networking.Server sendToAll
INFO: Reap dead connection: [DummyConnection Server connection - model.nation.dutch]
May 13, 2017 5:01:19 AM net.sf.freecol.server.networking.Server sendToAll
INFO: Reap dead connection: [DummyConnection Server connection - model.nation.inca]
May 13, 2017 5:01:19 AM net.sf.freecol.server.networking.Server sendToAll
INFO: Reap dead connection: [DummyConnection Server connection - model.nation.tupi]
May 13, 2017 5:01:19 AM net.sf.freecol.server.networking.Server sendToAll
INFO: Reap dead connection: [DummyConnection Server connection - model.nation.arawak]
May 13, 2017 5:01:19 AM net.sf.freecol.server.networking.Server sendToAll
INFO: Reap dead connection: [DummyConnection Server connection - model.nation.english]
May 13, 2017 5:01:19 AM net.sf.freecol.server.networking.Server sendToAll
INFO: Reap dead connection: [DummyConnection Server connection - model.nation.apache]
May 13, 2017 5:01:19 AM net.sf.freecol.server.networking.Server sendToAll
INFO: Reap dead connection: [DummyConnection Server connection - model.nation.spanish]
May 13, 2017 5:01:19 AM net.sf.freecol.server.networking.Server sendToAll
INFO: Reap dead connection: [DummyConnection Server connection - model.nation.french]
May 13, 2017 5:01:19 AM net.sf.freecol.server.networking.Server sendToAll
INFO: Reap dead connection: [DummyConnection Server connection - model.nation.aztec]
May 13, 2017 5:01:19 AM net.sf.freecol.server.networking.Server sendToAll
INFO: Reap dead connection: [DummyConnection Server connection - model.nation.cherokee]
May 13, 2017 5:01:19 AM net.sf.freecol.common.model.Specification applyDifficultyLevel
INFO: Applying difficulty level model.difficulty.medium
May 13, 2017 5:01:19 AM net.sf.freecol.common.FreeColSeed getFreeColSeed
INFO: Using seed: 8731258230177756890
May 13, 2017 5:01:19 AM net.sf.freecol.server.networking.Server sendToAll
INFO: Reap dead connection: [DummyConnection Server connection - model.nation.english]
May 13, 2017 5:01:19 AM net.sf.freecol.server.networking.Server sendToAll
INFO: Reap dead connection: [DummyConnection Server connection - model.nation.aztec]
May 13, 2017 5:01:19 AM net.sf.freecol.server.networking.Server sendToAll
INFO: Reap dead connection: [DummyConnection Server connection - model.nation.inca]
May 13, 2017 5:01:19 AM net.sf.freecol.server.networking.Server sendToAll
INFO: Reap dead connection: [DummyConnection Server connection - model.nation.sioux]
May 13, 2017 5:01:19 AM net.sf.freecol.server.networking.Server sendToAll
INFO: Reap dead connection: [DummyConnection Server connection - model.nation.dutch]
May 13, 2017 5:01:19 AM net.sf.freecol.server.networking.Server sendToAll
INFO: Reap dead connection: [DummyConnection Server connection - model.nation.arawak]
May 13, 2017 5:01:19 AM net.sf.freecol.server.networking.Server sendToAll
INFO: Reap dead connection: [DummyConnection Server connection - model.nation.apache]
May 13, 2017 5:01:19 AM net.sf.freecol.server.networking.Server sendToAll
INFO: Reap dead connection: [DummyConnection Server connection - model.nation.french]
May 13, 2017 5:01:19 AM net.sf.freecol.server.networking.Server sendToAll
INFO: Reap dead connection: [DummyConnection Server connection - model.nation.cherokee]
May 13, 2017 5:01:19 AM net.sf.freecol.server.networking.Server sendToAll
INFO: Reap dead connection: [DummyConnection Server connection - model.nation.tupi]
May 13, 2017 5:01:19 AM net.sf.freecol.server.networking.Server sendToAll
INFO: Reap dead connection: [DummyConnection Server connection - model.nation.iroquois]
May 13, 2017 5:01:19 AM net.sf.freecol.server.networking.Server sendToAll
INFO: Reap dead connection: [DummyConnection Server connection - model.nation.spanish]
May 13, 2017 5:01:19 AM net.sf.freecol.common.model.Specification applyDifficultyLevel
INFO: Applying difficulty level model.difficulty.medium
May 13, 2017 5:01:19 AM net.sf.freecol.common.FreeColSeed getFreeColSeed
INFO: Using seed: 3092802831384177133
May 13, 2017 5:01:19 AM net.sf.freecol.server.networking.Server sendToAll
INFO: Reap dead connection: [DummyConnection Server connection - model.nation.inca]
May 13, 2017 5:01:19 AM net.sf.freecol.server.networking.Server sendToAll
INFO: Reap dead connection: [DummyConnection Server connection - model.nation.iroquois]
May 13, 2017 5:01:19 AM net.sf.freecol.server.networking.Server sendToAll
INFO: Reap dead connection: [DummyConnection Server connection - model.nation.english]
May 13, 2017 5:01:19 AM net.sf.freecol.server.networking.Server sendToAll
INFO: Reap dead connection: [DummyConnection Server connection - model.nation.arawak]
May 13, 2017 5:01:19 AM net.sf.freecol.server.networking.Server sendToAll
INFO: Reap dead connection: [DummyConnection Server connection - model.nation.dutch]
May 13, 2017 5:01:19 AM net.sf.freecol.server.networking.Server sendToAll
INFO: Reap dead connection: [DummyConnection Server connection - model.nation.cherokee]
May 13, 2017 5:01:19 AM net.sf.freecol.server.networking.Server sendToAll
INFO: Reap dead connection: [DummyConnection Server connection - model.nation.tupi]
May 13, 2017 5:01:19 AM net.sf.freecol.server.networking.Server sendToAll
INFO: Reap dead connection: [DummyConnection Server connection - model.nation.apache]
May 13, 2017 5:01:19 AM net.sf.freecol.server.networking.Server sendToAll
INFO: Reap dead connection: [DummyConnection Server connection - model.nation.sioux]
May 13, 2017 5:01:19 AM net.sf.freecol.server.networking.Server sendToAll
INFO: Reap dead connection: [DummyConnection Server connection - model.nation.french]
May 13, 2017 5:01:19 AM net.sf.freecol.server.networking.Server sendToAll
INFO: Reap dead connection: [DummyConnection Server connection - model.nation.spanish]
May 13, 2017 5:01:19 AM net.sf.freecol.server.networking.Server sendToAll
INFO: Reap dead connection: [DummyConnection Server connection - model.nation.aztec]
May 13, 2017 5:01:19 AM net.sf.freecol.common.model.Specification applyDifficultyLevel
INFO: Applying difficulty level model.difficulty.medium
May 13, 2017 5:01:19 AM net.sf.freecol.common.FreeColSeed getFreeColSeed
INFO: Using seed: -2981820584747934731
May 13, 2017 5:01:19 AM net.sf.freecol.server.networking.Server sendToAll
INFO: Reap dead connection: [DummyConnection Server connection - model.nation.sioux]
May 13, 2017 5:01:19 AM net.sf.freecol.server.networking.Server sendToAll
INFO: Reap dead connection: [DummyConnection Server connection - model.nation.french]
May 13, 2017 5:01:19 AM net.sf.freecol.server.networking.Server sendToAll
INFO: Reap dead connection: [DummyConnection Server connection - model.nation.apache]
May 13, 2017 5:01:19 AM net.sf.freecol.server.networking.Server sendToAll
INFO: Reap dead connection: [DummyConnection Server connection - model.nation.iroquois]
May 13, 2017 5:01:19 AM net.sf.freecol.server.networking.Server sendToAll
INFO: Reap dead connection: [DummyConnection Server connection - model.nation.arawak]
May 13, 2017 5:01:19 AM net.sf.freecol.server.networking.Server sendToAll
INFO: Reap dead connection: [DummyConnection Server connection - model.nation.cherokee]
May 13, 2017 5:01:19 AM net.sf.freecol.server.networking.Server sendToAll
INFO: Reap dead connection: [DummyConnection Server connection - model.nation.english]
May 13, 2017 5:01:19 AM net.sf.freecol.server.networking.Server sendToAll
INFO: Reap dead connection: [DummyConnection Server connection - model.nation.dutch]
May 13, 2017 5:01:19 AM net.sf.freecol.server.networking.Server sendToAll
INFO: Reap dead connection: [DummyConnection Server connection - model.nation.tupi]
May 13, 2017 5:01:19 AM net.sf.freecol.server.networking.Server sendToAll
INFO: Reap dead connection: [DummyConnection Server connection - model.nation.spanish]
May 13, 2017 5:01:19 AM net.sf.freecol.server.networking.Server sendToAll
INFO: Reap dead connection: [DummyConnection Server connection - model.nation.aztec]
May 13, 2017 5:01:19 AM net.sf.freecol.server.networking.Server sendToAll
INFO: Reap dead connection: [DummyConnection Server connection - model.nation.inca]
May 13, 2017 5:01:19 AM net.sf.freecol.common.model.Specification applyDifficultyLevel
INFO: Applying difficulty level model.difficulty.medium
May 13, 2017 5:01:19 AM net.sf.freecol.common.FreeColSeed getFreeColSeed
INFO: Using seed: -4777233570598785395
May 13, 2017 5:01:19 AM net.sf.freecol.server.networking.Server sendToAll
INFO: Reap dead connection: [DummyConnection Server connection - model.nation.english]
May 13, 2017 5:01:19 AM net.sf.freecol.server.networking.Server sendToAll
INFO: Reap dead connection: [DummyConnection Server connection - model.nation.iroquois]
May 13, 2017 5:01:19 AM net.sf.freecol.server.networking.Server sendToAll
INFO: Reap dead connection: [DummyConnection Server connection - model.nation.sioux]
May 13, 2017 5:01:19 AM net.sf.freecol.server.networking.Server sendToAll
INFO: Reap dead connection: [DummyConnection Server connection - model.nation.apache]
May 13, 2017 5:01:19 AM net.sf.freecol.server.networking.Server sendToAll
INFO: Reap dead connection: [DummyConnection Server connection - model.nation.tupi]
May 13, 2017 5:01:19 AM net.sf.freecol.server.networking.Server sendToAll
INFO: Reap dead connection: [DummyConnection Server connection - model.nation.aztec]
May 13, 2017 5:01:19 AM net.sf.freecol.server.networking.Server sendToAll
INFO: Reap dead connection: [DummyConnection Server connection - model.nation.dutch]
May 13, 2017 5:01:19 AM net.sf.freecol.server.networking.Server sendToAll
INFO: Reap dead connection: [DummyConnection Server connection - model.nation.french]
May 13, 2017 5:01:19 AM net.sf.freecol.server.networking.Server sendToAll
INFO: Reap dead connection: [DummyConnection Server connection - model.nation.arawak]
May 13, 2017 5:01:19 AM net.sf.freecol.server.networking.Server sendToAll
INFO: Reap dead connection: [DummyConnection Server connection - model.nation.cherokee]
May 13, 2017 5:01:19 AM net.sf.freecol.server.networking.Server sendToAll
INFO: Reap dead connection: [DummyConnection Server connection - model.nation.spanish]
May 13, 2017 5:01:19 AM net.sf.freecol.server.networking.Server sendToAll
INFO: Reap dead connection: [DummyConnection Server connection - model.nation.inca]
May 13, 2017 5:01:19 AM net.sf.freecol.common.model.Specification applyDifficultyLevel
INFO: Applying difficulty level model.difficulty.medium
May 13, 2017 5:01:19 AM net.sf.freecol.common.FreeColSeed getFreeColSeed
INFO: Using seed: -8141458141688280301
May 13, 2017 5:01:19 AM net.sf.freecol.server.networking.Server sendToAll
INFO: Reap dead connection: [DummyConnection Server connection - model.nation.english]
May 13, 2017 5:01:19 AM net.sf.freecol.server.networking.Server sendToAll
INFO: Reap dead connection: [DummyConnection Server connection - model.nation.apache]
May 13, 2017 5:01:19 AM net.sf.freecol.server.networking.Server sendToAll
INFO: Reap dead connection: [DummyConnection Server connection - model.nation.arawak]
May 13, 2017 5:01:19 AM net.sf.freecol.server.networking.Server sendToAll
INFO: Reap dead connection: [DummyConnection Server connection - model.nation.inca]
May 13, 2017 5:01:19 AM net.sf.freecol.server.networking.Server sendToAll
INFO: Reap dead connection: [DummyConnection Server connection - model.nation.french]
May 13, 2017 5:01:19 AM net.sf.freecol.server.networking.Server sendToAll
INFO: Reap dead connection: [DummyConnection Server connection - model.nation.sioux]
May 13, 2017 5:01:19 AM net.sf.freecol.server.networking.Server sendToAll
INFO: Reap dead connection: [DummyConnection Server connection - model.nation.aztec]
May 13, 2017 5:01:19 AM net.sf.freecol.server.networking.Server sendToAll
INFO: Reap dead connection: [DummyConnection Server connection - model.nation.cherokee]
May 13, 2017 5:01:19 AM net.sf.freecol.server.networking.Server sendToAll
INFO: Reap dead connection: [DummyConnection Server connection - model.nation.dutch]
May 13, 2017 5:01:19 AM net.sf.freecol.server.networking.Server sendToAll
INFO: Reap dead connection: [DummyConnection Server connection - model.nation.iroquois]
May 13, 2017 5:01:19 AM net.sf.freecol.server.networking.Server sendToAll
INFO: Reap dead connection: [DummyConnection Server connection - model.nation.spanish]
May 13, 2017 5:01:19 AM net.sf.freecol.server.networking.Server sendToAll
INFO: Reap dead connection: [DummyConnection Server connection - model.nation.tupi]
May 13, 2017 5:01:19 AM net.sf.freecol.common.model.Specification applyDifficultyLevel
INFO: Applying difficulty level model.difficulty.medium
May 13, 2017 5:01:19 AM net.sf.freecol.common.FreeColSeed getFreeColSeed
INFO: Using seed: -9179583600246915504
May 13, 2017 5:01:19 AM net.sf.freecol.server.networking.Server sendToAll
INFO: Reap dead connection: [DummyConnection Server connection - model.nation.iroquois]
May 13, 2017 5:01:19 AM net.sf.freecol.server.networking.Server sendToAll
INFO: Reap dead connection: [DummyConnection Server connection - model.nation.aztec]
May 13, 2017 5:01:19 AM net.sf.freecol.server.networking.Server sendToAll
INFO: Reap dead connection: [DummyConnection Server connection - model.nation.tupi]
May 13, 2017 5:01:19 AM net.sf.freecol.server.networking.Server sendToAll
INFO: Reap dead connection: [DummyConnection Server connection - model.nation.spanish]
May 13, 2017 5:01:19 AM net.sf.freecol.server.networking.Server sendToAll
INFO: Reap dead connection: [DummyConnection Server connection - model.nation.sioux]
May 13, 2017 5:01:19 AM net.sf.freecol.server.networking.Server sendToAll
INFO: Reap dead connection: [DummyConnection Server connection - model.nation.arawak]
May 13, 2017 5:01:19 AM net.sf.freecol.server.networking.Server sendToAll
INFO: Reap dead connection: [DummyConnection Server connection - model.nation.cherokee]
May 13, 2017 5:01:19 AM net.sf.freecol.server.networking.Server sendToAll
INFO: Reap dead connection: [DummyConnection Server connection - model.nation.inca]
May 13, 2017 5:01:19 AM net.sf.freecol.server.networking.Server sendToAll
INFO: Reap dead connection: [DummyConnection Server connection - model.nation.apache]
May 13, 2017 5:01:19 AM net.sf.freecol.server.networking.Server sendToAll
INFO: Reap dead connection: [DummyConnection Server connection - model.nation.french]
May 13, 2017 5:01:19 AM net.sf.freecol.server.networking.Server sendToAll
INFO: Reap dead connection: [DummyConnection Server connection - model.nation.english]
May 13, 2017 5:01:19 AM net.sf.freecol.server.networking.Server sendToAll
INFO: Reap dead connection: [DummyConnection Server connection - model.nation.dutch]
May 13, 2017 5:01:19 AM net.sf.freecol.common.model.Specification applyDifficultyLevel
INFO: Applying difficulty level model.difficulty.medium
May 13, 2017 5:01:19 AM net.sf.freecol.common.FreeColSeed getFreeColSeed
INFO: Using seed: 4635578383142857050
May 13, 2017 5:01:19 AM net.sf.freecol.server.networking.Server sendToAll
INFO: Reap dead connection: [DummyConnection Server connection - model.nation.aztec]
May 13, 2017 5:01:19 AM net.sf.freecol.server.networking.Server sendToAll
INFO: Reap dead connection: [DummyConnection Server connection - model.nation.iroquois]
May 13, 2017 5:01:19 AM net.sf.freecol.server.networking.Server sendToAll
INFO: Reap dead connection: [DummyConnection Server connection - model.nation.apache]
May 13, 2017 5:01:19 AM net.sf.freecol.server.networking.Server sendToAll
INFO: Reap dead connection: [DummyConnection Server connection - model.nation.sioux]
May 13, 2017 5:01:19 AM net.sf.freecol.server.networking.Server sendToAll
INFO: Reap dead connection: [DummyConnection Server connection - model.nation.tupi]
May 13, 2017 5:01:19 AM net.sf.freecol.server.networking.Server sendToAll
INFO: Reap dead connection: [DummyConnection Server connection - model.nation.arawak]
May 13, 2017 5:01:19 AM net.sf.freecol.server.networking.Server sendToAll
INFO: Reap dead connection: [DummyConnection Server connection - model.nation.inca]
May 13, 2017 5:01:19 AM net.sf.freecol.server.networking.Server sendToAll
INFO: Reap dead connection: [DummyConnection Server connection - model.nation.french]
May 13, 2017 5:01:19 AM net.sf.freecol.server.networking.Server sendToAll
INFO: Reap dead connection: [DummyConnection Server connection - model.nation.english]
May 13, 2017 5:01:19 AM net.sf.freecol.server.networking.Server sendToAll
INFO: Reap dead connection: [DummyConnection Server connection - model.nation.dutch]
May 13, 2017 5:01:19 AM net.sf.freecol.server.networking.Server sendToAll
INFO: Reap dead connection: [DummyConnection Server connection - model.nation.spanish]
May 13, 2017 5:01:19 AM net.sf.freecol.server.networking.Server sendToAll
INFO: Reap dead connection: [DummyConnection Server connection - model.nation.cherokee]
May 13, 2017 5:01:19 AM net.sf.freecol.common.model.Specification applyDifficultyLevel
INFO: Applying difficulty level model.difficulty.medium
May 13, 2017 5:01:19 AM net.sf.freecol.common.FreeColSeed getFreeColSeed
INFO: Using seed: -181261908684781166
May 13, 2017 5:01:19 AM net.sf.freecol.server.networking.Server sendToAll
INFO: Reap dead connection: [DummyConnection Server connection - model.nation.sioux]
May 13, 2017 5:01:19 AM net.sf.freecol.server.networking.Server sendToAll
INFO: Reap dead connection: [DummyConnection Server connection - model.nation.french]
May 13, 2017 5:01:19 AM net.sf.freecol.server.networking.Server sendToAll
INFO: Reap dead connection: [DummyConnection Server connection - model.nation.english]
May 13, 2017 5:01:19 AM net.sf.freecol.server.networking.Server sendToAll
INFO: Reap dead connection: [DummyConnection Server connection - model.nation.cherokee]
May 13, 2017 5:01:19 AM net.sf.freecol.server.networking.Server sendToAll
INFO: Reap dead connection: [DummyConnection Server connection - model.nation.iroquois]
May 13, 2017 5:01:19 AM net.sf.freecol.server.networking.Server sendToAll
INFO: Reap dead connection: [DummyConnection Server connection - model.nation.dutch]
May 13, 2017 5:01:19 AM net.sf.freecol.server.networking.Server sendToAll
INFO: Reap dead connection: [DummyConnection Server connection - model.nation.tupi]
May 13, 2017 5:01:19 AM net.sf.freecol.server.networking.Server sendToAll
INFO: Reap dead connection: [DummyConnection Server connection - model.nation.aztec]
May 13, 2017 5:01:19 AM net.sf.freecol.server.networking.Server sendToAll
INFO: Reap dead connection: [DummyConnection Server connection - model.nation.apache]
May 13, 2017 5:01:19 AM net.sf.freecol.server.networking.Server sendToAll
INFO: Reap dead connection: [DummyConnection Server connection - model.nation.spanish]
May 13, 2017 5:01:19 AM net.sf.freecol.server.networking.Server sendToAll
INFO: Reap dead connection: [DummyConnection Server connection - model.nation.arawak]
May 13, 2017 5:01:19 AM net.sf.freecol.server.networking.Server sendToAll
INFO: Reap dead connection: [DummyConnection Server connection - model.nation.inca]
May 13, 2017 5:01:19 AM net.sf.freecol.common.model.Specification applyDifficultyLevel
INFO: Applying difficulty level model.difficulty.medium
May 13, 2017 5:01:19 AM net.sf.freecol.common.FreeColSeed getFreeColSeed
INFO: Using seed: 8906337715849008596
May 13, 2017 5:01:19 AM net.sf.freecol.server.networking.Server sendToAll
INFO: Reap dead connection: [DummyConnection Server connection - model.nation.sioux]
May 13, 2017 5:01:19 AM net.sf.freecol.server.networking.Server sendToAll
INFO: Reap dead connection: [DummyConnection Server connection - model.nation.tupi]
May 13, 2017 5:01:19 AM net.sf.freecol.server.networking.Server sendToAll
INFO: Reap dead connection: [DummyConnection Server connection - model.nation.spanish]
May 13, 2017 5:01:19 AM net.sf.freecol.server.networking.Server sendToAll
INFO: Reap dead connection: [DummyConnection Server connection - model.nation.aztec]
May 13, 2017 5:01:19 AM net.sf.freecol.server.networking.Server sendToAll
INFO: Reap dead connection: [DummyConnection Server connection - model.nation.inca]
May 13, 2017 5:01:19 AM net.sf.freecol.server.networking.Server sendToAll
INFO: Reap dead connection: [DummyConnection Server connection - model.nation.iroquois]
May 13, 2017 5:01:19 AM net.sf.freecol.server.networking.Server sendToAll
INFO: Reap dead connection: [DummyConnection Server connection - model.nation.french]
May 13, 2017 5:01:19 AM net.sf.freecol.server.networking.Server sendToAll
INFO: Reap dead connection: [DummyConnection Server connection - model.nation.dutch]
May 13, 2017 5:01:19 AM net.sf.freecol.server.networking.Server sendToAll
INFO: Reap dead connection: [DummyConnection Server connection - model.nation.arawak]
May 13, 2017 5:01:19 AM net.sf.freecol.server.networking.Server sendToAll
INFO: Reap dead connection: [DummyConnection Server connection - model.nation.english]
May 13, 2017 5:01:19 AM net.sf.freecol.server.networking.Server sendToAll
INFO: Reap dead connection: [DummyConnection Server connection - model.nation.apache]
May 13, 2017 5:01:19 AM net.sf.freecol.server.networking.Server sendToAll
INFO: Reap dead connection: [DummyConnection Server connection - model.nation.cherokee]
May 13, 2017 5:01:19 AM net.sf.freecol.common.model.Specification applyDifficultyLevel
INFO: Applying difficulty level model.difficulty.medium
May 13, 2017 5:01:19 AM net.sf.freecol.common.FreeColSeed getFreeColSeed
INFO: Using seed: -2408061716402077798
May 13, 2017 5:01:19 AM net.sf.freecol.server.networking.Server sendToAll
INFO: Reap dead connection: [DummyConnection Server connection - model.nation.dutch]
May 13, 2017 5:01:19 AM net.sf.freecol.server.networking.Server sendToAll
INFO: Reap dead connection: [DummyConnection Server connection - model.nation.iroquois]
May 13, 2017 5:01:19 AM net.sf.freecol.server.networking.Server sendToAll
INFO: Reap dead connection: [DummyConnection Server connection - model.nation.english]
May 13, 2017 5:01:19 AM net.sf.freecol.server.networking.Server sendToAll
INFO: Reap dead connection: [DummyConnection Server connection - model.nation.tupi]
May 13, 2017 5:01:19 AM net.sf.freecol.server.networking.Server sendToAll
INFO: Reap dead connection: [DummyConnection Server connection - model.nation.sioux]
May 13, 2017 5:01:19 AM net.sf.freecol.server.networking.Server sendToAll
INFO: Reap dead connection: [DummyConnection Server connection - model.nation.french]
May 13, 2017 5:01:19 AM net.sf.freecol.server.networking.Server sendToAll
INFO: Reap dead connection: [DummyConnection Server connection - model.nation.apache]
May 13, 2017 5:01:19 AM net.sf.freecol.server.networking.Server sendToAll
INFO: Reap dead connection: [DummyConnection Server connection - model.nation.inca]
May 13, 2017 5:01:19 AM net.sf.freecol.server.networking.Server sendToAll
INFO: Reap dead connection: [DummyConnection Server connection - model.nation.arawak]
May 13, 2017 5:01:19 AM net.sf.freecol.server.networking.Server sendToAll
INFO: Reap dead connection: [DummyConnection Server connection - model.nation.cherokee]
May 13, 2017 5:01:19 AM net.sf.freecol.server.networking.Server sendToAll
INFO: Reap dead connection: [DummyConnection Server connection - model.nation.spanish]
May 13, 2017 5:01:19 AM net.sf.freecol.server.networking.Server sendToAll
INFO: Reap dead connection: [DummyConnection Server connection - model.nation.aztec]
May 13, 2017 5:01:19 AM net.sf.freecol.common.model.Specification applyDifficultyLevel
INFO: Applying difficulty level model.difficulty.medium
May 13, 2017 5:01:19 AM net.sf.freecol.common.FreeColSeed getFreeColSeed
INFO: Using seed: -7847819497153498187
May 13, 2017 5:01:19 AM net.sf.freecol.server.networking.Server sendToAll
INFO: Reap dead connection: [DummyConnection Server connection - model.nation.sioux]
May 13, 2017 5:01:19 AM net.sf.freecol.server.networking.Server sendToAll
INFO: Reap dead connection: [DummyConnection Server connection - model.nation.dutch]
May 13, 2017 5:01:19 AM net.sf.freecol.server.networking.Server sendToAll
INFO: Reap dead connection: [DummyConnection Server connection - model.nation.french]
May 13, 2017 5:01:19 AM net.sf.freecol.server.networking.Server sendToAll
INFO: Reap dead connection: [DummyConnection Server connection - model.nation.aztec]
May 13, 2017 5:01:19 AM net.sf.freecol.server.networking.Server sendToAll
INFO: Reap dead connection: [DummyConnection Server connection - model.nation.cherokee]
May 13, 2017 5:01:19 AM net.sf.freecol.server.networking.Server sendToAll
INFO: Reap dead connection: [DummyConnection Server connection - model.nation.tupi]
May 13, 2017 5:01:19 AM net.sf.freecol.server.networking.Server sendToAll
INFO: Reap dead connection: [DummyConnection Server connection - model.nation.inca]
May 13, 2017 5:01:19 AM net.sf.freecol.server.networking.Server sendToAll
INFO: Reap dead connection: [DummyConnection Server connection - model.nation.english]
May 13, 2017 5:01:19 AM net.sf.freecol.server.networking.Server sendToAll
INFO: Reap dead connection: [DummyConnection Server connection - model.nation.spanish]
May 13, 2017 5:01:19 AM net.sf.freecol.server.networking.Server sendToAll
INFO: Reap dead connection: [DummyConnection Server connection - model.nation.apache]
May 13, 2017 5:01:19 AM net.sf.freecol.server.networking.Server sendToAll
INFO: Reap dead connection: [DummyConnection Server connection - model.nation.arawak]
May 13, 2017 5:01:19 AM net.sf.freecol.server.networking.Server sendToAll
INFO: Reap dead connection: [DummyConnection Server connection - model.nation.iroquois]
May 13, 2017 5:01:19 AM net.sf.freecol.common.model.Specification applyDifficultyLevel
INFO: Applying difficulty level model.difficulty.medium
May 13, 2017 5:01:19 AM net.sf.freecol.common.FreeColSeed getFreeColSeed
INFO: Using seed: 4221932183936469331
May 13, 2017 5:01:19 AM net.sf.freecol.server.networking.Server sendToAll
INFO: Reap dead connection: [DummyConnection Server connection - model.nation.iroquois]
May 13, 2017 5:01:19 AM net.sf.freecol.server.networking.Server sendToAll
INFO: Reap dead connection: [DummyConnection Server connection - model.nation.dutch]
May 13, 2017 5:01:19 AM net.sf.freecol.server.networking.Server sendToAll
INFO: Reap dead connection: [DummyConnection Server connection - model.nation.aztec]
May 13, 2017 5:01:19 AM net.sf.freecol.server.networking.Server sendToAll
INFO: Reap dead connection: [DummyConnection Server connection - model.nation.arawak]
May 13, 2017 5:01:19 AM net.sf.freecol.server.networking.Server sendToAll
INFO: Reap dead connection: [DummyConnection Server connection - model.nation.sioux]
May 13, 2017 5:01:19 AM net.sf.freecol.server.networking.Server sendToAll
INFO: Reap dead connection: [DummyConnection Server connection - model.nation.french]
May 13, 2017 5:01:19 AM net.sf.freecol.server.networking.Server sendToAll
INFO: Reap dead connection: [DummyConnection Server connection - model.nation.english]
May 13, 2017 5:01:19 AM net.sf.freecol.server.networking.Server sendToAll
INFO: Reap dead connection: [DummyConnection Server connection - model.nation.tupi]
May 13, 2017 5:01:19 AM net.sf.freecol.server.networking.Server sendToAll
INFO: Reap dead connection: [DummyConnection Server connection - model.nation.spanish]
May 13, 2017 5:01:19 AM net.sf.freecol.server.networking.Server sendToAll
INFO: Reap dead connection: [DummyConnection Server connection - model.nation.apache]
May 13, 2017 5:01:19 AM net.sf.freecol.server.networking.Server sendToAll
INFO: Reap dead connection: [DummyConnection Server connection - model.nation.inca]
May 13, 2017 5:01:19 AM net.sf.freecol.server.networking.Server sendToAll
INFO: Reap dead connection: [DummyConnection Server connection - model.nation.cherokee]
May 13, 2017 5:01:19 AM net.sf.freecol.common.model.Specification applyDifficultyLevel
INFO: Applying difficulty level model.difficulty.medium
May 13, 2017 5:01:19 AM net.sf.freecol.common.FreeColSeed getFreeColSeed
INFO: Using seed: 6308159336738737850
May 13, 2017 5:01:19 AM net.sf.freecol.server.networking.Server sendToAll
INFO: Reap dead connection: [DummyConnection Server connection - model.nation.arawak]
May 13, 2017 5:01:19 AM net.sf.freecol.server.networking.Server sendToAll
INFO: Reap dead connection: [DummyConnection Server connection - model.nation.cherokee]
May 13, 2017 5:01:19 AM net.sf.freecol.server.networking.Server sendToAll
INFO: Reap dead connection: [DummyConnection Server connection - model.nation.french]
May 13, 2017 5:01:19 AM net.sf.freecol.server.networking.Server sendToAll
INFO: Reap dead connection: [DummyConnection Server connection - model.nation.spanish]
May 13, 2017 5:01:19 AM net.sf.freecol.server.networking.Server sendToAll
INFO: Reap dead connection: [DummyConnection Server connection - model.nation.tupi]
May 13, 2017 5:01:19 AM net.sf.freecol.server.networking.Server sendToAll
INFO: Reap dead connection: [DummyConnection Server connection - model.nation.iroquois]
May 13, 2017 5:01:19 AM net.sf.freecol.server.networking.Server sendToAll
INFO: Reap dead connection: [DummyConnection Server connection - model.nation.inca]
May 13, 2017 5:01:19 AM net.sf.freecol.server.networking.Server sendToAll
INFO: Reap dead connection: [DummyConnection Server connection - model.nation.aztec]
May 13, 2017 5:01:19 AM net.sf.freecol.server.networking.Server sendToAll
INFO: Reap dead connection: [DummyConnection Server connection - model.nation.apache]
May 13, 2017 5:01:19 AM net.sf.freecol.server.networking.Server sendToAll
INFO: Reap dead connection: [DummyConnection Server connection - model.nation.sioux]
May 13, 2017 5:01:19 AM net.sf.freecol.server.networking.Server sendToAll
INFO: Reap dead connection: [DummyConnection Server connection - model.nation.dutch]
May 13, 2017 5:01:19 AM net.sf.freecol.server.networking.Server sendToAll
INFO: Reap dead connection: [DummyConnection Server connection - model.nation.english]
May 13, 2017 5:01:19 AM net.sf.freecol.common.model.Specification applyDifficultyLevel
INFO: Applying difficulty level model.difficulty.medium
May 13, 2017 5:01:19 AM net.sf.freecol.common.FreeColSeed getFreeColSeed
INFO: Using seed: 170932503146310851
May 13, 2017 5:01:19 AM net.sf.freecol.server.networking.Server sendToAll
INFO: Reap dead connection: [DummyConnection Server connection - model.nation.iroquois]
May 13, 2017 5:01:19 AM net.sf.freecol.server.networking.Server sendToAll
INFO: Reap dead connection: [DummyConnection Server connection - model.nation.cherokee]
May 13, 2017 5:01:19 AM net.sf.freecol.server.networking.Server sendToAll
INFO: Reap dead connection: [DummyConnection Server connection - model.nation.french]
May 13, 2017 5:01:19 AM net.sf.freecol.server.networking.Server sendToAll
INFO: Reap dead connection: [DummyConnection Server connection - model.nation.dutch]
May 13, 2017 5:01:19 AM net.sf.freecol.server.networking.Server sendToAll
INFO: Reap dead connection: [DummyConnection Server connection - model.nation.spanish]
May 13, 2017 5:01:19 AM net.sf.freecol.server.networking.Server sendToAll
INFO: Reap dead connection: [DummyConnection Server connection - model.nation.tupi]
May 13, 2017 5:01:19 AM net.sf.freecol.server.networking.Server sendToAll
INFO: Reap dead connection: [DummyConnection Server connection - model.nation.arawak]
May 13, 2017 5:01:19 AM net.sf.freecol.server.networking.Server sendToAll
INFO: Reap dead connection: [DummyConnection Server connection - model.nation.english]
May 13, 2017 5:01:19 AM net.sf.freecol.server.networking.Server sendToAll
INFO: Reap dead connection: [DummyConnection Server connection - model.nation.sioux]
May 13, 2017 5:01:19 AM net.sf.freecol.server.networking.Server sendToAll
INFO: Reap dead connection: [DummyConnection Server connection - model.nation.inca]
May 13, 2017 5:01:19 AM net.sf.freecol.server.networking.Server sendToAll
INFO: Reap dead connection: [DummyConnection Server connection - model.nation.aztec]
May 13, 2017 5:01:19 AM net.sf.freecol.server.networking.Server sendToAll
INFO: Reap dead connection: [DummyConnection Server connection - model.nation.apache]
May 13, 2017 5:01:19 AM net.sf.freecol.common.model.Specification applyDifficultyLevel
INFO: Applying difficulty level model.difficulty.medium
May 13, 2017 5:01:19 AM net.sf.freecol.common.FreeColSeed getFreeColSeed
INFO: Using seed: -7731856320851195349
May 13, 2017 5:01:19 AM net.sf.freecol.server.networking.Server sendToAll
INFO: Reap dead connection: [DummyConnection Server connection - model.nation.tupi]
May 13, 2017 5:01:19 AM net.sf.freecol.server.networking.Server sendToAll
INFO: Reap dead connection: [DummyConnection Server connection - model.nation.apache]
May 13, 2017 5:01:19 AM net.sf.freecol.server.networking.Server sendToAll
INFO: Reap dead connection: [DummyConnection Server connection - model.nation.french]
May 13, 2017 5:01:19 AM net.sf.freecol.server.networking.Server sendToAll
INFO: Reap dead connection: [DummyConnection Server connection - model.nation.iroquois]
May 13, 2017 5:01:19 AM net.sf.freecol.server.networking.Server sendToAll
INFO: Reap dead connection: [DummyConnection Server connection - model.nation.dutch]
May 13, 2017 5:01:19 AM net.sf.freecol.server.networking.Server sendToAll
INFO: Reap dead connection: [DummyConnection Server connection - model.nation.arawak]
May 13, 2017 5:01:19 AM net.sf.freecol.server.networking.Server sendToAll
INFO: Reap dead connection: [DummyConnection Server connection - model.nation.cherokee]
May 13, 2017 5:01:19 AM net.sf.freecol.server.networking.Server sendToAll
INFO: Reap dead connection: [DummyConnection Server connection - model.nation.inca]
May 13, 2017 5:01:19 AM net.sf.freecol.server.networking.Server sendToAll
INFO: Reap dead connection: [DummyConnection Server connection - model.nation.english]
May 13, 2017 5:01:19 AM net.sf.freecol.server.networking.Server sendToAll
INFO: Reap dead connection: [DummyConnection Server connection - model.nation.sioux]
May 13, 2017 5:01:19 AM net.sf.freecol.server.networking.Server sendToAll
INFO: Reap dead connection: [DummyConnection Server connection - model.nation.aztec]
May 13, 2017 5:01:19 AM net.sf.freecol.server.networking.Server sendToAll
INFO: Reap dead connection: [DummyConnection Server connection - model.nation.spanish]
May 13, 2017 5:01:19 AM net.sf.freecol.common.model.Specification applyDifficultyLevel
INFO: Applying difficulty level model.difficulty.medium
May 13, 2017 5:01:19 AM net.sf.freecol.common.FreeColSeed getFreeColSeed
INFO: Using seed: 950247395013864490
May 13, 2017 5:01:19 AM net.sf.freecol.server.networking.Server sendToAll
INFO: Reap dead connection: [DummyConnection Server connection - model.nation.sioux]
May 13, 2017 5:01:19 AM net.sf.freecol.server.networking.Server sendToAll
INFO: Reap dead connection: [DummyConnection Server connection - model.nation.iroquois]
May 13, 2017 5:01:19 AM net.sf.freecol.server.networking.Server sendToAll
INFO: Reap dead connection: [DummyConnection Server connection - model.nation.cherokee]
May 13, 2017 5:01:19 AM net.sf.freecol.server.networking.Server sendToAll
INFO: Reap dead connection: [DummyConnection Server connection - model.nation.tupi]
May 13, 2017 5:01:19 AM net.sf.freecol.server.networking.Server sendToAll
INFO: Reap dead connection: [DummyConnection Server connection - model.nation.inca]
May 13, 2017 5:01:19 AM net.sf.freecol.server.networking.Server sendToAll
INFO: Reap dead connection: [DummyConnection Server connection - model.nation.english]
May 13, 2017 5:01:19 AM net.sf.freecol.server.networking.Server sendToAll
INFO: Reap dead connection: [DummyConnection Server connection - model.nation.aztec]
May 13, 2017 5:01:19 AM net.sf.freecol.server.networking.Server sendToAll
INFO: Reap dead connection: [DummyConnection Server connection - model.nation.french]
May 13, 2017 5:01:19 AM net.sf.freecol.server.networking.Server sendToAll
INFO: Reap dead connection: [DummyConnection Server connection - model.nation.dutch]
May 13, 2017 5:01:19 AM net.sf.freecol.server.networking.Server sendToAll
INFO: Reap dead connection: [DummyConnection Server connection - model.nation.arawak]
May 13, 2017 5:01:19 AM net.sf.freecol.server.networking.Server sendToAll
INFO: Reap dead connection: [DummyConnection Server connection - model.nation.apache]
May 13, 2017 5:01:19 AM net.sf.freecol.server.networking.Server sendToAll
INFO: Reap dead connection: [DummyConnection Server connection - model.nation.spanish]
May 13, 2017 5:01:19 AM net.sf.freecol.common.model.Specification applyDifficultyLevel
INFO: Applying difficulty level model.difficulty.medium
May 13, 2017 5:01:19 AM net.sf.freecol.common.FreeColSeed getFreeColSeed
INFO: Using seed: 370528134934562758
May 13, 2017 5:01:19 AM net.sf.freecol.server.networking.Server sendToAll
INFO: Reap dead connection: [DummyConnection Server connection - model.nation.cherokee]
May 13, 2017 5:01:19 AM net.sf.freecol.server.networking.Server sendToAll
INFO: Reap dead connection: [DummyConnection Server connection - model.nation.sioux]
May 13, 2017 5:01:19 AM net.sf.freecol.server.networking.Server sendToAll
INFO: Reap dead connection: [DummyConnection Server connection - model.nation.arawak]
May 13, 2017 5:01:19 AM net.sf.freecol.server.networking.Server sendToAll
INFO: Reap dead connection: [DummyConnection Server connection - model.nation.english]
May 13, 2017 5:01:19 AM net.sf.freecol.server.networking.Server sendToAll
INFO: Reap dead connection: [DummyConnection Server connection - model.nation.spanish]
May 13, 2017 5:01:19 AM net.sf.freecol.server.networking.Server sendToAll
INFO: Reap dead connection: [DummyConnection Server connection - model.nation.dutch]
May 13, 2017 5:01:19 AM net.sf.freecol.server.networking.Server sendToAll
INFO: Reap dead connection: [DummyConnection Server connection - model.nation.apache]
May 13, 2017 5:01:19 AM net.sf.freecol.server.networking.Server sendToAll
INFO: Reap dead connection: [DummyConnection Server connection - model.nation.inca]
May 13, 2017 5:01:19 AM net.sf.freecol.server.networking.Server sendToAll
INFO: Reap dead connection: [DummyConnection Server connection - model.nation.french]
May 13, 2017 5:01:19 AM net.sf.freecol.server.networking.Server sendToAll
INFO: Reap dead connection: [DummyConnection Server connection - model.nation.tupi]
May 13, 2017 5:01:19 AM net.sf.freecol.server.networking.Server sendToAll
INFO: Reap dead connection: [DummyConnection Server connection - model.nation.aztec]
May 13, 2017 5:01:19 AM net.sf.freecol.server.networking.Server sendToAll
INFO: Reap dead connection: [DummyConnection Server connection - model.nation.iroquois]
May 13, 2017 5:01:19 AM net.sf.freecol.common.model.Specification applyDifficultyLevel
INFO: Applying difficulty level model.difficulty.medium
May 13, 2017 5:01:19 AM net.sf.freecol.common.FreeColSeed getFreeColSeed
INFO: Using seed: -6128817239320794397
May 13, 2017 5:01:19 AM net.sf.freecol.server.networking.Server sendToAll
INFO: Reap dead connection: [DummyConnection Server connection - model.nation.french]
May 13, 2017 5:01:19 AM net.sf.freecol.server.networking.Server sendToAll
INFO: Reap dead connection: [DummyConnection Server connection - model.nation.sioux]
May 13, 2017 5:01:19 AM net.sf.freecol.server.networking.Server sendToAll
INFO: Reap dead connection: [DummyConnection Server connection - model.nation.english]
May 13, 2017 5:01:19 AM net.sf.freecol.server.networking.Server sendToAll
INFO: Reap dead connection: [DummyConnection Server connection - model.nation.tupi]
May 13, 2017 5:01:19 AM net.sf.freecol.server.networking.Server sendToAll
INFO: Reap dead connection: [DummyConnection Server connection - model.nation.arawak]
May 13, 2017 5:01:19 AM net.sf.freecol.server.networking.Server sendToAll
INFO: Reap dead connection: [DummyConnection Server connection - model.nation.apache]
May 13, 2017 5:01:19 AM net.sf.freecol.server.networking.Server sendToAll
INFO: Reap dead connection: [DummyConnection Server connection - model.nation.dutch]
May 13, 2017 5:01:19 AM net.sf.freecol.server.networking.Server sendToAll
INFO: Reap dead connection: [DummyConnection Server connection - model.nation.inca]
May 13, 2017 5:01:19 AM net.sf.freecol.server.networking.Server sendToAll
INFO: Reap dead connection: [DummyConnection Server connection - model.nation.spanish]
May 13, 2017 5:01:19 AM net.sf.freecol.server.networking.Server sendToAll
INFO: Reap dead connection: [DummyConnection Server connection - model.nation.iroquois]
May 13, 2017 5:01:19 AM net.sf.freecol.server.networking.Server sendToAll
INFO: Reap dead connection: [DummyConnection Server connection - model.nation.aztec]
May 13, 2017 5:01:19 AM net.sf.freecol.server.networking.Server sendToAll
INFO: Reap dead connection: [DummyConnection Server connection - model.nation.cherokee]
May 13, 2017 5:01:19 AM net.sf.freecol.common.model.Specification applyDifficultyLevel
INFO: Applying difficulty level model.difficulty.medium
May 13, 2017 5:01:19 AM net.sf.freecol.common.FreeColSeed getFreeColSeed
INFO: Using seed: -7221901704261021914
May 13, 2017 5:01:19 AM net.sf.freecol.server.networking.Server sendToAll
INFO: Reap dead connection: [DummyConnection Server connection - model.nation.cherokee]
May 13, 2017 5:01:19 AM net.sf.freecol.server.networking.Server sendToAll
INFO: Reap dead connection: [DummyConnection Server connection - model.nation.tupi]
May 13, 2017 5:01:19 AM net.sf.freecol.server.networking.Server sendToAll
INFO: Reap dead connection: [DummyConnection Server connection - model.nation.aztec]
May 13, 2017 5:01:19 AM net.sf.freecol.server.networking.Server sendToAll
INFO: Reap dead connection: [DummyConnection Server connection - model.nation.iroquois]
May 13, 2017 5:01:19 AM net.sf.freecol.server.networking.Server sendToAll
INFO: Reap dead connection: [DummyConnection Server connection - model.nation.inca]
May 13, 2017 5:01:19 AM net.sf.freecol.server.networking.Server sendToAll
INFO: Reap dead connection: [DummyConnection Server connection - model.nation.dutch]
May 13, 2017 5:01:19 AM net.sf.freecol.server.networking.Server sendToAll
INFO: Reap dead connection: [DummyConnection Server connection - model.nation.sioux]
May 13, 2017 5:01:19 AM net.sf.freecol.server.networking.Server sendToAll
INFO: Reap dead connection: [DummyConnection Server connection - model.nation.apache]
May 13, 2017 5:01:19 AM net.sf.freecol.server.networking.Server sendToAll
INFO: Reap dead connection: [DummyConnection Server connection - model.nation.english]
May 13, 2017 5:01:19 AM net.sf.freecol.server.networking.Server sendToAll
INFO: Reap dead connection: [DummyConnection Server connection - model.nation.french]
May 13, 2017 5:01:19 AM net.sf.freecol.server.networking.Server sendToAll
INFO: Reap dead connection: [DummyConnection Server connection - model.nation.arawak]
May 13, 2017 5:01:19 AM net.sf.freecol.server.networking.Server sendToAll
INFO: Reap dead connection: [DummyConnection Server connection - model.nation.spanish]
May 13, 2017 5:01:19 AM net.sf.freecol.common.model.Specification applyDifficultyLevel
INFO: Applying difficulty level model.difficulty.medium
May 13, 2017 5:01:19 AM net.sf.freecol.common.FreeColSeed getFreeColSeed
INFO: Using seed: 4276718501043343457
May 13, 2017 5:01:19 AM net.sf.freecol.server.networking.Server sendToAll
INFO: Reap dead connection: [DummyConnection Server connection - model.nation.tupi]
May 13, 2017 5:01:19 AM net.sf.freecol.server.networking.Server sendToAll
INFO: Reap dead connection: [DummyConnection Server connection - model.nation.english]
May 13, 2017 5:01:19 AM net.sf.freecol.server.networking.Server sendToAll
INFO: Reap dead connection: [DummyConnection Server connection - model.nation.inca]
May 13, 2017 5:01:19 AM net.sf.freecol.server.networking.Server sendToAll
INFO: Reap dead connection: [DummyConnection Server connection - model.nation.cherokee]
May 13, 2017 5:01:19 AM net.sf.freecol.server.networking.Server sendToAll
INFO: Reap dead connection: [DummyConnection Server connection - model.nation.iroquois]
May 13, 2017 5:01:19 AM net.sf.freecol.server.networking.Server sendToAll
INFO: Reap dead connection: [DummyConnection Server connection - model.nation.dutch]
May 13, 2017 5:01:19 AM net.sf.freecol.server.networking.Server sendToAll
INFO: Reap dead connection: [DummyConnection Server connection - model.nation.sioux]
May 13, 2017 5:01:19 AM net.sf.freecol.server.networking.Server sendToAll
INFO: Reap dead connection: [DummyConnection Server connection - model.nation.apache]
May 13, 2017 5:01:19 AM net.sf.freecol.server.networking.Server sendToAll
INFO: Reap dead connection: [DummyConnection Server connection - model.nation.aztec]
May 13, 2017 5:01:19 AM net.sf.freecol.server.networking.Server sendToAll
INFO: Reap dead connection: [DummyConnection Server connection - model.nation.spanish]
May 13, 2017 5:01:19 AM net.sf.freecol.server.networking.Server sendToAll
INFO: Reap dead connection: [DummyConnection Server connection - model.nation.french]
May 13, 2017 5:01:19 AM net.sf.freecol.server.networking.Server sendToAll
INFO: Reap dead connection: [DummyConnection Server connection - model.nation.arawak]
May 13, 2017 5:01:19 AM net.sf.freecol.common.model.Specification applyDifficultyLevel
INFO: Applying difficulty level model.difficulty.medium
May 13, 2017 5:01:19 AM net.sf.freecol.common.FreeColSeed getFreeColSeed
INFO: Using seed: 7460962647441508452
May 13, 2017 5:01:19 AM net.sf.freecol.server.networking.Server sendToAll
INFO: Reap dead connection: [DummyConnection Server connection - model.nation.sioux]
May 13, 2017 5:01:19 AM net.sf.freecol.server.networking.Server sendToAll
INFO: Reap dead connection: [DummyConnection Server connection - model.nation.inca]
May 13, 2017 5:01:19 AM net.sf.freecol.server.networking.Server sendToAll
INFO: Reap dead connection: [DummyConnection Server connection - model.nation.apache]
May 13, 2017 5:01:19 AM net.sf.freecol.server.networking.Server sendToAll
INFO: Reap dead connection: [DummyConnection Server connection - model.nation.dutch]
May 13, 2017 5:01:19 AM net.sf.freecol.server.networking.Server sendToAll
INFO: Reap dead connection: [DummyConnection Server connection - model.nation.spanish]
May 13, 2017 5:01:19 AM net.sf.freecol.server.networking.Server sendToAll
INFO: Reap dead connection: [DummyConnection Server connection - model.nation.arawak]
May 13, 2017 5:01:19 AM net.sf.freecol.server.networking.Server sendToAll
INFO: Reap dead connection: [DummyConnection Server connection - model.nation.aztec]
May 13, 2017 5:01:19 AM net.sf.freecol.server.networking.Server sendToAll
INFO: Reap dead connection: [DummyConnection Server connection - model.nation.tupi]
May 13, 2017 5:01:19 AM net.sf.freecol.server.networking.Server sendToAll
INFO: Reap dead connection: [DummyConnection Server connection - model.nation.cherokee]
May 13, 2017 5:01:19 AM net.sf.freecol.server.networking.Server sendToAll
INFO: Reap dead connection: [DummyConnection Server connection - model.nation.iroquois]
May 13, 2017 5:01:19 AM net.sf.freecol.server.networking.Server sendToAll
INFO: Reap dead connection: [DummyConnection Server connection - model.nation.french]
May 13, 2017 5:01:19 AM net.sf.freecol.server.networking.Server sendToAll
INFO: Reap dead connection: [DummyConnection Server connection - model.nation.english]
May 13, 2017 5:01:19 AM net.sf.freecol.common.model.Specification applyDifficultyLevel
INFO: Applying difficulty level model.difficulty.medium
May 13, 2017 5:01:19 AM net.sf.freecol.common.FreeColSeed getFreeColSeed
INFO: Using seed: 4006564990916118310
May 13, 2017 5:01:19 AM net.sf.freecol.server.networking.Server sendToAll
INFO: Reap dead connection: [DummyConnection Server connection - model.nation.dutch]
May 13, 2017 5:01:19 AM net.sf.freecol.server.networking.Server sendToAll
INFO: Reap dead connection: [DummyConnection Server connection - model.nation.arawak]
May 13, 2017 5:01:19 AM net.sf.freecol.server.networking.Server sendToAll
INFO: Reap dead connection: [DummyConnection Server connection - model.nation.tupi]
May 13, 2017 5:01:19 AM net.sf.freecol.server.networking.Server sendToAll
INFO: Reap dead connection: [DummyConnection Server connection - model.nation.cherokee]
May 13, 2017 5:01:19 AM net.sf.freecol.server.networking.Server sendToAll
INFO: Reap dead connection: [DummyConnection Server connection - model.nation.sioux]
May 13, 2017 5:01:19 AM net.sf.freecol.server.networking.Server sendToAll
INFO: Reap dead connection: [DummyConnection Server connection - model.nation.apache]
May 13, 2017 5:01:19 AM net.sf.freecol.server.networking.Server sendToAll
INFO: Reap dead connection: [DummyConnection Server connection - model.nation.spanish]
May 13, 2017 5:01:19 AM net.sf.freecol.server.networking.Server sendToAll
INFO: Reap dead connection: [DummyConnection Server connection - model.nation.inca]
May 13, 2017 5:01:19 AM net.sf.freecol.server.networking.Server sendToAll
INFO: Reap dead connection: [DummyConnection Server connection - model.nation.iroquois]
May 13, 2017 5:01:19 AM net.sf.freecol.server.networking.Server sendToAll
INFO: Reap dead connection: [DummyConnection Server connection - model.nation.french]
May 13, 2017 5:01:19 AM net.sf.freecol.server.networking.Server sendToAll
INFO: Reap dead connection: [DummyConnection Server connection - model.nation.english]
May 13, 2017 5:01:19 AM net.sf.freecol.server.networking.Server sendToAll
INFO: Reap dead connection: [DummyConnection Server connection - model.nation.aztec]
May 13, 2017 5:01:19 AM net.sf.freecol.common.networking.DOMMessage clientError
WARNING: Naval unit unit:250 can not embark.
May 13, 2017 5:01:19 AM net.sf.freecol.common.networking.DOMMessage clientError
WARNING: Carrier: unit:248 can not carry unit:252: CAPACITY_EXCEEDED
May 13, 2017 5:01:19 AM net.sf.freecol.common.model.Specification applyDifficultyLevel
INFO: Applying difficulty level model.difficulty.medium
May 13, 2017 5:01:19 AM net.sf.freecol.common.FreeColSeed getFreeColSeed
INFO: Using seed: -2346336885556400441
May 13, 2017 5:01:19 AM net.sf.freecol.server.networking.Server sendToAll
INFO: Reap dead connection: [DummyConnection Server connection - model.nation.inca]
May 13, 2017 5:01:19 AM net.sf.freecol.server.networking.Server sendToAll
INFO: Reap dead connection: [DummyConnection Server connection - model.nation.iroquois]
May 13, 2017 5:01:19 AM net.sf.freecol.server.networking.Server sendToAll
INFO: Reap dead connection: [DummyConnection Server connection - model.nation.french]
May 13, 2017 5:01:19 AM net.sf.freecol.server.networking.Server sendToAll
INFO: Reap dead connection: [DummyConnection Server connection - model.nation.english]
May 13, 2017 5:01:19 AM net.sf.freecol.server.networking.Server sendToAll
INFO: Reap dead connection: [DummyConnection Server connection - model.nation.sioux]
May 13, 2017 5:01:19 AM net.sf.freecol.server.networking.Server sendToAll
INFO: Reap dead connection: [DummyConnection Server connection - model.nation.arawak]
May 13, 2017 5:01:19 AM net.sf.freecol.server.networking.Server sendToAll
INFO: Reap dead connection: [DummyConnection Server connection - model.nation.apache]
May 13, 2017 5:01:19 AM net.sf.freecol.server.networking.Server sendToAll
INFO: Reap dead connection: [DummyConnection Server connection - model.nation.tupi]
May 13, 2017 5:01:19 AM net.sf.freecol.server.networking.Server sendToAll
INFO: Reap dead connection: [DummyConnection Server connection - model.nation.dutch]
May 13, 2017 5:01:19 AM net.sf.freecol.server.networking.Server sendToAll
INFO: Reap dead connection: [DummyConnection Server connection - model.nation.aztec]
May 13, 2017 5:01:19 AM net.sf.freecol.server.networking.Server sendToAll
INFO: Reap dead connection: [DummyConnection Server connection - model.nation.spanish]
May 13, 2017 5:01:19 AM net.sf.freecol.server.networking.Server sendToAll
INFO: Reap dead connection: [DummyConnection Server connection - model.nation.cherokee]
May 13, 2017 5:01:19 AM net.sf.freecol.server.model.ServerPlayer csChangeStance
INFO: Stance modification William I UNCONTACTED -> WAR wrt Louis XIV
May 13, 2017 5:01:19 AM net.sf.freecol.server.model.ServerPlayer csChangeStance
INFO: Stance modification Louis XIV UNCONTACTED -> WAR wrt William I (symmetric)
May 13, 2017 5:01:19 AM net.sf.freecol.common.util.LogBuilder log
INFO: Combat attacker=unit:247-veteranSoldier-soldier [Modifier model.modifier.offence (model.source.baseOffence) ADDITIVE 0.0 index=10] [Modifier model.modifier.offence (model.role.soldier) ADDITIVE 2.0 index=30] [Modifier model.modifier.offence (model.unit.veteranSoldier) PERCENTAGE 50.0 index=40] [Modifier model.modifier.attackBonus (model.source.attackBonus) PERCENTAGE 50.0 index=50] = 4.5 defender=unit:248-freeColonist-soldier [Modifier model.modifier.defence (model.source.baseDefence) ADDITIVE 1.0 index=10] [Modifier model.modifier.defence (model.role.soldier) ADDITIVE 1.0 index=30] = 2.0 odds=0.6923076923076923 random(1.0)=0.7123076915740967 great=false Attack LOSE LOSE_EQUIP
May 13, 2017 5:01:19 AM net.sf.freecol.common.util.LogBuilder log
INFO: Combat attacker=unit:247-veteranSoldier [Modifier model.modifier.offence (model.source.baseOffence) ADDITIVE 0.0 index=10] [Modifier model.modifier.offence (model.unit.veteranSoldier) PERCENTAGE 50.0 index=40] [Modifier model.modifier.attackBonus (model.source.attackBonus) PERCENTAGE 50.0 index=50] = 0.0 defender=unit:248-freeColonist-soldier [Modifier model.modifier.defence (model.source.baseDefence) ADDITIVE 1.0 index=10] [Modifier model.modifier.defence (model.role.soldier) ADDITIVE 1.0 index=30] = 2.0 odds=0.0 random(1.0)=0.019999999552965164 great=false Attack LOSE CAPTURE_UNIT
May 13, 2017 5:01:19 AM net.sf.freecol.common.model.Specification applyDifficultyLevel
INFO: Applying difficulty level model.difficulty.medium
May 13, 2017 5:01:19 AM net.sf.freecol.common.FreeColSeed getFreeColSeed
INFO: Using seed: -2419251830102033791
May 13, 2017 5:01:19 AM net.sf.freecol.server.networking.Server sendToAll
INFO: Reap dead connection: [DummyConnection Server connection - model.nation.apache]
May 13, 2017 5:01:19 AM net.sf.freecol.server.networking.Server sendToAll
INFO: Reap dead connection: [DummyConnection Server connection - model.nation.cherokee]
May 13, 2017 5:01:19 AM net.sf.freecol.server.networking.Server sendToAll
INFO: Reap dead connection: [DummyConnection Server connection - model.nation.dutch]
May 13, 2017 5:01:19 AM net.sf.freecol.server.networking.Server sendToAll
INFO: Reap dead connection: [DummyConnection Server connection - model.nation.sioux]
May 13, 2017 5:01:19 AM net.sf.freecol.server.networking.Server sendToAll
INFO: Reap dead connection: [DummyConnection Server connection - model.nation.inca]
May 13, 2017 5:01:19 AM net.sf.freecol.server.networking.Server sendToAll
INFO: Reap dead connection: [DummyConnection Server connection - model.nation.arawak]
May 13, 2017 5:01:19 AM net.sf.freecol.server.networking.Server sendToAll
INFO: Reap dead connection: [DummyConnection Server connection - model.nation.french]
May 13, 2017 5:01:19 AM net.sf.freecol.server.networking.Server sendToAll
INFO: Reap dead connection: [DummyConnection Server connection - model.nation.iroquois]
May 13, 2017 5:01:19 AM net.sf.freecol.server.networking.Server sendToAll
INFO: Reap dead connection: [DummyConnection Server connection - model.nation.aztec]
May 13, 2017 5:01:19 AM net.sf.freecol.server.networking.Server sendToAll
INFO: Reap dead connection: [DummyConnection Server connection - model.nation.english]
May 13, 2017 5:01:19 AM net.sf.freecol.server.networking.Server sendToAll
INFO: Reap dead connection: [DummyConnection Server connection - model.nation.tupi]
May 13, 2017 5:01:19 AM net.sf.freecol.server.networking.Server sendToAll
INFO: Reap dead connection: [DummyConnection Server connection - model.nation.spanish]
May 13, 2017 5:01:19 AM net.sf.freecol.server.model.ServerPlayer csChangeStance
INFO: Stance modification William I UNCONTACTED -> WAR wrt Atahualpa
May 13, 2017 5:01:19 AM net.sf.freecol.server.model.ServerPlayer csChangeStance
INFO: Stance modification Atahualpa UNCONTACTED -> WAR wrt William I (symmetric)
May 13, 2017 5:01:19 AM net.sf.freecol.common.util.LogBuilder log
INFO: Combat attacker=unit:271-brave-nativeDragoon [Modifier model.modifier.offence (model.source.baseOffence) ADDITIVE 1.0 index=10] [Modifier model.modifier.offence (model.role.nativeDragoon) ADDITIVE 3.0 index=30] [Modifier model.modifier.attackBonus (model.source.attackBonus) PERCENTAGE 50.0 index=50] = 6.0 defender=unit:270-freeColonist [Modifier model.modifier.defence (model.source.baseDefence) ADDITIVE 1.0 index=10] [Modifier model.modifier.defence (model.role.soldier) ADDITIVE 1.0 index=30] [Modifier model.modifier.defence (model.settlement.colony) PERCENTAGE 50.0 index=50] = 3.0 odds=0.6666666666666666 random(1.0)=0.6466666460037231 great=false Attack WIN AUTOEQUIP_UNIT LOSE_AUTOEQUIP
May 13, 2017 5:01:19 AM net.sf.freecol.common.model.Specification applyDifficultyLevel
INFO: Applying difficulty level model.difficulty.medium
May 13, 2017 5:01:19 AM net.sf.freecol.common.FreeColSeed getFreeColSeed
INFO: Using seed: 4086693733681917100
May 13, 2017 5:01:19 AM net.sf.freecol.server.networking.Server sendToAll
INFO: Reap dead connection: [DummyConnection Server connection - model.nation.english]
May 13, 2017 5:01:19 AM net.sf.freecol.server.networking.Server sendToAll
INFO: Reap dead connection: [DummyConnection Server connection - model.nation.sioux]
May 13, 2017 5:01:19 AM net.sf.freecol.server.networking.Server sendToAll
INFO: Reap dead connection: [DummyConnection Server connection - model.nation.tupi]
May 13, 2017 5:01:19 AM net.sf.freecol.server.networking.Server sendToAll
INFO: Reap dead connection: [DummyConnection Server connection - model.nation.inca]
May 13, 2017 5:01:19 AM net.sf.freecol.server.networking.Server sendToAll
INFO: Reap dead connection: [DummyConnection Server connection - model.nation.cherokee]
May 13, 2017 5:01:19 AM net.sf.freecol.server.networking.Server sendToAll
INFO: Reap dead connection: [DummyConnection Server connection - model.nation.aztec]
May 13, 2017 5:01:19 AM net.sf.freecol.server.networking.Server sendToAll
INFO: Reap dead connection: [DummyConnection Server connection - model.nation.spanish]
May 13, 2017 5:01:19 AM net.sf.freecol.server.networking.Server sendToAll
INFO: Reap dead connection: [DummyConnection Server connection - model.nation.french]
May 13, 2017 5:01:19 AM net.sf.freecol.server.networking.Server sendToAll
INFO: Reap dead connection: [DummyConnection Server connection - model.nation.arawak]
May 13, 2017 5:01:19 AM net.sf.freecol.server.networking.Server sendToAll
INFO: Reap dead connection: [DummyConnection Server connection - model.nation.iroquois]
May 13, 2017 5:01:19 AM net.sf.freecol.server.networking.Server sendToAll
INFO: Reap dead connection: [DummyConnection Server connection - model.nation.dutch]
May 13, 2017 5:01:19 AM net.sf.freecol.server.networking.Server sendToAll
INFO: Reap dead connection: [DummyConnection Server connection - model.nation.apache]
May 13, 2017 5:01:19 AM net.sf.freecol.common.model.Specification applyDifficultyLevel
INFO: Applying difficulty level model.difficulty.medium
May 13, 2017 5:01:19 AM net.sf.freecol.common.FreeColSeed getFreeColSeed
INFO: Using seed: -3762582087864901810
May 13, 2017 5:01:19 AM net.sf.freecol.server.networking.Server sendToAll
INFO: Reap dead connection: [DummyConnection Server connection - model.nation.spanish]
May 13, 2017 5:01:19 AM net.sf.freecol.server.networking.Server sendToAll
INFO: Reap dead connection: [DummyConnection Server connection - model.nation.tupi]
May 13, 2017 5:01:19 AM net.sf.freecol.server.networking.Server sendToAll
INFO: Reap dead connection: [DummyConnection Server connection - model.nation.inca]
May 13, 2017 5:01:19 AM net.sf.freecol.server.networking.Server sendToAll
INFO: Reap dead connection: [DummyConnection Server connection - model.nation.english]
May 13, 2017 5:01:19 AM net.sf.freecol.server.networking.Server sendToAll
INFO: Reap dead connection: [DummyConnection Server connection - model.nation.aztec]
May 13, 2017 5:01:19 AM net.sf.freecol.server.networking.Server sendToAll
INFO: Reap dead connection: [DummyConnection Server connection - model.nation.cherokee]
May 13, 2017 5:01:19 AM net.sf.freecol.server.networking.Server sendToAll
INFO: Reap dead connection: [DummyConnection Server connection - model.nation.arawak]
May 13, 2017 5:01:19 AM net.sf.freecol.server.networking.Server sendToAll
INFO: Reap dead connection: [DummyConnection Server connection - model.nation.sioux]
May 13, 2017 5:01:19 AM net.sf.freecol.server.networking.Server sendToAll
INFO: Reap dead connection: [DummyConnection Server connection - model.nation.apache]
May 13, 2017 5:01:19 AM net.sf.freecol.server.networking.Server sendToAll
INFO: Reap dead connection: [DummyConnection Server connection - model.nation.iroquois]
May 13, 2017 5:01:19 AM net.sf.freecol.server.networking.Server sendToAll
INFO: Reap dead connection: [DummyConnection Server connection - model.nation.dutch]
May 13, 2017 5:01:19 AM net.sf.freecol.server.networking.Server sendToAll
INFO: Reap dead connection: [DummyConnection Server connection - model.nation.french]
May 13, 2017 5:01:19 AM net.sf.freecol.server.model.ServerPlayer csChangeStance
INFO: Stance modification William I UNCONTACTED -> WAR wrt Louis XIV
May 13, 2017 5:01:19 AM net.sf.freecol.server.model.ServerPlayer csChangeStance
INFO: Stance modification Louis XIV UNCONTACTED -> WAR wrt William I (symmetric)
May 13, 2017 5:01:19 AM net.sf.freecol.common.util.LogBuilder log
INFO: Combat attacker=unit:247-freeColonist [Modifier model.modifier.offence (model.source.baseOffence) ADDITIVE 0.0 index=10] [Modifier model.modifier.attackBonus (model.source.attackBonus) PERCENTAGE 50.0 index=50] = 0.0 defender=unit:248-freeColonist-soldier [Modifier model.modifier.defence (model.source.baseDefence) ADDITIVE 1.0 index=10] [Modifier model.modifier.defence (model.role.soldier) ADDITIVE 1.0 index=30] = 2.0 odds=0.0 random(1.0)=0.019999999552965164 great=false Attack LOSE CAPTURE_UNIT
May 13, 2017 5:01:19 AM net.sf.freecol.common.model.Specification applyDifficultyLevel
INFO: Applying difficulty level model.difficulty.medium
May 13, 2017 5:01:19 AM net.sf.freecol.common.FreeColSeed getFreeColSeed
INFO: Using seed: 5248979184894752904
May 13, 2017 5:01:19 AM net.sf.freecol.server.networking.Server sendToAll
INFO: Reap dead connection: [DummyConnection Server connection - model.nation.tupi]
May 13, 2017 5:01:19 AM net.sf.freecol.server.networking.Server sendToAll
INFO: Reap dead connection: [DummyConnection Server connection - model.nation.cherokee]
May 13, 2017 5:01:19 AM net.sf.freecol.server.networking.Server sendToAll
INFO: Reap dead connection: [DummyConnection Server connection - model.nation.english]
May 13, 2017 5:01:19 AM net.sf.freecol.server.networking.Server sendToAll
INFO: Reap dead connection: [DummyConnection Server connection - model.nation.apache]
May 13, 2017 5:01:19 AM net.sf.freecol.server.networking.Server sendToAll
INFO: Reap dead connection: [DummyConnection Server connection - model.nation.sioux]
May 13, 2017 5:01:19 AM net.sf.freecol.server.networking.Server sendToAll
INFO: Reap dead connection: [DummyConnection Server connection - model.nation.aztec]
May 13, 2017 5:01:19 AM net.sf.freecol.server.networking.Server sendToAll
INFO: Reap dead connection: [DummyConnection Server connection - model.nation.french]
May 13, 2017 5:01:19 AM net.sf.freecol.server.networking.Server sendToAll
INFO: Reap dead connection: [DummyConnection Server connection - model.nation.arawak]
May 13, 2017 5:01:19 AM net.sf.freecol.server.networking.Server sendToAll
INFO: Reap dead connection: [DummyConnection Server connection - model.nation.iroquois]
May 13, 2017 5:01:19 AM net.sf.freecol.server.networking.Server sendToAll
INFO: Reap dead connection: [DummyConnection Server connection - model.nation.dutch]
May 13, 2017 5:01:19 AM net.sf.freecol.server.networking.Server sendToAll
INFO: Reap dead connection: [DummyConnection Server connection - model.nation.inca]
May 13, 2017 5:01:19 AM net.sf.freecol.server.networking.Server sendToAll
INFO: Reap dead connection: [DummyConnection Server connection - model.nation.spanish]
May 13, 2017 5:01:19 AM net.sf.freecol.server.model.ServerPlayer csChangeStance
INFO: Stance modification William I UNCONTACTED -> WAR wrt Louis XIV
May 13, 2017 5:01:19 AM net.sf.freecol.server.model.ServerPlayer csChangeStance
INFO: Stance modification Louis XIV UNCONTACTED -> WAR wrt William I (symmetric)
May 13, 2017 5:01:19 AM net.sf.freecol.common.util.LogBuilder log
INFO: Combat attacker=unit:247-freeColonist-scout [Modifier model.modifier.offence (model.source.baseOffence) ADDITIVE 0.0 index=10] [Modifier model.modifier.offence (model.role.scout) ADDITIVE 1.0 index=30] [Modifier model.modifier.attackBonus (model.source.attackBonus) PERCENTAGE 50.0 index=50] = 1.5 defender=unit:248-freeColonist-soldier [Modifier model.modifier.defence (model.source.baseDefence) ADDITIVE 1.0 index=10] [Modifier model.modifier.defence (model.role.soldier) ADDITIVE 1.0 index=30] = 2.0 odds=0.42857142857142855 random(1.0)=0.44857141375541687 great=false Attack LOSE SLAUGHTER_UNIT
May 13, 2017 5:01:19 AM net.sf.freecol.common.util.LogBuilder log
INFO: Destroying: unit:247
May 13, 2017 5:01:19 AM net.sf.freecol.common.model.Specification applyDifficultyLevel
INFO: Applying difficulty level model.difficulty.medium
May 13, 2017 5:01:19 AM net.sf.freecol.common.FreeColSeed getFreeColSeed
INFO: Using seed: -2690783106422885538
May 13, 2017 5:01:20 AM net.sf.freecol.server.networking.Server sendToAll
INFO: Reap dead connection: [DummyConnection Server connection - model.nation.arawak]
May 13, 2017 5:01:20 AM net.sf.freecol.server.networking.Server sendToAll
INFO: Reap dead connection: [DummyConnection Server connection - model.nation.cherokee]
May 13, 2017 5:01:20 AM net.sf.freecol.server.networking.Server sendToAll
INFO: Reap dead connection: [DummyConnection Server connection - model.nation.english]
May 13, 2017 5:01:20 AM net.sf.freecol.server.networking.Server sendToAll
INFO: Reap dead connection: [DummyConnection Server connection - model.nation.tupi]
May 13, 2017 5:01:20 AM net.sf.freecol.server.networking.Server sendToAll
INFO: Reap dead connection: [DummyConnection Server connection - model.nation.inca]
May 13, 2017 5:01:20 AM net.sf.freecol.server.networking.Server sendToAll
INFO: Reap dead connection: [DummyConnection Server connection - model.nation.dutch]
May 13, 2017 5:01:20 AM net.sf.freecol.server.networking.Server sendToAll
INFO: Reap dead connection: [DummyConnection Server connection - model.nation.french]
May 13, 2017 5:01:20 AM net.sf.freecol.server.networking.Server sendToAll
INFO: Reap dead connection: [DummyConnection Server connection - model.nation.apache]
May 13, 2017 5:01:20 AM net.sf.freecol.server.networking.Server sendToAll
INFO: Reap dead connection: [DummyConnection Server connection - model.nation.aztec]
May 13, 2017 5:01:20 AM net.sf.freecol.server.networking.Server sendToAll
INFO: Reap dead connection: [DummyConnection Server connection - model.nation.iroquois]
May 13, 2017 5:01:20 AM net.sf.freecol.server.networking.Server sendToAll
INFO: Reap dead connection: [DummyConnection Server connection - model.nation.spanish]
May 13, 2017 5:01:20 AM net.sf.freecol.server.networking.Server sendToAll
INFO: Reap dead connection: [DummyConnection Server connection - model.nation.sioux]
May 13, 2017 5:01:20 AM net.sf.freecol.common.model.Specification applyDifficultyLevel
INFO: Applying difficulty level model.difficulty.medium
May 13, 2017 5:01:20 AM net.sf.freecol.common.FreeColSeed getFreeColSeed
INFO: Using seed: 6677044291822730646
May 13, 2017 5:01:20 AM net.sf.freecol.server.networking.Server sendToAll
INFO: Reap dead connection: [DummyConnection Server connection - model.nation.aztec]
May 13, 2017 5:01:20 AM net.sf.freecol.server.networking.Server sendToAll
INFO: Reap dead connection: [DummyConnection Server connection - model.nation.arawak]
May 13, 2017 5:01:20 AM net.sf.freecol.server.networking.Server sendToAll
INFO: Reap dead connection: [DummyConnection Server connection - model.nation.tupi]
May 13, 2017 5:01:20 AM net.sf.freecol.server.networking.Server sendToAll
INFO: Reap dead connection: [DummyConnection Server connection - model.nation.spanish]
May 13, 2017 5:01:20 AM net.sf.freecol.server.networking.Server sendToAll
INFO: Reap dead connection: [DummyConnection Server connection - model.nation.sioux]
May 13, 2017 5:01:20 AM net.sf.freecol.server.networking.Server sendToAll
INFO: Reap dead connection: [DummyConnection Server connection - model.nation.english]
May 13, 2017 5:01:20 AM net.sf.freecol.server.networking.Server sendToAll
INFO: Reap dead connection: [DummyConnection Server connection - model.nation.inca]
May 13, 2017 5:01:20 AM net.sf.freecol.server.networking.Server sendToAll
INFO: Reap dead connection: [DummyConnection Server connection - model.nation.cherokee]
May 13, 2017 5:01:20 AM net.sf.freecol.server.networking.Server sendToAll
INFO: Reap dead connection: [DummyConnection Server connection - model.nation.dutch]
May 13, 2017 5:01:20 AM net.sf.freecol.server.networking.Server sendToAll
INFO: Reap dead connection: [DummyConnection Server connection - model.nation.iroquois]
May 13, 2017 5:01:20 AM net.sf.freecol.server.networking.Server sendToAll
INFO: Reap dead connection: [DummyConnection Server connection - model.nation.french]
May 13, 2017 5:01:20 AM net.sf.freecol.server.networking.Server sendToAll
INFO: Reap dead connection: [DummyConnection Server connection - model.nation.apache]
May 13, 2017 5:01:20 AM net.sf.freecol.server.model.ServerPlayer csChangeStance
INFO: Stance modification William I UNCONTACTED -> WAR wrt Atahualpa
May 13, 2017 5:01:20 AM net.sf.freecol.server.model.ServerPlayer csChangeStance
INFO: Stance modification Atahualpa UNCONTACTED -> WAR wrt William I (symmetric)
May 13, 2017 5:01:20 AM net.sf.freecol.common.util.LogBuilder log
INFO: Combat attacker=unit:272-brave-nativeDragoon [Modifier model.modifier.offence (model.source.baseOffence) ADDITIVE 1.0 index=10] [Modifier model.modifier.offence (model.role.nativeDragoon) ADDITIVE 3.0 index=30] [Modifier model.modifier.attackBonus (model.source.attackBonus) PERCENTAGE 50.0 index=50] = 6.0 defender=unit:271-veteranSoldier-dragoon [Modifier model.modifier.defence (model.source.baseDefence) ADDITIVE 1.0 index=10] [Modifier model.modifier.defence (model.role.dragoon) ADDITIVE 2.0 index=30] [Modifier model.modifier.defence (model.unit.veteranSoldier) PERCENTAGE 50.0 index=40] [Modifier model.modifier.defence (model.settlement.colony) PERCENTAGE 50.0 index=50] = 6.75 odds=0.47058823529411764 random(1.0)=0.4505882263183594 great=false Attack WIN LOSE_EQUIP
May 13, 2017 5:01:20 AM net.sf.freecol.common.util.LogBuilder log
INFO: Combat attacker=unit:272-brave-nativeDragoon [Modifier model.modifier.offence (model.source.baseOffence) ADDITIVE 1.0 index=10] [Modifier model.modifier.offence (model.role.nativeDragoon) ADDITIVE 3.0 index=30] [Modifier model.modifier.attackBonus (model.source.attackBonus) PERCENTAGE 50.0 index=50] = 6.0 defender=unit:271-veteranSoldier-soldier [Modifier model.modifier.defence (model.source.baseDefence) ADDITIVE 1.0 index=10] [Modifier model.modifier.defence (model.role.soldier) ADDITIVE 1.0 index=30] [Modifier model.modifier.defence (model.unit.veteranSoldier) PERCENTAGE 50.0 index=40] [Modifier model.modifier.defence (model.settlement.colony) PERCENTAGE 50.0 index=50] = 4.5 odds=0.5714285714285714 random(1.0)=0.5514285564422607 great=false Attack WIN LOSE_EQUIP
May 13, 2017 5:01:20 AM net.sf.freecol.common.util.LogBuilder log
INFO: Combat attacker=unit:272-brave-nativeDragoon [Modifier model.modifier.offence (model.source.baseOffence) ADDITIVE 1.0 index=10] [Modifier model.modifier.offence (model.role.nativeDragoon) ADDITIVE 3.0 index=30] [Modifier model.modifier.attackBonus (model.source.attackBonus) PERCENTAGE 50.0 index=50] = 6.0 defender=unit:271-veteranSoldier [Modifier model.modifier.defence (model.source.baseDefence) ADDITIVE 1.0 index=10] [Modifier model.modifier.defence (model.unit.veteranSoldier) PERCENTAGE 50.0 index=40] [Modifier model.modifier.defence (model.settlement.colony) PERCENTAGE 50.0 index=50] = 2.25 odds=0.7272727272727273 random(1.0)=0.7072727084159851 great=false Attack WIN SLAUGHTER_UNIT
May 13, 2017 5:01:20 AM net.sf.freecol.common.util.LogBuilder log
INFO: Destroying: unit:271
May 13, 2017 5:01:20 AM net.sf.freecol.common.util.LogBuilder log
INFO: Combat attacker=unit:272-brave-nativeDragoon [Modifier model.modifier.offence (model.source.baseOffence) ADDITIVE 1.0 index=10] [Modifier model.modifier.offence (model.role.nativeDragoon) ADDITIVE 3.0 index=30] [Modifier model.modifier.attackBonus (model.source.attackBonus) PERCENTAGE 50.0 index=50] = 6.0 defender=unit:270-freeColonist [Modifier model.modifier.defence (model.source.baseDefence) ADDITIVE 1.0 index=10] [Modifier model.modifier.defence (model.settlement.colony) PERCENTAGE 50.0 index=50] = 1.5 odds=0.8 random(1.0)=0.7799999713897705 great=false Attack WIN PILLAGE_COLONY
May 13, 2017 5:01:20 AM net.sf.freecol.common.util.LogBuilder log
INFO: Destroying: building:274
May 13, 2017 5:01:20 AM net.sf.freecol.common.util.LogBuilder log
INFO: Combat attacker=unit:272-brave-nativeDragoon [Modifier model.modifier.offence (model.source.baseOffence) ADDITIVE 1.0 index=10] [Modifier model.modifier.offence (model.role.nativeDragoon) ADDITIVE 3.0 index=30] [Modifier model.modifier.attackBonus (model.source.attackBonus) PERCENTAGE 50.0 index=50] = 6.0 defender=unit:270-freeColonist [Modifier model.modifier.defence (model.source.baseDefence) ADDITIVE 1.0 index=10] [Modifier model.modifier.defence (model.settlement.colony) PERCENTAGE 50.0 index=50] = 1.5 odds=0.8 random(1.0)=0.7799999713897705 great=false Attack WIN PILLAGE_COLONY
May 13, 2017 5:01:20 AM net.sf.freecol.common.util.LogBuilder log
INFO: Combat attacker=unit:272-brave-nativeDragoon [Modifier model.modifier.offence (model.source.baseOffence) ADDITIVE 1.0 index=10] [Modifier model.modifier.offence (model.role.nativeDragoon) ADDITIVE 3.0 index=30] [Modifier model.modifier.attackBonus (model.source.attackBonus) PERCENTAGE 50.0 index=50] = 6.0 defender=unit:270-freeColonist [Modifier model.modifier.defence (model.source.baseDefence) ADDITIVE 1.0 index=10] [Modifier model.modifier.defence (model.settlement.colony) PERCENTAGE 50.0 index=50] = 1.5 odds=0.8 random(1.0)=0.7799999713897705 great=false Attack WIN PILLAGE_COLONY
May 13, 2017 5:01:20 AM net.sf.freecol.common.util.LogBuilder log
INFO: Combat attacker=unit:272-brave-nativeDragoon [Modifier model.modifier.offence (model.source.baseOffence) ADDITIVE 1.0 index=10] [Modifier model.modifier.offence (model.role.nativeDragoon) ADDITIVE 3.0 index=30] [Modifier model.modifier.attackBonus (model.source.attackBonus) PERCENTAGE 50.0 index=50] = 6.0 defender=unit:270-freeColonist [Modifier model.modifier.defence (model.source.baseDefence) ADDITIVE 1.0 index=10] [Modifier model.modifier.defence (model.settlement.colony) PERCENTAGE 50.0 index=50] = 1.5 odds=0.8 random(1.0)=0.7799999713897705 great=false Attack WIN PILLAGE_COLONY
May 13, 2017 5:01:20 AM net.sf.freecol.common.util.LogBuilder log
INFO: Combat attacker=unit:272-brave-nativeDragoon [Modifier model.modifier.offence (model.source.baseOffence) ADDITIVE 1.0 index=10] [Modifier model.modifier.offence (model.role.nativeDragoon) ADDITIVE 3.0 index=30] [Modifier model.modifier.attackBonus (model.source.attackBonus) PERCENTAGE 50.0 index=50] = 6.0 defender=unit:270-freeColonist [Modifier model.modifier.defence (model.source.baseDefence) ADDITIVE 1.0 index=10] [Modifier model.modifier.defence (model.settlement.colony) PERCENTAGE 50.0 index=50] = 1.5 odds=0.8 random(1.0)=0.7799999713897705 great=false Attack WIN SLAUGHTER_UNIT DESTROY_COLONY
May 13, 2017 5:01:20 AM net.sf.freecol.common.util.LogBuilder log
INFO: Destroying: unit:270
May 13, 2017 5:01:20 AM net.sf.freecol.common.util.LogBuilder log
INFO: Destroying: colonyTile:249 colonyTile:250 colonyTile:251 colonyTile:252 colonyTile:253 colonyTile:254 colonyTile:255 colonyTile:256 colonyTile:257 building:258 building:260 building:259 building:262 building:266 building:267 building:261 building:263 building:264 building:265 goodsContainer:248 colony:247
May 13, 2017 5:01:20 AM net.sf.freecol.common.model.Specification applyDifficultyLevel
INFO: Applying difficulty level model.difficulty.medium
May 13, 2017 5:01:20 AM net.sf.freecol.common.FreeColSeed getFreeColSeed
INFO: Using seed: -5304256447210691361
May 13, 2017 5:01:20 AM net.sf.freecol.server.networking.Server sendToAll
INFO: Reap dead connection: [DummyConnection Server connection - model.nation.cherokee]
May 13, 2017 5:01:20 AM net.sf.freecol.server.networking.Server sendToAll
INFO: Reap dead connection: [DummyConnection Server connection - model.nation.dutch]
May 13, 2017 5:01:20 AM net.sf.freecol.server.networking.Server sendToAll
INFO: Reap dead connection: [DummyConnection Server connection - model.nation.spanish]
May 13, 2017 5:01:20 AM net.sf.freecol.server.networking.Server sendToAll
INFO: Reap dead connection: [DummyConnection Server connection - model.nation.french]
May 13, 2017 5:01:20 AM net.sf.freecol.server.networking.Server sendToAll
INFO: Reap dead connection: [DummyConnection Server connection - model.nation.english]
May 13, 2017 5:01:20 AM net.sf.freecol.server.networking.Server sendToAll
INFO: Reap dead connection: [DummyConnection Server connection - model.nation.iroquois]
May 13, 2017 5:01:20 AM net.sf.freecol.server.networking.Server sendToAll
INFO: Reap dead connection: [DummyConnection Server connection - model.nation.tupi]
May 13, 2017 5:01:20 AM net.sf.freecol.server.networking.Server sendToAll
INFO: Reap dead connection: [DummyConnection Server connection - model.nation.sioux]
May 13, 2017 5:01:20 AM net.sf.freecol.server.networking.Server sendToAll
INFO: Reap dead connection: [DummyConnection Server connection - model.nation.arawak]
May 13, 2017 5:01:20 AM net.sf.freecol.server.networking.Server sendToAll
INFO: Reap dead connection: [DummyConnection Server connection - model.nation.apache]
May 13, 2017 5:01:20 AM net.sf.freecol.server.networking.Server sendToAll
INFO: Reap dead connection: [DummyConnection Server connection - model.nation.inca]
May 13, 2017 5:01:20 AM net.sf.freecol.server.networking.Server sendToAll
INFO: Reap dead connection: [DummyConnection Server connection - model.nation.aztec]
May 13, 2017 5:01:20 AM net.sf.freecol.common.model.Specification applyDifficultyLevel
INFO: Applying difficulty level model.difficulty.medium
May 13, 2017 5:01:20 AM net.sf.freecol.common.FreeColSeed getFreeColSeed
INFO: Using seed: -5402349789059867286
May 13, 2017 5:01:20 AM net.sf.freecol.server.networking.Server sendToAll
INFO: Reap dead connection: [DummyConnection Server connection - model.nation.apache]
May 13, 2017 5:01:20 AM net.sf.freecol.server.networking.Server sendToAll
INFO: Reap dead connection: [DummyConnection Server connection - model.nation.english]
May 13, 2017 5:01:20 AM net.sf.freecol.server.networking.Server sendToAll
INFO: Reap dead connection: [DummyConnection Server connection - model.nation.tupi]
May 13, 2017 5:01:20 AM net.sf.freecol.server.networking.Server sendToAll
INFO: Reap dead connection: [DummyConnection Server connection - model.nation.iroquois]
May 13, 2017 5:01:20 AM net.sf.freecol.server.networking.Server sendToAll
INFO: Reap dead connection: [DummyConnection Server connection - model.nation.french]
May 13, 2017 5:01:20 AM net.sf.freecol.server.networking.Server sendToAll
INFO: Reap dead connection: [DummyConnection Server connection - model.nation.spanish]
May 13, 2017 5:01:20 AM net.sf.freecol.server.networking.Server sendToAll
INFO: Reap dead connection: [DummyConnection Server connection - model.nation.inca]
May 13, 2017 5:01:20 AM net.sf.freecol.server.networking.Server sendToAll
INFO: Reap dead connection: [DummyConnection Server connection - model.nation.sioux]
May 13, 2017 5:01:20 AM net.sf.freecol.server.networking.Server sendToAll
INFO: Reap dead connection: [DummyConnection Server connection - model.nation.aztec]
May 13, 2017 5:01:20 AM net.sf.freecol.server.networking.Server sendToAll
INFO: Reap dead connection: [DummyConnection Server connection - model.nation.arawak]
May 13, 2017 5:01:20 AM net.sf.freecol.server.networking.Server sendToAll
INFO: Reap dead connection: [DummyConnection Server connection - model.nation.cherokee]
May 13, 2017 5:01:20 AM net.sf.freecol.server.networking.Server sendToAll
INFO: Reap dead connection: [DummyConnection Server connection - model.nation.dutch]
May 13, 2017 5:01:20 AM net.sf.freecol.common.model.Specification applyDifficultyLevel
INFO: Applying difficulty level model.difficulty.medium
May 13, 2017 5:01:20 AM net.sf.freecol.common.FreeColSeed getFreeColSeed
INFO: Using seed: -228260017411319323
May 13, 2017 5:01:20 AM net.sf.freecol.server.networking.Server sendToAll
INFO: Reap dead connection: [DummyConnection Server connection - model.nation.dutch]
May 13, 2017 5:01:20 AM net.sf.freecol.server.networking.Server sendToAll
INFO: Reap dead connection: [DummyConnection Server connection - model.nation.arawak]
May 13, 2017 5:01:20 AM net.sf.freecol.server.networking.Server sendToAll
INFO: Reap dead connection: [DummyConnection Server connection - model.nation.spanish]
May 13, 2017 5:01:20 AM net.sf.freecol.server.networking.Server sendToAll
INFO: Reap dead connection: [DummyConnection Server connection - model.nation.cherokee]
May 13, 2017 5:01:20 AM net.sf.freecol.server.networking.Server sendToAll
INFO: Reap dead connection: [DummyConnection Server connection - model.nation.french]
May 13, 2017 5:01:20 AM net.sf.freecol.server.networking.Server sendToAll
INFO: Reap dead connection: [DummyConnection Server connection - model.nation.english]
May 13, 2017 5:01:20 AM net.sf.freecol.server.networking.Server sendToAll
INFO: Reap dead connection: [DummyConnection Server connection - model.nation.inca]
May 13, 2017 5:01:20 AM net.sf.freecol.server.networking.Server sendToAll
INFO: Reap dead connection: [DummyConnection Server connection - model.nation.iroquois]
May 13, 2017 5:01:20 AM net.sf.freecol.server.networking.Server sendToAll
INFO: Reap dead connection: [DummyConnection Server connection - model.nation.sioux]
May 13, 2017 5:01:20 AM net.sf.freecol.server.networking.Server sendToAll
INFO: Reap dead connection: [DummyConnection Server connection - model.nation.apache]
May 13, 2017 5:01:20 AM net.sf.freecol.server.networking.Server sendToAll
INFO: Reap dead connection: [DummyConnection Server connection - model.nation.tupi]
May 13, 2017 5:01:20 AM net.sf.freecol.server.networking.Server sendToAll
INFO: Reap dead connection: [DummyConnection Server connection - model.nation.aztec]
May 13, 2017 5:01:20 AM net.sf.freecol.common.model.Specification applyDifficultyLevel
INFO: Applying difficulty level model.difficulty.medium
May 13, 2017 5:01:20 AM net.sf.freecol.common.FreeColSeed getFreeColSeed
INFO: Using seed: -6465970612546903875
May 13, 2017 5:01:20 AM net.sf.freecol.server.networking.Server sendToAll
INFO: Reap dead connection: [DummyConnection Server connection - model.nation.inca]
May 13, 2017 5:01:20 AM net.sf.freecol.server.networking.Server sendToAll
INFO: Reap dead connection: [DummyConnection Server connection - model.nation.tupi]
May 13, 2017 5:01:20 AM net.sf.freecol.server.networking.Server sendToAll
INFO: Reap dead connection: [DummyConnection Server connection - model.nation.aztec]
May 13, 2017 5:01:20 AM net.sf.freecol.server.networking.Server sendToAll
INFO: Reap dead connection: [DummyConnection Server connection - model.nation.arawak]
May 13, 2017 5:01:20 AM net.sf.freecol.server.networking.Server sendToAll
INFO: Reap dead connection: [DummyConnection Server connection - model.nation.french]
May 13, 2017 5:01:20 AM net.sf.freecol.server.networking.Server sendToAll
INFO: Reap dead connection: [DummyConnection Server connection - model.nation.iroquois]
May 13, 2017 5:01:20 AM net.sf.freecol.server.networking.Server sendToAll
INFO: Reap dead connection: [DummyConnection Server connection - model.nation.cherokee]
May 13, 2017 5:01:20 AM net.sf.freecol.server.networking.Server sendToAll
INFO: Reap dead connection: [DummyConnection Server connection - model.nation.sioux]
May 13, 2017 5:01:20 AM net.sf.freecol.server.networking.Server sendToAll
INFO: Reap dead connection: [DummyConnection Server connection - model.nation.dutch]
May 13, 2017 5:01:20 AM net.sf.freecol.server.networking.Server sendToAll
INFO: Reap dead connection: [DummyConnection Server connection - model.nation.english]
May 13, 2017 5:01:20 AM net.sf.freecol.server.networking.Server sendToAll
INFO: Reap dead connection: [DummyConnection Server connection - model.nation.apache]
May 13, 2017 5:01:20 AM net.sf.freecol.server.networking.Server sendToAll
INFO: Reap dead connection: [DummyConnection Server connection - model.nation.spanish]
May 13, 2017 5:01:20 AM net.sf.freecol.common.model.Specification applyDifficultyLevel
INFO: Applying difficulty level model.difficulty.medium
May 13, 2017 5:01:20 AM net.sf.freecol.common.FreeColSeed getFreeColSeed
INFO: Using seed: -7750431893003317993
May 13, 2017 5:01:20 AM net.sf.freecol.server.networking.Server sendToAll
INFO: Reap dead connection: [DummyConnection Server connection - model.nation.aztec]
May 13, 2017 5:01:20 AM net.sf.freecol.server.networking.Server sendToAll
INFO: Reap dead connection: [DummyConnection Server connection - model.nation.apache]
May 13, 2017 5:01:20 AM net.sf.freecol.server.networking.Server sendToAll
INFO: Reap dead connection: [DummyConnection Server connection - model.nation.iroquois]
May 13, 2017 5:01:20 AM net.sf.freecol.server.networking.Server sendToAll
INFO: Reap dead connection: [DummyConnection Server connection - model.nation.sioux]
May 13, 2017 5:01:20 AM net.sf.freecol.server.networking.Server sendToAll
INFO: Reap dead connection: [DummyConnection Server connection - model.nation.english]
May 13, 2017 5:01:20 AM net.sf.freecol.server.networking.Server sendToAll
INFO: Reap dead connection: [DummyConnection Server connection - model.nation.cherokee]
May 13, 2017 5:01:20 AM net.sf.freecol.server.networking.Server sendToAll
INFO: Reap dead connection: [DummyConnection Server connection - model.nation.inca]
May 13, 2017 5:01:20 AM net.sf.freecol.server.networking.Server sendToAll
INFO: Reap dead connection: [DummyConnection Server connection - model.nation.tupi]
May 13, 2017 5:01:20 AM net.sf.freecol.server.networking.Server sendToAll
INFO: Reap dead connection: [DummyConnection Server connection - model.nation.arawak]
May 13, 2017 5:01:20 AM net.sf.freecol.server.networking.Server sendToAll
INFO: Reap dead connection: [DummyConnection Server connection - model.nation.dutch]
May 13, 2017 5:01:20 AM net.sf.freecol.server.networking.Server sendToAll
INFO: Reap dead connection: [DummyConnection Server connection - model.nation.spanish]
May 13, 2017 5:01:20 AM net.sf.freecol.server.networking.Server sendToAll
INFO: Reap dead connection: [DummyConnection Server connection - model.nation.french]
May 13, 2017 5:01:20 AM net.sf.freecol.common.model.Specification applyDifficultyLevel
INFO: Applying difficulty level model.difficulty.medium
May 13, 2017 5:01:20 AM net.sf.freecol.common.FreeColSeed getFreeColSeed
INFO: Using seed: -7100237519562017757
May 13, 2017 5:01:20 AM net.sf.freecol.server.networking.Server sendToAll
INFO: Reap dead connection: [DummyConnection Server connection - model.nation.inca]
May 13, 2017 5:01:20 AM net.sf.freecol.server.networking.Server sendToAll
INFO: Reap dead connection: [DummyConnection Server connection - model.nation.spanish]
May 13, 2017 5:01:20 AM net.sf.freecol.server.networking.Server sendToAll
INFO: Reap dead connection: [DummyConnection Server connection - model.nation.iroquois]
May 13, 2017 5:01:20 AM net.sf.freecol.server.networking.Server sendToAll
INFO: Reap dead connection: [DummyConnection Server connection - model.nation.arawak]
May 13, 2017 5:01:20 AM net.sf.freecol.server.networking.Server sendToAll
INFO: Reap dead connection: [DummyConnection Server connection - model.nation.english]
May 13, 2017 5:01:20 AM net.sf.freecol.server.networking.Server sendToAll
INFO: Reap dead connection: [DummyConnection Server connection - model.nation.cherokee]
May 13, 2017 5:01:20 AM net.sf.freecol.server.networking.Server sendToAll
INFO: Reap dead connection: [DummyConnection Server connection - model.nation.sioux]
May 13, 2017 5:01:20 AM net.sf.freecol.server.networking.Server sendToAll
INFO: Reap dead connection: [DummyConnection Server connection - model.nation.french]
May 13, 2017 5:01:20 AM net.sf.freecol.server.networking.Server sendToAll
INFO: Reap dead connection: [DummyConnection Server connection - model.nation.tupi]
May 13, 2017 5:01:20 AM net.sf.freecol.server.networking.Server sendToAll
INFO: Reap dead connection: [DummyConnection Server connection - model.nation.apache]
May 13, 2017 5:01:20 AM net.sf.freecol.server.networking.Server sendToAll
INFO: Reap dead connection: [DummyConnection Server connection - model.nation.dutch]
May 13, 2017 5:01:20 AM net.sf.freecol.server.networking.Server sendToAll
INFO: Reap dead connection: [DummyConnection Server connection - model.nation.aztec]
May 13, 2017 5:01:20 AM net.sf.freecol.common.model.Specification applyDifficultyLevel
INFO: Applying difficulty level model.difficulty.medium
May 13, 2017 5:01:20 AM net.sf.freecol.common.FreeColSeed getFreeColSeed
INFO: Using seed: 9152623290383167546
May 13, 2017 5:01:20 AM net.sf.freecol.server.networking.Server sendToAll
INFO: Reap dead connection: [DummyConnection Server connection - model.nation.tupi]
May 13, 2017 5:01:20 AM net.sf.freecol.server.networking.Server sendToAll
INFO: Reap dead connection: [DummyConnection Server connection - model.nation.dutch]
May 13, 2017 5:01:20 AM net.sf.freecol.server.networking.Server sendToAll
INFO: Reap dead connection: [DummyConnection Server connection - model.nation.sioux]
May 13, 2017 5:01:20 AM net.sf.freecol.server.networking.Server sendToAll
INFO: Reap dead connection: [DummyConnection Server connection - model.nation.aztec]
May 13, 2017 5:01:20 AM net.sf.freecol.server.networking.Server sendToAll
INFO: Reap dead connection: [DummyConnection Server connection - model.nation.french]
May 13, 2017 5:01:20 AM net.sf.freecol.server.networking.Server sendToAll
INFO: Reap dead connection: [DummyConnection Server connection - model.nation.english]
May 13, 2017 5:01:20 AM net.sf.freecol.server.networking.Server sendToAll
INFO: Reap dead connection: [DummyConnection Server connection - model.nation.apache]
May 13, 2017 5:01:20 AM net.sf.freecol.server.networking.Server sendToAll
INFO: Reap dead connection: [DummyConnection Server connection - model.nation.arawak]
May 13, 2017 5:01:20 AM net.sf.freecol.server.networking.Server sendToAll
INFO: Reap dead connection: [DummyConnection Server connection - model.nation.spanish]
May 13, 2017 5:01:20 AM net.sf.freecol.server.networking.Server sendToAll
INFO: Reap dead connection: [DummyConnection Server connection - model.nation.inca]
May 13, 2017 5:01:20 AM net.sf.freecol.server.networking.Server sendToAll
INFO: Reap dead connection: [DummyConnection Server connection - model.nation.cherokee]
May 13, 2017 5:01:20 AM net.sf.freecol.server.networking.Server sendToAll
INFO: Reap dead connection: [DummyConnection Server connection - model.nation.iroquois]
May 13, 2017 5:01:20 AM net.sf.freecol.common.model.Unit setLocation
WARNING: Can not add [unit:272 dutch pettyCriminal 0/1] to building:258
May 13, 2017 5:01:20 AM net.sf.freecol.common.model.Specification applyDifficultyLevel
INFO: Applying difficulty level model.difficulty.medium
May 13, 2017 5:01:20 AM net.sf.freecol.common.FreeColSeed getFreeColSeed
INFO: Using seed: -7690158400253125888
May 13, 2017 5:01:20 AM net.sf.freecol.server.networking.Server sendToAll
INFO: Reap dead connection: [DummyConnection Server connection - model.nation.spanish]
May 13, 2017 5:01:20 AM net.sf.freecol.server.networking.Server sendToAll
INFO: Reap dead connection: [DummyConnection Server connection - model.nation.apache]
May 13, 2017 5:01:20 AM net.sf.freecol.server.networking.Server sendToAll
INFO: Reap dead connection: [DummyConnection Server connection - model.nation.cherokee]
May 13, 2017 5:01:20 AM net.sf.freecol.server.networking.Server sendToAll
INFO: Reap dead connection: [DummyConnection Server connection - model.nation.arawak]
May 13, 2017 5:01:20 AM net.sf.freecol.server.networking.Server sendToAll
INFO: Reap dead connection: [DummyConnection Server connection - model.nation.iroquois]
May 13, 2017 5:01:20 AM net.sf.freecol.server.networking.Server sendToAll
INFO: Reap dead connection: [DummyConnection Server connection - model.nation.english]
May 13, 2017 5:01:20 AM net.sf.freecol.server.networking.Server sendToAll
INFO: Reap dead connection: [DummyConnection Server connection - model.nation.inca]
May 13, 2017 5:01:20 AM net.sf.freecol.server.networking.Server sendToAll
INFO: Reap dead connection: [DummyConnection Server connection - model.nation.sioux]
May 13, 2017 5:01:20 AM net.sf.freecol.server.networking.Server sendToAll
INFO: Reap dead connection: [DummyConnection Server connection - model.nation.french]
May 13, 2017 5:01:20 AM net.sf.freecol.server.networking.Server sendToAll
INFO: Reap dead connection: [DummyConnection Server connection - model.nation.aztec]
May 13, 2017 5:01:20 AM net.sf.freecol.server.networking.Server sendToAll
INFO: Reap dead connection: [DummyConnection Server connection - model.nation.tupi]
May 13, 2017 5:01:20 AM net.sf.freecol.server.networking.Server sendToAll
INFO: Reap dead connection: [DummyConnection Server connection - model.nation.dutch]
May 13, 2017 5:01:20 AM net.sf.freecol.common.model.Specification applyDifficultyLevel
INFO: Applying difficulty level model.difficulty.medium
May 13, 2017 5:01:20 AM net.sf.freecol.common.FreeColSeed getFreeColSeed
INFO: Using seed: -1660330093657996933
May 13, 2017 5:01:20 AM net.sf.freecol.server.networking.Server sendToAll
INFO: Reap dead connection: [DummyConnection Server connection - model.nation.spanish]
May 13, 2017 5:01:20 AM net.sf.freecol.server.networking.Server sendToAll
INFO: Reap dead connection: [DummyConnection Server connection - model.nation.iroquois]
May 13, 2017 5:01:20 AM net.sf.freecol.server.networking.Server sendToAll
INFO: Reap dead connection: [DummyConnection Server connection - model.nation.english]
May 13, 2017 5:01:20 AM net.sf.freecol.server.networking.Server sendToAll
INFO: Reap dead connection: [DummyConnection Server connection - model.nation.cherokee]
May 13, 2017 5:01:20 AM net.sf.freecol.server.networking.Server sendToAll
INFO: Reap dead connection: [DummyConnection Server connection - model.nation.apache]
May 13, 2017 5:01:20 AM net.sf.freecol.server.networking.Server sendToAll
INFO: Reap dead connection: [DummyConnection Server connection - model.nation.aztec]
May 13, 2017 5:01:20 AM net.sf.freecol.server.networking.Server sendToAll
INFO: Reap dead connection: [DummyConnection Server connection - model.nation.dutch]
May 13, 2017 5:01:20 AM net.sf.freecol.server.networking.Server sendToAll
INFO: Reap dead connection: [DummyConnection Server connection - model.nation.arawak]
May 13, 2017 5:01:20 AM net.sf.freecol.server.networking.Server sendToAll
INFO: Reap dead connection: [DummyConnection Server connection - model.nation.inca]
May 13, 2017 5:01:20 AM net.sf.freecol.server.networking.Server sendToAll
INFO: Reap dead connection: [DummyConnection Server connection - model.nation.french]
May 13, 2017 5:01:20 AM net.sf.freecol.server.networking.Server sendToAll
INFO: Reap dead connection: [DummyConnection Server connection - model.nation.sioux]
May 13, 2017 5:01:20 AM net.sf.freecol.server.networking.Server sendToAll
INFO: Reap dead connection: [DummyConnection Server connection - model.nation.tupi]
May 13, 2017 5:01:20 AM net.sf.freecol.common.model.Specification applyDifficultyLevel
INFO: Applying difficulty level model.difficulty.medium
May 13, 2017 5:01:20 AM net.sf.freecol.common.FreeColSeed getFreeColSeed
INFO: Using seed: -5309898485575220201
May 13, 2017 5:01:20 AM net.sf.freecol.server.networking.Server sendToAll
INFO: Reap dead connection: [DummyConnection Server connection - model.nation.arawak]
May 13, 2017 5:01:20 AM net.sf.freecol.server.networking.Server sendToAll
INFO: Reap dead connection: [DummyConnection Server connection - model.nation.french]
May 13, 2017 5:01:20 AM net.sf.freecol.server.networking.Server sendToAll
INFO: Reap dead connection: [DummyConnection Server connection - model.nation.iroquois]
May 13, 2017 5:01:20 AM net.sf.freecol.server.networking.Server sendToAll
INFO: Reap dead connection: [DummyConnection Server connection - model.nation.dutch]
May 13, 2017 5:01:20 AM net.sf.freecol.server.networking.Server sendToAll
INFO: Reap dead connection: [DummyConnection Server connection - model.nation.aztec]
May 13, 2017 5:01:20 AM net.sf.freecol.server.networking.Server sendToAll
INFO: Reap dead connection: [DummyConnection Server connection - model.nation.sioux]
May 13, 2017 5:01:20 AM net.sf.freecol.server.networking.Server sendToAll
INFO: Reap dead connection: [DummyConnection Server connection - model.nation.inca]
May 13, 2017 5:01:20 AM net.sf.freecol.server.networking.Server sendToAll
INFO: Reap dead connection: [DummyConnection Server connection - model.nation.english]
May 13, 2017 5:01:20 AM net.sf.freecol.server.networking.Server sendToAll
INFO: Reap dead connection: [DummyConnection Server connection - model.nation.apache]
May 13, 2017 5:01:20 AM net.sf.freecol.server.networking.Server sendToAll
INFO: Reap dead connection: [DummyConnection Server connection - model.nation.cherokee]
May 13, 2017 5:01:20 AM net.sf.freecol.server.networking.Server sendToAll
INFO: Reap dead connection: [DummyConnection Server connection - model.nation.spanish]
May 13, 2017 5:01:20 AM net.sf.freecol.server.networking.Server sendToAll
INFO: Reap dead connection: [DummyConnection Server connection - model.nation.tupi]
May 13, 2017 5:01:20 AM net.sf.freecol.common.model.Specification applyDifficultyLevel
INFO: Applying difficulty level model.difficulty.medium
May 13, 2017 5:01:20 AM net.sf.freecol.common.FreeColSeed getFreeColSeed
INFO: Using seed: -3901085261175838279
May 13, 2017 5:01:20 AM net.sf.freecol.server.networking.Server sendToAll
INFO: Reap dead connection: [DummyConnection Server connection - model.nation.tupi]
May 13, 2017 5:01:20 AM net.sf.freecol.server.networking.Server sendToAll
INFO: Reap dead connection: [DummyConnection Server connection - model.nation.spanish]
May 13, 2017 5:01:20 AM net.sf.freecol.server.networking.Server sendToAll
INFO: Reap dead connection: [DummyConnection Server connection - model.nation.english]
May 13, 2017 5:01:20 AM net.sf.freecol.server.networking.Server sendToAll
INFO: Reap dead connection: [DummyConnection Server connection - model.nation.french]
May 13, 2017 5:01:20 AM net.sf.freecol.server.networking.Server sendToAll
INFO: Reap dead connection: [DummyConnection Server connection - model.nation.cherokee]
May 13, 2017 5:01:20 AM net.sf.freecol.server.networking.Server sendToAll
INFO: Reap dead connection: [DummyConnection Server connection - model.nation.arawak]
May 13, 2017 5:01:20 AM net.sf.freecol.server.networking.Server sendToAll
INFO: Reap dead connection: [DummyConnection Server connection - model.nation.aztec]
May 13, 2017 5:01:20 AM net.sf.freecol.server.networking.Server sendToAll
INFO: Reap dead connection: [DummyConnection Server connection - model.nation.dutch]
May 13, 2017 5:01:20 AM net.sf.freecol.server.networking.Server sendToAll
INFO: Reap dead connection: [DummyConnection Server connection - model.nation.apache]
May 13, 2017 5:01:20 AM net.sf.freecol.server.networking.Server sendToAll
INFO: Reap dead connection: [DummyConnection Server connection - model.nation.sioux]
May 13, 2017 5:01:20 AM net.sf.freecol.server.networking.Server sendToAll
INFO: Reap dead connection: [DummyConnection Server connection - model.nation.iroquois]
May 13, 2017 5:01:20 AM net.sf.freecol.server.networking.Server sendToAll
INFO: Reap dead connection: [DummyConnection Server connection - model.nation.inca]
May 13, 2017 5:01:20 AM net.sf.freecol.common.model.Specification applyDifficultyLevel
INFO: Applying difficulty level model.difficulty.medium
May 13, 2017 5:01:20 AM net.sf.freecol.common.FreeColSeed getFreeColSeed
INFO: Using seed: -7895878644592576547
May 13, 2017 5:01:20 AM net.sf.freecol.server.networking.Server sendToAll
INFO: Reap dead connection: [DummyConnection Server connection - model.nation.iroquois]
May 13, 2017 5:01:20 AM net.sf.freecol.server.networking.Server sendToAll
INFO: Reap dead connection: [DummyConnection Server connection - model.nation.french]
May 13, 2017 5:01:20 AM net.sf.freecol.server.networking.Server sendToAll
INFO: Reap dead connection: [DummyConnection Server connection - model.nation.dutch]
May 13, 2017 5:01:20 AM net.sf.freecol.server.networking.Server sendToAll
INFO: Reap dead connection: [DummyConnection Server connection - model.nation.english]
May 13, 2017 5:01:20 AM net.sf.freecol.server.networking.Server sendToAll
INFO: Reap dead connection: [DummyConnection Server connection - model.nation.tupi]
May 13, 2017 5:01:20 AM net.sf.freecol.server.networking.Server sendToAll
INFO: Reap dead connection: [DummyConnection Server connection - model.nation.sioux]
May 13, 2017 5:01:20 AM net.sf.freecol.server.networking.Server sendToAll
INFO: Reap dead connection: [DummyConnection Server connection - model.nation.spanish]
May 13, 2017 5:01:20 AM net.sf.freecol.server.networking.Server sendToAll
INFO: Reap dead connection: [DummyConnection Server connection - model.nation.arawak]
May 13, 2017 5:01:20 AM net.sf.freecol.server.networking.Server sendToAll
INFO: Reap dead connection: [DummyConnection Server connection - model.nation.apache]
May 13, 2017 5:01:20 AM net.sf.freecol.server.networking.Server sendToAll
INFO: Reap dead connection: [DummyConnection Server connection - model.nation.cherokee]
May 13, 2017 5:01:20 AM net.sf.freecol.server.networking.Server sendToAll
INFO: Reap dead connection: [DummyConnection Server connection - model.nation.inca]
May 13, 2017 5:01:20 AM net.sf.freecol.server.networking.Server sendToAll
INFO: Reap dead connection: [DummyConnection Server connection - model.nation.aztec]
May 13, 2017 5:01:20 AM net.sf.freecol.common.model.Specification applyDifficultyLevel
INFO: Applying difficulty level model.difficulty.medium
May 13, 2017 5:01:20 AM net.sf.freecol.common.FreeColSeed getFreeColSeed
INFO: Using seed: -5267172788387999787
May 13, 2017 5:01:20 AM net.sf.freecol.server.networking.Server sendToAll
INFO: Reap dead connection: [DummyConnection Server connection - model.nation.tupi]
May 13, 2017 5:01:20 AM net.sf.freecol.server.networking.Server sendToAll
INFO: Reap dead connection: [DummyConnection Server connection - model.nation.dutch]
May 13, 2017 5:01:20 AM net.sf.freecol.server.networking.Server sendToAll
INFO: Reap dead connection: [DummyConnection Server connection - model.nation.iroquois]
May 13, 2017 5:01:20 AM net.sf.freecol.server.networking.Server sendToAll
INFO: Reap dead connection: [DummyConnection Server connection - model.nation.french]
May 13, 2017 5:01:20 AM net.sf.freecol.server.networking.Server sendToAll
INFO: Reap dead connection: [DummyConnection Server connection - model.nation.arawak]
May 13, 2017 5:01:20 AM net.sf.freecol.server.networking.Server sendToAll
INFO: Reap dead connection: [DummyConnection Server connection - model.nation.sioux]
May 13, 2017 5:01:20 AM net.sf.freecol.server.networking.Server sendToAll
INFO: Reap dead connection: [DummyConnection Server connection - model.nation.apache]
May 13, 2017 5:01:20 AM net.sf.freecol.server.networking.Server sendToAll
INFO: Reap dead connection: [DummyConnection Server connection - model.nation.spanish]
May 13, 2017 5:01:20 AM net.sf.freecol.server.networking.Server sendToAll
INFO: Reap dead connection: [DummyConnection Server connection - model.nation.inca]
May 13, 2017 5:01:20 AM net.sf.freecol.server.networking.Server sendToAll
INFO: Reap dead connection: [DummyConnection Server connection - model.nation.aztec]
May 13, 2017 5:01:20 AM net.sf.freecol.server.networking.Server sendToAll
INFO: Reap dead connection: [DummyConnection Server connection - model.nation.cherokee]
May 13, 2017 5:01:20 AM net.sf.freecol.server.networking.Server sendToAll
INFO: Reap dead connection: [DummyConnection Server connection - model.nation.english]
May 13, 2017 5:01:20 AM net.sf.freecol.common.model.Specification applyDifficultyLevel
INFO: Applying difficulty level model.difficulty.medium
May 13, 2017 5:01:20 AM net.sf.freecol.common.FreeColSeed getFreeColSeed
INFO: Using seed: 3573963346278946083
May 13, 2017 5:01:20 AM net.sf.freecol.server.networking.Server sendToAll
INFO: Reap dead connection: [DummyConnection Server connection - model.nation.english]
May 13, 2017 5:01:20 AM net.sf.freecol.server.networking.Server sendToAll
INFO: Reap dead connection: [DummyConnection Server connection - model.nation.apache]
May 13, 2017 5:01:20 AM net.sf.freecol.server.networking.Server sendToAll
INFO: Reap dead connection: [DummyConnection Server connection - model.nation.tupi]
May 13, 2017 5:01:20 AM net.sf.freecol.server.networking.Server sendToAll
INFO: Reap dead connection: [DummyConnection Server connection - model.nation.cherokee]
May 13, 2017 5:01:20 AM net.sf.freecol.server.networking.Server sendToAll
INFO: Reap dead connection: [DummyConnection Server connection - model.nation.inca]
May 13, 2017 5:01:20 AM net.sf.freecol.server.networking.Server sendToAll
INFO: Reap dead connection: [DummyConnection Server connection - model.nation.iroquois]
May 13, 2017 5:01:20 AM net.sf.freecol.server.networking.Server sendToAll
INFO: Reap dead connection: [DummyConnection Server connection - model.nation.sioux]
May 13, 2017 5:01:20 AM net.sf.freecol.server.networking.Server sendToAll
INFO: Reap dead connection: [DummyConnection Server connection - model.nation.french]
May 13, 2017 5:01:20 AM net.sf.freecol.server.networking.Server sendToAll
INFO: Reap dead connection: [DummyConnection Server connection - model.nation.spanish]
May 13, 2017 5:01:20 AM net.sf.freecol.server.networking.Server sendToAll
INFO: Reap dead connection: [DummyConnection Server connection - model.nation.dutch]
May 13, 2017 5:01:20 AM net.sf.freecol.server.networking.Server sendToAll
INFO: Reap dead connection: [DummyConnection Server connection - model.nation.arawak]
May 13, 2017 5:01:20 AM net.sf.freecol.server.networking.Server sendToAll
INFO: Reap dead connection: [DummyConnection Server connection - model.nation.aztec]
May 13, 2017 5:01:20 AM net.sf.freecol.common.model.Specification applyDifficultyLevel
INFO: Applying difficulty level model.difficulty.medium
May 13, 2017 5:01:20 AM net.sf.freecol.common.FreeColSeed getFreeColSeed
INFO: Using seed: -4430920268026079294
May 13, 2017 5:01:20 AM net.sf.freecol.server.networking.Server sendToAll
INFO: Reap dead connection: [DummyConnection Server connection - model.nation.spanish]
May 13, 2017 5:01:20 AM net.sf.freecol.server.networking.Server sendToAll
INFO: Reap dead connection: [DummyConnection Server connection - model.nation.sioux]
May 13, 2017 5:01:20 AM net.sf.freecol.server.networking.Server sendToAll
INFO: Reap dead connection: [DummyConnection Server connection - model.nation.apache]
May 13, 2017 5:01:20 AM net.sf.freecol.server.networking.Server sendToAll
INFO: Reap dead connection: [DummyConnection Server connection - model.nation.tupi]
May 13, 2017 5:01:20 AM net.sf.freecol.server.networking.Server sendToAll
INFO: Reap dead connection: [DummyConnection Server connection - model.nation.french]
May 13, 2017 5:01:20 AM net.sf.freecol.server.networking.Server sendToAll
INFO: Reap dead connection: [DummyConnection Server connection - model.nation.aztec]
May 13, 2017 5:01:20 AM net.sf.freecol.server.networking.Server sendToAll
INFO: Reap dead connection: [DummyConnection Server connection - model.nation.dutch]
May 13, 2017 5:01:20 AM net.sf.freecol.server.networking.Server sendToAll
INFO: Reap dead connection: [DummyConnection Server connection - model.nation.iroquois]
May 13, 2017 5:01:20 AM net.sf.freecol.server.networking.Server sendToAll
INFO: Reap dead connection: [DummyConnection Server connection - model.nation.english]
May 13, 2017 5:01:20 AM net.sf.freecol.server.networking.Server sendToAll
INFO: Reap dead connection: [DummyConnection Server connection - model.nation.inca]
May 13, 2017 5:01:20 AM net.sf.freecol.server.networking.Server sendToAll
INFO: Reap dead connection: [DummyConnection Server connection - model.nation.cherokee]
May 13, 2017 5:01:20 AM net.sf.freecol.server.networking.Server sendToAll
INFO: Reap dead connection: [DummyConnection Server connection - model.nation.arawak]
May 13, 2017 5:01:20 AM net.sf.freecol.common.model.Specification applyDifficultyLevel
INFO: Applying difficulty level model.difficulty.medium
May 13, 2017 5:01:20 AM net.sf.freecol.common.FreeColSeed getFreeColSeed
INFO: Using seed: 5866951719991732594
May 13, 2017 5:01:20 AM net.sf.freecol.server.networking.Server sendToAll
INFO: Reap dead connection: [DummyConnection Server connection - model.nation.dutch]
May 13, 2017 5:01:20 AM net.sf.freecol.server.networking.Server sendToAll
INFO: Reap dead connection: [DummyConnection Server connection - model.nation.cherokee]
May 13, 2017 5:01:20 AM net.sf.freecol.server.networking.Server sendToAll
INFO: Reap dead connection: [DummyConnection Server connection - model.nation.spanish]
May 13, 2017 5:01:20 AM net.sf.freecol.server.networking.Server sendToAll
INFO: Reap dead connection: [DummyConnection Server connection - model.nation.tupi]
May 13, 2017 5:01:20 AM net.sf.freecol.server.networking.Server sendToAll
INFO: Reap dead connection: [DummyConnection Server connection - model.nation.arawak]
May 13, 2017 5:01:20 AM net.sf.freecol.server.networking.Server sendToAll
INFO: Reap dead connection: [DummyConnection Server connection - model.nation.english]
May 13, 2017 5:01:20 AM net.sf.freecol.server.networking.Server sendToAll
INFO: Reap dead connection: [DummyConnection Server connection - model.nation.apache]
May 13, 2017 5:01:20 AM net.sf.freecol.server.networking.Server sendToAll
INFO: Reap dead connection: [DummyConnection Server connection - model.nation.sioux]
May 13, 2017 5:01:20 AM net.sf.freecol.server.networking.Server sendToAll
INFO: Reap dead connection: [DummyConnection Server connection - model.nation.french]
May 13, 2017 5:01:20 AM net.sf.freecol.server.networking.Server sendToAll
INFO: Reap dead connection: [DummyConnection Server connection - model.nation.iroquois]
May 13, 2017 5:01:20 AM net.sf.freecol.server.networking.Server sendToAll
INFO: Reap dead connection: [DummyConnection Server connection - model.nation.aztec]
May 13, 2017 5:01:20 AM net.sf.freecol.server.networking.Server sendToAll
INFO: Reap dead connection: [DummyConnection Server connection - model.nation.inca]
May 13, 2017 5:01:20 AM net.sf.freecol.common.model.Specification applyDifficultyLevel
INFO: Applying difficulty level model.difficulty.medium
May 13, 2017 5:01:20 AM net.sf.freecol.common.FreeColSeed getFreeColSeed
INFO: Using seed: -1234932886944133637
May 13, 2017 5:01:20 AM net.sf.freecol.server.networking.Server sendToAll
INFO: Reap dead connection: [DummyConnection Server connection - model.nation.inca]
May 13, 2017 5:01:20 AM net.sf.freecol.server.networking.Server sendToAll
INFO: Reap dead connection: [DummyConnection Server connection - model.nation.iroquois]
May 13, 2017 5:01:20 AM net.sf.freecol.server.networking.Server sendToAll
INFO: Reap dead connection: [DummyConnection Server connection - model.nation.spanish]
May 13, 2017 5:01:20 AM net.sf.freecol.server.networking.Server sendToAll
INFO: Reap dead connection: [DummyConnection Server connection - model.nation.sioux]
May 13, 2017 5:01:20 AM net.sf.freecol.server.networking.Server sendToAll
INFO: Reap dead connection: [DummyConnection Server connection - model.nation.cherokee]
May 13, 2017 5:01:20 AM net.sf.freecol.server.networking.Server sendToAll
INFO: Reap dead connection: [DummyConnection Server connection - model.nation.french]
May 13, 2017 5:01:20 AM net.sf.freecol.server.networking.Server sendToAll
INFO: Reap dead connection: [DummyConnection Server connection - model.nation.tupi]
May 13, 2017 5:01:20 AM net.sf.freecol.server.networking.Server sendToAll
INFO: Reap dead connection: [DummyConnection Server connection - model.nation.arawak]
May 13, 2017 5:01:20 AM net.sf.freecol.server.networking.Server sendToAll
INFO: Reap dead connection: [DummyConnection Server connection - model.nation.apache]
May 13, 2017 5:01:20 AM net.sf.freecol.server.networking.Server sendToAll
INFO: Reap dead connection: [DummyConnection Server connection - model.nation.dutch]
May 13, 2017 5:01:20 AM net.sf.freecol.server.networking.Server sendToAll
INFO: Reap dead connection: [DummyConnection Server connection - model.nation.english]
May 13, 2017 5:01:20 AM net.sf.freecol.server.networking.Server sendToAll
INFO: Reap dead connection: [DummyConnection Server connection - model.nation.aztec]
May 13, 2017 5:01:20 AM net.sf.freecol.common.model.Specification applyDifficultyLevel
INFO: Applying difficulty level model.difficulty.medium
May 13, 2017 5:01:20 AM net.sf.freecol.common.FreeColSeed getFreeColSeed
INFO: Using seed: 1576543278270770373
May 13, 2017 5:01:20 AM net.sf.freecol.server.networking.Server sendToAll
INFO: Reap dead connection: [DummyConnection Server connection - model.nation.dutch]
May 13, 2017 5:01:20 AM net.sf.freecol.server.networking.Server sendToAll
INFO: Reap dead connection: [DummyConnection Server connection - model.nation.english]
May 13, 2017 5:01:20 AM net.sf.freecol.server.networking.Server sendToAll
INFO: Reap dead connection: [DummyConnection Server connection - model.nation.spanish]
May 13, 2017 5:01:20 AM net.sf.freecol.server.networking.Server sendToAll
INFO: Reap dead connection: [DummyConnection Server connection - model.nation.cherokee]
May 13, 2017 5:01:20 AM net.sf.freecol.server.networking.Server sendToAll
INFO: Reap dead connection: [DummyConnection Server connection - model.nation.tupi]
May 13, 2017 5:01:20 AM net.sf.freecol.server.networking.Server sendToAll
INFO: Reap dead connection: [DummyConnection Server connection - model.nation.sioux]
May 13, 2017 5:01:20 AM net.sf.freecol.server.networking.Server sendToAll
INFO: Reap dead connection: [DummyConnection Server connection - model.nation.aztec]
May 13, 2017 5:01:20 AM net.sf.freecol.server.networking.Server sendToAll
INFO: Reap dead connection: [DummyConnection Server connection - model.nation.apache]
May 13, 2017 5:01:20 AM net.sf.freecol.server.networking.Server sendToAll
INFO: Reap dead connection: [DummyConnection Server connection - model.nation.inca]
May 13, 2017 5:01:20 AM net.sf.freecol.server.networking.Server sendToAll
INFO: Reap dead connection: [DummyConnection Server connection - model.nation.arawak]
May 13, 2017 5:01:20 AM net.sf.freecol.server.networking.Server sendToAll
INFO: Reap dead connection: [DummyConnection Server connection - model.nation.iroquois]
May 13, 2017 5:01:20 AM net.sf.freecol.server.networking.Server sendToAll
INFO: Reap dead connection: [DummyConnection Server connection - model.nation.french]
May 13, 2017 5:01:20 AM net.sf.freecol.common.model.Specification applyDifficultyLevel
INFO: Applying difficulty level model.difficulty.medium
May 13, 2017 5:01:20 AM net.sf.freecol.common.FreeColSeed getFreeColSeed
INFO: Using seed: -3478996934653311886
May 13, 2017 5:01:20 AM net.sf.freecol.server.networking.Server sendToAll
INFO: Reap dead connection: [DummyConnection Server connection - model.nation.english]
May 13, 2017 5:01:20 AM net.sf.freecol.server.networking.Server sendToAll
INFO: Reap dead connection: [DummyConnection Server connection - model.nation.cherokee]
May 13, 2017 5:01:20 AM net.sf.freecol.server.networking.Server sendToAll
INFO: Reap dead connection: [DummyConnection Server connection - model.nation.dutch]
May 13, 2017 5:01:20 AM net.sf.freecol.server.networking.Server sendToAll
INFO: Reap dead connection: [DummyConnection Server connection - model.nation.arawak]
May 13, 2017 5:01:20 AM net.sf.freecol.server.networking.Server sendToAll
INFO: Reap dead connection: [DummyConnection Server connection - model.nation.sioux]
May 13, 2017 5:01:20 AM net.sf.freecol.server.networking.Server sendToAll
INFO: Reap dead connection: [DummyConnection Server connection - model.nation.inca]
May 13, 2017 5:01:20 AM net.sf.freecol.server.networking.Server sendToAll
INFO: Reap dead connection: [DummyConnection Server connection - model.nation.spanish]
May 13, 2017 5:01:20 AM net.sf.freecol.server.networking.Server sendToAll
INFO: Reap dead connection: [DummyConnection Server connection - model.nation.tupi]
May 13, 2017 5:01:20 AM net.sf.freecol.server.networking.Server sendToAll
INFO: Reap dead connection: [DummyConnection Server connection - model.nation.french]
May 13, 2017 5:01:20 AM net.sf.freecol.server.networking.Server sendToAll
INFO: Reap dead connection: [DummyConnection Server connection - model.nation.aztec]
May 13, 2017 5:01:20 AM net.sf.freecol.server.networking.Server sendToAll
INFO: Reap dead connection: [DummyConnection Server connection - model.nation.iroquois]
May 13, 2017 5:01:20 AM net.sf.freecol.server.networking.Server sendToAll
INFO: Reap dead connection: [DummyConnection Server connection - model.nation.apache]
May 13, 2017 5:01:20 AM net.sf.freecol.common.model.Specification applyDifficultyLevel
INFO: Applying difficulty level model.difficulty.medium
May 13, 2017 5:01:20 AM net.sf.freecol.common.FreeColSeed getFreeColSeed
INFO: Using seed: -75388084351615270
May 13, 2017 5:01:20 AM net.sf.freecol.server.networking.Server sendToAll
INFO: Reap dead connection: [DummyConnection Server connection - model.nation.inca]
May 13, 2017 5:01:20 AM net.sf.freecol.server.networking.Server sendToAll
INFO: Reap dead connection: [DummyConnection Server connection - model.nation.english]
May 13, 2017 5:01:20 AM net.sf.freecol.server.networking.Server sendToAll
INFO: Reap dead connection: [DummyConnection Server connection - model.nation.spanish]
May 13, 2017 5:01:20 AM net.sf.freecol.server.networking.Server sendToAll
INFO: Reap dead connection: [DummyConnection Server connection - model.nation.aztec]
May 13, 2017 5:01:20 AM net.sf.freecol.server.networking.Server sendToAll
INFO: Reap dead connection: [DummyConnection Server connection - model.nation.dutch]
May 13, 2017 5:01:20 AM net.sf.freecol.server.networking.Server sendToAll
INFO: Reap dead connection: [DummyConnection Server connection - model.nation.apache]
May 13, 2017 5:01:20 AM net.sf.freecol.server.networking.Server sendToAll
INFO: Reap dead connection: [DummyConnection Server connection - model.nation.iroquois]
May 13, 2017 5:01:20 AM net.sf.freecol.server.networking.Server sendToAll
INFO: Reap dead connection: [DummyConnection Server connection - model.nation.tupi]
May 13, 2017 5:01:20 AM net.sf.freecol.server.networking.Server sendToAll
INFO: Reap dead connection: [DummyConnection Server connection - model.nation.sioux]
May 13, 2017 5:01:20 AM net.sf.freecol.server.networking.Server sendToAll
INFO: Reap dead connection: [DummyConnection Server connection - model.nation.arawak]
May 13, 2017 5:01:20 AM net.sf.freecol.server.networking.Server sendToAll
INFO: Reap dead connection: [DummyConnection Server connection - model.nation.french]
May 13, 2017 5:01:20 AM net.sf.freecol.server.networking.Server sendToAll
INFO: Reap dead connection: [DummyConnection Server connection - model.nation.cherokee]
May 13, 2017 5:01:20 AM net.sf.freecol.common.model.Specification applyDifficultyLevel
INFO: Applying difficulty level model.difficulty.medium
May 13, 2017 5:01:20 AM net.sf.freecol.common.FreeColSeed getFreeColSeed
INFO: Using seed: -7153866132291062035
May 13, 2017 5:01:20 AM net.sf.freecol.server.networking.Server sendToAll
INFO: Reap dead connection: [DummyConnection Server connection - model.nation.inca]
May 13, 2017 5:01:20 AM net.sf.freecol.server.networking.Server sendToAll
INFO: Reap dead connection: [DummyConnection Server connection - model.nation.dutch]
May 13, 2017 5:01:20 AM net.sf.freecol.server.networking.Server sendToAll
INFO: Reap dead connection: [DummyConnection Server connection - model.nation.sioux]
May 13, 2017 5:01:20 AM net.sf.freecol.server.networking.Server sendToAll
INFO: Reap dead connection: [DummyConnection Server connection - model.nation.aztec]
May 13, 2017 5:01:20 AM net.sf.freecol.server.networking.Server sendToAll
INFO: Reap dead connection: [DummyConnection Server connection - model.nation.spanish]
May 13, 2017 5:01:20 AM net.sf.freecol.server.networking.Server sendToAll
INFO: Reap dead connection: [DummyConnection Server connection - model.nation.tupi]
May 13, 2017 5:01:20 AM net.sf.freecol.server.networking.Server sendToAll
INFO: Reap dead connection: [DummyConnection Server connection - model.nation.apache]
May 13, 2017 5:01:20 AM net.sf.freecol.server.networking.Server sendToAll
INFO: Reap dead connection: [DummyConnection Server connection - model.nation.arawak]
May 13, 2017 5:01:20 AM net.sf.freecol.server.networking.Server sendToAll
INFO: Reap dead connection: [DummyConnection Server connection - model.nation.english]
May 13, 2017 5:01:20 AM net.sf.freecol.server.networking.Server sendToAll
INFO: Reap dead connection: [DummyConnection Server connection - model.nation.cherokee]
May 13, 2017 5:01:20 AM net.sf.freecol.server.networking.Server sendToAll
INFO: Reap dead connection: [DummyConnection Server connection - model.nation.french]
May 13, 2017 5:01:20 AM net.sf.freecol.server.networking.Server sendToAll
INFO: Reap dead connection: [DummyConnection Server connection - model.nation.iroquois]
May 13, 2017 5:01:20 AM net.sf.freecol.common.model.Specification applyDifficultyLevel
INFO: Applying difficulty level model.difficulty.medium
May 13, 2017 5:01:20 AM net.sf.freecol.common.FreeColSeed getFreeColSeed
INFO: Using seed: 3730806916063823911
May 13, 2017 5:01:20 AM net.sf.freecol.server.networking.Server sendToAll
INFO: Reap dead connection: [DummyConnection Server connection - model.nation.apache]
May 13, 2017 5:01:20 AM net.sf.freecol.server.networking.Server sendToAll
INFO: Reap dead connection: [DummyConnection Server connection - model.nation.english]
May 13, 2017 5:01:20 AM net.sf.freecol.server.networking.Server sendToAll
INFO: Reap dead connection: [DummyConnection Server connection - model.nation.tupi]
May 13, 2017 5:01:20 AM net.sf.freecol.server.networking.Server sendToAll
INFO: Reap dead connection: [DummyConnection Server connection - model.nation.inca]
May 13, 2017 5:01:20 AM net.sf.freecol.server.networking.Server sendToAll
INFO: Reap dead connection: [DummyConnection Server connection - model.nation.sioux]
May 13, 2017 5:01:20 AM net.sf.freecol.server.networking.Server sendToAll
INFO: Reap dead connection: [DummyConnection Server connection - model.nation.arawak]
May 13, 2017 5:01:20 AM net.sf.freecol.server.networking.Server sendToAll
INFO: Reap dead connection: [DummyConnection Server connection - model.nation.spanish]
May 13, 2017 5:01:20 AM net.sf.freecol.server.networking.Server sendToAll
INFO: Reap dead connection: [DummyConnection Server connection - model.nation.cherokee]
May 13, 2017 5:01:20 AM net.sf.freecol.server.networking.Server sendToAll
INFO: Reap dead connection: [DummyConnection Server connection - model.nation.iroquois]
May 13, 2017 5:01:20 AM net.sf.freecol.server.networking.Server sendToAll
INFO: Reap dead connection: [DummyConnection Server connection - model.nation.aztec]
May 13, 2017 5:01:20 AM net.sf.freecol.server.networking.Server sendToAll
INFO: Reap dead connection: [DummyConnection Server connection - model.nation.dutch]
May 13, 2017 5:01:20 AM net.sf.freecol.server.networking.Server sendToAll
INFO: Reap dead connection: [DummyConnection Server connection - model.nation.french]
May 13, 2017 5:01:20 AM net.sf.freecol.common.model.Specification applyDifficultyLevel
INFO: Applying difficulty level model.difficulty.medium
May 13, 2017 5:01:20 AM net.sf.freecol.common.FreeColSeed getFreeColSeed
INFO: Using seed: 5492448458485964568
May 13, 2017 5:01:20 AM net.sf.freecol.server.networking.Server sendToAll
INFO: Reap dead connection: [DummyConnection Server connection - model.nation.spanish]
May 13, 2017 5:01:20 AM net.sf.freecol.server.networking.Server sendToAll
INFO: Reap dead connection: [DummyConnection Server connection - model.nation.french]
May 13, 2017 5:01:20 AM net.sf.freecol.server.networking.Server sendToAll
INFO: Reap dead connection: [DummyConnection Server connection - model.nation.sioux]
May 13, 2017 5:01:20 AM net.sf.freecol.server.networking.Server sendToAll
INFO: Reap dead connection: [DummyConnection Server connection - model.nation.arawak]
May 13, 2017 5:01:20 AM net.sf.freecol.server.networking.Server sendToAll
INFO: Reap dead connection: [DummyConnection Server connection - model.nation.inca]
May 13, 2017 5:01:20 AM net.sf.freecol.server.networking.Server sendToAll
INFO: Reap dead connection: [DummyConnection Server connection - model.nation.iroquois]
May 13, 2017 5:01:20 AM net.sf.freecol.server.networking.Server sendToAll
INFO: Reap dead connection: [DummyConnection Server connection - model.nation.english]
May 13, 2017 5:01:20 AM net.sf.freecol.server.networking.Server sendToAll
INFO: Reap dead connection: [DummyConnection Server connection - model.nation.aztec]
May 13, 2017 5:01:20 AM net.sf.freecol.server.networking.Server sendToAll
INFO: Reap dead connection: [DummyConnection Server connection - model.nation.dutch]
May 13, 2017 5:01:20 AM net.sf.freecol.server.networking.Server sendToAll
INFO: Reap dead connection: [DummyConnection Server connection - model.nation.cherokee]
May 13, 2017 5:01:20 AM net.sf.freecol.server.networking.Server sendToAll
INFO: Reap dead connection: [DummyConnection Server connection - model.nation.tupi]
May 13, 2017 5:01:20 AM net.sf.freecol.server.networking.Server sendToAll
INFO: Reap dead connection: [DummyConnection Server connection - model.nation.apache]
May 13, 2017 5:01:20 AM net.sf.freecol.common.model.Specification applyDifficultyLevel
INFO: Applying difficulty level model.difficulty.medium
May 13, 2017 5:01:20 AM net.sf.freecol.common.FreeColSeed getFreeColSeed
INFO: Using seed: -4854283549847044466
May 13, 2017 5:01:20 AM net.sf.freecol.server.networking.Server sendToAll
INFO: Reap dead connection: [DummyConnection Server connection - model.nation.iroquois]
May 13, 2017 5:01:20 AM net.sf.freecol.server.networking.Server sendToAll
INFO: Reap dead connection: [DummyConnection Server connection - model.nation.dutch]
May 13, 2017 5:01:20 AM net.sf.freecol.server.networking.Server sendToAll
INFO: Reap dead connection: [DummyConnection Server connection - model.nation.apache]
May 13, 2017 5:01:20 AM net.sf.freecol.server.networking.Server sendToAll
INFO: Reap dead connection: [DummyConnection Server connection - model.nation.aztec]
May 13, 2017 5:01:20 AM net.sf.freecol.server.networking.Server sendToAll
INFO: Reap dead connection: [DummyConnection Server connection - model.nation.spanish]
May 13, 2017 5:01:20 AM net.sf.freecol.server.networking.Server sendToAll
INFO: Reap dead connection: [DummyConnection Server connection - model.nation.sioux]
May 13, 2017 5:01:20 AM net.sf.freecol.server.networking.Server sendToAll
INFO: Reap dead connection: [DummyConnection Server connection - model.nation.english]
May 13, 2017 5:01:20 AM net.sf.freecol.server.networking.Server sendToAll
INFO: Reap dead connection: [DummyConnection Server connection - model.nation.inca]
May 13, 2017 5:01:20 AM net.sf.freecol.server.networking.Server sendToAll
INFO: Reap dead connection: [DummyConnection Server connection - model.nation.cherokee]
May 13, 2017 5:01:20 AM net.sf.freecol.server.networking.Server sendToAll
INFO: Reap dead connection: [DummyConnection Server connection - model.nation.french]
May 13, 2017 5:01:20 AM net.sf.freecol.server.networking.Server sendToAll
INFO: Reap dead connection: [DummyConnection Server connection - model.nation.tupi]
May 13, 2017 5:01:20 AM net.sf.freecol.server.networking.Server sendToAll
INFO: Reap dead connection: [DummyConnection Server connection - model.nation.arawak]
May 13, 2017 5:01:20 AM net.sf.freecol.common.model.Specification applyDifficultyLevel
INFO: Applying difficulty level model.difficulty.medium
May 13, 2017 5:01:20 AM net.sf.freecol.common.FreeColSeed getFreeColSeed
INFO: Using seed: -1660763172609231083
May 13, 2017 5:01:20 AM net.sf.freecol.server.networking.Server sendToAll
INFO: Reap dead connection: [DummyConnection Server connection - model.nation.aztec]
May 13, 2017 5:01:20 AM net.sf.freecol.server.networking.Server sendToAll
INFO: Reap dead connection: [DummyConnection Server connection - model.nation.spanish]
May 13, 2017 5:01:20 AM net.sf.freecol.server.networking.Server sendToAll
INFO: Reap dead connection: [DummyConnection Server connection - model.nation.iroquois]
May 13, 2017 5:01:20 AM net.sf.freecol.server.networking.Server sendToAll
INFO: Reap dead connection: [DummyConnection Server connection - model.nation.inca]
May 13, 2017 5:01:20 AM net.sf.freecol.server.networking.Server sendToAll
INFO: Reap dead connection: [DummyConnection Server connection - model.nation.arawak]
May 13, 2017 5:01:20 AM net.sf.freecol.server.networking.Server sendToAll
INFO: Reap dead connection: [DummyConnection Server connection - model.nation.sioux]
May 13, 2017 5:01:20 AM net.sf.freecol.server.networking.Server sendToAll
INFO: Reap dead connection: [DummyConnection Server connection - model.nation.french]
May 13, 2017 5:01:20 AM net.sf.freecol.server.networking.Server sendToAll
INFO: Reap dead connection: [DummyConnection Server connection - model.nation.dutch]
May 13, 2017 5:01:20 AM net.sf.freecol.server.networking.Server sendToAll
INFO: Reap dead connection: [DummyConnection Server connection - model.nation.cherokee]
May 13, 2017 5:01:20 AM net.sf.freecol.server.networking.Server sendToAll
INFO: Reap dead connection: [DummyConnection Server connection - model.nation.tupi]
May 13, 2017 5:01:20 AM net.sf.freecol.server.networking.Server sendToAll
INFO: Reap dead connection: [DummyConnection Server connection - model.nation.english]
May 13, 2017 5:01:20 AM net.sf.freecol.server.networking.Server sendToAll
INFO: Reap dead connection: [DummyConnection Server connection - model.nation.apache]
May 13, 2017 5:01:20 AM net.sf.freecol.common.util.LogBuilder log
INFO: Destroying: unit:270
May 13, 2017 5:01:20 AM net.sf.freecol.common.model.Specification applyDifficultyLevel
INFO: Applying difficulty level model.difficulty.medium
May 13, 2017 5:01:20 AM net.sf.freecol.common.FreeColSeed getFreeColSeed
INFO: Using seed: -6319517392849022520
May 13, 2017 5:01:20 AM net.sf.freecol.server.networking.Server sendToAll
INFO: Reap dead connection: [DummyConnection Server connection - model.nation.spanish]
May 13, 2017 5:01:20 AM net.sf.freecol.server.networking.Server sendToAll
INFO: Reap dead connection: [DummyConnection Server connection - model.nation.arawak]
May 13, 2017 5:01:20 AM net.sf.freecol.server.networking.Server sendToAll
INFO: Reap dead connection: [DummyConnection Server connection - model.nation.aztec]
May 13, 2017 5:01:20 AM net.sf.freecol.server.networking.Server sendToAll
INFO: Reap dead connection: [DummyConnection Server connection - model.nation.english]
May 13, 2017 5:01:20 AM net.sf.freecol.server.networking.Server sendToAll
INFO: Reap dead connection: [DummyConnection Server connection - model.nation.apache]
May 13, 2017 5:01:20 AM net.sf.freecol.server.networking.Server sendToAll
INFO: Reap dead connection: [DummyConnection Server connection - model.nation.sioux]
May 13, 2017 5:01:20 AM net.sf.freecol.server.networking.Server sendToAll
INFO: Reap dead connection: [DummyConnection Server connection - model.nation.dutch]
May 13, 2017 5:01:20 AM net.sf.freecol.server.networking.Server sendToAll
INFO: Reap dead connection: [DummyConnection Server connection - model.nation.iroquois]
May 13, 2017 5:01:20 AM net.sf.freecol.server.networking.Server sendToAll
INFO: Reap dead connection: [DummyConnection Server connection - model.nation.cherokee]
May 13, 2017 5:01:20 AM net.sf.freecol.server.networking.Server sendToAll
INFO: Reap dead connection: [DummyConnection Server connection - model.nation.french]
May 13, 2017 5:01:20 AM net.sf.freecol.server.networking.Server sendToAll
INFO: Reap dead connection: [DummyConnection Server connection - model.nation.tupi]
May 13, 2017 5:01:20 AM net.sf.freecol.server.networking.Server sendToAll
INFO: Reap dead connection: [DummyConnection Server connection - model.nation.inca]
May 13, 2017 5:01:20 AM net.sf.freecol.server.model.ServerColony csBuildBuilding
INFO: New building in New Amsterdam: warehouse
May 13, 2017 5:01:20 AM net.sf.freecol.common.model.Specification applyDifficultyLevel
INFO: Applying difficulty level model.difficulty.medium
May 13, 2017 5:01:20 AM net.sf.freecol.common.FreeColSeed getFreeColSeed
INFO: Using seed: -4018868561955158767
May 13, 2017 5:01:20 AM net.sf.freecol.server.networking.Server sendToAll
INFO: Reap dead connection: [DummyConnection Server connection - model.nation.english]
May 13, 2017 5:01:20 AM net.sf.freecol.server.networking.Server sendToAll
INFO: Reap dead connection: [DummyConnection Server connection - model.nation.aztec]
May 13, 2017 5:01:20 AM net.sf.freecol.server.networking.Server sendToAll
INFO: Reap dead connection: [DummyConnection Server connection - model.nation.iroquois]
May 13, 2017 5:01:20 AM net.sf.freecol.server.networking.Server sendToAll
INFO: Reap dead connection: [DummyConnection Server connection - model.nation.cherokee]
May 13, 2017 5:01:20 AM net.sf.freecol.server.networking.Server sendToAll
INFO: Reap dead connection: [DummyConnection Server connection - model.nation.spanish]
May 13, 2017 5:01:20 AM net.sf.freecol.server.networking.Server sendToAll
INFO: Reap dead connection: [DummyConnection Server connection - model.nation.arawak]
May 13, 2017 5:01:20 AM net.sf.freecol.server.networking.Server sendToAll
INFO: Reap dead connection: [DummyConnection Server connection - model.nation.french]
May 13, 2017 5:01:20 AM net.sf.freecol.server.networking.Server sendToAll
INFO: Reap dead connection: [DummyConnection Server connection - model.nation.tupi]
May 13, 2017 5:01:20 AM net.sf.freecol.server.networking.Server sendToAll
INFO: Reap dead connection: [DummyConnection Server connection - model.nation.dutch]
May 13, 2017 5:01:20 AM net.sf.freecol.server.networking.Server sendToAll
INFO: Reap dead connection: [DummyConnection Server connection - model.nation.apache]
May 13, 2017 5:01:20 AM net.sf.freecol.server.networking.Server sendToAll
INFO: Reap dead connection: [DummyConnection Server connection - model.nation.sioux]
May 13, 2017 5:01:20 AM net.sf.freecol.server.networking.Server sendToAll
INFO: Reap dead connection: [DummyConnection Server connection - model.nation.inca]
May 13, 2017 5:01:20 AM net.sf.freecol.server.model.ServerColony csBuildBuilding
INFO: New building in New Amsterdam: lumberMill
May 13, 2017 5:01:20 AM net.sf.freecol.common.model.Specification applyDifficultyLevel
INFO: Applying difficulty level model.difficulty.medium
May 13, 2017 5:01:20 AM net.sf.freecol.common.FreeColSeed getFreeColSeed
INFO: Using seed: 8179966173509238493
May 13, 2017 5:01:20 AM net.sf.freecol.server.networking.Server sendToAll
INFO: Reap dead connection: [DummyConnection Server connection - model.nation.spanish]
May 13, 2017 5:01:20 AM net.sf.freecol.server.networking.Server sendToAll
INFO: Reap dead connection: [DummyConnection Server connection - model.nation.apache]
May 13, 2017 5:01:20 AM net.sf.freecol.server.networking.Server sendToAll
INFO: Reap dead connection: [DummyConnection Server connection - model.nation.english]
May 13, 2017 5:01:20 AM net.sf.freecol.server.networking.Server sendToAll
INFO: Reap dead connection: [DummyConnection Server connection - model.nation.aztec]
May 13, 2017 5:01:20 AM net.sf.freecol.server.networking.Server sendToAll
INFO: Reap dead connection: [DummyConnection Server connection - model.nation.inca]
May 13, 2017 5:01:20 AM net.sf.freecol.server.networking.Server sendToAll
INFO: Reap dead connection: [DummyConnection Server connection - model.nation.cherokee]
May 13, 2017 5:01:20 AM net.sf.freecol.server.networking.Server sendToAll
INFO: Reap dead connection: [DummyConnection Server connection - model.nation.tupi]
May 13, 2017 5:01:20 AM net.sf.freecol.server.networking.Server sendToAll
INFO: Reap dead connection: [DummyConnection Server connection - model.nation.sioux]
May 13, 2017 5:01:20 AM net.sf.freecol.server.networking.Server sendToAll
INFO: Reap dead connection: [DummyConnection Server connection - model.nation.arawak]
May 13, 2017 5:01:20 AM net.sf.freecol.server.networking.Server sendToAll
INFO: Reap dead connection: [DummyConnection Server connection - model.nation.french]
May 13, 2017 5:01:20 AM net.sf.freecol.server.networking.Server sendToAll
INFO: Reap dead connection: [DummyConnection Server connection - model.nation.iroquois]
May 13, 2017 5:01:20 AM net.sf.freecol.server.networking.Server sendToAll
INFO: Reap dead connection: [DummyConnection Server connection - model.nation.dutch]
May 13, 2017 5:01:20 AM net.sf.freecol.server.model.ServerColony csBuildUnit
INFO: New unit in New Amsterdam: freeColonist
May 13, 2017 5:01:20 AM net.sf.freecol.common.model.Specification applyDifficultyLevel
INFO: Applying difficulty level model.difficulty.medium
May 13, 2017 5:01:20 AM net.sf.freecol.common.model.Specification applyDifficultyLevel
INFO: Applying difficulty level model.difficulty.medium
May 13, 2017 5:01:20 AM net.sf.freecol.common.FreeColSeed getFreeColSeed
INFO: Using seed: 3916129106091372359
May 13, 2017 5:01:20 AM net.sf.freecol.server.networking.Server sendToAll
INFO: Reap dead connection: [DummyConnection Server connection - model.nation.inca]
May 13, 2017 5:01:20 AM net.sf.freecol.server.networking.Server sendToAll
INFO: Reap dead connection: [DummyConnection Server connection - model.nation.spanish]
May 13, 2017 5:01:20 AM net.sf.freecol.server.networking.Server sendToAll
INFO: Reap dead connection: [DummyConnection Server connection - model.nation.english]
May 13, 2017 5:01:20 AM net.sf.freecol.server.networking.Server sendToAll
INFO: Reap dead connection: [DummyConnection Server connection - model.nation.iroquois]
May 13, 2017 5:01:20 AM net.sf.freecol.server.networking.Server sendToAll
INFO: Reap dead connection: [DummyConnection Server connection - model.nation.dutch]
May 13, 2017 5:01:20 AM net.sf.freecol.server.networking.Server sendToAll
INFO: Reap dead connection: [DummyConnection Server connection - model.nation.apache]
May 13, 2017 5:01:20 AM net.sf.freecol.server.networking.Server sendToAll
INFO: Reap dead connection: [DummyConnection Server connection - model.nation.aztec]
May 13, 2017 5:01:20 AM net.sf.freecol.server.networking.Server sendToAll
INFO: Reap dead connection: [DummyConnection Server connection - model.nation.french]
May 13, 2017 5:01:20 AM net.sf.freecol.server.networking.Server sendToAll
INFO: Reap dead connection: [DummyConnection Server connection - model.nation.arawak]
May 13, 2017 5:01:20 AM net.sf.freecol.server.networking.Server sendToAll
INFO: Reap dead connection: [DummyConnection Server connection - model.nation.sioux]
May 13, 2017 5:01:20 AM net.sf.freecol.server.networking.Server sendToAll
INFO: Reap dead connection: [DummyConnection Server connection - model.nation.tupi]
May 13, 2017 5:01:20 AM net.sf.freecol.server.networking.Server sendToAll
INFO: Reap dead connection: [DummyConnection Server connection - model.nation.cherokee]
May 13, 2017 5:01:20 AM net.sf.freecol.common.model.Specification applyDifficultyLevel
INFO: Applying difficulty level model.difficulty.medium
May 13, 2017 5:01:20 AM net.sf.freecol.common.FreeColSeed getFreeColSeed
INFO: Using seed: 6115848388804582698
May 13, 2017 5:01:20 AM net.sf.freecol.server.networking.Server sendToAll
INFO: Reap dead connection: [DummyConnection Server connection - model.nation.apache]
May 13, 2017 5:01:20 AM net.sf.freecol.server.networking.Server sendToAll
INFO: Reap dead connection: [DummyConnection Server connection - model.nation.spanish]
May 13, 2017 5:01:20 AM net.sf.freecol.server.networking.Server sendToAll
INFO: Reap dead connection: [DummyConnection Server connection - model.nation.dutch]
May 13, 2017 5:01:20 AM net.sf.freecol.server.networking.Server sendToAll
INFO: Reap dead connection: [DummyConnection Server connection - model.nation.inca]
May 13, 2017 5:01:20 AM net.sf.freecol.server.networking.Server sendToAll
INFO: Reap dead connection: [DummyConnection Server connection - model.nation.aztec]
May 13, 2017 5:01:20 AM net.sf.freecol.server.networking.Server sendToAll
INFO: Reap dead connection: [DummyConnection Server connection - model.nation.french]
May 13, 2017 5:01:20 AM net.sf.freecol.server.networking.Server sendToAll
INFO: Reap dead connection: [DummyConnection Server connection - model.nation.sioux]
May 13, 2017 5:01:20 AM net.sf.freecol.server.networking.Server sendToAll
INFO: Reap dead connection: [DummyConnection Server connection - model.nation.tupi]
May 13, 2017 5:01:20 AM net.sf.freecol.server.networking.Server sendToAll
INFO: Reap dead connection: [DummyConnection Server connection - model.nation.cherokee]
May 13, 2017 5:01:20 AM net.sf.freecol.server.networking.Server sendToAll
INFO: Reap dead connection: [DummyConnection Server connection - model.nation.iroquois]
May 13, 2017 5:01:20 AM net.sf.freecol.server.networking.Server sendToAll
INFO: Reap dead connection: [DummyConnection Server connection - model.nation.arawak]
May 13, 2017 5:01:20 AM net.sf.freecol.server.networking.Server sendToAll
INFO: Reap dead connection: [DummyConnection Server connection - model.nation.english]
May 13, 2017 5:01:20 AM net.sf.freecol.common.model.Specification applyDifficultyLevel
INFO: Applying difficulty level model.difficulty.medium
May 13, 2017 5:01:20 AM net.sf.freecol.common.FreeColSeed getFreeColSeed
INFO: Using seed: -6446084081913538172
May 13, 2017 5:01:20 AM net.sf.freecol.server.networking.Server sendToAll
INFO: Reap dead connection: [DummyConnection Server connection - model.nation.iroquois]
May 13, 2017 5:01:20 AM net.sf.freecol.server.networking.Server sendToAll
INFO: Reap dead connection: [DummyConnection Server connection - model.nation.cherokee]
May 13, 2017 5:01:20 AM net.sf.freecol.server.networking.Server sendToAll
INFO: Reap dead connection: [DummyConnection Server connection - model.nation.english]
May 13, 2017 5:01:20 AM net.sf.freecol.server.networking.Server sendToAll
INFO: Reap dead connection: [DummyConnection Server connection - model.nation.arawak]
May 13, 2017 5:01:20 AM net.sf.freecol.server.networking.Server sendToAll
INFO: Reap dead connection: [DummyConnection Server connection - model.nation.apache]
May 13, 2017 5:01:20 AM net.sf.freecol.server.networking.Server sendToAll
INFO: Reap dead connection: [DummyConnection Server connection - model.nation.aztec]
May 13, 2017 5:01:20 AM net.sf.freecol.server.networking.Server sendToAll
INFO: Reap dead connection: [DummyConnection Server connection - model.nation.spanish]
May 13, 2017 5:01:20 AM net.sf.freecol.server.networking.Server sendToAll
INFO: Reap dead connection: [DummyConnection Server connection - model.nation.tupi]
May 13, 2017 5:01:20 AM net.sf.freecol.server.networking.Server sendToAll
INFO: Reap dead connection: [DummyConnection Server connection - model.nation.dutch]
May 13, 2017 5:01:20 AM net.sf.freecol.server.networking.Server sendToAll
INFO: Reap dead connection: [DummyConnection Server connection - model.nation.sioux]
May 13, 2017 5:01:20 AM net.sf.freecol.server.networking.Server sendToAll
INFO: Reap dead connection: [DummyConnection Server connection - model.nation.inca]
May 13, 2017 5:01:20 AM net.sf.freecol.server.networking.Server sendToAll
INFO: Reap dead connection: [DummyConnection Server connection - model.nation.french]
May 13, 2017 5:01:20 AM net.sf.freecol.common.util.LogBuilder log
INFO: Destroying: goodsContainer:250 unit:249
May 13, 2017 5:01:20 AM net.sf.freecol.common.model.Specification applyDifficultyLevel
INFO: Applying difficulty level model.difficulty.medium
May 13, 2017 5:01:20 AM net.sf.freecol.common.FreeColSeed getFreeColSeed
INFO: Using seed: -741518809810810530
May 13, 2017 5:01:20 AM net.sf.freecol.server.networking.Server sendToAll
INFO: Reap dead connection: [DummyConnection Server connection - model.nation.english]
May 13, 2017 5:01:20 AM net.sf.freecol.server.networking.Server sendToAll
INFO: Reap dead connection: [DummyConnection Server connection - model.nation.spanish]
May 13, 2017 5:01:20 AM net.sf.freecol.server.networking.Server sendToAll
INFO: Reap dead connection: [DummyConnection Server connection - model.nation.arawak]
May 13, 2017 5:01:20 AM net.sf.freecol.server.networking.Server sendToAll
INFO: Reap dead connection: [DummyConnection Server connection - model.nation.apache]
May 13, 2017 5:01:20 AM net.sf.freecol.server.networking.Server sendToAll
INFO: Reap dead connection: [DummyConnection Server connection - model.nation.tupi]
May 13, 2017 5:01:20 AM net.sf.freecol.server.networking.Server sendToAll
INFO: Reap dead connection: [DummyConnection Server connection - model.nation.sioux]
May 13, 2017 5:01:20 AM net.sf.freecol.server.networking.Server sendToAll
INFO: Reap dead connection: [DummyConnection Server connection - model.nation.cherokee]
May 13, 2017 5:01:20 AM net.sf.freecol.server.networking.Server sendToAll
INFO: Reap dead connection: [DummyConnection Server connection - model.nation.aztec]
May 13, 2017 5:01:20 AM net.sf.freecol.server.networking.Server sendToAll
INFO: Reap dead connection: [DummyConnection Server connection - model.nation.french]
May 13, 2017 5:01:20 AM net.sf.freecol.server.networking.Server sendToAll
INFO: Reap dead connection: [DummyConnection Server connection - model.nation.inca]
May 13, 2017 5:01:20 AM net.sf.freecol.server.networking.Server sendToAll
INFO: Reap dead connection: [DummyConnection Server connection - model.nation.dutch]
May 13, 2017 5:01:20 AM net.sf.freecol.server.networking.Server sendToAll
INFO: Reap dead connection: [DummyConnection Server connection - model.nation.iroquois]
May 13, 2017 5:01:20 AM net.sf.freecol.common.model.Specification applyDifficultyLevel
INFO: Applying difficulty level model.difficulty.medium
May 13, 2017 5:01:20 AM net.sf.freecol.common.FreeColSeed getFreeColSeed
INFO: Using seed: 1391890788926068569
May 13, 2017 5:01:20 AM net.sf.freecol.server.networking.Server sendToAll
INFO: Reap dead connection: [DummyConnection Server connection - model.nation.french]
May 13, 2017 5:01:20 AM net.sf.freecol.server.networking.Server sendToAll
INFO: Reap dead connection: [DummyConnection Server connection - model.nation.apache]
May 13, 2017 5:01:20 AM net.sf.freecol.server.networking.Server sendToAll
INFO: Reap dead connection: [DummyConnection Server connection - model.nation.iroquois]
May 13, 2017 5:01:20 AM net.sf.freecol.server.networking.Server sendToAll
INFO: Reap dead connection: [DummyConnection Server connection - model.nation.arawak]
May 13, 2017 5:01:20 AM net.sf.freecol.server.networking.Server sendToAll
INFO: Reap dead connection: [DummyConnection Server connection - model.nation.cherokee]
May 13, 2017 5:01:20 AM net.sf.freecol.server.networking.Server sendToAll
INFO: Reap dead connection: [DummyConnection Server connection - model.nation.sioux]
May 13, 2017 5:01:20 AM net.sf.freecol.server.networking.Server sendToAll
INFO: Reap dead connection: [DummyConnection Server connection - model.nation.dutch]
May 13, 2017 5:01:20 AM net.sf.freecol.server.networking.Server sendToAll
INFO: Reap dead connection: [DummyConnection Server connection - model.nation.spanish]
May 13, 2017 5:01:20 AM net.sf.freecol.server.networking.Server sendToAll
INFO: Reap dead connection: [DummyConnection Server connection - model.nation.tupi]
May 13, 2017 5:01:20 AM net.sf.freecol.server.networking.Server sendToAll
INFO: Reap dead connection: [DummyConnection Server connection - model.nation.inca]
May 13, 2017 5:01:20 AM net.sf.freecol.server.networking.Server sendToAll
INFO: Reap dead connection: [DummyConnection Server connection - model.nation.aztec]
May 13, 2017 5:01:20 AM net.sf.freecol.server.networking.Server sendToAll
INFO: Reap dead connection: [DummyConnection Server connection - model.nation.english]
May 13, 2017 5:01:20 AM net.sf.freecol.common.model.Specification applyDifficultyLevel
INFO: Applying difficulty level model.difficulty.medium
May 13, 2017 5:01:20 AM net.sf.freecol.common.FreeColSeed getFreeColSeed
INFO: Using seed: -5737111467584733801
May 13, 2017 5:01:20 AM net.sf.freecol.server.networking.Server sendToAll
INFO: Reap dead connection: [DummyConnection Server connection - model.nation.spanish]
May 13, 2017 5:01:20 AM net.sf.freecol.server.networking.Server sendToAll
INFO: Reap dead connection: [DummyConnection Server connection - model.nation.english]
May 13, 2017 5:01:20 AM net.sf.freecol.server.networking.Server sendToAll
INFO: Reap dead connection: [DummyConnection Server connection - model.nation.dutch]
May 13, 2017 5:01:20 AM net.sf.freecol.server.networking.Server sendToAll
INFO: Reap dead connection: [DummyConnection Server connection - model.nation.tupi]
May 13, 2017 5:01:20 AM net.sf.freecol.server.networking.Server sendToAll
INFO: Reap dead connection: [DummyConnection Server connection - model.nation.sioux]
May 13, 2017 5:01:20 AM net.sf.freecol.server.networking.Server sendToAll
INFO: Reap dead connection: [DummyConnection Server connection - model.nation.aztec]
May 13, 2017 5:01:20 AM net.sf.freecol.server.networking.Server sendToAll
INFO: Reap dead connection: [DummyConnection Server connection - model.nation.cherokee]
May 13, 2017 5:01:20 AM net.sf.freecol.server.networking.Server sendToAll
INFO: Reap dead connection: [DummyConnection Server connection - model.nation.apache]
May 13, 2017 5:01:20 AM net.sf.freecol.server.networking.Server sendToAll
INFO: Reap dead connection: [DummyConnection Server connection - model.nation.french]
May 13, 2017 5:01:20 AM net.sf.freecol.server.networking.Server sendToAll
INFO: Reap dead connection: [DummyConnection Server connection - model.nation.iroquois]
May 13, 2017 5:01:20 AM net.sf.freecol.server.networking.Server sendToAll
INFO: Reap dead connection: [DummyConnection Server connection - model.nation.arawak]
May 13, 2017 5:01:20 AM net.sf.freecol.server.networking.Server sendToAll
INFO: Reap dead connection: [DummyConnection Server connection - model.nation.inca]
May 13, 2017 5:01:20 AM net.sf.freecol.common.model.Specification applyDifficultyLevel
INFO: Applying difficulty level model.difficulty.medium
May 13, 2017 5:01:20 AM net.sf.freecol.common.FreeColSeed getFreeColSeed
INFO: Using seed: 7681281957295337467
May 13, 2017 5:01:20 AM net.sf.freecol.server.networking.Server sendToAll
INFO: Reap dead connection: [DummyConnection Server connection - model.nation.dutch]
May 13, 2017 5:01:20 AM net.sf.freecol.server.networking.Server sendToAll
INFO: Reap dead connection: [DummyConnection Server connection - model.nation.english]
May 13, 2017 5:01:20 AM net.sf.freecol.server.networking.Server sendToAll
INFO: Reap dead connection: [DummyConnection Server connection - model.nation.cherokee]
May 13, 2017 5:01:20 AM net.sf.freecol.server.networking.Server sendToAll
INFO: Reap dead connection: [DummyConnection Server connection - model.nation.tupi]
May 13, 2017 5:01:20 AM net.sf.freecol.server.networking.Server sendToAll
INFO: Reap dead connection: [DummyConnection Server connection - model.nation.aztec]
May 13, 2017 5:01:20 AM net.sf.freecol.server.networking.Server sendToAll
INFO: Reap dead connection: [DummyConnection Server connection - model.nation.inca]
May 13, 2017 5:01:20 AM net.sf.freecol.server.networking.Server sendToAll
INFO: Reap dead connection: [DummyConnection Server connection - model.nation.iroquois]
May 13, 2017 5:01:20 AM net.sf.freecol.server.networking.Server sendToAll
INFO: Reap dead connection: [DummyConnection Server connection - model.nation.apache]
May 13, 2017 5:01:20 AM net.sf.freecol.server.networking.Server sendToAll
INFO: Reap dead connection: [DummyConnection Server connection - model.nation.spanish]
May 13, 2017 5:01:20 AM net.sf.freecol.server.networking.Server sendToAll
INFO: Reap dead connection: [DummyConnection Server connection - model.nation.sioux]
May 13, 2017 5:01:20 AM net.sf.freecol.server.networking.Server sendToAll
INFO: Reap dead connection: [DummyConnection Server connection - model.nation.french]
May 13, 2017 5:01:20 AM net.sf.freecol.server.networking.Server sendToAll
INFO: Reap dead connection: [DummyConnection Server connection - model.nation.arawak]
May 13, 2017 5:01:20 AM net.sf.freecol.server.model.ServerPlayer checkForDeath
INFO: William I alive, can buy colonist.
May 13, 2017 5:01:20 AM net.sf.freecol.common.model.Specification applyDifficultyLevel
INFO: Applying difficulty level model.difficulty.medium
May 13, 2017 5:01:20 AM net.sf.freecol.common.FreeColSeed getFreeColSeed
INFO: Using seed: -8467311013605084815
May 13, 2017 5:01:20 AM net.sf.freecol.server.networking.Server sendToAll
INFO: Reap dead connection: [DummyConnection Server connection - model.nation.apache]
May 13, 2017 5:01:20 AM net.sf.freecol.server.networking.Server sendToAll
INFO: Reap dead connection: [DummyConnection Server connection - model.nation.inca]
May 13, 2017 5:01:20 AM net.sf.freecol.server.networking.Server sendToAll
INFO: Reap dead connection: [DummyConnection Server connection - model.nation.cherokee]
May 13, 2017 5:01:20 AM net.sf.freecol.server.networking.Server sendToAll
INFO: Reap dead connection: [DummyConnection Server connection - model.nation.english]
May 13, 2017 5:01:20 AM net.sf.freecol.server.networking.Server sendToAll
INFO: Reap dead connection: [DummyConnection Server connection - model.nation.french]
May 13, 2017 5:01:20 AM net.sf.freecol.server.networking.Server sendToAll
INFO: Reap dead connection: [DummyConnection Server connection - model.nation.dutch]
May 13, 2017 5:01:20 AM net.sf.freecol.server.networking.Server sendToAll
INFO: Reap dead connection: [DummyConnection Server connection - model.nation.sioux]
May 13, 2017 5:01:20 AM net.sf.freecol.server.networking.Server sendToAll
INFO: Reap dead connection: [DummyConnection Server connection - model.nation.iroquois]
May 13, 2017 5:01:20 AM net.sf.freecol.server.networking.Server sendToAll
INFO: Reap dead connection: [DummyConnection Server connection - model.nation.tupi]
May 13, 2017 5:01:20 AM net.sf.freecol.server.networking.Server sendToAll
INFO: Reap dead connection: [DummyConnection Server connection - model.nation.spanish]
May 13, 2017 5:01:20 AM net.sf.freecol.server.networking.Server sendToAll
INFO: Reap dead connection: [DummyConnection Server connection - model.nation.arawak]
May 13, 2017 5:01:20 AM net.sf.freecol.server.networking.Server sendToAll
INFO: Reap dead connection: [DummyConnection Server connection - model.nation.aztec]
May 13, 2017 5:01:20 AM net.sf.freecol.server.model.ServerPlayer checkForDeath
INFO: William I survives by autorecruit.
May 13, 2017 5:01:20 AM net.sf.freecol.server.model.ServerPlayer checkForDeath
INFO: William I alive, has waiting colonist.
May 13, 2017 5:01:20 AM net.sf.freecol.server.model.ServerPlayer checkForDeath
INFO: William I dead, no presence >= 1600
May 13, 2017 5:01:20 AM net.sf.freecol.common.model.Specification applyDifficultyLevel
INFO: Applying difficulty level model.difficulty.medium
May 13, 2017 5:01:20 AM net.sf.freecol.common.FreeColSeed getFreeColSeed
INFO: Using seed: -7395507379086618473
May 13, 2017 5:01:20 AM net.sf.freecol.server.networking.Server sendToAll
INFO: Reap dead connection: [DummyConnection Server connection - model.nation.inca]
May 13, 2017 5:01:20 AM net.sf.freecol.server.networking.Server sendToAll
INFO: Reap dead connection: [DummyConnection Server connection - model.nation.english]
May 13, 2017 5:01:20 AM net.sf.freecol.server.networking.Server sendToAll
INFO: Reap dead connection: [DummyConnection Server connection - model.nation.spanish]
May 13, 2017 5:01:20 AM net.sf.freecol.server.networking.Server sendToAll
INFO: Reap dead connection: [DummyConnection Server connection - model.nation.sioux]
May 13, 2017 5:01:20 AM net.sf.freecol.server.networking.Server sendToAll
INFO: Reap dead connection: [DummyConnection Server connection - model.nation.iroquois]
May 13, 2017 5:01:20 AM net.sf.freecol.server.networking.Server sendToAll
INFO: Reap dead connection: [DummyConnection Server connection - model.nation.dutch]
May 13, 2017 5:01:20 AM net.sf.freecol.server.networking.Server sendToAll
INFO: Reap dead connection: [DummyConnection Server connection - model.nation.arawak]
May 13, 2017 5:01:20 AM net.sf.freecol.server.networking.Server sendToAll
INFO: Reap dead connection: [DummyConnection Server connection - model.nation.apache]
May 13, 2017 5:01:20 AM net.sf.freecol.server.networking.Server sendToAll
INFO: Reap dead connection: [DummyConnection Server connection - model.nation.tupi]
May 13, 2017 5:01:20 AM net.sf.freecol.server.networking.Server sendToAll
INFO: Reap dead connection: [DummyConnection Server connection - model.nation.french]
May 13, 2017 5:01:20 AM net.sf.freecol.server.networking.Server sendToAll
INFO: Reap dead connection: [DummyConnection Server connection - model.nation.cherokee]
May 13, 2017 5:01:20 AM net.sf.freecol.server.networking.Server sendToAll
INFO: Reap dead connection: [DummyConnection Server connection - model.nation.aztec]
May 13, 2017 5:01:20 AM net.sf.freecol.server.model.ServerPlayer checkForDeath
INFO: William I alive, unit unit:247 on map.
May 13, 2017 5:01:20 AM net.sf.freecol.common.model.Specification applyDifficultyLevel
INFO: Applying difficulty level model.difficulty.medium
May 13, 2017 5:01:20 AM net.sf.freecol.common.FreeColSeed getFreeColSeed
INFO: Using seed: 4442516696258726835
May 13, 2017 5:01:20 AM net.sf.freecol.server.networking.Server sendToAll
INFO: Reap dead connection: [DummyConnection Server connection - model.nation.inca]
May 13, 2017 5:01:20 AM net.sf.freecol.server.networking.Server sendToAll
INFO: Reap dead connection: [DummyConnection Server connection - model.nation.french]
May 13, 2017 5:01:20 AM net.sf.freecol.server.networking.Server sendToAll
INFO: Reap dead connection: [DummyConnection Server connection - model.nation.english]
May 13, 2017 5:01:20 AM net.sf.freecol.server.networking.Server sendToAll
INFO: Reap dead connection: [DummyConnection Server connection - model.nation.arawak]
May 13, 2017 5:01:20 AM net.sf.freecol.server.networking.Server sendToAll
INFO: Reap dead connection: [DummyConnection Server connection - model.nation.iroquois]
May 13, 2017 5:01:20 AM net.sf.freecol.server.networking.Server sendToAll
INFO: Reap dead connection: [DummyConnection Server connection - model.nation.tupi]
May 13, 2017 5:01:20 AM net.sf.freecol.server.networking.Server sendToAll
INFO: Reap dead connection: [DummyConnection Server connection - model.nation.aztec]
May 13, 2017 5:01:20 AM net.sf.freecol.server.networking.Server sendToAll
INFO: Reap dead connection: [DummyConnection Server connection - model.nation.dutch]
May 13, 2017 5:01:20 AM net.sf.freecol.server.networking.Server sendToAll
INFO: Reap dead connection: [DummyConnection Server connection - model.nation.apache]
May 13, 2017 5:01:20 AM net.sf.freecol.server.networking.Server sendToAll
INFO: Reap dead connection: [DummyConnection Server connection - model.nation.spanish]
May 13, 2017 5:01:20 AM net.sf.freecol.server.networking.Server sendToAll
INFO: Reap dead connection: [DummyConnection Server connection - model.nation.sioux]
May 13, 2017 5:01:20 AM net.sf.freecol.server.networking.Server sendToAll
INFO: Reap dead connection: [DummyConnection Server connection - model.nation.cherokee]
May 13, 2017 5:01:20 AM net.sf.freecol.common.model.Specification applyDifficultyLevel
INFO: Applying difficulty level model.difficulty.medium
May 13, 2017 5:01:20 AM net.sf.freecol.common.FreeColSeed getFreeColSeed
INFO: Using seed: 4001052849280778789
May 13, 2017 5:01:20 AM net.sf.freecol.server.networking.Server sendToAll
INFO: Reap dead connection: [DummyConnection Server connection - model.nation.iroquois]
May 13, 2017 5:01:20 AM net.sf.freecol.server.networking.Server sendToAll
INFO: Reap dead connection: [DummyConnection Server connection - model.nation.aztec]
May 13, 2017 5:01:20 AM net.sf.freecol.server.networking.Server sendToAll
INFO: Reap dead connection: [DummyConnection Server connection - model.nation.inca]
May 13, 2017 5:01:20 AM net.sf.freecol.server.networking.Server sendToAll
INFO: Reap dead connection: [DummyConnection Server connection - model.nation.tupi]
May 13, 2017 5:01:20 AM net.sf.freecol.server.networking.Server sendToAll
INFO: Reap dead connection: [DummyConnection Server connection - model.nation.french]
May 13, 2017 5:01:20 AM net.sf.freecol.server.networking.Server sendToAll
INFO: Reap dead connection: [DummyConnection Server connection - model.nation.english]
May 13, 2017 5:01:20 AM net.sf.freecol.server.networking.Server sendToAll
INFO: Reap dead connection: [DummyConnection Server connection - model.nation.apache]
May 13, 2017 5:01:20 AM net.sf.freecol.server.networking.Server sendToAll
INFO: Reap dead connection: [DummyConnection Server connection - model.nation.spanish]
May 13, 2017 5:01:20 AM net.sf.freecol.server.networking.Server sendToAll
INFO: Reap dead connection: [DummyConnection Server connection - model.nation.arawak]
May 13, 2017 5:01:20 AM net.sf.freecol.server.networking.Server sendToAll
INFO: Reap dead connection: [DummyConnection Server connection - model.nation.sioux]
May 13, 2017 5:01:20 AM net.sf.freecol.server.networking.Server sendToAll
INFO: Reap dead connection: [DummyConnection Server connection - model.nation.dutch]
May 13, 2017 5:01:20 AM net.sf.freecol.server.networking.Server sendToAll
INFO: Reap dead connection: [DummyConnection Server connection - model.nation.cherokee]
May 13, 2017 5:01:20 AM net.sf.freecol.common.model.Specification applyDifficultyLevel
INFO: Applying difficulty level model.difficulty.medium
May 13, 2017 5:01:20 AM net.sf.freecol.common.FreeColSeed getFreeColSeed
INFO: Using seed: 103735682194265288
May 13, 2017 5:01:20 AM net.sf.freecol.server.networking.Server sendToAll
INFO: Reap dead connection: [DummyConnection Server connection - model.nation.iroquois]
May 13, 2017 5:01:20 AM net.sf.freecol.server.networking.Server sendToAll
INFO: Reap dead connection: [DummyConnection Server connection - model.nation.spanish]
May 13, 2017 5:01:20 AM net.sf.freecol.server.networking.Server sendToAll
INFO: Reap dead connection: [DummyConnection Server connection - model.nation.tupi]
May 13, 2017 5:01:20 AM net.sf.freecol.server.networking.Server sendToAll
INFO: Reap dead connection: [DummyConnection Server connection - model.nation.apache]
May 13, 2017 5:01:20 AM net.sf.freecol.server.networking.Server sendToAll
INFO: Reap dead connection: [DummyConnection Server connection - model.nation.aztec]
May 13, 2017 5:01:20 AM net.sf.freecol.server.networking.Server sendToAll
INFO: Reap dead connection: [DummyConnection Server connection - model.nation.dutch]
May 13, 2017 5:01:20 AM net.sf.freecol.server.networking.Server sendToAll
INFO: Reap dead connection: [DummyConnection Server connection - model.nation.cherokee]
May 13, 2017 5:01:20 AM net.sf.freecol.server.networking.Server sendToAll
INFO: Reap dead connection: [DummyConnection Server connection - model.nation.english]
May 13, 2017 5:01:20 AM net.sf.freecol.server.networking.Server sendToAll
INFO: Reap dead connection: [DummyConnection Server connection - model.nation.inca]
May 13, 2017 5:01:20 AM net.sf.freecol.server.networking.Server sendToAll
INFO: Reap dead connection: [DummyConnection Server connection - model.nation.sioux]
May 13, 2017 5:01:20 AM net.sf.freecol.server.networking.Server sendToAll
INFO: Reap dead connection: [DummyConnection Server connection - model.nation.french]
May 13, 2017 5:01:20 AM net.sf.freecol.server.networking.Server sendToAll
INFO: Reap dead connection: [DummyConnection Server connection - model.nation.arawak]
May 13, 2017 5:01:20 AM net.sf.freecol.server.model.ServerPlayer checkForDeath
INFO: William I alive, has embarked unit.
May 13, 2017 5:01:20 AM net.sf.freecol.server.model.ServerPlayer checkForDeath
INFO: William I dead, no presence >= 1600
May 13, 2017 5:01:20 AM net.sf.freecol.common.model.Specification applyDifficultyLevel
INFO: Applying difficulty level model.difficulty.medium
May 13, 2017 5:01:20 AM net.sf.freecol.common.model.Specification applyDifficultyLevel
INFO: Applying difficulty level model.difficulty.medium
May 13, 2017 5:01:20 AM net.sf.freecol.common.model.Specification applyDifficultyLevel
INFO: Applying difficulty level model.difficulty.medium
May 13, 2017 5:01:20 AM net.sf.freecol.common.FreeColSeed getFreeColSeed
INFO: Using seed: -3600709586213715118
May 13, 2017 5:01:20 AM net.sf.freecol.server.networking.Server sendToAll
INFO: Reap dead connection: [DummyConnection Server connection - model.nation.iroquois]
May 13, 2017 5:01:20 AM net.sf.freecol.server.networking.Server sendToAll
INFO: Reap dead connection: [DummyConnection Server connection - model.nation.dutch]
May 13, 2017 5:01:20 AM net.sf.freecol.server.networking.Server sendToAll
INFO: Reap dead connection: [DummyConnection Server connection - model.nation.sioux]
May 13, 2017 5:01:20 AM net.sf.freecol.server.networking.Server sendToAll
INFO: Reap dead connection: [DummyConnection Server connection - model.nation.inca]
May 13, 2017 5:01:20 AM net.sf.freecol.server.networking.Server sendToAll
INFO: Reap dead connection: [DummyConnection Server connection - model.nation.cherokee]
May 13, 2017 5:01:20 AM net.sf.freecol.server.networking.Server sendToAll
INFO: Reap dead connection: [DummyConnection Server connection - model.nation.apache]
May 13, 2017 5:01:20 AM net.sf.freecol.server.networking.Server sendToAll
INFO: Reap dead connection: [DummyConnection Server connection - model.nation.arawak]
May 13, 2017 5:01:20 AM net.sf.freecol.server.networking.Server sendToAll
INFO: Reap dead connection: [DummyConnection Server connection - model.nation.tupi]
May 13, 2017 5:01:20 AM net.sf.freecol.server.networking.Server sendToAll
INFO: Reap dead connection: [DummyConnection Server connection - model.nation.english]
May 13, 2017 5:01:20 AM net.sf.freecol.server.networking.Server sendToAll
INFO: Reap dead connection: [DummyConnection Server connection - model.nation.french]
May 13, 2017 5:01:20 AM net.sf.freecol.server.networking.Server sendToAll
INFO: Reap dead connection: [DummyConnection Server connection - model.nation.aztec]
May 13, 2017 5:01:20 AM net.sf.freecol.server.networking.Server sendToAll
INFO: Reap dead connection: [DummyConnection Server connection - model.nation.spanish]
May 13, 2017 5:01:20 AM net.sf.freecol.common.model.Specification applyDifficultyLevel
INFO: Applying difficulty level model.difficulty.medium
May 13, 2017 5:01:20 AM net.sf.freecol.common.FreeColSeed getFreeColSeed
INFO: Using seed: 1106011234376576227
May 13, 2017 5:01:20 AM net.sf.freecol.server.networking.Server sendToAll
INFO: Reap dead connection: [DummyConnection Server connection - model.nation.apache]
May 13, 2017 5:01:20 AM net.sf.freecol.server.networking.Server sendToAll
INFO: Reap dead connection: [DummyConnection Server connection - model.nation.dutch]
May 13, 2017 5:01:20 AM net.sf.freecol.server.networking.Server sendToAll
INFO: Reap dead connection: [DummyConnection Server connection - model.nation.arawak]
May 13, 2017 5:01:20 AM net.sf.freecol.server.networking.Server sendToAll
INFO: Reap dead connection: [DummyConnection Server connection - model.nation.aztec]
May 13, 2017 5:01:20 AM net.sf.freecol.server.networking.Server sendToAll
INFO: Reap dead connection: [DummyConnection Server connection - model.nation.spanish]
May 13, 2017 5:01:20 AM net.sf.freecol.server.networking.Server sendToAll
INFO: Reap dead connection: [DummyConnection Server connection - model.nation.sioux]
May 13, 2017 5:01:20 AM net.sf.freecol.server.networking.Server sendToAll
INFO: Reap dead connection: [DummyConnection Server connection - model.nation.tupi]
May 13, 2017 5:01:20 AM net.sf.freecol.server.networking.Server sendToAll
INFO: Reap dead connection: [DummyConnection Server connection - model.nation.french]
May 13, 2017 5:01:20 AM net.sf.freecol.server.networking.Server sendToAll
INFO: Reap dead connection: [DummyConnection Server connection - model.nation.cherokee]
May 13, 2017 5:01:20 AM net.sf.freecol.server.networking.Server sendToAll
INFO: Reap dead connection: [DummyConnection Server connection - model.nation.english]
May 13, 2017 5:01:20 AM net.sf.freecol.server.networking.Server sendToAll
INFO: Reap dead connection: [DummyConnection Server connection - model.nation.inca]
May 13, 2017 5:01:20 AM net.sf.freecol.server.networking.Server sendToAll
INFO: Reap dead connection: [DummyConnection Server connection - model.nation.iroquois]
May 13, 2017 5:01:20 AM net.sf.freecol.common.model.Specification applyDifficultyLevel
INFO: Applying difficulty level model.difficulty.medium
May 13, 2017 5:01:20 AM net.sf.freecol.common.FreeColSeed getFreeColSeed
INFO: Using seed: -3811700726586257873
May 13, 2017 5:01:21 AM net.sf.freecol.server.networking.Server sendToAll
INFO: Reap dead connection: [DummyConnection Server connection - model.nation.iroquois]
May 13, 2017 5:01:21 AM net.sf.freecol.server.networking.Server sendToAll
INFO: Reap dead connection: [DummyConnection Server connection - model.nation.tupi]
May 13, 2017 5:01:21 AM net.sf.freecol.server.networking.Server sendToAll
INFO: Reap dead connection: [DummyConnection Server connection - model.nation.sioux]
May 13, 2017 5:01:21 AM net.sf.freecol.server.networking.Server sendToAll
INFO: Reap dead connection: [DummyConnection Server connection - model.nation.french]
May 13, 2017 5:01:21 AM net.sf.freecol.server.networking.Server sendToAll
INFO: Reap dead connection: [DummyConnection Server connection - model.nation.inca]
May 13, 2017 5:01:21 AM net.sf.freecol.server.networking.Server sendToAll
INFO: Reap dead connection: [DummyConnection Server connection - model.nation.aztec]
May 13, 2017 5:01:21 AM net.sf.freecol.server.networking.Server sendToAll
INFO: Reap dead connection: [DummyConnection Server connection - model.nation.spanish]
May 13, 2017 5:01:21 AM net.sf.freecol.server.networking.Server sendToAll
INFO: Reap dead connection: [DummyConnection Server connection - model.nation.arawak]
May 13, 2017 5:01:21 AM net.sf.freecol.server.networking.Server sendToAll
INFO: Reap dead connection: [DummyConnection Server connection - model.nation.dutch]
May 13, 2017 5:01:21 AM net.sf.freecol.server.networking.Server sendToAll
INFO: Reap dead connection: [DummyConnection Server connection - model.nation.english]
May 13, 2017 5:01:21 AM net.sf.freecol.server.networking.Server sendToAll
INFO: Reap dead connection: [DummyConnection Server connection - model.nation.apache]
May 13, 2017 5:01:21 AM net.sf.freecol.server.networking.Server sendToAll
INFO: Reap dead connection: [DummyConnection Server connection - model.nation.cherokee]
May 13, 2017 5:01:21 AM net.sf.freecol.server.model.ServerPlayer checkForDeath
INFO: William I dead, can not buy carrier.
May 13, 2017 5:01:21 AM net.sf.freecol.common.model.Specification applyDifficultyLevel
INFO: Applying difficulty level model.difficulty.medium
May 13, 2017 5:01:21 AM net.sf.freecol.common.FreeColSeed getFreeColSeed
INFO: Using seed: 3271324915928328936
May 13, 2017 5:01:21 AM net.sf.freecol.server.networking.Server sendToAll
INFO: Reap dead connection: [DummyConnection Server connection - model.nation.tupi]
May 13, 2017 5:01:21 AM net.sf.freecol.server.networking.Server sendToAll
INFO: Reap dead connection: [DummyConnection Server connection - model.nation.english]
May 13, 2017 5:01:21 AM net.sf.freecol.server.networking.Server sendToAll
INFO: Reap dead connection: [DummyConnection Server connection - model.nation.arawak]
May 13, 2017 5:01:21 AM net.sf.freecol.server.networking.Server sendToAll
INFO: Reap dead connection: [DummyConnection Server connection - model.nation.cherokee]
May 13, 2017 5:01:21 AM net.sf.freecol.server.networking.Server sendToAll
INFO: Reap dead connection: [DummyConnection Server connection - model.nation.sioux]
May 13, 2017 5:01:21 AM net.sf.freecol.server.networking.Server sendToAll
INFO: Reap dead connection: [DummyConnection Server connection - model.nation.dutch]
May 13, 2017 5:01:21 AM net.sf.freecol.server.networking.Server sendToAll
INFO: Reap dead connection: [DummyConnection Server connection - model.nation.aztec]
May 13, 2017 5:01:21 AM net.sf.freecol.server.networking.Server sendToAll
INFO: Reap dead connection: [DummyConnection Server connection - model.nation.apache]
May 13, 2017 5:01:21 AM net.sf.freecol.server.networking.Server sendToAll
INFO: Reap dead connection: [DummyConnection Server connection - model.nation.inca]
May 13, 2017 5:01:21 AM net.sf.freecol.server.networking.Server sendToAll
INFO: Reap dead connection: [DummyConnection Server connection - model.nation.spanish]
May 13, 2017 5:01:21 AM net.sf.freecol.server.networking.Server sendToAll
INFO: Reap dead connection: [DummyConnection Server connection - model.nation.iroquois]
May 13, 2017 5:01:21 AM net.sf.freecol.server.networking.Server sendToAll
INFO: Reap dead connection: [DummyConnection Server connection - model.nation.french]
May 13, 2017 5:01:21 AM net.sf.freecol.server.model.ServerPlayer checkForDeath
INFO: William I alive, has embarked unit.
May 13, 2017 5:01:21 AM net.sf.freecol.server.model.ServerPlayer checkForDeath
INFO: William I dead, no presence >= 1600
May 13, 2017 5:01:21 AM net.sf.freecol.common.model.Specification applyDifficultyLevel
INFO: Applying difficulty level model.difficulty.medium
May 13, 2017 5:01:21 AM net.sf.freecol.common.FreeColSeed getFreeColSeed
INFO: Using seed: -635232309797430274
May 13, 2017 5:01:21 AM net.sf.freecol.server.networking.Server sendToAll
INFO: Reap dead connection: [DummyConnection Server connection - model.nation.apache]
May 13, 2017 5:01:21 AM net.sf.freecol.server.networking.Server sendToAll
INFO: Reap dead connection: [DummyConnection Server connection - model.nation.dutch]
May 13, 2017 5:01:21 AM net.sf.freecol.server.networking.Server sendToAll
INFO: Reap dead connection: [DummyConnection Server connection - model.nation.english]
May 13, 2017 5:01:21 AM net.sf.freecol.server.networking.Server sendToAll
INFO: Reap dead connection: [DummyConnection Server connection - model.nation.spanish]
May 13, 2017 5:01:21 AM net.sf.freecol.server.networking.Server sendToAll
INFO: Reap dead connection: [DummyConnection Server connection - model.nation.iroquois]
May 13, 2017 5:01:21 AM net.sf.freecol.server.networking.Server sendToAll
INFO: Reap dead connection: [DummyConnection Server connection - model.nation.sioux]
May 13, 2017 5:01:21 AM net.sf.freecol.server.networking.Server sendToAll
INFO: Reap dead connection: [DummyConnection Server connection - model.nation.tupi]
May 13, 2017 5:01:21 AM net.sf.freecol.server.networking.Server sendToAll
INFO: Reap dead connection: [DummyConnection Server connection - model.nation.arawak]
May 13, 2017 5:01:21 AM net.sf.freecol.server.networking.Server sendToAll
INFO: Reap dead connection: [DummyConnection Server connection - model.nation.aztec]
May 13, 2017 5:01:21 AM net.sf.freecol.server.networking.Server sendToAll
INFO: Reap dead connection: [DummyConnection Server connection - model.nation.french]
May 13, 2017 5:01:21 AM net.sf.freecol.server.networking.Server sendToAll
INFO: Reap dead connection: [DummyConnection Server connection - model.nation.cherokee]
May 13, 2017 5:01:21 AM net.sf.freecol.server.networking.Server sendToAll
INFO: Reap dead connection: [DummyConnection Server connection - model.nation.inca]
May 13, 2017 5:01:21 AM net.sf.freecol.common.model.MarketData price
INFO: Clamped price fall for marketData:67 from 10 to 16
May 13, 2017 5:01:21 AM net.sf.freecol.common.model.Specification applyDifficultyLevel
INFO: Applying difficulty level model.difficulty.medium
May 13, 2017 5:01:21 AM net.sf.freecol.common.FreeColSeed getFreeColSeed
INFO: Using seed: 8335487993241748380
May 13, 2017 5:01:21 AM net.sf.freecol.server.networking.Server sendToAll
INFO: Reap dead connection: [DummyConnection Server connection - model.nation.tupi]
May 13, 2017 5:01:21 AM net.sf.freecol.server.networking.Server sendToAll
INFO: Reap dead connection: [DummyConnection Server connection - model.nation.english]
May 13, 2017 5:01:21 AM net.sf.freecol.server.networking.Server sendToAll
INFO: Reap dead connection: [DummyConnection Server connection - model.nation.sioux]
May 13, 2017 5:01:21 AM net.sf.freecol.server.networking.Server sendToAll
INFO: Reap dead connection: [DummyConnection Server connection - model.nation.inca]
May 13, 2017 5:01:21 AM net.sf.freecol.server.networking.Server sendToAll
INFO: Reap dead connection: [DummyConnection Server connection - model.nation.cherokee]
May 13, 2017 5:01:21 AM net.sf.freecol.server.networking.Server sendToAll
INFO: Reap dead connection: [DummyConnection Server connection - model.nation.arawak]
May 13, 2017 5:01:21 AM net.sf.freecol.server.networking.Server sendToAll
INFO: Reap dead connection: [DummyConnection Server connection - model.nation.spanish]
May 13, 2017 5:01:21 AM net.sf.freecol.server.networking.Server sendToAll
INFO: Reap dead connection: [DummyConnection Server connection - model.nation.apache]
May 13, 2017 5:01:21 AM net.sf.freecol.server.networking.Server sendToAll
INFO: Reap dead connection: [DummyConnection Server connection - model.nation.french]
May 13, 2017 5:01:21 AM net.sf.freecol.server.networking.Server sendToAll
INFO: Reap dead connection: [DummyConnection Server connection - model.nation.aztec]
May 13, 2017 5:01:21 AM net.sf.freecol.server.networking.Server sendToAll
INFO: Reap dead connection: [DummyConnection Server connection - model.nation.dutch]
May 13, 2017 5:01:21 AM net.sf.freecol.server.networking.Server sendToAll
INFO: Reap dead connection: [DummyConnection Server connection - model.nation.iroquois]
May 13, 2017 5:01:21 AM net.sf.freecol.common.model.MarketData price
INFO: Clamped price fall for marketData:88 from 13 to 16
May 13, 2017 5:01:21 AM net.sf.freecol.common.model.Specification applyDifficultyLevel
INFO: Applying difficulty level model.difficulty.medium
May 13, 2017 5:01:21 AM net.sf.freecol.common.FreeColSeed getFreeColSeed
INFO: Using seed: 6985439091220276689
May 13, 2017 5:01:21 AM net.sf.freecol.server.networking.Server sendToAll
INFO: Reap dead connection: [DummyConnection Server connection - model.nation.sioux]
May 13, 2017 5:01:21 AM net.sf.freecol.server.networking.Server sendToAll
INFO: Reap dead connection: [DummyConnection Server connection - model.nation.english]
May 13, 2017 5:01:21 AM net.sf.freecol.server.networking.Server sendToAll
INFO: Reap dead connection: [DummyConnection Server connection - model.nation.dutch]
May 13, 2017 5:01:21 AM net.sf.freecol.server.networking.Server sendToAll
INFO: Reap dead connection: [DummyConnection Server connection - model.nation.french]
May 13, 2017 5:01:21 AM net.sf.freecol.server.networking.Server sendToAll
INFO: Reap dead connection: [DummyConnection Server connection - model.nation.inca]
May 13, 2017 5:01:21 AM net.sf.freecol.server.networking.Server sendToAll
INFO: Reap dead connection: [DummyConnection Server connection - model.nation.cherokee]
May 13, 2017 5:01:21 AM net.sf.freecol.server.networking.Server sendToAll
INFO: Reap dead connection: [DummyConnection Server connection - model.nation.apache]
May 13, 2017 5:01:21 AM net.sf.freecol.server.networking.Server sendToAll
INFO: Reap dead connection: [DummyConnection Server connection - model.nation.arawak]
May 13, 2017 5:01:21 AM net.sf.freecol.server.networking.Server sendToAll
INFO: Reap dead connection: [DummyConnection Server connection - model.nation.spanish]
May 13, 2017 5:01:21 AM net.sf.freecol.server.networking.Server sendToAll
INFO: Reap dead connection: [DummyConnection Server connection - model.nation.iroquois]
May 13, 2017 5:01:21 AM net.sf.freecol.server.networking.Server sendToAll
INFO: Reap dead connection: [DummyConnection Server connection - model.nation.aztec]
May 13, 2017 5:01:21 AM net.sf.freecol.server.networking.Server sendToAll
INFO: Reap dead connection: [DummyConnection Server connection - model.nation.tupi]
May 13, 2017 5:01:21 AM net.sf.freecol.common.networking.DOMMessage clientError
WARNING: Carrier not at location: New Amsterdam
May 13, 2017 5:01:21 AM net.sf.freecol.common.networking.DOMMessage clientError
WARNING: Too much goods
May 13, 2017 5:01:21 AM net.sf.freecol.common.networking.DOMMessage clientError
WARNING: Too much goods
May 13, 2017 5:01:21 AM net.sf.freecol.common.model.Specification applyDifficultyLevel
INFO: Applying difficulty level model.difficulty.medium
May 13, 2017 5:01:21 AM net.sf.freecol.common.FreeColSeed getFreeColSeed
INFO: Using seed: 6661956641954146666
May 13, 2017 5:01:21 AM net.sf.freecol.server.networking.Server sendToAll
INFO: Reap dead connection: [DummyConnection Server connection - model.nation.english]
May 13, 2017 5:01:21 AM net.sf.freecol.server.networking.Server sendToAll
INFO: Reap dead connection: [DummyConnection Server connection - model.nation.iroquois]
May 13, 2017 5:01:21 AM net.sf.freecol.server.networking.Server sendToAll
INFO: Reap dead connection: [DummyConnection Server connection - model.nation.spanish]
May 13, 2017 5:01:21 AM net.sf.freecol.server.networking.Server sendToAll
INFO: Reap dead connection: [DummyConnection Server connection - model.nation.inca]
May 13, 2017 5:01:21 AM net.sf.freecol.server.networking.Server sendToAll
INFO: Reap dead connection: [DummyConnection Server connection - model.nation.dutch]
May 13, 2017 5:01:21 AM net.sf.freecol.server.networking.Server sendToAll
INFO: Reap dead connection: [DummyConnection Server connection - model.nation.aztec]
May 13, 2017 5:01:21 AM net.sf.freecol.server.networking.Server sendToAll
INFO: Reap dead connection: [DummyConnection Server connection - model.nation.sioux]
May 13, 2017 5:01:21 AM net.sf.freecol.server.networking.Server sendToAll
INFO: Reap dead connection: [DummyConnection Server connection - model.nation.apache]
May 13, 2017 5:01:21 AM net.sf.freecol.server.networking.Server sendToAll
INFO: Reap dead connection: [DummyConnection Server connection - model.nation.cherokee]
May 13, 2017 5:01:21 AM net.sf.freecol.server.networking.Server sendToAll
INFO: Reap dead connection: [DummyConnection Server connection - model.nation.tupi]
May 13, 2017 5:01:21 AM net.sf.freecol.server.networking.Server sendToAll
INFO: Reap dead connection: [DummyConnection Server connection - model.nation.french]
May 13, 2017 5:01:21 AM net.sf.freecol.server.networking.Server sendToAll
INFO: Reap dead connection: [DummyConnection Server connection - model.nation.arawak]
May 13, 2017 5:01:21 AM net.sf.freecol.common.model.Unit setLocation
WARNING: Can not add [unit:249 dutch privateer 8/8] to tile:491
May 13, 2017 5:01:21 AM net.sf.freecol.common.networking.DOMMessage clientError
WARNING: Player William I tried to buy 10 cotton
May 13, 2017 5:01:21 AM net.sf.freecol.common.networking.DOMMessage clientError
WARNING: Carrier not in Europe: Europe
May 13, 2017 5:01:21 AM net.sf.freecol.common.networking.DOMMessage clientError
WARNING: Can not trade boycotted goods
May 13, 2017 5:01:21 AM net.sf.freecol.common.model.Specification applyDifficultyLevel
INFO: Applying difficulty level model.difficulty.medium
May 13, 2017 5:01:21 AM net.sf.freecol.common.FreeColSeed getFreeColSeed
INFO: Using seed: -5758115639807636488
May 13, 2017 5:01:21 AM net.sf.freecol.server.networking.Server sendToAll
INFO: Reap dead connection: [DummyConnection Server connection - model.nation.tupi]
May 13, 2017 5:01:21 AM net.sf.freecol.server.networking.Server sendToAll
INFO: Reap dead connection: [DummyConnection Server connection - model.nation.french]
May 13, 2017 5:01:21 AM net.sf.freecol.server.networking.Server sendToAll
INFO: Reap dead connection: [DummyConnection Server connection - model.nation.iroquois]
May 13, 2017 5:01:21 AM net.sf.freecol.server.networking.Server sendToAll
INFO: Reap dead connection: [DummyConnection Server connection - model.nation.spanish]
May 13, 2017 5:01:21 AM net.sf.freecol.server.networking.Server sendToAll
INFO: Reap dead connection: [DummyConnection Server connection - model.nation.english]
May 13, 2017 5:01:21 AM net.sf.freecol.server.networking.Server sendToAll
INFO: Reap dead connection: [DummyConnection Server connection - model.nation.apache]
May 13, 2017 5:01:21 AM net.sf.freecol.server.networking.Server sendToAll
INFO: Reap dead connection: [DummyConnection Server connection - model.nation.inca]
May 13, 2017 5:01:21 AM net.sf.freecol.server.networking.Server sendToAll
INFO: Reap dead connection: [DummyConnection Server connection - model.nation.sioux]
May 13, 2017 5:01:21 AM net.sf.freecol.server.networking.Server sendToAll
INFO: Reap dead connection: [DummyConnection Server connection - model.nation.dutch]
May 13, 2017 5:01:21 AM net.sf.freecol.server.networking.Server sendToAll
INFO: Reap dead connection: [DummyConnection Server connection - model.nation.cherokee]
May 13, 2017 5:01:21 AM net.sf.freecol.server.networking.Server sendToAll
INFO: Reap dead connection: [DummyConnection Server connection - model.nation.aztec]
May 13, 2017 5:01:21 AM net.sf.freecol.server.networking.Server sendToAll
INFO: Reap dead connection: [DummyConnection Server connection - model.nation.arawak]
May 13, 2017 5:01:21 AM net.sf.freecol.common.model.Specification applyDifficultyLevel
INFO: Applying difficulty level model.difficulty.medium
May 13, 2017 5:01:21 AM net.sf.freecol.common.FreeColSeed getFreeColSeed
INFO: Using seed: 8237183769119597869
May 13, 2017 5:01:21 AM net.sf.freecol.server.networking.Server sendToAll
INFO: Reap dead connection: [DummyConnection Server connection - model.nation.cherokee]
May 13, 2017 5:01:21 AM net.sf.freecol.server.networking.Server sendToAll
INFO: Reap dead connection: [DummyConnection Server connection - model.nation.spanish]
May 13, 2017 5:01:21 AM net.sf.freecol.server.networking.Server sendToAll
INFO: Reap dead connection: [DummyConnection Server connection - model.nation.arawak]
May 13, 2017 5:01:21 AM net.sf.freecol.server.networking.Server sendToAll
INFO: Reap dead connection: [DummyConnection Server connection - model.nation.inca]
May 13, 2017 5:01:21 AM net.sf.freecol.server.networking.Server sendToAll
INFO: Reap dead connection: [DummyConnection Server connection - model.nation.sioux]
May 13, 2017 5:01:21 AM net.sf.freecol.server.networking.Server sendToAll
INFO: Reap dead connection: [DummyConnection Server connection - model.nation.french]
May 13, 2017 5:01:21 AM net.sf.freecol.server.networking.Server sendToAll
INFO: Reap dead connection: [DummyConnection Server connection - model.nation.apache]
May 13, 2017 5:01:21 AM net.sf.freecol.server.networking.Server sendToAll
INFO: Reap dead connection: [DummyConnection Server connection - model.nation.tupi]
May 13, 2017 5:01:21 AM net.sf.freecol.server.networking.Server sendToAll
INFO: Reap dead connection: [DummyConnection Server connection - model.nation.aztec]
May 13, 2017 5:01:21 AM net.sf.freecol.server.networking.Server sendToAll
INFO: Reap dead connection: [DummyConnection Server connection - model.nation.dutch]
May 13, 2017 5:01:21 AM net.sf.freecol.server.networking.Server sendToAll
INFO: Reap dead connection: [DummyConnection Server connection - model.nation.iroquois]
May 13, 2017 5:01:21 AM net.sf.freecol.server.networking.Server sendToAll
INFO: Reap dead connection: [DummyConnection Server connection - model.nation.english]
May 13, 2017 5:01:21 AM net.sf.freecol.common.model.Specification applyDifficultyLevel
INFO: Applying difficulty level model.difficulty.medium
May 13, 2017 5:01:21 AM net.sf.freecol.common.FreeColSeed getFreeColSeed
INFO: Using seed: 5628623054276378049
May 13, 2017 5:01:21 AM net.sf.freecol.server.networking.Server sendToAll
INFO: Reap dead connection: [DummyConnection Server connection - model.nation.arawak]
May 13, 2017 5:01:21 AM net.sf.freecol.server.networking.Server sendToAll
INFO: Reap dead connection: [DummyConnection Server connection - model.nation.english]
May 13, 2017 5:01:21 AM net.sf.freecol.server.networking.Server sendToAll
INFO: Reap dead connection: [DummyConnection Server connection - model.nation.dutch]
May 13, 2017 5:01:21 AM net.sf.freecol.server.networking.Server sendToAll
INFO: Reap dead connection: [DummyConnection Server connection - model.nation.tupi]
May 13, 2017 5:01:21 AM net.sf.freecol.server.networking.Server sendToAll
INFO: Reap dead connection: [DummyConnection Server connection - model.nation.iroquois]
May 13, 2017 5:01:21 AM net.sf.freecol.server.networking.Server sendToAll
INFO: Reap dead connection: [DummyConnection Server connection - model.nation.apache]
May 13, 2017 5:01:21 AM net.sf.freecol.server.networking.Server sendToAll
INFO: Reap dead connection: [DummyConnection Server connection - model.nation.inca]
May 13, 2017 5:01:21 AM net.sf.freecol.server.networking.Server sendToAll
INFO: Reap dead connection: [DummyConnection Server connection - model.nation.spanish]
May 13, 2017 5:01:21 AM net.sf.freecol.server.networking.Server sendToAll
INFO: Reap dead connection: [DummyConnection Server connection - model.nation.aztec]
May 13, 2017 5:01:21 AM net.sf.freecol.server.networking.Server sendToAll
INFO: Reap dead connection: [DummyConnection Server connection - model.nation.cherokee]
May 13, 2017 5:01:21 AM net.sf.freecol.server.networking.Server sendToAll
INFO: Reap dead connection: [DummyConnection Server connection - model.nation.sioux]
May 13, 2017 5:01:21 AM net.sf.freecol.server.networking.Server sendToAll
INFO: Reap dead connection: [DummyConnection Server connection - model.nation.french]
May 13, 2017 5:01:21 AM net.sf.freecol.common.util.LogBuilder log
INFO: Destroying: tileImprovement:248
May 13, 2017 5:01:21 AM net.sf.freecol.common.model.Specification applyDifficultyLevel
INFO: Applying difficulty level model.difficulty.medium
May 13, 2017 5:01:21 AM net.sf.freecol.common.FreeColSeed getFreeColSeed
INFO: Using seed: 5935912821972192053
May 13, 2017 5:01:21 AM net.sf.freecol.server.networking.Server sendToAll
INFO: Reap dead connection: [DummyConnection Server connection - model.nation.inca]
May 13, 2017 5:01:21 AM net.sf.freecol.server.networking.Server sendToAll
INFO: Reap dead connection: [DummyConnection Server connection - model.nation.aztec]
May 13, 2017 5:01:21 AM net.sf.freecol.server.networking.Server sendToAll
INFO: Reap dead connection: [DummyConnection Server connection - model.nation.tupi]
May 13, 2017 5:01:21 AM net.sf.freecol.server.networking.Server sendToAll
INFO: Reap dead connection: [DummyConnection Server connection - model.nation.dutch]
May 13, 2017 5:01:21 AM net.sf.freecol.server.networking.Server sendToAll
INFO: Reap dead connection: [DummyConnection Server connection - model.nation.iroquois]
May 13, 2017 5:01:21 AM net.sf.freecol.server.networking.Server sendToAll
INFO: Reap dead connection: [DummyConnection Server connection - model.nation.spanish]
May 13, 2017 5:01:21 AM net.sf.freecol.server.networking.Server sendToAll
INFO: Reap dead connection: [DummyConnection Server connection - model.nation.apache]
May 13, 2017 5:01:21 AM net.sf.freecol.server.networking.Server sendToAll
INFO: Reap dead connection: [DummyConnection Server connection - model.nation.cherokee]
May 13, 2017 5:01:21 AM net.sf.freecol.server.networking.Server sendToAll
INFO: Reap dead connection: [DummyConnection Server connection - model.nation.sioux]
May 13, 2017 5:01:21 AM net.sf.freecol.server.networking.Server sendToAll
INFO: Reap dead connection: [DummyConnection Server connection - model.nation.french]
May 13, 2017 5:01:21 AM net.sf.freecol.server.networking.Server sendToAll
INFO: Reap dead connection: [DummyConnection Server connection - model.nation.arawak]
May 13, 2017 5:01:21 AM net.sf.freecol.server.networking.Server sendToAll
INFO: Reap dead connection: [DummyConnection Server connection - model.nation.english]
May 13, 2017 5:01:21 AM net.sf.freecol.common.util.LogBuilder log
INFO: Destroying: tileImprovement:252
May 13, 2017 5:01:21 AM net.sf.freecol.common.model.Specification applyDifficultyLevel
INFO: Applying difficulty level model.difficulty.medium
May 13, 2017 5:01:21 AM net.sf.freecol.common.FreeColSeed getFreeColSeed
INFO: Using seed: 5855041321243389644
May 13, 2017 5:01:21 AM net.sf.freecol.server.networking.Server sendToAll
INFO: Reap dead connection: [DummyConnection Server connection - model.nation.tupi]
May 13, 2017 5:01:21 AM net.sf.freecol.server.networking.Server sendToAll
INFO: Reap dead connection: [DummyConnection Server connection - model.nation.spanish]
May 13, 2017 5:01:21 AM net.sf.freecol.server.networking.Server sendToAll
INFO: Reap dead connection: [DummyConnection Server connection - model.nation.french]
May 13, 2017 5:01:21 AM net.sf.freecol.server.networking.Server sendToAll
INFO: Reap dead connection: [DummyConnection Server connection - model.nation.iroquois]
May 13, 2017 5:01:21 AM net.sf.freecol.server.networking.Server sendToAll
INFO: Reap dead connection: [DummyConnection Server connection - model.nation.aztec]
May 13, 2017 5:01:21 AM net.sf.freecol.server.networking.Server sendToAll
INFO: Reap dead connection: [DummyConnection Server connection - model.nation.cherokee]
May 13, 2017 5:01:21 AM net.sf.freecol.server.networking.Server sendToAll
INFO: Reap dead connection: [DummyConnection Server connection - model.nation.inca]
May 13, 2017 5:01:21 AM net.sf.freecol.server.networking.Server sendToAll
INFO: Reap dead connection: [DummyConnection Server connection - model.nation.sioux]
May 13, 2017 5:01:21 AM net.sf.freecol.server.networking.Server sendToAll
INFO: Reap dead connection: [DummyConnection Server connection - model.nation.arawak]
May 13, 2017 5:01:21 AM net.sf.freecol.server.networking.Server sendToAll
INFO: Reap dead connection: [DummyConnection Server connection - model.nation.english]
May 13, 2017 5:01:21 AM net.sf.freecol.server.networking.Server sendToAll
INFO: Reap dead connection: [DummyConnection Server connection - model.nation.apache]
May 13, 2017 5:01:21 AM net.sf.freecol.server.networking.Server sendToAll
INFO: Reap dead connection: [DummyConnection Server connection - model.nation.dutch]
May 13, 2017 5:01:21 AM net.sf.freecol.common.model.Specification applyDifficultyLevel
INFO: Applying difficulty level model.difficulty.medium
May 13, 2017 5:01:21 AM net.sf.freecol.common.FreeColSeed getFreeColSeed
INFO: Using seed: -7877786781131768242
May 13, 2017 5:01:21 AM net.sf.freecol.server.networking.Server sendToAll
INFO: Reap dead connection: [DummyConnection Server connection - model.nation.apache]
May 13, 2017 5:01:21 AM net.sf.freecol.server.networking.Server sendToAll
INFO: Reap dead connection: [DummyConnection Server connection - model.nation.sioux]
May 13, 2017 5:01:21 AM net.sf.freecol.server.networking.Server sendToAll
INFO: Reap dead connection: [DummyConnection Server connection - model.nation.arawak]
May 13, 2017 5:01:21 AM net.sf.freecol.server.networking.Server sendToAll
INFO: Reap dead connection: [DummyConnection Server connection - model.nation.cherokee]
May 13, 2017 5:01:21 AM net.sf.freecol.server.networking.Server sendToAll
INFO: Reap dead connection: [DummyConnection Server connection - model.nation.inca]
May 13, 2017 5:01:21 AM net.sf.freecol.server.networking.Server sendToAll
INFO: Reap dead connection: [DummyConnection Server connection - model.nation.tupi]
May 13, 2017 5:01:21 AM net.sf.freecol.server.networking.Server sendToAll
INFO: Reap dead connection: [DummyConnection Server connection - model.nation.english]
May 13, 2017 5:01:21 AM net.sf.freecol.server.networking.Server sendToAll
INFO: Reap dead connection: [DummyConnection Server connection - model.nation.iroquois]
May 13, 2017 5:01:21 AM net.sf.freecol.server.networking.Server sendToAll
INFO: Reap dead connection: [DummyConnection Server connection - model.nation.spanish]
May 13, 2017 5:01:21 AM net.sf.freecol.server.networking.Server sendToAll
INFO: Reap dead connection: [DummyConnection Server connection - model.nation.french]
May 13, 2017 5:01:21 AM net.sf.freecol.server.networking.Server sendToAll
INFO: Reap dead connection: [DummyConnection Server connection - model.nation.dutch]
May 13, 2017 5:01:21 AM net.sf.freecol.server.networking.Server sendToAll
INFO: Reap dead connection: [DummyConnection Server connection - model.nation.aztec]
May 13, 2017 5:01:21 AM net.sf.freecol.common.model.Specification applyDifficultyLevel
INFO: Applying difficulty level model.difficulty.medium
May 13, 2017 5:01:21 AM net.sf.freecol.common.FreeColSeed getFreeColSeed
INFO: Using seed: 113290410413538262
May 13, 2017 5:01:21 AM net.sf.freecol.server.networking.Server sendToAll
INFO: Reap dead connection: [DummyConnection Server connection - model.nation.apache]
May 13, 2017 5:01:21 AM net.sf.freecol.server.networking.Server sendToAll
INFO: Reap dead connection: [DummyConnection Server connection - model.nation.arawak]
May 13, 2017 5:01:21 AM net.sf.freecol.server.networking.Server sendToAll
INFO: Reap dead connection: [DummyConnection Server connection - model.nation.tupi]
May 13, 2017 5:01:21 AM net.sf.freecol.server.networking.Server sendToAll
INFO: Reap dead connection: [DummyConnection Server connection - model.nation.english]
May 13, 2017 5:01:21 AM net.sf.freecol.server.networking.Server sendToAll
INFO: Reap dead connection: [DummyConnection Server connection - model.nation.inca]
May 13, 2017 5:01:21 AM net.sf.freecol.server.networking.Server sendToAll
INFO: Reap dead connection: [DummyConnection Server connection - model.nation.dutch]
May 13, 2017 5:01:21 AM net.sf.freecol.server.networking.Server sendToAll
INFO: Reap dead connection: [DummyConnection Server connection - model.nation.aztec]
May 13, 2017 5:01:21 AM net.sf.freecol.server.networking.Server sendToAll
INFO: Reap dead connection: [DummyConnection Server connection - model.nation.spanish]
May 13, 2017 5:01:21 AM net.sf.freecol.server.networking.Server sendToAll
INFO: Reap dead connection: [DummyConnection Server connection - model.nation.iroquois]
May 13, 2017 5:01:21 AM net.sf.freecol.server.networking.Server sendToAll
INFO: Reap dead connection: [DummyConnection Server connection - model.nation.sioux]
May 13, 2017 5:01:21 AM net.sf.freecol.server.networking.Server sendToAll
INFO: Reap dead connection: [DummyConnection Server connection - model.nation.cherokee]
May 13, 2017 5:01:21 AM net.sf.freecol.server.networking.Server sendToAll
INFO: Reap dead connection: [DummyConnection Server connection - model.nation.french]
May 13, 2017 5:01:21 AM net.sf.freecol.common.util.LogBuilder log
INFO: Destroying: tileImprovement:274
May 13, 2017 5:01:21 AM net.sf.freecol.common.util.LogBuilder log
INFO: Destroying: tileImprovement:276
May 13, 2017 5:01:21 AM net.sf.freecol.common.model.Specification applyDifficultyLevel
INFO: Applying difficulty level model.difficulty.medium
May 13, 2017 5:01:21 AM net.sf.freecol.common.FreeColSeed getFreeColSeed
INFO: Using seed: 3063679788225765967
May 13, 2017 5:01:21 AM net.sf.freecol.server.networking.Server sendToAll
INFO: Reap dead connection: [DummyConnection Server connection - model.nation.french]
May 13, 2017 5:01:21 AM net.sf.freecol.server.networking.Server sendToAll
INFO: Reap dead connection: [DummyConnection Server connection - model.nation.cherokee]
May 13, 2017 5:01:21 AM net.sf.freecol.server.networking.Server sendToAll
INFO: Reap dead connection: [DummyConnection Server connection - model.nation.arawak]
May 13, 2017 5:01:21 AM net.sf.freecol.server.networking.Server sendToAll
INFO: Reap dead connection: [DummyConnection Server connection - model.nation.inca]
May 13, 2017 5:01:21 AM net.sf.freecol.server.networking.Server sendToAll
INFO: Reap dead connection: [DummyConnection Server connection - model.nation.iroquois]
May 13, 2017 5:01:21 AM net.sf.freecol.server.networking.Server sendToAll
INFO: Reap dead connection: [DummyConnection Server connection - model.nation.apache]
May 13, 2017 5:01:21 AM net.sf.freecol.server.networking.Server sendToAll
INFO: Reap dead connection: [DummyConnection Server connection - model.nation.sioux]
May 13, 2017 5:01:21 AM net.sf.freecol.server.networking.Server sendToAll
INFO: Reap dead connection: [DummyConnection Server connection - model.nation.spanish]
May 13, 2017 5:01:21 AM net.sf.freecol.server.networking.Server sendToAll
INFO: Reap dead connection: [DummyConnection Server connection - model.nation.english]
May 13, 2017 5:01:21 AM net.sf.freecol.server.networking.Server sendToAll
INFO: Reap dead connection: [DummyConnection Server connection - model.nation.aztec]
May 13, 2017 5:01:21 AM net.sf.freecol.server.networking.Server sendToAll
INFO: Reap dead connection: [DummyConnection Server connection - model.nation.tupi]
May 13, 2017 5:01:21 AM net.sf.freecol.server.networking.Server sendToAll
INFO: Reap dead connection: [DummyConnection Server connection - model.nation.dutch]
May 13, 2017 5:01:21 AM net.sf.freecol.common.model.LandMap <init>
INFO: Using land generator model.option.landGeneratorType.classic
May 13, 2017 5:01:21 AM net.sf.freecol.common.util.LogBuilder log
INFO: Destroying: tileImprovement:4066
May 13, 2017 5:01:21 AM net.sf.freecol.common.util.LogBuilder log
INFO: Destroying: tileImprovement:4068
May 13, 2017 5:01:21 AM net.sf.freecol.common.util.LogBuilder log
INFO: Destroying: tileImprovement:4070
May 13, 2017 5:01:21 AM net.sf.freecol.common.util.LogBuilder log
INFO: Destroying: tileImprovement:4047
May 13, 2017 5:01:21 AM net.sf.freecol.common.util.LogBuilder log
INFO: Destroying: tileImprovement:4049
May 13, 2017 5:01:21 AM net.sf.freecol.common.util.LogBuilder log
INFO: Destroying: tileImprovement:4051
May 13, 2017 5:01:21 AM net.sf.freecol.common.util.LogBuilder log
INFO: Destroying: tileImprovement:4053
May 13, 2017 5:01:21 AM net.sf.freecol.common.util.LogBuilder log
INFO: Destroying: tileImprovement:4055
May 13, 2017 5:01:21 AM net.sf.freecol.common.util.LogBuilder log
INFO: Destroying: tileImprovement:4057
May 13, 2017 5:01:21 AM net.sf.freecol.common.util.LogBuilder log
INFO: Destroying: tileImprovement:4059
May 13, 2017 5:01:21 AM net.sf.freecol.common.util.LogBuilder log
INFO: Destroying: tileImprovement:4202
May 13, 2017 5:01:21 AM net.sf.freecol.common.util.LogBuilder log
INFO: Destroying: tileImprovement:4204
May 13, 2017 5:01:21 AM net.sf.freecol.common.util.LogBuilder log
INFO: Destroying: tileImprovement:4206
May 13, 2017 5:01:21 AM net.sf.freecol.common.util.LogBuilder log
INFO: Destroying: tileImprovement:4208
May 13, 2017 5:01:21 AM net.sf.freecol.common.util.LogBuilder log
INFO: Destroying: tileImprovement:4210
May 13, 2017 5:01:21 AM net.sf.freecol.common.util.LogBuilder log
INFO: Destroying: tileImprovement:4212
May 13, 2017 5:01:21 AM net.sf.freecol.common.util.LogBuilder log
INFO: Destroying: tileImprovement:4236
May 13, 2017 5:01:21 AM net.sf.freecol.common.util.LogBuilder log
INFO: Destroying: tileImprovement:4237
May 13, 2017 5:01:21 AM net.sf.freecol.common.util.LogBuilder log
INFO: Destroying: tileImprovement:4238
May 13, 2017 5:01:21 AM net.sf.freecol.common.util.LogBuilder log
INFO: Destroying: tileImprovement:4239
May 13, 2017 5:01:21 AM net.sf.freecol.common.util.LogBuilder log
INFO: Destroying: tileImprovement:4240
May 13, 2017 5:01:21 AM net.sf.freecol.common.util.LogBuilder log
INFO: Destroying: tileImprovement:4241
May 13, 2017 5:01:21 AM net.sf.freecol.common.util.LogBuilder log
INFO: Destroying: tileImprovement:4242
May 13, 2017 5:01:21 AM net.sf.freecol.common.util.LogBuilder log
INFO: Destroying: tileImprovement:4260
May 13, 2017 5:01:21 AM net.sf.freecol.common.util.LogBuilder log
INFO: Destroying: tileImprovement:4262
May 13, 2017 5:01:21 AM net.sf.freecol.common.util.LogBuilder log
INFO: Destroying: tileImprovement:4264
May 13, 2017 5:01:21 AM net.sf.freecol.common.util.LogBuilder log
INFO: Destroying: tileImprovement:4254
May 13, 2017 5:01:21 AM net.sf.freecol.common.util.LogBuilder log
INFO: Destroying: tileImprovement:4255
May 13, 2017 5:01:21 AM net.sf.freecol.common.util.LogBuilder log
INFO: Destroying: tileImprovement:4256
May 13, 2017 5:01:21 AM net.sf.freecol.common.util.LogBuilder log
INFO: Destroying: tileImprovement:4257
May 13, 2017 5:01:21 AM net.sf.freecol.common.util.LogBuilder log
INFO: Destroying: tileImprovement:4258
May 13, 2017 5:01:21 AM net.sf.freecol.common.util.LogBuilder log
INFO: Destroying: tileImprovement:4259
May 13, 2017 5:01:21 AM net.sf.freecol.common.util.LogBuilder log
INFO: Destroying: tileImprovement:4183
May 13, 2017 5:01:21 AM net.sf.freecol.common.util.LogBuilder log
INFO: Destroying: tileImprovement:4185
May 13, 2017 5:01:21 AM net.sf.freecol.common.util.LogBuilder log
INFO: Destroying: tileImprovement:4187
May 13, 2017 5:01:21 AM net.sf.freecol.common.util.LogBuilder log
INFO: Destroying: tileImprovement:4189
May 13, 2017 5:01:21 AM net.sf.freecol.common.util.LogBuilder log
INFO: Destroying: tileImprovement:4062
May 13, 2017 5:01:21 AM net.sf.freecol.common.util.LogBuilder log
INFO: Destroying: tileImprovement:4064
May 13, 2017 5:01:21 AM net.sf.freecol.common.util.LogBuilder log
INFO: Destroying: tileImprovement:4217
May 13, 2017 5:01:21 AM net.sf.freecol.common.util.LogBuilder log
INFO: Destroying: tileImprovement:4218
May 13, 2017 5:01:21 AM net.sf.freecol.common.util.LogBuilder log
INFO: Destroying: tileImprovement:4219
May 13, 2017 5:01:21 AM net.sf.freecol.common.util.LogBuilder log
INFO: Destroying: tileImprovement:4192
May 13, 2017 5:01:21 AM net.sf.freecol.common.util.LogBuilder log
INFO: Destroying: tileImprovement:4194
May 13, 2017 5:01:21 AM net.sf.freecol.common.util.LogBuilder log
INFO: Destroying: tileImprovement:4196
May 13, 2017 5:01:21 AM net.sf.freecol.common.util.LogBuilder log
INFO: Destroying: tileImprovement:4157
May 13, 2017 5:01:21 AM net.sf.freecol.common.util.LogBuilder log
INFO: Destroying: tileImprovement:4159
May 13, 2017 5:01:21 AM net.sf.freecol.common.util.LogBuilder log
INFO: Destroying: tileImprovement:4161
May 13, 2017 5:01:21 AM net.sf.freecol.common.util.LogBuilder log
INFO: Destroying: tileImprovement:4163
May 13, 2017 5:01:21 AM net.sf.freecol.common.util.LogBuilder log
INFO: Destroying: tileImprovement:4165
May 13, 2017 5:01:21 AM net.sf.freecol.common.util.LogBuilder log
INFO: Destroying: tileImprovement:4167
May 13, 2017 5:01:21 AM net.sf.freecol.common.util.LogBuilder log
INFO: Destroying: tileImprovement:4169
May 13, 2017 5:01:21 AM net.sf.freecol.common.util.LogBuilder log
INFO: Destroying: tileImprovement:4171
May 13, 2017 5:01:21 AM net.sf.freecol.common.util.LogBuilder log
INFO: Destroying: tileImprovement:4173
May 13, 2017 5:01:21 AM net.sf.freecol.common.util.LogBuilder log
INFO: Destroying: tileImprovement:4175
May 13, 2017 5:01:21 AM net.sf.freecol.common.util.LogBuilder log
INFO: Destroying: tileImprovement:4177
May 13, 2017 5:01:21 AM net.sf.freecol.common.util.LogBuilder log
INFO: Destroying: tileImprovement:4179
May 13, 2017 5:01:21 AM net.sf.freecol.common.util.LogBuilder log
INFO: Destroying: tileImprovement:4181
May 13, 2017 5:01:21 AM net.sf.freecol.common.util.LogBuilder log
INFO: Destroying: tileImprovement:4363
May 13, 2017 5:01:21 AM net.sf.freecol.common.util.LogBuilder log
INFO: Destroying: tileImprovement:4364
May 13, 2017 5:01:21 AM net.sf.freecol.common.util.LogBuilder log
INFO: Destroying: tileImprovement:4365
May 13, 2017 5:01:21 AM net.sf.freecol.common.util.LogBuilder log
INFO: Destroying: tileImprovement:4366
May 13, 2017 5:01:21 AM net.sf.freecol.common.util.LogBuilder log
INFO: Destroying: tileImprovement:4514
May 13, 2017 5:01:21 AM net.sf.freecol.common.util.LogBuilder log
INFO: Destroying: tileImprovement:4516
May 13, 2017 5:01:21 AM net.sf.freecol.common.util.LogBuilder log
INFO: Destroying: tileImprovement:4518
May 13, 2017 5:01:21 AM net.sf.freecol.common.util.LogBuilder log
INFO: Destroying: tileImprovement:4520
May 13, 2017 5:01:21 AM net.sf.freecol.common.util.LogBuilder log
INFO: Destroying: tileImprovement:4522
May 13, 2017 5:01:21 AM net.sf.freecol.common.util.LogBuilder log
INFO: Destroying: tileImprovement:4524
May 13, 2017 5:01:21 AM net.sf.freecol.common.util.LogBuilder log
INFO: Destroying: tileImprovement:4526
May 13, 2017 5:01:21 AM net.sf.freecol.common.util.LogBuilder log
INFO: Destroying: tileImprovement:4528
May 13, 2017 5:01:21 AM net.sf.freecol.common.util.LogBuilder log
INFO: Destroying: tileImprovement:4506
May 13, 2017 5:01:21 AM net.sf.freecol.common.util.LogBuilder log
INFO: Destroying: tileImprovement:4508
May 13, 2017 5:01:21 AM net.sf.freecol.common.util.LogBuilder log
INFO: Destroying: tileImprovement:4510
May 13, 2017 5:01:21 AM net.sf.freecol.common.util.LogBuilder log
INFO: Destroying: tileImprovement:4512
May 13, 2017 5:01:21 AM net.sf.freecol.common.util.LogBuilder log
INFO: Destroying: tileImprovement:4550
May 13, 2017 5:01:21 AM net.sf.freecol.common.util.LogBuilder log
INFO: Destroying: tileImprovement:4551
May 13, 2017 5:01:21 AM net.sf.freecol.common.util.LogBuilder log
INFO: Destroying: tileImprovement:4552
May 13, 2017 5:01:21 AM net.sf.freecol.common.util.LogBuilder log
INFO: Destroying: tileImprovement:4553
May 13, 2017 5:01:21 AM net.sf.freecol.common.util.LogBuilder log
INFO: Destroying: tileImprovement:4554
May 13, 2017 5:01:21 AM net.sf.freecol.common.util.LogBuilder log
INFO: Destroying: tileImprovement:4555
May 13, 2017 5:01:21 AM net.sf.freecol.common.util.LogBuilder log
INFO: Destroying: tileImprovement:4556
May 13, 2017 5:01:21 AM net.sf.freecol.common.util.LogBuilder log
INFO: Destroying: tileImprovement:4557
May 13, 2017 5:01:21 AM net.sf.freecol.common.util.LogBuilder log
INFO: Destroying: tileImprovement:4376
May 13, 2017 5:01:21 AM net.sf.freecol.common.util.LogBuilder log
INFO: Destroying: tileImprovement:4377
May 13, 2017 5:01:21 AM net.sf.freecol.common.util.LogBuilder log
INFO: Destroying: tileImprovement:4486
May 13, 2017 5:01:21 AM net.sf.freecol.common.util.LogBuilder log
INFO: Destroying: tileImprovement:4488
May 13, 2017 5:01:21 AM net.sf.freecol.common.util.LogBuilder log
INFO: Destroying: tileImprovement:4490
May 13, 2017 5:01:21 AM net.sf.freecol.common.util.LogBuilder log
INFO: Destroying: tileImprovement:4492
May 13, 2017 5:01:21 AM net.sf.freecol.common.util.LogBuilder log
INFO: Destroying: tileImprovement:4494
May 13, 2017 5:01:21 AM net.sf.freecol.common.util.LogBuilder log
INFO: Destroying: tileImprovement:4496
May 13, 2017 5:01:21 AM net.sf.freecol.common.util.LogBuilder log
INFO: Destroying: tileImprovement:4473
May 13, 2017 5:01:21 AM net.sf.freecol.common.util.LogBuilder log
INFO: Destroying: tileImprovement:4474
May 13, 2017 5:01:21 AM net.sf.freecol.common.util.LogBuilder log
INFO: Destroying: tileImprovement:4475
May 13, 2017 5:01:21 AM net.sf.freecol.common.util.LogBuilder log
INFO: Destroying: tileImprovement:4476
May 13, 2017 5:01:21 AM net.sf.freecol.common.util.LogBuilder log
INFO: Destroying: tileImprovement:4477
May 13, 2017 5:01:21 AM net.sf.freecol.common.util.LogBuilder log
INFO: Destroying: tileImprovement:4478
May 13, 2017 5:01:21 AM net.sf.freecol.common.util.LogBuilder log
INFO: Destroying: tileImprovement:4479
May 13, 2017 5:01:21 AM net.sf.freecol.common.util.LogBuilder log
INFO: Destroying: tileImprovement:4480
May 13, 2017 5:01:21 AM net.sf.freecol.common.util.LogBuilder log
INFO: Destroying: tileImprovement:4481
May 13, 2017 5:01:21 AM net.sf.freecol.common.util.LogBuilder log
INFO: Destroying: tileImprovement:4482
May 13, 2017 5:01:21 AM net.sf.freecol.common.util.LogBuilder log
INFO: Destroying: tileImprovement:4483
May 13, 2017 5:01:21 AM net.sf.freecol.common.util.LogBuilder log
INFO: Destroying: tileImprovement:4484
May 13, 2017 5:01:21 AM net.sf.freecol.common.util.LogBuilder log
INFO: Destroying: tileImprovement:4485
May 13, 2017 5:01:21 AM net.sf.freecol.common.util.LogBuilder log
INFO: Destroying: tileImprovement:4301
May 13, 2017 5:01:21 AM net.sf.freecol.common.util.LogBuilder log
INFO: Destroying: tileImprovement:4303
May 13, 2017 5:01:21 AM net.sf.freecol.common.util.LogBuilder log
INFO: Destroying: tileImprovement:4305
May 13, 2017 5:01:21 AM net.sf.freecol.common.util.LogBuilder log
INFO: Destroying: tileImprovement:4594
May 13, 2017 5:01:21 AM net.sf.freecol.common.util.LogBuilder log
INFO: Destroying: tileImprovement:4596
May 13, 2017 5:01:21 AM net.sf.freecol.common.util.LogBuilder log
INFO: Destroying: tileImprovement:4598
May 13, 2017 5:01:21 AM net.sf.freecol.common.util.LogBuilder log
INFO: Destroying: tileImprovement:4289
May 13, 2017 5:01:21 AM net.sf.freecol.common.util.LogBuilder log
INFO: Destroying: tileImprovement:4291
May 13, 2017 5:01:21 AM net.sf.freecol.common.util.LogBuilder log
INFO: Destroying: tileImprovement:4293
May 13, 2017 5:01:21 AM net.sf.freecol.common.util.LogBuilder log
INFO: Destroying: tileImprovement:4736
May 13, 2017 5:01:21 AM net.sf.freecol.common.util.LogBuilder log
INFO: Destroying: tileImprovement:4737
May 13, 2017 5:01:21 AM net.sf.freecol.common.util.LogBuilder log
INFO: Destroying: tileImprovement:4738
May 13, 2017 5:01:21 AM net.sf.freecol.common.util.LogBuilder log
INFO: Destroying: tileImprovement:4720
May 13, 2017 5:01:21 AM net.sf.freecol.common.util.LogBuilder log
INFO: Destroying: tileImprovement:4722
May 13, 2017 5:01:21 AM net.sf.freecol.common.util.LogBuilder log
INFO: Destroying: tileImprovement:4717
May 13, 2017 5:01:21 AM net.sf.freecol.common.util.LogBuilder log
INFO: Destroying: tileImprovement:4718
May 13, 2017 5:01:21 AM net.sf.freecol.common.util.LogBuilder log
INFO: Destroying: tileImprovement:4719
May 13, 2017 5:01:21 AM net.sf.freecol.common.util.LogBuilder log
INFO: Destroying: tileImprovement:4243
May 13, 2017 5:01:21 AM net.sf.freecol.common.util.LogBuilder log
INFO: Destroying: tileImprovement:4245
May 13, 2017 5:01:21 AM net.sf.freecol.common.util.LogBuilder log
INFO: Destroying: tileImprovement:4247
May 13, 2017 5:01:21 AM net.sf.freecol.common.util.LogBuilder log
INFO: Destroying: tileImprovement:4249
May 13, 2017 5:01:21 AM net.sf.freecol.common.util.LogBuilder log
INFO: Destroying: tileImprovement:4251
May 13, 2017 5:01:21 AM net.sf.freecol.common.util.LogBuilder log
INFO: Destroying: tileImprovement:4590
May 13, 2017 5:01:21 AM net.sf.freecol.common.util.LogBuilder log
INFO: Destroying: tileImprovement:4592
May 13, 2017 5:01:21 AM net.sf.freecol.server.FreeColServer readGame
INFO: Found savegame version 11
May 13, 2017 5:01:21 AM net.sf.freecol.server.FreeColServer readGame
INFO: Imported file data/maps/Africa.fsg
May 13, 2017 5:01:21 AM net.sf.freecol.server.FreeColServer readGame
INFO: Found savegame version 13
May 13, 2017 5:01:21 AM net.sf.freecol.server.FreeColServer readGame
INFO: Imported file data/maps/America_large.fsg
May 13, 2017 5:01:21 AM net.sf.freecol.server.FreeColServer readGame
INFO: Found savegame version 11
May 13, 2017 5:01:21 AM net.sf.freecol.server.FreeColServer readGame
INFO: Imported file data/maps/Australia.fsg
May 13, 2017 5:01:21 AM net.sf.freecol.server.FreeColServer readGame
INFO: Found savegame version 11
May 13, 2017 5:01:21 AM net.sf.freecol.server.FreeColServer readGame
INFO: Imported file data/maps/Caribbean_basin.fsg
May 13, 2017 5:01:21 AM net.sf.freecol.common.model.LandMap <init>
INFO: Using land generator model.option.landGeneratorType.classic
May 13, 2017 5:01:21 AM net.sf.freecol.common.util.LogBuilder log
INFO: Destroying: tileImprovement:4045
May 13, 2017 5:01:21 AM net.sf.freecol.common.util.LogBuilder log
INFO: Destroying: tileImprovement:4047
May 13, 2017 5:01:21 AM net.sf.freecol.common.util.LogBuilder log
INFO: Destroying: tileImprovement:4049
May 13, 2017 5:01:21 AM net.sf.freecol.common.util.LogBuilder log
INFO: Destroying: tileImprovement:4026
May 13, 2017 5:01:21 AM net.sf.freecol.common.util.LogBuilder log
INFO: Destroying: tileImprovement:4028
May 13, 2017 5:01:21 AM net.sf.freecol.common.util.LogBuilder log
INFO: Destroying: tileImprovement:4030
May 13, 2017 5:01:21 AM net.sf.freecol.common.util.LogBuilder log
INFO: Destroying: tileImprovement:4032
May 13, 2017 5:01:21 AM net.sf.freecol.common.util.LogBuilder log
INFO: Destroying: tileImprovement:4034
May 13, 2017 5:01:21 AM net.sf.freecol.common.util.LogBuilder log
INFO: Destroying: tileImprovement:4036
May 13, 2017 5:01:21 AM net.sf.freecol.common.util.LogBuilder log
INFO: Destroying: tileImprovement:4038
May 13, 2017 5:01:21 AM net.sf.freecol.common.util.LogBuilder log
INFO: Destroying: tileImprovement:4181
May 13, 2017 5:01:21 AM net.sf.freecol.common.util.LogBuilder log
INFO: Destroying: tileImprovement:4183
May 13, 2017 5:01:21 AM net.sf.freecol.common.util.LogBuilder log
INFO: Destroying: tileImprovement:4185
May 13, 2017 5:01:21 AM net.sf.freecol.common.util.LogBuilder log
INFO: Destroying: tileImprovement:4187
May 13, 2017 5:01:21 AM net.sf.freecol.common.util.LogBuilder log
INFO: Destroying: tileImprovement:4189
May 13, 2017 5:01:21 AM net.sf.freecol.common.util.LogBuilder log
INFO: Destroying: tileImprovement:4191
May 13, 2017 5:01:21 AM net.sf.freecol.common.util.LogBuilder log
INFO: Destroying: tileImprovement:4215
May 13, 2017 5:01:21 AM net.sf.freecol.common.util.LogBuilder log
INFO: Destroying: tileImprovement:4216
May 13, 2017 5:01:21 AM net.sf.freecol.common.util.LogBuilder log
INFO: Destroying: tileImprovement:4217
May 13, 2017 5:01:21 AM net.sf.freecol.common.util.LogBuilder log
INFO: Destroying: tileImprovement:4218
May 13, 2017 5:01:21 AM net.sf.freecol.common.util.LogBuilder log
INFO: Destroying: tileImprovement:4219
May 13, 2017 5:01:21 AM net.sf.freecol.common.util.LogBuilder log
INFO: Destroying: tileImprovement:4220
May 13, 2017 5:01:21 AM net.sf.freecol.common.util.LogBuilder log
INFO: Destroying: tileImprovement:4221
May 13, 2017 5:01:21 AM net.sf.freecol.common.util.LogBuilder log
INFO: Destroying: tileImprovement:4239
May 13, 2017 5:01:21 AM net.sf.freecol.common.util.LogBuilder log
INFO: Destroying: tileImprovement:4241
May 13, 2017 5:01:21 AM net.sf.freecol.common.util.LogBuilder log
INFO: Destroying: tileImprovement:4243
May 13, 2017 5:01:21 AM net.sf.freecol.common.util.LogBuilder log
INFO: Destroying: tileImprovement:4233
May 13, 2017 5:01:21 AM net.sf.freecol.common.util.LogBuilder log
INFO: Destroying: tileImprovement:4234
May 13, 2017 5:01:21 AM net.sf.freecol.common.util.LogBuilder log
INFO: Destroying: tileImprovement:4235
May 13, 2017 5:01:21 AM net.sf.freecol.common.util.LogBuilder log
INFO: Destroying: tileImprovement:4236
May 13, 2017 5:01:21 AM net.sf.freecol.common.util.LogBuilder log
INFO: Destroying: tileImprovement:4237
May 13, 2017 5:01:21 AM net.sf.freecol.common.util.LogBuilder log
INFO: Destroying: tileImprovement:4238
May 13, 2017 5:01:21 AM net.sf.freecol.common.util.LogBuilder log
INFO: Destroying: tileImprovement:4162
May 13, 2017 5:01:21 AM net.sf.freecol.common.util.LogBuilder log
INFO: Destroying: tileImprovement:4164
May 13, 2017 5:01:21 AM net.sf.freecol.common.util.LogBuilder log
INFO: Destroying: tileImprovement:4166
May 13, 2017 5:01:21 AM net.sf.freecol.common.util.LogBuilder log
INFO: Destroying: tileImprovement:4168
May 13, 2017 5:01:21 AM net.sf.freecol.common.util.LogBuilder log
INFO: Destroying: tileImprovement:4041
May 13, 2017 5:01:21 AM net.sf.freecol.common.util.LogBuilder log
INFO: Destroying: tileImprovement:4043
May 13, 2017 5:01:21 AM net.sf.freecol.common.util.LogBuilder log
INFO: Destroying: tileImprovement:4196
May 13, 2017 5:01:21 AM net.sf.freecol.common.util.LogBuilder log
INFO: Destroying: tileImprovement:4197
May 13, 2017 5:01:21 AM net.sf.freecol.common.util.LogBuilder log
INFO: Destroying: tileImprovement:4198
May 13, 2017 5:01:21 AM net.sf.freecol.common.util.LogBuilder log
INFO: Destroying: tileImprovement:4171
May 13, 2017 5:01:21 AM net.sf.freecol.common.util.LogBuilder log
INFO: Destroying: tileImprovement:4173
May 13, 2017 5:01:21 AM net.sf.freecol.common.util.LogBuilder log
INFO: Destroying: tileImprovement:4175
May 13, 2017 5:01:21 AM net.sf.freecol.common.util.LogBuilder log
INFO: Destroying: tileImprovement:4136
May 13, 2017 5:01:21 AM net.sf.freecol.common.util.LogBuilder log
INFO: Destroying: tileImprovement:4138
May 13, 2017 5:01:21 AM net.sf.freecol.common.util.LogBuilder log
INFO: Destroying: tileImprovement:4140
May 13, 2017 5:01:21 AM net.sf.freecol.common.util.LogBuilder log
INFO: Destroying: tileImprovement:4142
May 13, 2017 5:01:21 AM net.sf.freecol.common.util.LogBuilder log
INFO: Destroying: tileImprovement:4144
May 13, 2017 5:01:21 AM net.sf.freecol.common.util.LogBuilder log
INFO: Destroying: tileImprovement:4146
May 13, 2017 5:01:21 AM net.sf.freecol.common.util.LogBuilder log
INFO: Destroying: tileImprovement:4148
May 13, 2017 5:01:21 AM net.sf.freecol.common.util.LogBuilder log
INFO: Destroying: tileImprovement:4150
May 13, 2017 5:01:21 AM net.sf.freecol.common.util.LogBuilder log
INFO: Destroying: tileImprovement:4152
May 13, 2017 5:01:21 AM net.sf.freecol.common.util.LogBuilder log
INFO: Destroying: tileImprovement:4154
May 13, 2017 5:01:21 AM net.sf.freecol.common.util.LogBuilder log
INFO: Destroying: tileImprovement:4156
May 13, 2017 5:01:21 AM net.sf.freecol.common.util.LogBuilder log
INFO: Destroying: tileImprovement:4158
May 13, 2017 5:01:21 AM net.sf.freecol.common.util.LogBuilder log
INFO: Destroying: tileImprovement:4160
May 13, 2017 5:01:21 AM net.sf.freecol.common.util.LogBuilder log
INFO: Destroying: tileImprovement:4342
May 13, 2017 5:01:21 AM net.sf.freecol.common.util.LogBuilder log
INFO: Destroying: tileImprovement:4343
May 13, 2017 5:01:21 AM net.sf.freecol.common.util.LogBuilder log
INFO: Destroying: tileImprovement:4344
May 13, 2017 5:01:21 AM net.sf.freecol.common.util.LogBuilder log
INFO: Destroying: tileImprovement:4345
May 13, 2017 5:01:21 AM net.sf.freecol.common.util.LogBuilder log
INFO: Destroying: tileImprovement:4493
May 13, 2017 5:01:21 AM net.sf.freecol.common.util.LogBuilder log
INFO: Destroying: tileImprovement:4495
May 13, 2017 5:01:21 AM net.sf.freecol.common.util.LogBuilder log
INFO: Destroying: tileImprovement:4497
May 13, 2017 5:01:21 AM net.sf.freecol.common.util.LogBuilder log
INFO: Destroying: tileImprovement:4499
May 13, 2017 5:01:21 AM net.sf.freecol.common.util.LogBuilder log
INFO: Destroying: tileImprovement:4501
May 13, 2017 5:01:21 AM net.sf.freecol.common.util.LogBuilder log
INFO: Destroying: tileImprovement:4503
May 13, 2017 5:01:21 AM net.sf.freecol.common.util.LogBuilder log
INFO: Destroying: tileImprovement:4505
May 13, 2017 5:01:21 AM net.sf.freecol.common.util.LogBuilder log
INFO: Destroying: tileImprovement:4507
May 13, 2017 5:01:21 AM net.sf.freecol.common.util.LogBuilder log
INFO: Destroying: tileImprovement:4485
May 13, 2017 5:01:21 AM net.sf.freecol.common.util.LogBuilder log
INFO: Destroying: tileImprovement:4487
May 13, 2017 5:01:21 AM net.sf.freecol.common.util.LogBuilder log
INFO: Destroying: tileImprovement:4489
May 13, 2017 5:01:21 AM net.sf.freecol.common.util.LogBuilder log
INFO: Destroying: tileImprovement:4491
May 13, 2017 5:01:21 AM net.sf.freecol.common.util.LogBuilder log
INFO: Destroying: tileImprovement:4529
May 13, 2017 5:01:21 AM net.sf.freecol.common.util.LogBuilder log
INFO: Destroying: tileImprovement:4530
May 13, 2017 5:01:21 AM net.sf.freecol.common.util.LogBuilder log
INFO: Destroying: tileImprovement:4531
May 13, 2017 5:01:21 AM net.sf.freecol.common.util.LogBuilder log
INFO: Destroying: tileImprovement:4532
May 13, 2017 5:01:21 AM net.sf.freecol.common.util.LogBuilder log
INFO: Destroying: tileImprovement:4533
May 13, 2017 5:01:21 AM net.sf.freecol.common.util.LogBuilder log
INFO: Destroying: tileImprovement:4534
May 13, 2017 5:01:21 AM net.sf.freecol.common.util.LogBuilder log
INFO: Destroying: tileImprovement:4535
May 13, 2017 5:01:21 AM net.sf.freecol.common.util.LogBuilder log
INFO: Destroying: tileImprovement:4536
May 13, 2017 5:01:21 AM net.sf.freecol.common.util.LogBuilder log
INFO: Destroying: tileImprovement:4355
May 13, 2017 5:01:21 AM net.sf.freecol.common.util.LogBuilder log
INFO: Destroying: tileImprovement:4356
May 13, 2017 5:01:21 AM net.sf.freecol.common.util.LogBuilder log
INFO: Destroying: tileImprovement:4465
May 13, 2017 5:01:21 AM net.sf.freecol.common.util.LogBuilder log
INFO: Destroying: tileImprovement:4467
May 13, 2017 5:01:21 AM net.sf.freecol.common.util.LogBuilder log
INFO: Destroying: tileImprovement:4469
May 13, 2017 5:01:21 AM net.sf.freecol.common.util.LogBuilder log
INFO: Destroying: tileImprovement:4471
May 13, 2017 5:01:21 AM net.sf.freecol.common.util.LogBuilder log
INFO: Destroying: tileImprovement:4473
May 13, 2017 5:01:21 AM net.sf.freecol.common.util.LogBuilder log
INFO: Destroying: tileImprovement:4475
May 13, 2017 5:01:21 AM net.sf.freecol.common.util.LogBuilder log
INFO: Destroying: tileImprovement:4452
May 13, 2017 5:01:21 AM net.sf.freecol.common.util.LogBuilder log
INFO: Destroying: tileImprovement:4453
May 13, 2017 5:01:21 AM net.sf.freecol.common.util.LogBuilder log
INFO: Destroying: tileImprovement:4454
May 13, 2017 5:01:21 AM net.sf.freecol.common.util.LogBuilder log
INFO: Destroying: tileImprovement:4455
May 13, 2017 5:01:21 AM net.sf.freecol.common.util.LogBuilder log
INFO: Destroying: tileImprovement:4456
May 13, 2017 5:01:21 AM net.sf.freecol.common.util.LogBuilder log
INFO: Destroying: tileImprovement:4457
May 13, 2017 5:01:21 AM net.sf.freecol.common.util.LogBuilder log
INFO: Destroying: tileImprovement:4458
May 13, 2017 5:01:21 AM net.sf.freecol.common.util.LogBuilder log
INFO: Destroying: tileImprovement:4459
May 13, 2017 5:01:21 AM net.sf.freecol.common.util.LogBuilder log
INFO: Destroying: tileImprovement:4460
May 13, 2017 5:01:21 AM net.sf.freecol.common.util.LogBuilder log
INFO: Destroying: tileImprovement:4461
May 13, 2017 5:01:21 AM net.sf.freecol.common.util.LogBuilder log
INFO: Destroying: tileImprovement:4462
May 13, 2017 5:01:21 AM net.sf.freecol.common.util.LogBuilder log
INFO: Destroying: tileImprovement:4463
May 13, 2017 5:01:21 AM net.sf.freecol.common.util.LogBuilder log
INFO: Destroying: tileImprovement:4464
May 13, 2017 5:01:21 AM net.sf.freecol.common.util.LogBuilder log
INFO: Destroying: tileImprovement:4280
May 13, 2017 5:01:21 AM net.sf.freecol.common.util.LogBuilder log
INFO: Destroying: tileImprovement:4282
May 13, 2017 5:01:21 AM net.sf.freecol.common.util.LogBuilder log
INFO: Destroying: tileImprovement:4284
May 13, 2017 5:01:21 AM net.sf.freecol.common.util.LogBuilder log
INFO: Destroying: tileImprovement:4573
May 13, 2017 5:01:21 AM net.sf.freecol.common.util.LogBuilder log
INFO: Destroying: tileImprovement:4575
May 13, 2017 5:01:21 AM net.sf.freecol.common.util.LogBuilder log
INFO: Destroying: tileImprovement:4577
May 13, 2017 5:01:21 AM net.sf.freecol.common.util.LogBuilder log
INFO: Destroying: tileImprovement:4268
May 13, 2017 5:01:21 AM net.sf.freecol.common.util.LogBuilder log
INFO: Destroying: tileImprovement:4270
May 13, 2017 5:01:21 AM net.sf.freecol.common.util.LogBuilder log
INFO: Destroying: tileImprovement:4272
May 13, 2017 5:01:21 AM net.sf.freecol.common.util.LogBuilder log
INFO: Destroying: tileImprovement:4715
May 13, 2017 5:01:21 AM net.sf.freecol.common.util.LogBuilder log
INFO: Destroying: tileImprovement:4716
May 13, 2017 5:01:21 AM net.sf.freecol.common.util.LogBuilder log
INFO: Destroying: tileImprovement:4717
May 13, 2017 5:01:21 AM net.sf.freecol.common.util.LogBuilder log
INFO: Destroying: tileImprovement:4699
May 13, 2017 5:01:21 AM net.sf.freecol.common.util.LogBuilder log
INFO: Destroying: tileImprovement:4701
May 13, 2017 5:01:21 AM net.sf.freecol.common.util.LogBuilder log
INFO: Destroying: tileImprovement:4696
May 13, 2017 5:01:21 AM net.sf.freecol.common.util.LogBuilder log
INFO: Destroying: tileImprovement:4697
May 13, 2017 5:01:21 AM net.sf.freecol.common.util.LogBuilder log
INFO: Destroying: tileImprovement:4698
May 13, 2017 5:01:21 AM net.sf.freecol.common.util.LogBuilder log
INFO: Destroying: tileImprovement:4222
May 13, 2017 5:01:21 AM net.sf.freecol.common.util.LogBuilder log
INFO: Destroying: tileImprovement:4224
May 13, 2017 5:01:21 AM net.sf.freecol.common.util.LogBuilder log
INFO: Destroying: tileImprovement:4226
May 13, 2017 5:01:21 AM net.sf.freecol.common.util.LogBuilder log
INFO: Destroying: tileImprovement:4228
May 13, 2017 5:01:21 AM net.sf.freecol.common.util.LogBuilder log
INFO: Destroying: tileImprovement:4230
May 13, 2017 5:01:21 AM net.sf.freecol.common.util.LogBuilder log
INFO: Destroying: tileImprovement:4569
May 13, 2017 5:01:21 AM net.sf.freecol.common.util.LogBuilder log
INFO: Destroying: tileImprovement:4571
May 13, 2017 5:01:21 AM net.sf.freecol.common.model.Game addPlayer
WARNING: Game already full, but tried to add: Dom Manuel I
May 13, 2017 5:01:21 AM net.sf.freecol.common.model.Game addPlayer
WARNING: Game already full, but tried to add: Charles XI
May 13, 2017 5:01:21 AM net.sf.freecol.common.model.Game addPlayer
WARNING: Game already full, but tried to add: Frederick II
May 13, 2017 5:01:21 AM net.sf.freecol.common.model.Game addPlayer
WARNING: Game already full, but tried to add: Peter I
May 13, 2017 5:01:21 AM net.sf.freecol.common.model.LandMap <init>
INFO: Using land generator model.option.landGeneratorType.classic
May 13, 2017 5:01:21 AM net.sf.freecol.common.util.LogBuilder log
INFO: Destroying: tileImprovement:4213
May 13, 2017 5:01:21 AM net.sf.freecol.common.util.LogBuilder log
INFO: Destroying: tileImprovement:4215
May 13, 2017 5:01:21 AM net.sf.freecol.common.util.LogBuilder log
INFO: Destroying: tileImprovement:4217
May 13, 2017 5:01:21 AM net.sf.freecol.common.util.LogBuilder log
INFO: Destroying: tileImprovement:4194
May 13, 2017 5:01:21 AM net.sf.freecol.common.util.LogBuilder log
INFO: Destroying: tileImprovement:4196
May 13, 2017 5:01:21 AM net.sf.freecol.common.util.LogBuilder log
INFO: Destroying: tileImprovement:4198
May 13, 2017 5:01:21 AM net.sf.freecol.common.util.LogBuilder log
INFO: Destroying: tileImprovement:4200
May 13, 2017 5:01:21 AM net.sf.freecol.common.util.LogBuilder log
INFO: Destroying: tileImprovement:4202
May 13, 2017 5:01:21 AM net.sf.freecol.common.util.LogBuilder log
INFO: Destroying: tileImprovement:4204
May 13, 2017 5:01:21 AM net.sf.freecol.common.util.LogBuilder log
INFO: Destroying: tileImprovement:4206
May 13, 2017 5:01:21 AM net.sf.freecol.common.util.LogBuilder log
INFO: Destroying: tileImprovement:4349
May 13, 2017 5:01:21 AM net.sf.freecol.common.util.LogBuilder log
INFO: Destroying: tileImprovement:4351
May 13, 2017 5:01:21 AM net.sf.freecol.common.util.LogBuilder log
INFO: Destroying: tileImprovement:4353
May 13, 2017 5:01:21 AM net.sf.freecol.common.util.LogBuilder log
INFO: Destroying: tileImprovement:4355
May 13, 2017 5:01:21 AM net.sf.freecol.common.util.LogBuilder log
INFO: Destroying: tileImprovement:4357
May 13, 2017 5:01:21 AM net.sf.freecol.common.util.LogBuilder log
INFO: Destroying: tileImprovement:4359
May 13, 2017 5:01:21 AM net.sf.freecol.common.util.LogBuilder log
INFO: Destroying: tileImprovement:4383
May 13, 2017 5:01:21 AM net.sf.freecol.common.util.LogBuilder log
INFO: Destroying: tileImprovement:4384
May 13, 2017 5:01:21 AM net.sf.freecol.common.util.LogBuilder log
INFO: Destroying: tileImprovement:4385
May 13, 2017 5:01:21 AM net.sf.freecol.common.util.LogBuilder log
INFO: Destroying: tileImprovement:4386
May 13, 2017 5:01:21 AM net.sf.freecol.common.util.LogBuilder log
INFO: Destroying: tileImprovement:4387
May 13, 2017 5:01:21 AM net.sf.freecol.common.util.LogBuilder log
INFO: Destroying: tileImprovement:4388
May 13, 2017 5:01:21 AM net.sf.freecol.common.util.LogBuilder log
INFO: Destroying: tileImprovement:4389
May 13, 2017 5:01:21 AM net.sf.freecol.common.util.LogBuilder log
INFO: Destroying: tileImprovement:4407
May 13, 2017 5:01:21 AM net.sf.freecol.common.util.LogBuilder log
INFO: Destroying: tileImprovement:4409
May 13, 2017 5:01:21 AM net.sf.freecol.common.util.LogBuilder log
INFO: Destroying: tileImprovement:4411
May 13, 2017 5:01:21 AM net.sf.freecol.common.util.LogBuilder log
INFO: Destroying: tileImprovement:4401
May 13, 2017 5:01:21 AM net.sf.freecol.common.util.LogBuilder log
INFO: Destroying: tileImprovement:4402
May 13, 2017 5:01:21 AM net.sf.freecol.common.util.LogBuilder log
INFO: Destroying: tileImprovement:4403
May 13, 2017 5:01:21 AM net.sf.freecol.common.util.LogBuilder log
INFO: Destroying: tileImprovement:4404
May 13, 2017 5:01:21 AM net.sf.freecol.common.util.LogBuilder log
INFO: Destroying: tileImprovement:4405
May 13, 2017 5:01:21 AM net.sf.freecol.common.util.LogBuilder log
INFO: Destroying: tileImprovement:4406
May 13, 2017 5:01:21 AM net.sf.freecol.common.util.LogBuilder log
INFO: Destroying: tileImprovement:4330
May 13, 2017 5:01:21 AM net.sf.freecol.common.util.LogBuilder log
INFO: Destroying: tileImprovement:4332
May 13, 2017 5:01:21 AM net.sf.freecol.common.util.LogBuilder log
INFO: Destroying: tileImprovement:4334
May 13, 2017 5:01:21 AM net.sf.freecol.common.util.LogBuilder log
INFO: Destroying: tileImprovement:4336
May 13, 2017 5:01:21 AM net.sf.freecol.common.util.LogBuilder log
INFO: Destroying: tileImprovement:4209
May 13, 2017 5:01:21 AM net.sf.freecol.common.util.LogBuilder log
INFO: Destroying: tileImprovement:4211
May 13, 2017 5:01:21 AM net.sf.freecol.common.util.LogBuilder log
INFO: Destroying: tileImprovement:4364
May 13, 2017 5:01:21 AM net.sf.freecol.common.util.LogBuilder log
INFO: Destroying: tileImprovement:4365
May 13, 2017 5:01:21 AM net.sf.freecol.common.util.LogBuilder log
INFO: Destroying: tileImprovement:4366
May 13, 2017 5:01:21 AM net.sf.freecol.common.util.LogBuilder log
INFO: Destroying: tileImprovement:4339
May 13, 2017 5:01:21 AM net.sf.freecol.common.util.LogBuilder log
INFO: Destroying: tileImprovement:4341
May 13, 2017 5:01:21 AM net.sf.freecol.common.util.LogBuilder log
INFO: Destroying: tileImprovement:4343
May 13, 2017 5:01:21 AM net.sf.freecol.common.util.LogBuilder log
INFO: Destroying: tileImprovement:4304
May 13, 2017 5:01:21 AM net.sf.freecol.common.util.LogBuilder log
INFO: Destroying: tileImprovement:4306
May 13, 2017 5:01:21 AM net.sf.freecol.common.util.LogBuilder log
INFO: Destroying: tileImprovement:4308
May 13, 2017 5:01:21 AM net.sf.freecol.common.util.LogBuilder log
INFO: Destroying: tileImprovement:4310
May 13, 2017 5:01:21 AM net.sf.freecol.common.util.LogBuilder log
INFO: Destroying: tileImprovement:4312
May 13, 2017 5:01:21 AM net.sf.freecol.common.util.LogBuilder log
INFO: Destroying: tileImprovement:4314
May 13, 2017 5:01:21 AM net.sf.freecol.common.util.LogBuilder log
INFO: Destroying: tileImprovement:4316
May 13, 2017 5:01:21 AM net.sf.freecol.common.util.LogBuilder log
INFO: Destroying: tileImprovement:4318
May 13, 2017 5:01:21 AM net.sf.freecol.common.util.LogBuilder log
INFO: Destroying: tileImprovement:4320
May 13, 2017 5:01:21 AM net.sf.freecol.common.util.LogBuilder log
INFO: Destroying: tileImprovement:4322
May 13, 2017 5:01:21 AM net.sf.freecol.common.util.LogBuilder log
INFO: Destroying: tileImprovement:4324
May 13, 2017 5:01:21 AM net.sf.freecol.common.util.LogBuilder log
INFO: Destroying: tileImprovement:4326
May 13, 2017 5:01:21 AM net.sf.freecol.common.util.LogBuilder log
INFO: Destroying: tileImprovement:4328
May 13, 2017 5:01:21 AM net.sf.freecol.common.util.LogBuilder log
INFO: Destroying: tileImprovement:4510
May 13, 2017 5:01:21 AM net.sf.freecol.common.util.LogBuilder log
INFO: Destroying: tileImprovement:4511
May 13, 2017 5:01:21 AM net.sf.freecol.common.util.LogBuilder log
INFO: Destroying: tileImprovement:4512
May 13, 2017 5:01:21 AM net.sf.freecol.common.util.LogBuilder log
INFO: Destroying: tileImprovement:4513
May 13, 2017 5:01:21 AM net.sf.freecol.common.util.LogBuilder log
INFO: Destroying: tileImprovement:4661
May 13, 2017 5:01:21 AM net.sf.freecol.common.util.LogBuilder log
INFO: Destroying: tileImprovement:4663
May 13, 2017 5:01:21 AM net.sf.freecol.common.util.LogBuilder log
INFO: Destroying: tileImprovement:4665
May 13, 2017 5:01:21 AM net.sf.freecol.common.util.LogBuilder log
INFO: Destroying: tileImprovement:4667
May 13, 2017 5:01:21 AM net.sf.freecol.common.util.LogBuilder log
INFO: Destroying: tileImprovement:4669
May 13, 2017 5:01:21 AM net.sf.freecol.common.util.LogBuilder log
INFO: Destroying: tileImprovement:4671
May 13, 2017 5:01:21 AM net.sf.freecol.common.util.LogBuilder log
INFO: Destroying: tileImprovement:4673
May 13, 2017 5:01:21 AM net.sf.freecol.common.util.LogBuilder log
INFO: Destroying: tileImprovement:4675
May 13, 2017 5:01:21 AM net.sf.freecol.common.util.LogBuilder log
INFO: Destroying: tileImprovement:4653
May 13, 2017 5:01:21 AM net.sf.freecol.common.util.LogBuilder log
INFO: Destroying: tileImprovement:4655
May 13, 2017 5:01:21 AM net.sf.freecol.common.util.LogBuilder log
INFO: Destroying: tileImprovement:4657
May 13, 2017 5:01:21 AM net.sf.freecol.common.util.LogBuilder log
INFO: Destroying: tileImprovement:4659
May 13, 2017 5:01:21 AM net.sf.freecol.common.util.LogBuilder log
INFO: Destroying: tileImprovement:4697
May 13, 2017 5:01:21 AM net.sf.freecol.common.util.LogBuilder log
INFO: Destroying: tileImprovement:4698
May 13, 2017 5:01:21 AM net.sf.freecol.common.util.LogBuilder log
INFO: Destroying: tileImprovement:4699
May 13, 2017 5:01:21 AM net.sf.freecol.common.util.LogBuilder log
INFO: Destroying: tileImprovement:4700
May 13, 2017 5:01:21 AM net.sf.freecol.common.util.LogBuilder log
INFO: Destroying: tileImprovement:4701
May 13, 2017 5:01:21 AM net.sf.freecol.common.util.LogBuilder log
INFO: Destroying: tileImprovement:4702
May 13, 2017 5:01:21 AM net.sf.freecol.common.util.LogBuilder log
INFO: Destroying: tileImprovement:4703
May 13, 2017 5:01:21 AM net.sf.freecol.common.util.LogBuilder log
INFO: Destroying: tileImprovement:4704
May 13, 2017 5:01:21 AM net.sf.freecol.common.util.LogBuilder log
INFO: Destroying: tileImprovement:4523
May 13, 2017 5:01:21 AM net.sf.freecol.common.util.LogBuilder log
INFO: Destroying: tileImprovement:4524
May 13, 2017 5:01:21 AM net.sf.freecol.common.util.LogBuilder log
INFO: Destroying: tileImprovement:4633
May 13, 2017 5:01:21 AM net.sf.freecol.common.util.LogBuilder log
INFO: Destroying: tileImprovement:4635
May 13, 2017 5:01:21 AM net.sf.freecol.common.util.LogBuilder log
INFO: Destroying: tileImprovement:4637
May 13, 2017 5:01:21 AM net.sf.freecol.common.util.LogBuilder log
INFO: Destroying: tileImprovement:4639
May 13, 2017 5:01:21 AM net.sf.freecol.common.util.LogBuilder log
INFO: Destroying: tileImprovement:4641
May 13, 2017 5:01:21 AM net.sf.freecol.common.util.LogBuilder log
INFO: Destroying: tileImprovement:4643
May 13, 2017 5:01:21 AM net.sf.freecol.common.util.LogBuilder log
INFO: Destroying: tileImprovement:4620
May 13, 2017 5:01:21 AM net.sf.freecol.common.util.LogBuilder log
INFO: Destroying: tileImprovement:4621
May 13, 2017 5:01:21 AM net.sf.freecol.common.util.LogBuilder log
INFO: Destroying: tileImprovement:4622
May 13, 2017 5:01:21 AM net.sf.freecol.common.util.LogBuilder log
INFO: Destroying: tileImprovement:4623
May 13, 2017 5:01:21 AM net.sf.freecol.common.util.LogBuilder log
INFO: Destroying: tileImprovement:4624
May 13, 2017 5:01:21 AM net.sf.freecol.common.util.LogBuilder log
INFO: Destroying: tileImprovement:4625
May 13, 2017 5:01:21 AM net.sf.freecol.common.util.LogBuilder log
INFO: Destroying: tileImprovement:4626
May 13, 2017 5:01:21 AM net.sf.freecol.common.util.LogBuilder log
INFO: Destroying: tileImprovement:4627
May 13, 2017 5:01:21 AM net.sf.freecol.common.util.LogBuilder log
INFO: Destroying: tileImprovement:4628
May 13, 2017 5:01:21 AM net.sf.freecol.common.util.LogBuilder log
INFO: Destroying: tileImprovement:4629
May 13, 2017 5:01:21 AM net.sf.freecol.common.util.LogBuilder log
INFO: Destroying: tileImprovement:4630
May 13, 2017 5:01:21 AM net.sf.freecol.common.util.LogBuilder log
INFO: Destroying: tileImprovement:4631
May 13, 2017 5:01:21 AM net.sf.freecol.common.util.LogBuilder log
INFO: Destroying: tileImprovement:4632
May 13, 2017 5:01:21 AM net.sf.freecol.common.util.LogBuilder log
INFO: Destroying: tileImprovement:4448
May 13, 2017 5:01:21 AM net.sf.freecol.common.util.LogBuilder log
INFO: Destroying: tileImprovement:4450
May 13, 2017 5:01:21 AM net.sf.freecol.common.util.LogBuilder log
INFO: Destroying: tileImprovement:4452
May 13, 2017 5:01:21 AM net.sf.freecol.common.util.LogBuilder log
INFO: Destroying: tileImprovement:4741
May 13, 2017 5:01:21 AM net.sf.freecol.common.util.LogBuilder log
INFO: Destroying: tileImprovement:4743
May 13, 2017 5:01:21 AM net.sf.freecol.common.util.LogBuilder log
INFO: Destroying: tileImprovement:4745
May 13, 2017 5:01:21 AM net.sf.freecol.common.util.LogBuilder log
INFO: Destroying: tileImprovement:4436
May 13, 2017 5:01:21 AM net.sf.freecol.common.util.LogBuilder log
INFO: Destroying: tileImprovement:4438
May 13, 2017 5:01:21 AM net.sf.freecol.common.util.LogBuilder log
INFO: Destroying: tileImprovement:4440
May 13, 2017 5:01:21 AM net.sf.freecol.common.util.LogBuilder log
INFO: Destroying: tileImprovement:4883
May 13, 2017 5:01:21 AM net.sf.freecol.common.util.LogBuilder log
INFO: Destroying: tileImprovement:4884
May 13, 2017 5:01:21 AM net.sf.freecol.common.util.LogBuilder log
INFO: Destroying: tileImprovement:4885
May 13, 2017 5:01:21 AM net.sf.freecol.common.util.LogBuilder log
INFO: Destroying: tileImprovement:4867
May 13, 2017 5:01:21 AM net.sf.freecol.common.util.LogBuilder log
INFO: Destroying: tileImprovement:4869
May 13, 2017 5:01:21 AM net.sf.freecol.common.util.LogBuilder log
INFO: Destroying: tileImprovement:4864
May 13, 2017 5:01:21 AM net.sf.freecol.common.util.LogBuilder log
INFO: Destroying: tileImprovement:4865
May 13, 2017 5:01:21 AM net.sf.freecol.common.util.LogBuilder log
INFO: Destroying: tileImprovement:4866
May 13, 2017 5:01:21 AM net.sf.freecol.common.util.LogBuilder log
INFO: Destroying: tileImprovement:4390
May 13, 2017 5:01:21 AM net.sf.freecol.common.util.LogBuilder log
INFO: Destroying: tileImprovement:4392
May 13, 2017 5:01:21 AM net.sf.freecol.common.util.LogBuilder log
INFO: Destroying: tileImprovement:4394
May 13, 2017 5:01:21 AM net.sf.freecol.common.util.LogBuilder log
INFO: Destroying: tileImprovement:4396
May 13, 2017 5:01:21 AM net.sf.freecol.common.util.LogBuilder log
INFO: Destroying: tileImprovement:4398
May 13, 2017 5:01:21 AM net.sf.freecol.common.util.LogBuilder log
INFO: Destroying: tileImprovement:4737
May 13, 2017 5:01:21 AM net.sf.freecol.common.util.LogBuilder log
INFO: Destroying: tileImprovement:4739
May 13, 2017 5:01:21 AM net.sf.freecol.common.model.Game addPlayer
WARNING: Game already full, but tried to add: Dom Manuel I
May 13, 2017 5:01:21 AM net.sf.freecol.common.model.Game addPlayer
WARNING: Game already full, but tried to add: Charles XI
May 13, 2017 5:01:21 AM net.sf.freecol.common.model.Game addPlayer
WARNING: Game already full, but tried to add: Frederick II
May 13, 2017 5:01:21 AM net.sf.freecol.common.model.Game addPlayer
WARNING: Game already full, but tried to add: Peter I
May 13, 2017 5:01:21 AM net.sf.freecol.common.model.LandMap <init>
INFO: Using land generator model.option.landGeneratorType.classic
May 13, 2017 5:01:21 AM net.sf.freecol.common.util.LogBuilder log
INFO: Destroying: tileImprovement:4517
May 13, 2017 5:01:21 AM net.sf.freecol.common.util.LogBuilder log
INFO: Destroying: tileImprovement:4519
May 13, 2017 5:01:21 AM net.sf.freecol.common.util.LogBuilder log
INFO: Destroying: tileImprovement:4521
May 13, 2017 5:01:21 AM net.sf.freecol.common.util.LogBuilder log
INFO: Destroying: tileImprovement:4498
May 13, 2017 5:01:21 AM net.sf.freecol.common.util.LogBuilder log
INFO: Destroying: tileImprovement:4500
May 13, 2017 5:01:21 AM net.sf.freecol.common.util.LogBuilder log
INFO: Destroying: tileImprovement:4502
May 13, 2017 5:01:21 AM net.sf.freecol.common.util.LogBuilder log
INFO: Destroying: tileImprovement:4504
May 13, 2017 5:01:21 AM net.sf.freecol.common.util.LogBuilder log
INFO: Destroying: tileImprovement:4506
May 13, 2017 5:01:21 AM net.sf.freecol.common.util.LogBuilder log
INFO: Destroying: tileImprovement:4508
May 13, 2017 5:01:21 AM net.sf.freecol.common.util.LogBuilder log
INFO: Destroying: tileImprovement:4510
May 13, 2017 5:01:21 AM net.sf.freecol.common.util.LogBuilder log
INFO: Destroying: tileImprovement:4653
May 13, 2017 5:01:21 AM net.sf.freecol.common.util.LogBuilder log
INFO: Destroying: tileImprovement:4655
May 13, 2017 5:01:21 AM net.sf.freecol.common.util.LogBuilder log
INFO: Destroying: tileImprovement:4657
May 13, 2017 5:01:21 AM net.sf.freecol.common.util.LogBuilder log
INFO: Destroying: tileImprovement:4659
May 13, 2017 5:01:21 AM net.sf.freecol.common.util.LogBuilder log
INFO: Destroying: tileImprovement:4661
May 13, 2017 5:01:21 AM net.sf.freecol.common.util.LogBuilder log
INFO: Destroying: tileImprovement:4663
May 13, 2017 5:01:21 AM net.sf.freecol.common.util.LogBuilder log
INFO: Destroying: tileImprovement:4687
May 13, 2017 5:01:21 AM net.sf.freecol.common.util.LogBuilder log
INFO: Destroying: tileImprovement:4688
May 13, 2017 5:01:21 AM net.sf.freecol.common.util.LogBuilder log
INFO: Destroying: tileImprovement:4689
May 13, 2017 5:01:21 AM net.sf.freecol.common.util.LogBuilder log
INFO: Destroying: tileImprovement:4690
May 13, 2017 5:01:21 AM net.sf.freecol.common.util.LogBuilder log
INFO: Destroying: tileImprovement:4691
May 13, 2017 5:01:21 AM net.sf.freecol.common.util.LogBuilder log
INFO: Destroying: tileImprovement:4692
May 13, 2017 5:01:21 AM net.sf.freecol.common.util.LogBuilder log
INFO: Destroying: tileImprovement:4693
May 13, 2017 5:01:21 AM net.sf.freecol.common.util.LogBuilder log
INFO: Destroying: tileImprovement:4711
May 13, 2017 5:01:21 AM net.sf.freecol.common.util.LogBuilder log
INFO: Destroying: tileImprovement:4713
May 13, 2017 5:01:21 AM net.sf.freecol.common.util.LogBuilder log
INFO: Destroying: tileImprovement:4715
May 13, 2017 5:01:21 AM net.sf.freecol.common.util.LogBuilder log
INFO: Destroying: tileImprovement:4705
May 13, 2017 5:01:21 AM net.sf.freecol.common.util.LogBuilder log
INFO: Destroying: tileImprovement:4706
May 13, 2017 5:01:21 AM net.sf.freecol.common.util.LogBuilder log
INFO: Destroying: tileImprovement:4707
May 13, 2017 5:01:21 AM net.sf.freecol.common.util.LogBuilder log
INFO: Destroying: tileImprovement:4708
May 13, 2017 5:01:21 AM net.sf.freecol.common.util.LogBuilder log
INFO: Destroying: tileImprovement:4709
May 13, 2017 5:01:21 AM net.sf.freecol.common.util.LogBuilder log
INFO: Destroying: tileImprovement:4710
May 13, 2017 5:01:21 AM net.sf.freecol.common.util.LogBuilder log
INFO: Destroying: tileImprovement:4634
May 13, 2017 5:01:21 AM net.sf.freecol.common.util.LogBuilder log
INFO: Destroying: tileImprovement:4636
May 13, 2017 5:01:21 AM net.sf.freecol.common.util.LogBuilder log
INFO: Destroying: tileImprovement:4638
May 13, 2017 5:01:21 AM net.sf.freecol.common.util.LogBuilder log
INFO: Destroying: tileImprovement:4640
May 13, 2017 5:01:21 AM net.sf.freecol.common.util.LogBuilder log
INFO: Destroying: tileImprovement:4513
May 13, 2017 5:01:21 AM net.sf.freecol.common.util.LogBuilder log
INFO: Destroying: tileImprovement:4515
May 13, 2017 5:01:21 AM net.sf.freecol.common.util.LogBuilder log
INFO: Destroying: tileImprovement:4668
May 13, 2017 5:01:21 AM net.sf.freecol.common.util.LogBuilder log
INFO: Destroying: tileImprovement:4669
May 13, 2017 5:01:21 AM net.sf.freecol.common.util.LogBuilder log
INFO: Destroying: tileImprovement:4670
May 13, 2017 5:01:21 AM net.sf.freecol.common.util.LogBuilder log
INFO: Destroying: tileImprovement:4643
May 13, 2017 5:01:21 AM net.sf.freecol.common.util.LogBuilder log
INFO: Destroying: tileImprovement:4645
May 13, 2017 5:01:21 AM net.sf.freecol.common.util.LogBuilder log
INFO: Destroying: tileImprovement:4647
May 13, 2017 5:01:21 AM net.sf.freecol.common.util.LogBuilder log
INFO: Destroying: tileImprovement:4608
May 13, 2017 5:01:21 AM net.sf.freecol.common.util.LogBuilder log
INFO: Destroying: tileImprovement:4610
May 13, 2017 5:01:21 AM net.sf.freecol.common.util.LogBuilder log
INFO: Destroying: tileImprovement:4612
May 13, 2017 5:01:21 AM net.sf.freecol.common.util.LogBuilder log
INFO: Destroying: tileImprovement:4614
May 13, 2017 5:01:21 AM net.sf.freecol.common.util.LogBuilder log
INFO: Destroying: tileImprovement:4616
May 13, 2017 5:01:21 AM net.sf.freecol.common.util.LogBuilder log
INFO: Destroying: tileImprovement:4618
May 13, 2017 5:01:21 AM net.sf.freecol.common.util.LogBuilder log
INFO: Destroying: tileImprovement:4620
May 13, 2017 5:01:21 AM net.sf.freecol.common.util.LogBuilder log
INFO: Destroying: tileImprovement:4622
May 13, 2017 5:01:21 AM net.sf.freecol.common.util.LogBuilder log
INFO: Destroying: tileImprovement:4624
May 13, 2017 5:01:21 AM net.sf.freecol.common.util.LogBuilder log
INFO: Destroying: tileImprovement:4626
May 13, 2017 5:01:21 AM net.sf.freecol.common.util.LogBuilder log
INFO: Destroying: tileImprovement:4628
May 13, 2017 5:01:21 AM net.sf.freecol.common.util.LogBuilder log
INFO: Destroying: tileImprovement:4630
May 13, 2017 5:01:21 AM net.sf.freecol.common.util.LogBuilder log
INFO: Destroying: tileImprovement:4632
May 13, 2017 5:01:21 AM net.sf.freecol.common.util.LogBuilder log
INFO: Destroying: tileImprovement:4814
May 13, 2017 5:01:21 AM net.sf.freecol.common.util.LogBuilder log
INFO: Destroying: tileImprovement:4815
May 13, 2017 5:01:21 AM net.sf.freecol.common.util.LogBuilder log
INFO: Destroying: tileImprovement:4816
May 13, 2017 5:01:21 AM net.sf.freecol.common.util.LogBuilder log
INFO: Destroying: tileImprovement:4817
May 13, 2017 5:01:21 AM net.sf.freecol.common.util.LogBuilder log
INFO: Destroying: tileImprovement:4965
May 13, 2017 5:01:21 AM net.sf.freecol.common.util.LogBuilder log
INFO: Destroying: tileImprovement:4967
May 13, 2017 5:01:21 AM net.sf.freecol.common.util.LogBuilder log
INFO: Destroying: tileImprovement:4969
May 13, 2017 5:01:21 AM net.sf.freecol.common.util.LogBuilder log
INFO: Destroying: tileImprovement:4971
May 13, 2017 5:01:21 AM net.sf.freecol.common.util.LogBuilder log
INFO: Destroying: tileImprovement:4973
May 13, 2017 5:01:21 AM net.sf.freecol.common.util.LogBuilder log
INFO: Destroying: tileImprovement:4975
May 13, 2017 5:01:21 AM net.sf.freecol.common.util.LogBuilder log
INFO: Destroying: tileImprovement:4977
May 13, 2017 5:01:21 AM net.sf.freecol.common.util.LogBuilder log
INFO: Destroying: tileImprovement:4979
May 13, 2017 5:01:21 AM net.sf.freecol.common.util.LogBuilder log
INFO: Destroying: tileImprovement:4957
May 13, 2017 5:01:21 AM net.sf.freecol.common.util.LogBuilder log
INFO: Destroying: tileImprovement:4959
May 13, 2017 5:01:21 AM net.sf.freecol.common.util.LogBuilder log
INFO: Destroying: tileImprovement:4961
May 13, 2017 5:01:21 AM net.sf.freecol.common.util.LogBuilder log
INFO: Destroying: tileImprovement:4963
May 13, 2017 5:01:21 AM net.sf.freecol.common.util.LogBuilder log
INFO: Destroying: tileImprovement:5001
May 13, 2017 5:01:21 AM net.sf.freecol.common.util.LogBuilder log
INFO: Destroying: tileImprovement:5002
May 13, 2017 5:01:21 AM net.sf.freecol.common.util.LogBuilder log
INFO: Destroying: tileImprovement:5003
May 13, 2017 5:01:21 AM net.sf.freecol.common.util.LogBuilder log
INFO: Destroying: tileImprovement:5004
May 13, 2017 5:01:21 AM net.sf.freecol.common.util.LogBuilder log
INFO: Destroying: tileImprovement:5005
May 13, 2017 5:01:21 AM net.sf.freecol.common.util.LogBuilder log
INFO: Destroying: tileImprovement:5006
May 13, 2017 5:01:21 AM net.sf.freecol.common.util.LogBuilder log
INFO: Destroying: tileImprovement:5007
May 13, 2017 5:01:21 AM net.sf.freecol.common.util.LogBuilder log
INFO: Destroying: tileImprovement:5008
May 13, 2017 5:01:21 AM net.sf.freecol.common.util.LogBuilder log
INFO: Destroying: tileImprovement:4827
May 13, 2017 5:01:21 AM net.sf.freecol.common.util.LogBuilder log
INFO: Destroying: tileImprovement:4828
May 13, 2017 5:01:21 AM net.sf.freecol.common.util.LogBuilder log
INFO: Destroying: tileImprovement:4937
May 13, 2017 5:01:21 AM net.sf.freecol.common.util.LogBuilder log
INFO: Destroying: tileImprovement:4939
May 13, 2017 5:01:21 AM net.sf.freecol.common.util.LogBuilder log
INFO: Destroying: tileImprovement:4941
May 13, 2017 5:01:21 AM net.sf.freecol.common.util.LogBuilder log
INFO: Destroying: tileImprovement:4943
May 13, 2017 5:01:21 AM net.sf.freecol.common.util.LogBuilder log
INFO: Destroying: tileImprovement:4945
May 13, 2017 5:01:21 AM net.sf.freecol.common.util.LogBuilder log
INFO: Destroying: tileImprovement:4947
May 13, 2017 5:01:21 AM net.sf.freecol.common.util.LogBuilder log
INFO: Destroying: tileImprovement:4924
May 13, 2017 5:01:21 AM net.sf.freecol.common.util.LogBuilder log
INFO: Destroying: tileImprovement:4925
May 13, 2017 5:01:21 AM net.sf.freecol.common.util.LogBuilder log
INFO: Destroying: tileImprovement:4926
May 13, 2017 5:01:21 AM net.sf.freecol.common.util.LogBuilder log
INFO: Destroying: tileImprovement:4927
May 13, 2017 5:01:21 AM net.sf.freecol.common.util.LogBuilder log
INFO: Destroying: tileImprovement:4928
May 13, 2017 5:01:21 AM net.sf.freecol.common.util.LogBuilder log
INFO: Destroying: tileImprovement:4929
May 13, 2017 5:01:21 AM net.sf.freecol.common.util.LogBuilder log
INFO: Destroying: tileImprovement:4930
May 13, 2017 5:01:21 AM net.sf.freecol.common.util.LogBuilder log
INFO: Destroying: tileImprovement:4931
May 13, 2017 5:01:21 AM net.sf.freecol.common.util.LogBuilder log
INFO: Destroying: tileImprovement:4932
May 13, 2017 5:01:21 AM net.sf.freecol.common.util.LogBuilder log
INFO: Destroying: tileImprovement:4933
May 13, 2017 5:01:21 AM net.sf.freecol.common.util.LogBuilder log
INFO: Destroying: tileImprovement:4934
May 13, 2017 5:01:21 AM net.sf.freecol.common.util.LogBuilder log
INFO: Destroying: tileImprovement:4935
May 13, 2017 5:01:21 AM net.sf.freecol.common.util.LogBuilder log
INFO: Destroying: tileImprovement:4936
May 13, 2017 5:01:21 AM net.sf.freecol.common.util.LogBuilder log
INFO: Destroying: tileImprovement:4752
May 13, 2017 5:01:21 AM net.sf.freecol.common.util.LogBuilder log
INFO: Destroying: tileImprovement:4754
May 13, 2017 5:01:21 AM net.sf.freecol.common.util.LogBuilder log
INFO: Destroying: tileImprovement:4756
May 13, 2017 5:01:21 AM net.sf.freecol.common.util.LogBuilder log
INFO: Destroying: tileImprovement:5045
May 13, 2017 5:01:21 AM net.sf.freecol.common.util.LogBuilder log
INFO: Destroying: tileImprovement:5047
May 13, 2017 5:01:21 AM net.sf.freecol.common.util.LogBuilder log
INFO: Destroying: tileImprovement:5049
May 13, 2017 5:01:21 AM net.sf.freecol.common.util.LogBuilder log
INFO: Destroying: tileImprovement:4740
May 13, 2017 5:01:21 AM net.sf.freecol.common.util.LogBuilder log
INFO: Destroying: tileImprovement:4742
May 13, 2017 5:01:21 AM net.sf.freecol.common.util.LogBuilder log
INFO: Destroying: tileImprovement:4744
May 13, 2017 5:01:21 AM net.sf.freecol.common.util.LogBuilder log
INFO: Destroying: tileImprovement:5187
May 13, 2017 5:01:21 AM net.sf.freecol.common.util.LogBuilder log
INFO: Destroying: tileImprovement:5188
May 13, 2017 5:01:21 AM net.sf.freecol.common.util.LogBuilder log
INFO: Destroying: tileImprovement:5189
May 13, 2017 5:01:21 AM net.sf.freecol.common.util.LogBuilder log
INFO: Destroying: tileImprovement:5171
May 13, 2017 5:01:21 AM net.sf.freecol.common.util.LogBuilder log
INFO: Destroying: tileImprovement:5173
May 13, 2017 5:01:21 AM net.sf.freecol.common.util.LogBuilder log
INFO: Destroying: tileImprovement:5168
May 13, 2017 5:01:21 AM net.sf.freecol.common.util.LogBuilder log
INFO: Destroying: tileImprovement:5169
May 13, 2017 5:01:21 AM net.sf.freecol.common.util.LogBuilder log
INFO: Destroying: tileImprovement:5170
May 13, 2017 5:01:21 AM net.sf.freecol.common.util.LogBuilder log
INFO: Destroying: tileImprovement:4694
May 13, 2017 5:01:21 AM net.sf.freecol.common.util.LogBuilder log
INFO: Destroying: tileImprovement:4696
May 13, 2017 5:01:21 AM net.sf.freecol.common.util.LogBuilder log
INFO: Destroying: tileImprovement:4698
May 13, 2017 5:01:21 AM net.sf.freecol.common.util.LogBuilder log
INFO: Destroying: tileImprovement:4700
May 13, 2017 5:01:21 AM net.sf.freecol.common.util.LogBuilder log
INFO: Destroying: tileImprovement:4702
May 13, 2017 5:01:21 AM net.sf.freecol.common.util.LogBuilder log
INFO: Destroying: tileImprovement:5041
May 13, 2017 5:01:21 AM net.sf.freecol.common.util.LogBuilder log
INFO: Destroying: tileImprovement:5043
May 13, 2017 5:01:21 AM net.sf.freecol.common.model.Game addPlayer
WARNING: Game already full, but tried to add: Dom Manuel I
May 13, 2017 5:01:21 AM net.sf.freecol.common.model.Game addPlayer
WARNING: Game already full, but tried to add: Charles XI
May 13, 2017 5:01:21 AM net.sf.freecol.common.model.Game addPlayer
WARNING: Game already full, but tried to add: Frederick II
May 13, 2017 5:01:21 AM net.sf.freecol.common.model.Game addPlayer
WARNING: Game already full, but tried to add: Peter I
May 13, 2017 5:01:21 AM net.sf.freecol.common.model.LandMap <init>
INFO: Using land generator model.option.landGeneratorType.classic
May 13, 2017 5:01:22 AM net.sf.freecol.common.util.LogBuilder log
INFO: Destroying: tileImprovement:4517
May 13, 2017 5:01:22 AM net.sf.freecol.common.util.LogBuilder log
INFO: Destroying: tileImprovement:4519
May 13, 2017 5:01:22 AM net.sf.freecol.common.util.LogBuilder log
INFO: Destroying: tileImprovement:4521
May 13, 2017 5:01:22 AM net.sf.freecol.common.util.LogBuilder log
INFO: Destroying: tileImprovement:4498
May 13, 2017 5:01:22 AM net.sf.freecol.common.util.LogBuilder log
INFO: Destroying: tileImprovement:4500
May 13, 2017 5:01:22 AM net.sf.freecol.common.util.LogBuilder log
INFO: Destroying: tileImprovement:4502
May 13, 2017 5:01:22 AM net.sf.freecol.common.util.LogBuilder log
INFO: Destroying: tileImprovement:4504
May 13, 2017 5:01:22 AM net.sf.freecol.common.util.LogBuilder log
INFO: Destroying: tileImprovement:4506
May 13, 2017 5:01:22 AM net.sf.freecol.common.util.LogBuilder log
INFO: Destroying: tileImprovement:4508
May 13, 2017 5:01:22 AM net.sf.freecol.common.util.LogBuilder log
INFO: Destroying: tileImprovement:4510
May 13, 2017 5:01:22 AM net.sf.freecol.common.util.LogBuilder log
INFO: Destroying: tileImprovement:4653
May 13, 2017 5:01:22 AM net.sf.freecol.common.util.LogBuilder log
INFO: Destroying: tileImprovement:4655
May 13, 2017 5:01:22 AM net.sf.freecol.common.util.LogBuilder log
INFO: Destroying: tileImprovement:4657
May 13, 2017 5:01:22 AM net.sf.freecol.common.util.LogBuilder log
INFO: Destroying: tileImprovement:4659
May 13, 2017 5:01:22 AM net.sf.freecol.common.util.LogBuilder log
INFO: Destroying: tileImprovement:4661
May 13, 2017 5:01:22 AM net.sf.freecol.common.util.LogBuilder log
INFO: Destroying: tileImprovement:4663
May 13, 2017 5:01:22 AM net.sf.freecol.common.util.LogBuilder log
INFO: Destroying: tileImprovement:4687
May 13, 2017 5:01:22 AM net.sf.freecol.common.util.LogBuilder log
INFO: Destroying: tileImprovement:4688
May 13, 2017 5:01:22 AM net.sf.freecol.common.util.LogBuilder log
INFO: Destroying: tileImprovement:4689
May 13, 2017 5:01:22 AM net.sf.freecol.common.util.LogBuilder log
INFO: Destroying: tileImprovement:4690
May 13, 2017 5:01:22 AM net.sf.freecol.common.util.LogBuilder log
INFO: Destroying: tileImprovement:4691
May 13, 2017 5:01:22 AM net.sf.freecol.common.util.LogBuilder log
INFO: Destroying: tileImprovement:4692
May 13, 2017 5:01:22 AM net.sf.freecol.common.util.LogBuilder log
INFO: Destroying: tileImprovement:4693
May 13, 2017 5:01:22 AM net.sf.freecol.common.util.LogBuilder log
INFO: Destroying: tileImprovement:4711
May 13, 2017 5:01:22 AM net.sf.freecol.common.util.LogBuilder log
INFO: Destroying: tileImprovement:4713
May 13, 2017 5:01:22 AM net.sf.freecol.common.util.LogBuilder log
INFO: Destroying: tileImprovement:4715
May 13, 2017 5:01:22 AM net.sf.freecol.common.util.LogBuilder log
INFO: Destroying: tileImprovement:4705
May 13, 2017 5:01:22 AM net.sf.freecol.common.util.LogBuilder log
INFO: Destroying: tileImprovement:4706
May 13, 2017 5:01:22 AM net.sf.freecol.common.util.LogBuilder log
INFO: Destroying: tileImprovement:4707
May 13, 2017 5:01:22 AM net.sf.freecol.common.util.LogBuilder log
INFO: Destroying: tileImprovement:4708
May 13, 2017 5:01:22 AM net.sf.freecol.common.util.LogBuilder log
INFO: Destroying: tileImprovement:4709
May 13, 2017 5:01:22 AM net.sf.freecol.common.util.LogBuilder log
INFO: Destroying: tileImprovement:4710
May 13, 2017 5:01:22 AM net.sf.freecol.common.util.LogBuilder log
INFO: Destroying: tileImprovement:4634
May 13, 2017 5:01:22 AM net.sf.freecol.common.util.LogBuilder log
INFO: Destroying: tileImprovement:4636
May 13, 2017 5:01:22 AM net.sf.freecol.common.util.LogBuilder log
INFO: Destroying: tileImprovement:4638
May 13, 2017 5:01:22 AM net.sf.freecol.common.util.LogBuilder log
INFO: Destroying: tileImprovement:4640
May 13, 2017 5:01:22 AM net.sf.freecol.common.util.LogBuilder log
INFO: Destroying: tileImprovement:4513
May 13, 2017 5:01:22 AM net.sf.freecol.common.util.LogBuilder log
INFO: Destroying: tileImprovement:4515
May 13, 2017 5:01:22 AM net.sf.freecol.common.util.LogBuilder log
INFO: Destroying: tileImprovement:4668
May 13, 2017 5:01:22 AM net.sf.freecol.common.util.LogBuilder log
INFO: Destroying: tileImprovement:4669
May 13, 2017 5:01:22 AM net.sf.freecol.common.util.LogBuilder log
INFO: Destroying: tileImprovement:4670
May 13, 2017 5:01:22 AM net.sf.freecol.common.util.LogBuilder log
INFO: Destroying: tileImprovement:4643
May 13, 2017 5:01:22 AM net.sf.freecol.common.util.LogBuilder log
INFO: Destroying: tileImprovement:4645
May 13, 2017 5:01:22 AM net.sf.freecol.common.util.LogBuilder log
INFO: Destroying: tileImprovement:4647
May 13, 2017 5:01:22 AM net.sf.freecol.common.util.LogBuilder log
INFO: Destroying: tileImprovement:4608
May 13, 2017 5:01:22 AM net.sf.freecol.common.util.LogBuilder log
INFO: Destroying: tileImprovement:4610
May 13, 2017 5:01:22 AM net.sf.freecol.common.util.LogBuilder log
INFO: Destroying: tileImprovement:4612
May 13, 2017 5:01:22 AM net.sf.freecol.common.util.LogBuilder log
INFO: Destroying: tileImprovement:4614
May 13, 2017 5:01:22 AM net.sf.freecol.common.util.LogBuilder log
INFO: Destroying: tileImprovement:4616
May 13, 2017 5:01:22 AM net.sf.freecol.common.util.LogBuilder log
INFO: Destroying: tileImprovement:4618
May 13, 2017 5:01:22 AM net.sf.freecol.common.util.LogBuilder log
INFO: Destroying: tileImprovement:4620
May 13, 2017 5:01:22 AM net.sf.freecol.common.util.LogBuilder log
INFO: Destroying: tileImprovement:4622
May 13, 2017 5:01:22 AM net.sf.freecol.common.util.LogBuilder log
INFO: Destroying: tileImprovement:4624
May 13, 2017 5:01:22 AM net.sf.freecol.common.util.LogBuilder log
INFO: Destroying: tileImprovement:4626
May 13, 2017 5:01:22 AM net.sf.freecol.common.util.LogBuilder log
INFO: Destroying: tileImprovement:4628
May 13, 2017 5:01:22 AM net.sf.freecol.common.util.LogBuilder log
INFO: Destroying: tileImprovement:4630
May 13, 2017 5:01:22 AM net.sf.freecol.common.util.LogBuilder log
INFO: Destroying: tileImprovement:4632
May 13, 2017 5:01:22 AM net.sf.freecol.common.util.LogBuilder log
INFO: Destroying: tileImprovement:4814
May 13, 2017 5:01:22 AM net.sf.freecol.common.util.LogBuilder log
INFO: Destroying: tileImprovement:4815
May 13, 2017 5:01:22 AM net.sf.freecol.common.util.LogBuilder log
INFO: Destroying: tileImprovement:4816
May 13, 2017 5:01:22 AM net.sf.freecol.common.util.LogBuilder log
INFO: Destroying: tileImprovement:4817
May 13, 2017 5:01:22 AM net.sf.freecol.common.util.LogBuilder log
INFO: Destroying: tileImprovement:4965
May 13, 2017 5:01:22 AM net.sf.freecol.common.util.LogBuilder log
INFO: Destroying: tileImprovement:4967
May 13, 2017 5:01:22 AM net.sf.freecol.common.util.LogBuilder log
INFO: Destroying: tileImprovement:4969
May 13, 2017 5:01:22 AM net.sf.freecol.common.util.LogBuilder log
INFO: Destroying: tileImprovement:4971
May 13, 2017 5:01:22 AM net.sf.freecol.common.util.LogBuilder log
INFO: Destroying: tileImprovement:4973
May 13, 2017 5:01:22 AM net.sf.freecol.common.util.LogBuilder log
INFO: Destroying: tileImprovement:4975
May 13, 2017 5:01:22 AM net.sf.freecol.common.util.LogBuilder log
INFO: Destroying: tileImprovement:4977
May 13, 2017 5:01:22 AM net.sf.freecol.common.util.LogBuilder log
INFO: Destroying: tileImprovement:4979
May 13, 2017 5:01:22 AM net.sf.freecol.common.util.LogBuilder log
INFO: Destroying: tileImprovement:4957
May 13, 2017 5:01:22 AM net.sf.freecol.common.util.LogBuilder log
INFO: Destroying: tileImprovement:4959
May 13, 2017 5:01:22 AM net.sf.freecol.common.util.LogBuilder log
INFO: Destroying: tileImprovement:4961
May 13, 2017 5:01:22 AM net.sf.freecol.common.util.LogBuilder log
INFO: Destroying: tileImprovement:4963
May 13, 2017 5:01:22 AM net.sf.freecol.common.util.LogBuilder log
INFO: Destroying: tileImprovement:5001
May 13, 2017 5:01:22 AM net.sf.freecol.common.util.LogBuilder log
INFO: Destroying: tileImprovement:5002
May 13, 2017 5:01:22 AM net.sf.freecol.common.util.LogBuilder log
INFO: Destroying: tileImprovement:5003
May 13, 2017 5:01:22 AM net.sf.freecol.common.util.LogBuilder log
INFO: Destroying: tileImprovement:5004
May 13, 2017 5:01:22 AM net.sf.freecol.common.util.LogBuilder log
INFO: Destroying: tileImprovement:5005
May 13, 2017 5:01:22 AM net.sf.freecol.common.util.LogBuilder log
INFO: Destroying: tileImprovement:5006
May 13, 2017 5:01:22 AM net.sf.freecol.common.util.LogBuilder log
INFO: Destroying: tileImprovement:5007
May 13, 2017 5:01:22 AM net.sf.freecol.common.util.LogBuilder log
INFO: Destroying: tileImprovement:5008
May 13, 2017 5:01:22 AM net.sf.freecol.common.util.LogBuilder log
INFO: Destroying: tileImprovement:4827
May 13, 2017 5:01:22 AM net.sf.freecol.common.util.LogBuilder log
INFO: Destroying: tileImprovement:4828
May 13, 2017 5:01:22 AM net.sf.freecol.common.util.LogBuilder log
INFO: Destroying: tileImprovement:4937
May 13, 2017 5:01:22 AM net.sf.freecol.common.util.LogBuilder log
INFO: Destroying: tileImprovement:4939
May 13, 2017 5:01:22 AM net.sf.freecol.common.util.LogBuilder log
INFO: Destroying: tileImprovement:4941
May 13, 2017 5:01:22 AM net.sf.freecol.common.util.LogBuilder log
INFO: Destroying: tileImprovement:4943
May 13, 2017 5:01:22 AM net.sf.freecol.common.util.LogBuilder log
INFO: Destroying: tileImprovement:4945
May 13, 2017 5:01:22 AM net.sf.freecol.common.util.LogBuilder log
INFO: Destroying: tileImprovement:4947
May 13, 2017 5:01:22 AM net.sf.freecol.common.util.LogBuilder log
INFO: Destroying: tileImprovement:4924
May 13, 2017 5:01:22 AM net.sf.freecol.common.util.LogBuilder log
INFO: Destroying: tileImprovement:4925
May 13, 2017 5:01:22 AM net.sf.freecol.common.util.LogBuilder log
INFO: Destroying: tileImprovement:4926
May 13, 2017 5:01:22 AM net.sf.freecol.common.util.LogBuilder log
INFO: Destroying: tileImprovement:4927
May 13, 2017 5:01:22 AM net.sf.freecol.common.util.LogBuilder log
INFO: Destroying: tileImprovement:4928
May 13, 2017 5:01:22 AM net.sf.freecol.common.util.LogBuilder log
INFO: Destroying: tileImprovement:4929
May 13, 2017 5:01:22 AM net.sf.freecol.common.util.LogBuilder log
INFO: Destroying: tileImprovement:4930
May 13, 2017 5:01:22 AM net.sf.freecol.common.util.LogBuilder log
INFO: Destroying: tileImprovement:4931
May 13, 2017 5:01:22 AM net.sf.freecol.common.util.LogBuilder log
INFO: Destroying: tileImprovement:4932
May 13, 2017 5:01:22 AM net.sf.freecol.common.util.LogBuilder log
INFO: Destroying: tileImprovement:4933
May 13, 2017 5:01:22 AM net.sf.freecol.common.util.LogBuilder log
INFO: Destroying: tileImprovement:4934
May 13, 2017 5:01:22 AM net.sf.freecol.common.util.LogBuilder log
INFO: Destroying: tileImprovement:4935
May 13, 2017 5:01:22 AM net.sf.freecol.common.util.LogBuilder log
INFO: Destroying: tileImprovement:4936
May 13, 2017 5:01:22 AM net.sf.freecol.common.util.LogBuilder log
INFO: Destroying: tileImprovement:4752
May 13, 2017 5:01:22 AM net.sf.freecol.common.util.LogBuilder log
INFO: Destroying: tileImprovement:4754
May 13, 2017 5:01:22 AM net.sf.freecol.common.util.LogBuilder log
INFO: Destroying: tileImprovement:4756
May 13, 2017 5:01:22 AM net.sf.freecol.common.util.LogBuilder log
INFO: Destroying: tileImprovement:5045
May 13, 2017 5:01:22 AM net.sf.freecol.common.util.LogBuilder log
INFO: Destroying: tileImprovement:5047
May 13, 2017 5:01:22 AM net.sf.freecol.common.util.LogBuilder log
INFO: Destroying: tileImprovement:5049
May 13, 2017 5:01:22 AM net.sf.freecol.common.util.LogBuilder log
INFO: Destroying: tileImprovement:4740
May 13, 2017 5:01:22 AM net.sf.freecol.common.util.LogBuilder log
INFO: Destroying: tileImprovement:4742
May 13, 2017 5:01:22 AM net.sf.freecol.common.util.LogBuilder log
INFO: Destroying: tileImprovement:4744
May 13, 2017 5:01:22 AM net.sf.freecol.common.util.LogBuilder log
INFO: Destroying: tileImprovement:5187
May 13, 2017 5:01:22 AM net.sf.freecol.common.util.LogBuilder log
INFO: Destroying: tileImprovement:5188
May 13, 2017 5:01:22 AM net.sf.freecol.common.util.LogBuilder log
INFO: Destroying: tileImprovement:5189
May 13, 2017 5:01:22 AM net.sf.freecol.common.util.LogBuilder log
INFO: Destroying: tileImprovement:5171
May 13, 2017 5:01:22 AM net.sf.freecol.common.util.LogBuilder log
INFO: Destroying: tileImprovement:5173
May 13, 2017 5:01:22 AM net.sf.freecol.common.util.LogBuilder log
INFO: Destroying: tileImprovement:5168
May 13, 2017 5:01:22 AM net.sf.freecol.common.util.LogBuilder log
INFO: Destroying: tileImprovement:5169
May 13, 2017 5:01:22 AM net.sf.freecol.common.util.LogBuilder log
INFO: Destroying: tileImprovement:5170
May 13, 2017 5:01:22 AM net.sf.freecol.common.util.LogBuilder log
INFO: Destroying: tileImprovement:4694
May 13, 2017 5:01:22 AM net.sf.freecol.common.util.LogBuilder log
INFO: Destroying: tileImprovement:4696
May 13, 2017 5:01:22 AM net.sf.freecol.common.util.LogBuilder log
INFO: Destroying: tileImprovement:4698
May 13, 2017 5:01:22 AM net.sf.freecol.common.util.LogBuilder log
INFO: Destroying: tileImprovement:4700
May 13, 2017 5:01:22 AM net.sf.freecol.common.util.LogBuilder log
INFO: Destroying: tileImprovement:4702
May 13, 2017 5:01:22 AM net.sf.freecol.common.util.LogBuilder log
INFO: Destroying: tileImprovement:5041
May 13, 2017 5:01:22 AM net.sf.freecol.common.util.LogBuilder log
INFO: Destroying: tileImprovement:5043
]]></system-err>
</testsuite>
